INFO: [VRFC 10-2263] Analyzing Verilog file "D:/Archive/ISE/Monocycle_CPU/Monocycle_CPU.srcs/sources_1/new/DM.v" into library work
INFO: [VRFC 10-311] analyzing module DM
INFO: [VRFC 10-2263] Analyzing Verilog file "D:/Archive/ISE/Monocycle_CPU/Monocycle_CPU.srcs/sources_1/new/IM.v" into library work
INFO: [VRFC 10-311] analyzing module IM
INFO: [VRFC 10-2263] Analyzing Verilog file "D:/Archive/ISE/Monocycle_CPU/Monocycle_CPU.srcs/sources_1/new/Controller.v" into library work
INFO: [VRFC 10-311] analyzing module Controller
INFO: [VRFC 10-2263] Analyzing Verilog file "D:/Archive/ISE/Monocycle_CPU/Monocycle_CPU.srcs/sources_1/new/datapath.v" into library work
INFO: [VRFC 10-311] analyzing module datapath
INFO: [VRFC 10-2263] Analyzing Verilog file "D:/Archive/ISE/Monocycle_CPU/Monocycle_CPU.srcs/sources_1/new/ALU.v" into library work
INFO: [VRFC 10-311] analyzing module ALU
INFO: [VRFC 10-2263] Analyzing Verilog file "D:/Archive/ISE/Monocycle_CPU/Monocycle_CPU.srcs/sources_1/new/mips.v" into library work
INFO: [VRFC 10-311] analyzing module mips
INFO: [VRFC 10-2263] Analyzing Verilog file "D:/Archive/ISE/Monocycle_CPU/Monocycle_CPU.srcs/sources_1/new/tb.v" into library work
INFO: [VRFC 10-311] analyzing module tb
INFO: [VRFC 10-2263] Analyzing Verilog file "D:/Archive/ISE/Monocycle_CPU/Monocycle_CPU.srcs/sources_1/new/GRF.v" into library work
INFO: [VRFC 10-311] analyzing module GRF
INFO: [VRFC 10-2263] Analyzing Verilog file "D:/Archive/ISE/Monocycle_CPU/Monocycle_CPU.srcs/sources_1/new/dasm.v" into library work
INFO: [VRFC 10-311] analyzing module DASM
INFO: [VRFC 10-2263] Analyzing Verilog file "D:/Archive/ISE/Monocycle_CPU/Monocycle_CPU.srcs/sources_1/new/MUX.v" into library work
INFO: [VRFC 10-311] analyzing module MUX_2_32
INFO: [VRFC 10-311] analyzing module MUX_4_5
INFO: [VRFC 10-311] analyzing module MUX_4_32
INFO: [VRFC 10-2263] Analyzing Verilog file "D:/Archive/ISE/Monocycle_CPU/Monocycle_CPU.srcs/sources_1/new/PC.v" into library work
INFO: [VRFC 10-311] analyzing module PC
INFO: [VRFC 10-2263] Analyzing Verilog file "D:/Archive/ISE/Monocycle_CPU/Monocycle_CPU.srcs/sources_1/new/EXT.v" into library work
INFO: [VRFC 10-311] analyzing module EXT
INFO: [VRFC 10-2263] Analyzing Verilog file "D:/Archive/ISE/Monocycle_CPU/Monocycle_CPU.srcs/sources_1/new/npc.v" into library work
INFO: [VRFC 10-311] analyzing module NPC
