#-----------------------------------------------------------
# Vivado v2019.1 (64-bit)
# SW Build 2552052 on Fri May 24 14:49:42 MDT 2019
# IP Build 2548770 on Fri May 24 18:01:18 MDT 2019
# Start of session at: Sat Nov 20 17:41:07 2021
# Process ID: 28244
# Current directory: D:/Archive/ISE/Monocycle_CPU
# Command line: vivado.exe -mode batch -source test.tcl
# Log file: D:/Archive/ISE/Monocycle_CPU/vivado.log
# Journal file: D:/Archive/ISE/Monocycle_CPU\vivado.jou
#-----------------------------------------------------------
source test.tcl
# open_project D:/Archive/ISE/Monocycle_CPU/Monocycle_CPU.xpr
Scanning sources...
Finished scanning sources
# update_compile_order -fileset sources_1
# launch_simulation
INFO: [Vivado 12-5682] Launching behavioral simulation in 'D:/Archive/ISE/Monocycle_CPU/Monocycle_CPU.sim/sim_1/behav/xsim'
INFO: [SIM-utils-51] Simulation object is 'sim_1'
INFO: [SIM-utils-54] Inspecting design source files for 'tb' in fileset 'sim_1'...
INFO: [USF-XSim-97] Finding global include files...
INFO: [USF-XSim-98] Fetching design files from 'sim_1'...
INFO: [USF-XSim-2] XSim::Compile design
INFO: [USF-XSim-61] Executing 'COMPILE and ANALYZE' step in 'D:/Archive/ISE/Monocycle_CPU/Monocycle_CPU.sim/sim_1/behav/xsim'
"xvlog --incr --relax -prj tb_vlog.prj"
INFO: [USF-XSim-69] 'compile' step finished in '3' seconds
INFO: [USF-XSim-3] XSim::Elaborate design
INFO: [USF-XSim-61] Executing 'ELABORATE' step in 'D:/Archive/ISE/Monocycle_CPU/Monocycle_CPU.sim/sim_1/behav/xsim'
"xelab -wto 621f38b3aa9d41e8871e65c93967b309 --incr --debug typical --relax --mt 2 -L xil_defaultlib -L unisims_ver -L unimacro_ver -L secureip --snapshot tb_behav xil_defaultlib.tb xil_defaultlib.glbl -log elaborate.log"
Vivado Simulator 2019.1
Copyright 1986-1999, 2001-2019 Xilinx, Inc. All Rights Reserved.
Running: D:/Xillinx/Vivado/2019.1/bin/unwrapped/win64.o/xelab.exe -wto 621f38b3aa9d41e8871e65c93967b309 --incr --debug typical --relax --mt 2 -L xil_defaultlib -L unisims_ver -L unimacro_ver -L secureip --snapshot tb_behav xil_defaultlib.tb xil_defaultlib.glbl -log elaborate.log 
Using 2 slave threads.
Starting static elaboration
Completed static elaboration
INFO: [XSIM 43-4323] No Change in HDL. Linking previously generated obj files to create kernel
INFO: [USF-XSim-69] 'elaborate' step finished in '2' seconds
INFO: [USF-XSim-4] XSim::Simulate design
INFO: [USF-XSim-61] Executing 'SIMULATE' step in 'D:/Archive/ISE/Monocycle_CPU/Monocycle_CPU.sim/sim_1/behav/xsim'
INFO: [USF-XSim-98] *** Running xsim
   with args "tb_behav -key {Behavioral:sim_1:Functional:tb} -tclbatch {tb.tcl} -log {simulate.log}"
INFO: [USF-XSim-8] Loading simulator feature
Vivado Simulator 2019.1
Time resolution is 1 ps
source tb.tcl
## current_wave_config
@00003000: $ 2 <= 341f0000
@00003004: $ 2 <= 341fd8f7
@00003008: $ 3 <= 88f40000
@0000300c: $ 3 <= 88f429b2
@00003010: $ 4 <= 8dfc0000
@00003014: $ 4 <= 8dfcfff3
@00003018: $ 5 <= 8ee70000
@0000301c: $ 5 <= 8ee7d044
@00003020: $ 6 <= 35ef0000
@00003024: $ 6 <= 35efba9a
@00003028: $ 7 <= fb400000
@0000302c: $ 7 <= fb409417
@00003030: $ 8 <= 46630000
@00003034: $ 8 <= 4663996a
@00003038: $ 9 <= 8fae0000
@0000303c: $ 9 <= 8faec0ed
@00003040: $10 <= 86190000
@00003044: $10 <= 86197bd4
@00003048: $11 <= 11c20000
@0000304c: $11 <= 11c2ab87
@00003050: $12 <= 7bf80000
@00003054: $12 <= 7bf8eb67
@00003058: $13 <= 2ed80000
@0000305c: $13 <= 2ed846df
@00003060: $14 <= 9c730000
@00003064: $14 <= 9c73ae18
@00003068: $15 <= 386d0000
@0000306c: $15 <= 386d5400
@00003070: $16 <= e52d0000
@00003074: $16 <= e52d6cec
@00003078: $17 <= 78040000
@0000307c: $17 <= 780498b4
@00003080: $18 <= 0e7f0000
@00003084: $18 <= 0e7f8895
@00003088: $19 <= ef360000
@0000308c: $19 <= ef36d6bb
@00003090: $20 <= 6fca0000
@00003094: $20 <= 6fcabfef
@00003098: $21 <= d65f0000
@0000309c: $21 <= d65f5380
@000030a0: $22 <= 6bb10000
@000030a4: $22 <= 6bb184ab
@000030a8: $23 <= 9ef40000
@000030ac: $23 <= 9ef4eba3
@000030b0: $24 <= 8fb40000
@000030b4: $24 <= 8fb4db25
@000030b8: $25 <= b4e90000
@000030bc: $25 <= b4e933d2
@000030c0: $26 <= e2e70000
@000030c4: $26 <= e2e77674
@000030c8: $27 <= 584b0000
@000030cc: $27 <= 584b91ba
@000030d0: *00000000 <= 8faec0ed
@000030d4: *00000004 <= fb409417
@000030d8: *00000008 <= fb409417
@000030dc: *0000000c <= 00000000
@000030e0: *00000010 <= 00000000
@000030e4: *00000014 <= 9c73ae18
@000030e8: *00000018 <= 341fd8f7
@000030ec: *0000001c <= 6fcabfef
@000030f0: *00000020 <= 8ee7d044
@000030f4: *00000024 <= 35efba9a
@000030f8: *00000028 <= 584b91ba
@000030fc: *0000002c <= 86197bd4
@00003100: *00000030 <= 8ee7d044
@00003104: *00000034 <= 88f429b2
@00003108: *00000038 <= ef36d6bb
@0000310c: *0000003c <= 88f429b2
@00003110: *00000040 <= 341fd8f7
@00003114: *00000044 <= 00000000
@00003118: *00000048 <= 88f429b2
@0000311c: *0000004c <= 8faec0ed
@00003120: *00000050 <= 6bb184ab
@00003124: *00000054 <= 88f429b2
@00003128: *00000058 <= d65f5380
@0000312c: *0000005c <= 00000000
@00003130: *00000060 <= 386d5400
@00003134: *00000064 <= 780498b4
@00003138: *00000068 <= 86197bd4
@0000313c: *0000006c <= e2e77674
@00003140: *00000070 <= 88f429b2
@00003144: *00000074 <= 88f429b2
@00003148: *00000078 <= 8fb4db25
@0000314c: *0000007c <= 6fcabfef
@00003150: *00000080 <= 341fd8f7
@00003154: *00000084 <= 341fd8f7
@00003158: *00000088 <= 6fcabfef
@0000315c: *0000008c <= 386d5400
@00003160: *00000090 <= 35efba9a
@00003164: *00000094 <= 00000000
@00003168: *00000098 <= 00000000
@0000316c: *0000009c <= 8dfcfff3
@00003170: *000000a0 <= 8ee7d044
@00003174: *000000a4 <= 6bb184ab
@00003178: *000000a8 <= 780498b4
@0000317c: *000000ac <= 88f429b2
@00003180: *000000b0 <= 2ed846df
@00003184: *000000b4 <= 8faec0ed
@00003188: *000000b8 <= 8fb4db25
@0000318c: *000000bc <= 9c73ae18
@00003190: *000000c0 <= b4e933d2
@00003194: *000000c4 <= 8fb4db25
@00003198: *000000c8 <= 9ef4eba3
@0000319c: *000000cc <= 11c2ab87
@000031a0: *000000d0 <= 386d5400
@000031a4: *000000d4 <= 00000000
@000031a8: *000000d8 <= 00000000
@000031ac: *000000dc <= 86197bd4
@000031b0: *000000e0 <= 11c2ab87
@000031b4: *000000e4 <= 7bf8eb67
@000031b8: *000000e8 <= 8faec0ed
@000031bc: *000000ec <= 00000000
@000031c0: *000000f0 <= 8faec0ed
@000031c4: *000000f4 <= 9ef4eba3
@000031c8: *000000f8 <= e52d6cec
@000031cc: *000000fc <= 6bb184ab
@000031d0: *00000100 <= 9c73ae18
@000031d4: *00000104 <= 6bb184ab
@000031d8: *00000108 <= 780498b4
@000031dc: *0000010c <= e2e77674
@000031e0: *00000110 <= e52d6cec
@000031e4: *00000114 <= 386d5400
@000031e8: *00000118 <= 8dfcfff3
@000031ec: *0000011c <= 00000000
@000031f0: *00000120 <= 9c73ae18
@000031f4: *00000124 <= 7bf8eb67
@000031f8: *00000128 <= 6fcabfef
@000031fc: *0000012c <= 00000000
@00003200: *00000130 <= 86197bd4
@00003204: *00000134 <= 00000000
@00003208: *00000138 <= 11c2ab87
@0000320c: *0000013c <= 86197bd4
@00003210: *00000140 <= 386d5400
@00003214: *00000144 <= e2e77674
@00003218: *00000148 <= 7bf8eb67
@0000321c: *0000014c <= d65f5380
@00003220: *00000150 <= e2e77674
@00003224: *00000154 <= fb409417
@00003228: *00000158 <= 341fd8f7
@0000322c: *0000015c <= 6fcabfef
@00003230: *00000160 <= 8ee7d044
@00003234: *00000164 <= 6bb184ab
@00003238: *00000168 <= 35efba9a
@0000323c: *0000016c <= b4e933d2
@00003240: *00000170 <= 9ef4eba3
@00003244: *00000174 <= e2e77674
@00003248: *00000178 <= 8fb4db25
@0000324c: *0000017c <= 88f429b2
@00003250: *00000180 <= 6fcabfef
@00003254: *00000184 <= 386d5400
@00003258: *00000188 <= 6bb184ab
@0000325c: *0000018c <= 780498b4
@00003260: *00000190 <= d65f5380
@00003264: $31 <= 00003f00
@00003268: $29 <= 00002f00
@0000326c: $ 5 <= e52d7dec
@00003270: $24 <= 00000004
@00003274: $ 3 <= 8ee7d044
@00003278: $20 <= 8723d899
@0000327c: $12 <= 00000118
@00003280: $18 <= 8dfcfff3
@00003284: $ 0 <= 00000000
@00003288: $ 7 <= 00000098
@0000328c: *00000084 <= 00000000
@00003290: $ 0 <= 00000000
@00003294: $ 0 <= a1500000
@00003298: $ 6 <= acbf0000
@0000329c: $24 <= 00000098
@000032a0: $ 4 <= 386d5400
@000032a4: $ 0 <= 00000000
@000032a8: $ 6 <= 00000168
@000032ac: $16 <= 8ee7d044
@000032b0: $16 <= 2ed846df
@000032b4: $26 <= 1ce4d037
@000032bc: $15 <= 000000f4
@000032c0: *000000f4 <= 9ef4eba3
@000032c4: $ 5 <= 780498b4
@000032c8: $17 <= b5070000
@000032cc: $13 <= df6f6a53
@000032d0: $19 <= 341ffaf7
@000032d4: $10 <= 5cd977b5
@000032d8: $ 5 <= 62f841d6
@000032dc: $ 3 <= 0000003c
@000032e0: *00000020 <= b4e933d2
@000032e4: $25 <= f0f541c9
@000032ec: $ 4 <= 8dfcfe8b
@000032f0: $24 <= fc543a8a
@000032f4: $ 0 <= 00000000
@000032f8: $ 0 <= 2ed868df
@000032fc: $21 <= e926faf7
@00003300: $17 <= d8f5fff3
@00003304: $26 <= 62f840be
@00003308: $14 <= 000000a0
@0000330c: $25 <= 35efba9a
@00003310: $ 0 <= 00000000
@00003314: $25 <= af6a0000
@00003318: $24 <= 00000028
@0000331c: $24 <= 88f429b2
@00003320: $11 <= b99c6696
@00003324: $16 <= 00000178
@00003328: *00000158 <= 000000a0
@00003330: $12 <= da920000
@00003334: $ 3 <= 00000110
@00003338: *000000ec <= 88f429b2
@0000333c: $17 <= 00000144
@00003340: $ 7 <= e2e77674
@00003344: $23 <= 8723d899
@00003348: $21 <= 8faec0ed
@0000334c: $21 <= 0000013c
@00003350: *0000012c <= 341fd8f7
@00003354: $15 <= af6a77a7
@00003358: $ 0 <= 00000000
@0000335c: $ 0 <= 00000000
@00003360: $13 <= 00000014
@00003364: $18 <= 35efba9a
@00003368: $17 <= 0000016c
@0000336c: *00000164 <= e2e77674
@000033ac: $ 4 <= 00000118
@000033b0: $10 <= 6bb184ab
@000033b4: $14 <= 62f84136
@000033b8: $ 0 <= 62f84577
@000033bc: $18 <= 00000164
@000033c0: $23 <= d65f5380
@000033c4: $ 2 <= 35520000
@000033c8: $ 6 <= 00000064
@000033cc: *00000034 <= 00000000
@000033d0: $18 <= 00000128
@000033d4: *00000124 <= 00000064
@000033d8: $17 <= 00001aa3
@000033dc: $ 0 <= 00000000
@000033e0: $10 <= bc75d899
@000033e4: $12 <= 944e95f8
@000033e8: $13 <= 00000090
@000033ec: $ 2 <= 88f429b2
@000033f0: $14 <= 88f46df3
@00003404: $11 <= d2210000
@00003408: $ 0 <= 00000000
@0000340c: $20 <= 00000128
@00003410: *00000110 <= 00000128
@00003414: $13 <= 0000009c
@00003418: *00000074 <= 00000064
@0000341c: $10 <= 0000277a
@00003420: $14 <= 0000008c
@00003424: $22 <= 00000000
@00003428: $ 6 <= af6af7b7
@0000342c: $19 <= 944e9710
@00003430: $ 0 <= 00000000
@00003434: $14 <= 00000104
@00003438: $15 <= 8faec0ed
@0000343c: $ 7 <= 0000cb6e
@00003440: $13 <= 46639842
@00003444: $ 0 <= bd420000
@00003448: $26 <= ffffd98a
@0000344c: $ 0 <= 00000000
@00003450: $21 <= 00000108
@00003454: $25 <= 6bb184ab
@00003458: $ 6 <= 42909170
@0000345c: $19 <= 00000060
@00003460: $13 <= 6bb184ab
@00003464: $24 <= 00000180
@00003468: $26 <= 35efba9a
@0000346c: $ 3 <= 0000007c
@00003470: *00000054 <= 62f841d6
@00003474: $ 2 <= 00000004
@00003478: $29 <= 00002efc
@0000347c: *00002f00 <= 00003f00
@00003480: $31 <= 00003484
@0000367c: $ 2 <= 62f841d6
@00003680: $12 <= 24dc0000
@00003684: $ 0 <= 61a40000
@00003688: $ 0 <= 38400000
@0000368c: $ 8 <= 0000bef3
@00003690: $ 9 <= 0000017c
@00003694: *00000150 <= 00000060
@00003698: $ 5 <= a48a0000
@0000369c: $ 9 <= 00000104
@000036a0: $13 <= 6bb184ab
@000036a4: $15 <= fffffff0
@000036a8: $ 0 <= 00000000
@000036ac: $12 <= c9260000
@000036b0: $14 <= 31dc0000
@000036b4: $14 <= 9552312b
@000036b8: $ 8 <= 00000028
@000036bc: *00000048 <= fffffff0
@00003484: $ 2 <= 00000004
@00003488: $31 <= 00003f00
@0000348c: $29 <= 00002f00
@00003490: $12 <= 00000028
@00003494: *00000034 <= 00000004
@00003498: $16 <= fffffef8
@0000349c: $ 0 <= 00000000
@000034a0: $25 <= 00000168
@000034a4: $24 <= 35efba9a
@000034a8: $10 <= 0000008c
@000034ac: *00000078 <= 00000028
@000034b0: $ 0 <= 00000000
@000034b4: $ 2 <= 00000004
@000034b8: $29 <= 00002efc
@000034bc: *00002f00 <= 00003f00
@000034c0: $31 <= 000034c4
@000036c4: $ 0 <= 00000000
@000036c8: $ 2 <= 00000138
@000036cc: $ 7 <= 780498b4
@000036d0: $ 0 <= 00000000
@000036d4: $20 <= 00000178
@000036d8: $ 3 <= fb409417
@000036dc: $25 <= 00000060
@000036e0: *00000044 <= 00000178
@000036e4: $18 <= 00000220
@000034c4: $ 2 <= 00000004
@000034c8: $31 <= 00003f00
@000034cc: $29 <= 00002f00
@000034d0: $ 2 <= 9e260000
@000034d4: $ 0 <= 00000000
@000034d8: $21 <= 0fce0000
@000034dc: $ 3 <= a489fefc
@000034e0: $17 <= 6aadcf61
@000034e4: $ 3 <= 0d6b0000
@000034e8: $26 <= 00000028
@000034ec: $ 0 <= ef36d6bb
@000034f0: $25 <= 000000b4
@000034f4: $ 2 <= 6fcabfef
@000034f8: $ 0 <= c3fd1665
@000034fc: $20 <= 95523153
@00003500: $21 <= 22990000
@00003504: $26 <= 29a0ace0
@00003508: $ 6 <= b2ae0000
@0000350c: $ 8 <= 6bb1849b
@00003510: $19 <= 6bb184fb
@00003514: $26 <= 00000180
@00003518: $13 <= e2e77674
@0000351c: $ 2 <= 00000034
@00003520: $22 <= 00000000
@00003524: $ 7 <= fe410000
@00003550: $17 <= fffffff3
@00003554: $ 0 <= 00000000
@00003558: $21 <= 00000154
@0000355c: *00000150 <= 0d6b0000
@00003560: $ 0 <= 00000000
@00003564: $14 <= 00000164
@00003568: $ 7 <= e2e776a8
@0000356c: $14 <= 000000d4
@00003570: $12 <= 780498b4
@00003574: $ 0 <= 00000000
@00003578: $ 2 <= 00000004
@0000357c: $29 <= 00002efc
@00003580: *00002f00 <= 00003f00
@00003584: $31 <= 00003588
@000036ec: $ 4 <= 00000094
@000036f0: *00000084 <= e2e77674
@000036f4: $ 0 <= 00000000
@000036f8: $17 <= 0000010c
@000036fc: $13 <= 6bb184ab
@00003700: $ 2 <= 103b84fb
@00003704: $ 6 <= a48a0000
@00003588: $ 2 <= 00000004
@0000358c: $31 <= 00003f00
@00003590: $29 <= 00002f00
@00003594: $14 <= 000059a5
@00003598: $20 <= 6bb18497
@0000359c: $ 6 <= 00000154
@000035a0: *00000148 <= d2210000
@000035a4: $ 9 <= a7a40000
@000035a8: $ 9 <= d65fdf8a
@000035ac: $26 <= 0000e37e
@000035b0: $15 <= 929e0000
@000035b4: $ 3 <= 00000108
@000035b8: *000000fc <= 00000000
@000035bc: $ 2 <= 00000004
@000035c0: $29 <= 00002efc
@000035c4: *00002f00 <= 00003f00
@000035c8: $31 <= 000035cc
@0000370c: $23 <= 0000004c
@00003710: $12 <= 6fcabfef
@00003714: $17 <= 0000010c
@00003718: $ 0 <= fe4f84ab
@0000371c: $ 8 <= 00000158
@00003720: *00000138 <= 0000e37e
@00003724: $ 3 <= 29b10000
@00003728: $24 <= 0000017c
@0000372c: *00000150 <= 00000154
@00003730: $ 7 <= 0000010c
@00003734: $26 <= 6fcaffef
@00003738: $17 <= 00000090
@0000373c: $13 <= 780498b4
@00003740: $ 0 <= 000000dc
@00003744: $ 6 <= 00000118
@00003748: *00000110 <= d2210000
@000035cc: $ 2 <= 00000004
@000035d0: $31 <= 00003f00
@000035d4: $29 <= 00002f00
@000035d8: $13 <= 000001ec
@000035dc: $ 0 <= 00008b36
@000035e0: $ 3 <= 6bb18607
@000035e4: $ 0 <= 00000000
@000035e8: $27 <= e6d80000
@000035ec: $ 0 <= 00000000
@000035f0: $17 <= 6bb18693
@000035f4: $ 4 <= 0000007c
@000035f8: *00000068 <= 0000017c
@000035fc: $24 <= 5d2d0000
@00003600: $20 <= a48a0158
@00003604: $ 0 <= 00000000
@00003608: $20 <= 0000a8be
@0000360c: $14 <= 00000138
@00003624: $21 <= 00009be3
@00003628: $27 <= 6c9d0000
@0000362c: $ 0 <= 00000000
@00003630: $12 <= 00000338
@00003634: $ 0 <= 00000000
@00003638: $ 9 <= 000062e7
@0000363c: $ 0 <= 00000000
@00003640: $ 0 <= fffffeff
@00003644: $ 5 <= 0000016c
@00003648: *00000154 <= 000001ec
@0000364c: $26 <= 00000188
@00003650: $27 <= e2e77674
@00003654: $11 <= 00000004
@00003658: $13 <= 86197bd4
@0000365c: $ 2 <= 00000004
@00003660: $29 <= 00002efc
@00003664: *00002f00 <= 00003f00
@00003668: $31 <= 0000366c
@00003750: $22 <= 00000118
@00003754: $ 6 <= 00000164
@00003758: $20 <= 8ee7d044
@0000375c: $ 3 <= fffffbc0
@00003760: $ 0 <= c1ec0000
@00003764: $27 <= 00000040
@00003768: *0000001c <= 000000b4
@0000376c: $11 <= 000000b0
@00003770: $10 <= 386d5400
@00003774: $ 5 <= 00009d6b
@00003778: $11 <= 00009ff7
@0000377c: $17 <= 00000080
@00003780: $24 <= 00000064
@00003784: $20 <= ffff6141
@00003788: $17 <= 000000f0
INFO: [USF-XSim-96] XSim completed. Design snapshot 'tb_behav' loaded.
INFO: [USF-XSim-97] XSim simulation ran for 900ns
launch_simulation: Time (s): cpu = 00:00:01 ; elapsed = 00:00:09 . Memory (MB): peak = 387.496 ; gain = 8.570
INFO: [Common 17-206] Exiting Vivado at Sat Nov 20 17:41:27 2021...
