#-----------------------------------------------------------
# Vivado v2019.1 (64-bit)
# SW Build 2552052 on Fri May 24 14:49:42 MDT 2019
# IP Build 2548770 on Fri May 24 18:01:18 MDT 2019
# Start of session at: Sat Nov 20 16:27:10 2021
# Process ID: 31072
# Current directory: D:/Archive/ISE/Monocycle_CPU
# Command line: vivado.exe -mode tcl
# Log file: D:/Archive/ISE/Monocycle_CPU/vivado.log
# Journal file: D:/Archive/ISE/Monocycle_CPU\vivado.jou
#-----------------------------------------------------------
Vivado% xvlog -help
WARNING: [Common 17-259] Unknown Tcl command 'xvlog -help' sending command to the OS shell for execution. It is recommended to use 'exec' to send the command to the OS shell.
Vivado% exec -help
bad switch "-help": must be -ignorestderr, -keepnewline, or --
Vivado% exec xvlog -help
Usage: xvlog [options] file...
(Switches with double dash '--' can also be used with a single dash '-')

Vivado Simulator xvlog options:
  -f [ --file ] arg          Read additional options from the specified file
  -h [ --help ]              Print this help message
  --version                  Print the compiler version
  --initfile arg             Use user defined simulator init file to add to or 
                             override the settings provided by the default 
                             xsim.ini file
  -L [ --lib ] arg           Specify search libraries for the instantiated 
                             design units in a Verilog or Mixed language 
                             design. Use -L|--lib for each search library. The 
                             format of the argument is <name>[=<dir>] where 
                             <name> is the logical name of the library and 
                             <dir> is an optional physical directory of the 
                             library
  --nolog                    Suppress log file generation
  --log arg                  Specify the log file name. Default is <application
                             name>.log
  --prj arg                  Specify Vivado Simulator  project file containing 
                             one or more entries of 'vhdl|verilog <work lib> 
                             <HDL file name>'
  --relax                    Relax strict HDL language checking rules
  -v [ --verbose ] arg       Specify verbosity level for printing messages. 
                             Allowed values are: 0, 1, 2 (Default:0)
  --incr                     Enable incremental parsing and compilation check 
                             point
  --nosignalhandlers         Run with no XSim specific signal handlers. 
                             Necessary when 3rd party software such as 
                             antivirus, firewall is generating signals as part 
                             of its normal usage, causing XSim Compiler and 
                             Kernel executables to trap these signals and 
                             report a crash.
  -i [ --include ] arg       Specify directories to be searched for files 
                             included using Verilog `include. Use -i|--include 
                             for each specified search directory
  -d [ --define ] arg        Define Verilog macros. Use -d|--define for each 
                             Verilog macro. The format of the macro is 
                             <name>[=<val>] where <name> is name of the macro 
                             and <value> is an optional value of the macro
  --sourcelibdir arg         Directory for Verilog source files of uncompiled 
                             modules. Use -sourcelibdir|--sourcelibdir 
                             <dirname> for each source directory.
  --sourcelibext arg         File extension for Verilog source files of 
                             uncompiled modules. Use -sourcelibext|--sourcelibe
                             xt <file extension> for source file extension.
  --sourcelibfile arg        Filename of a Verilog source file which has 
                             uncompiled modules. Use -sourcelibfile|--sourcelib
                             file <filename>.
  --noname_unnamed_generate  Generate name for an unnamed generate block
  --work arg                 Specify the work library. The format of the 
                             argument is <name>[=<dir>] where <name> is the 
                             logical name of the library and <dir> is an 
                             optional physical directory of the library
  --encryptdumps             Encrypt parse dump of design units
  --sv                       Compile input files in System Verilog mode

Examples:
  xvlog file1.v file2.v
  xvlog -work worklib file1.v file2.v
  xvlog -prj files.prj
Vivado% xvlog -prj Monocycle_CPU.xpr
WARNING: [Common 17-259] Unknown Tcl command 'xvlog -prj Monocycle_CPU.xpr' sending command to the OS shell for execution. It is recommended to use 'exec' to send the command to the OS shell.
child process exited abnormally
Vivado% cd Monocycle_CPU.srcs
Vivado% cd sources_1
Vivado% cd new
Vivado% xvlog DM.v IM.v Controller.v datapath.v ALU.v mips.v tb.v GRF.v dasm.v MUX.v PC.v EXT,v
WARNING: [Common 17-259] Unknown Tcl command 'xvlog DM.v IM.v Controller.v datapath.v ALU.v mips.v tb.v GRF.v dasm.v MUX.v PC.v EXT,v' sending command to the OS shell for execution. It is recommended to use 'exec' to send the command to the OS shell.
child process exited abnormally
Vivado% DM.v IM.v Controller.v datapath.v ALU.v mips.v tb.v GRF.v dasm.v MUX.v PC.v EXT.v
WARNING: [Common 17-259] Unknown Tcl command 'DM.v IM.v Controller.v datapath.v ALU.v mips.v tb.v GRF.v dasm.v MUX.v PC.v EXT.v' sending command to the OS shell for execution. It is recommended to use 'exec' to send the command to the OS shell.
couldn't execute ".\DM.v": no such file or directory
Vivado% xvlog DM.v IM.v Controller.v datapath.v ALU.v mips.v tb.v GRF.v dasm.v MUX.v PC.v EXT.v
WARNING: [Common 17-259] Unknown Tcl command 'xvlog DM.v IM.v Controller.v datapath.v ALU.v mips.v tb.v GRF.v dasm.v MUX.v PC.v EXT.v' sending command to the OS shell for execution. It is recommended to use 'exec' to send the command to the OS shell.
Vivado% xelab -help
WARNING: [Common 17-259] Unknown Tcl command 'xelab -help' sending command to the OS shell for execution. It is recommended to use 'exec' to send the command to the OS shell.
Vivado% xelab tb
WARNING: [Common 17-259] Unknown Tcl command 'xelab tb' sending command to the OS shell for execution. It is recommended to use 'exec' to send the command to the OS shell.
child process exited abnormally
Vivado% 