#-----------------------------------------------------------
# Vivado v2019.1 (64-bit)
# SW Build 2552052 on Fri May 24 14:49:42 MDT 2019
# IP Build 2548770 on Fri May 24 18:01:18 MDT 2019
# Start of session at: Thu Dec  9 14:32:37 2021
# Process ID: 20704
# Current directory: D:/Archive/Auto-Test/pipelineCPU10
# Command line: vivado.exe -mode batch -source start.tcl
# Log file: D:/Archive/Auto-Test/pipelineCPU10/vivado.log
# Journal file: D:/Archive/Auto-Test/pipelineCPU10\vivado.jou
#-----------------------------------------------------------
source start.tcl
# open_project D:/Archive/ISE/PipelineCPU_R/PipelineCPU_R.xpr
Scanning sources...
Finished scanning sources
open_project: Time (s): cpu = 00:00:05 ; elapsed = 00:00:06 . Memory (MB): peak = 376.891 ; gain = 81.688
# update_compile_order -fileset sources_1
# launch_simulation
INFO: [Vivado 12-5682] Launching behavioral simulation in 'D:/Archive/ISE/PipelineCPU_R/PipelineCPU_R.sim/sim_1/behav/xsim'
INFO: [SIM-utils-51] Simulation object is 'sim_1'
INFO: [SIM-utils-54] Inspecting design source files for 'tb' in fileset 'sim_1'...
INFO: [USF-XSim-97] Finding global include files...
INFO: [USF-XSim-98] Fetching design files from 'sim_1'...
INFO: [USF-XSim-2] XSim::Compile design
INFO: [USF-XSim-61] Executing 'COMPILE and ANALYZE' step in 'D:/Archive/ISE/PipelineCPU_R/PipelineCPU_R.sim/sim_1/behav/xsim'
"xvlog --incr --relax -prj tb_vlog.prj"
INFO: [USF-XSim-69] 'compile' step finished in '3' seconds
INFO: [USF-XSim-3] XSim::Elaborate design
INFO: [USF-XSim-61] Executing 'ELABORATE' step in 'D:/Archive/ISE/PipelineCPU_R/PipelineCPU_R.sim/sim_1/behav/xsim'
"xelab -wto 69eaea31912f48ec9422b319bd03e1d6 --incr --debug typical --relax --mt 2 -L xil_defaultlib -L unisims_ver -L unimacro_ver -L secureip --snapshot tb_behav xil_defaultlib.tb xil_defaultlib.glbl -log elaborate.log"
Vivado Simulator 2019.1
Copyright 1986-1999, 2001-2019 Xilinx, Inc. All Rights Reserved.
Running: D:/Xillinx/Vivado/2019.1/bin/unwrapped/win64.o/xelab.exe -wto 69eaea31912f48ec9422b319bd03e1d6 --incr --debug typical --relax --mt 2 -L xil_defaultlib -L unisims_ver -L unimacro_ver -L secureip --snapshot tb_behav xil_defaultlib.tb xil_defaultlib.glbl -log elaborate.log 
Using 2 slave threads.
Starting static elaboration
Completed static elaboration
INFO: [XSIM 43-4323] No Change in HDL. Linking previously generated obj files to create kernel
INFO: [USF-XSim-69] 'elaborate' step finished in '3' seconds
INFO: [USF-XSim-4] XSim::Simulate design
INFO: [USF-XSim-61] Executing 'SIMULATE' step in 'D:/Archive/ISE/PipelineCPU_R/PipelineCPU_R.sim/sim_1/behav/xsim'
INFO: [USF-XSim-98] *** Running xsim
   with args "tb_behav -key {Behavioral:sim_1:Functional:tb} -tclbatch {tb.tcl} -log {simulate.log}"
INFO: [USF-XSim-8] Loading simulator feature
Vivado Simulator 2019.1
Time resolution is 1 ps
source tb.tcl
## current_wave_config
                  11@00003000: $28 <= 00000000
                  13@00003004: $29 <= 00000000
                  15@00003008: $17 <= 00000000
                  15@0000300c: *00000004 <= 00000000
                  19@00003010: $16 <= 00000000
                  25@00003018: $16 <= 00006149
                  27@00003024: $20 <= f8b30000
                  29@00003028: $17 <= 00000000
                  29@0000302c: *0000000c <= 00000000
                  35@00003034: $16 <= 00000000
                  37@00003038: $20 <= 00000000
                  39@0000303c: $17 <= 00000000
                  41@00003040: $17 <= 00000000
                  43@00003044: $16 <= 7cce0000
                  49@0000304c: $17 <= 9fa30000
                  51@00003054: $17 <= 00000000
                  53@00003058: $16 <= 00000000
                  55@0000305c: $20 <= 00000000
                  55@00003060: *0000000c <= 00000000
                  59@00003064: $16 <= 00006893
                  61@00003068: $16 <= cbba0000
                  63@0000306c: $20 <= 00000000
                  65@00003070: $20 <= 00000000
                  67@00003074: $16 <= 00000000
                  69@00003078: $17 <= 00000000
                  71@0000307c: $17 <= 00000000
                  73@00003080: $20 <= 00000000
                  75@00003084: $17 <= 00000000
                  77@00003088: $20 <= 00000000
                  77@0000308c: *00000008 <= 00000000
                  81@00003090: $16 <= 00000000
                  81@00003094: *0000000c <= 00000000
                  85@00003098: $16 <= 00000000
                  87@0000309c: $20 <= 00000000
                  89@000030a0: $17 <= 56660000
                  91@000030a4: $20 <= 56669553
                  95@000030ac: $17 <= 56669d7b
                  97@000030b8: $17 <= 56669553
                  99@000030bc: $20 <= 00000000
                 101@000030c0: $20 <= 00000000
                 103@000030c4: $17 <= 5666d77b
                 107@000030cc: $17 <= 00000000
                 109@000030d8: $16 <= 00000000
                 111@000030dc: $20 <= 00000000
                 115@000030e0: $16 <= 00004ce6
                 117@000030e4: $20 <= 00000000
                 117@000030e8: *00000000 <= 00000000
                 121@000030ec: $17 <= 00000000
                 121@000030f0: *00000004 <= 00004ce6
                 125@000030f4: $20 <= 00000000
                 125@000030f8: *0000000c <= 00004ce6
                 129@000030fc: $17 <= 00000000
                 129@00003100: *00000008 <= 00000000
                 133@00003104: $16 <= 0000b0d5
                 135@00003108: $20 <= 00003787
                 137@0000310c: $16 <= 0000794e
                 143@00003114: $16 <= 00009301
                 145@0000311c: $17 <= 0000fb1f
                 147@00003120: $16 <= 00000000
                 149@00003124: $16 <= 00004ce6
                 151@00003128: $16 <= 00000000
                 151@0000312c: *00000004 <= 00000000
                 155@00003130: $17 <= 00000000
                 157@00003134: $17 <= 00004ce6
                 161@0000313c: $17 <= 00007fee
                 163@00003148: $16 <= 6ad30000
                 167@00003150: $20 <= 00000000
                 169@0000315c: $16 <= 00000000
                 169@00003160: *00000004 <= 00000000
                 175@00003168: $20 <= 00000000
                 177@0000316c: $17 <= 00000000
                 181@00003170: $17 <= 00000000
                 183@00003174: $17 <= 001e0000
                 185@00003178: $20 <= 21070000
                 187@0000317c: $16 <= e65b0000
                 189@00003180: $20 <= 00000000
                 189@00003184: *00000004 <= 001e0000
                 195@0000318c: $20 <= 00000000
                 197@00003198: $20 <= 00000000
                 199@0000319c: $20 <= 00000000
                 201@000031a0: $31 <= 000031a8
                 203@000031a4: $16 <= 00000010
                 205@000031ac: $16 <= 000031b8
                 213@000031b8: $16 <= 00006370
                 219@000031c0: $16 <= 00007bf6
                 221@000031cc: $20 <= 00007bf6
                 223@000031d0: $20 <= 00000000
                 223@000031d4: *00000008 <= 001e0000
                 227@000031d8: $17 <= 00000000
                 227@000031dc: *00000008 <= 00000000
                 233@000031e4: $20 <= 0000fbf7
                 235@000031f0: $17 <= a7890000
                 237@000031f4: $20 <= 00000000
                 239@000031f8: $20 <= 00000000
                 239@000031fc: *00000000 <= 00007bf6
                 243@00003200: $31 <= 00003208
                 245@00003204: $20 <= 00000010
                 247@0000320c: $20 <= 00003218
                 257@0000321c: $20 <= 00000000
                 259@00003220: $20 <= 001e0000
                 261@00003224: $17 <= a2e20000
                 263@00003228: $17 <= 15c30000
                 267@00003230: $16 <= 001e2218
                 269@00003238: $20 <= ffffdde8
                 271@0000323c: $20 <= 00000000
                 271@00003240: *00000004 <= 001e2218
                 275@00003244: $17 <= ffe1dde8
                 277@00003248: $31 <= 00003250
                 279@0000324c: $17 <= 00000010
                 281@00003254: $17 <= 00003260
                 289@00003260: $20 <= 00000000
                 291@00003264: $20 <= 00007bf6
                 293@00003268: $17 <= 001e5478
                 295@0000326c: $16 <= 001ebe5b
                 299@00003274: $16 <= 001e5cf9
                 301@00003278: $16 <= 6d6f0000
                 303@0000327c: $16 <= 00007fff
                 305@00003280: $31 <= 00003288
                 307@00003284: $16 <= 00000010
                 309@0000328c: $16 <= 00003298
                 317@00003298: $31 <= 000032a0
                 319@0000329c: $17 <= 00000010
                 321@000032a4: $17 <= 000032b0
                 329@000032b0: $16 <= 00000000
                 331@000032b4: $17 <= 00007bf6
                 333@000032b8: $16 <= 0000ffff
                 337@000032c0: $17 <= 00000000
                 339@000032d0: $17 <= 00007bf6
                 341@000032d4: $20 <= 53de0000
                 343@000032d8: $31 <= 000032e0
                 345@000032dc: $16 <= 00000010
                 347@000032e4: $16 <= 000032f0
                 357@000032f4: $16 <= 53de9a6a
                 359@000032fc: $16 <= 00000000
                 361@00003300: $17 <= ac227bf6
                 363@00003304: $31 <= 0000330c
                 365@00003308: $16 <= 00000010
                 367@00003310: $16 <= 0000331c
                 375@0000331c: $20 <= ac22fffe
                 377@00003320: $17 <= 00000000
                 377@00003324: *00000008 <= ac22fffe
                 381@00003328: $20 <= 0000d835
                 387@00003330: $17 <= 372c0000
                 389@00003334: $20 <= 6e580000
                 391@00003338: $16 <= 00000000
                 393@0000333c: $20 <= ac22fffe
                 395@00003340: $20 <= c8d40000
                 397@00003344: $16 <= c8d45cf0
                 399@00003348: $17 <= 00000000
                 399@0000334c: *0000000c <= c8d45cf0
                 403@00003350: $17 <= 00000000
                 403@00003354: *00000000 <= 00000000
                 407@00003358: $20 <= 26420000
                 413@00003360: $17 <= 00000000
                 415@0000336c: $16 <= 71110000
                 417@00003370: $16 <= 97530000
                 419@00003374: $16 <= c7600000
                 421@00003378: $16 <= 00000000
                 421@0000337c: *00000008 <= 00000000
                 427@00003384: $16 <= 0000d9a1
                 429@00003388: $20 <= 0000d9a1
                 431@0000338c: $17 <= 6fb60000
                 433@00003390: $17 <= 6fb6d9a1
                 437@00003398: $17 <= 6fb6fff5
                 439@000033a0: $20 <= 00000000
                 439@000033a4: *00000004 <= 6fb6fff5
                 445@000033ac: $16 <= 00000000
                 447@000033b8: $16 <= 6fb6fff5
                 449@000033bc: $17 <= 00000000
                 453@000033c4: $20 <= 00000000
                 455@000033d0: $17 <= 6fb6fff5
                 457@000033d4: $17 <= 00000000
                 457@000033d8: *00000004 <= 00000000
                 461@000033dc: $16 <= 00000000
                 461@000033e0: *00000000 <= 00000000
                 467@000033e8: $20 <= 00000000
                 469@000033f0: $17 <= 00000000
                 471@000033f4: $16 <= c8d45cf0
                 473@000033f8: $31 <= 00003400
                 475@000033fc: $20 <= 00000010
                 477@00003404: $20 <= 00003410
                 485@00003410: $17 <= 0000c627
                 487@00003414: $17 <= c8d4fff5
                 489@00003418: $20 <= 00000000
                 489@0000341c: *00000008 <= c8d45cf0
                 493@00003420: $31 <= 00003428
                 495@00003424: $17 <= 00000010
                 497@0000342c: $17 <= 00003438
                 505@00003438: $31 <= 00003440
                 507@0000343c: $16 <= 00000010
                 509@00003444: $16 <= 00003450
                 517@00003450: $20 <= 00007f7d
                 519@00003454: $16 <= 15850000
                 521@00003458: $17 <= 00000000
                 521@0000345c: *0000000c <= 00007f7d
                 525@00003460: $17 <= 466b0000
                 527@00003464: $16 <= 17e40000
                 533@0000346c: $20 <= 17e499b1
                 535@00003470: $16 <= 66ca0000
                 537@00003474: $16 <= eb350000
                 539@00003478: $31 <= 00003480
                 541@0000347c: $16 <= 00000010
                 543@00003484: $16 <= 00003490
                 551@00003490: $17 <= 00000000
                 557@00003498: $20 <= 00000000
                 559@000034a8: $16 <= 000076d2
                 561@000034ac: $16 <= 0000a927
                 563@000034b0: $31 <= 000034b8
                 565@000034b4: $20 <= 00000010
                 567@000034bc: $20 <= 000034c8
                 577@000034cc: $17 <= 00006990
                 579@000034d4: $17 <= 0000f5ff
                 581@000034d8: $20 <= 00004cd8
                 583@000034dc: $16 <= 0000afe7
                 585@000034e0: $17 <= 00000000
                 585@000034e4: *0000000c <= 00000000
                 589@000034e8: $17 <= 0000ffe7
                 593@000034f0: $20 <= 00005000
                 595@000034fc: $20 <= 79040000
                 599@00003504: $20 <= 00005000
                 601@0000350c: $20 <= 00000000
                 601@00003510: *00000008 <= 00000000
                 605@00003514: $20 <= 0000ffe7
                 607@00003518: $20 <= 0000efef
                 613@00003520: $17 <= 0000ffef
                 615@00003524: $20 <= 0000ffff
                 617@00003528: $17 <= 00015fce
                 619@0000352c: $16 <= 00017fdf
                 621@00003530: $17 <= 0001ffdf
                 623@00003534: $31 <= 0000353c
                 625@00003538: $17 <= 00000010
                 627@00003540: $17 <= 0000354c
                 635@0000354c: $31 <= 00003554
                 637@00003550: $16 <= 00000010
                 639@00003558: $16 <= 00003564
                 649@00003568: $16 <= 0000ffff
                 651@00003574: $17 <= 00000000
                 653@00003578: $16 <= 00000000
                 661@00003580: $20 <= 95a30000
                 663@00003584: $20 <= 00000000
                 663@00003588: *0000000c <= 00000000
                 667@0000358c: $16 <= 00000000
                 669@00003590: $20 <= 00000000
                 671@00003594: $20 <= 00000000
                 673@00003598: $20 <= 00000000
                 677@000035a0: $17 <= 0000d842
                 679@000035a8: $20 <= 00000000
                 681@000035ac: $17 <= 0000d842
                 683@000035b0: $20 <= 00003b4f
                 685@000035b4: $17 <= 00003b4f
                 687@000035b8: $16 <= 0000769e
                 689@000035bc: $20 <= 03370000
                 691@000035c0: $31 <= 000035c8
                 693@000035c4: $17 <= 00000010
                 695@000035cc: $17 <= 000035d8
                 703@000035d8: $20 <= 00000000
                 705@000035dc: $20 <= 00000000
                 707@000035e0: $20 <= 0000ed3c
                 709@000035e4: $17 <= 0000bddb
                 711@000035e8: $31 <= 000035f0
                 713@000035ec: $20 <= 00000010
                 715@000035f4: $20 <= 00003600
                 723@00003600: $31 <= 00003608
                 725@00003604: $20 <= 00000010
                 727@0000360c: $20 <= 00003618
                 735@00003618: $17 <= 0000f3f3
                 737@0000361c: $16 <= 00000000
                 737@00003620: *00000000 <= 00000000
                 741@00003624: $20 <= 00007eda
                 743@00003628: $16 <= 00007eda
                 745@0000362c: $20 <= c9a50000
                 747@00003630: $20 <= 00000000
                 747@00003634: *0000000c <= 00000000
                 753@0000363c: $20 <= fa430000
                 755@00003648: $17 <= fa435069
                 757@0000364c: $17 <= fa42d18f
                 759@00003650: $20 <= ffb80000
                 761@00003654: $17 <= ffb8f919
                 763@00003658: $16 <= 00000000
                 763@0000365c: *0000000c <= ffb80000
                 767@00003660: $16 <= ffb8ffdd
                 769@00003664: $17 <= f2d80000
                 771@00003668: $17 <= 00000000
                 773@0000366c: $16 <= ffb80000
                 775@00003670: $16 <= 00000000
                 775@00003674: *00000004 <= ffb80000
                 779@00003678: $20 <= ffb80000
                 781@0000367c: $16 <= 0000deb5
                 783@00003680: $16 <= 0000dff5
                 785@00003684: $20 <= 00000000
                 785@00003688: *0000000c <= 00000000
                 791@00003690: $16 <= 0001bfea
                 793@00003698: $17 <= 00000000
                 799@000036a0: $16 <= 00000000
                 801@000036a4: $17 <= 00000000
                 801@000036a8: *0000000c <= 00000000
                 805@000036ac: $17 <= 00000000
                 805@000036b0: *00000008 <= 00000000
                 811@000036b8: $16 <= 00000000
                 813@000036c4: $17 <= 00000000
                 815@000036c8: $17 <= 00000000
                 817@000036cc: $16 <= 00000000
                 821@000036d4: $17 <= 00000000
                 823@000036dc: $16 <= 0000a4bb
                 825@000036e0: $16 <= 00000000
                 825@000036e4: *00000008 <= 00000000
                 829@000036e8: $20 <= 00000000
                 829@000036ec: *00000004 <= 00000000
                 833@000036f0: $20 <= 0000f675
                 835@000036f4: $17 <= 00000000
                 837@000036f8: $20 <= 00000000
                 839@000036fc: $16 <= 00000000
                 843@00003700: $20 <= 00000000
                 845@00003704: $16 <= 00000000
                 847@00003708: $20 <= 00000000
                 849@0000370c: $16 <= 00000c3c
                 851@00003710: $17 <= 00000000
                 853@00003714: $20 <= 00000000
                 855@00003718: $16 <= 00000000
                 855@0000371c: *00000000 <= 00000000
                 859@00003720: $17 <= 00000000
                 861@00003724: $31 <= 0000372c
                 863@00003728: $17 <= 00000010
                 865@00003730: $17 <= 0000373c
                 873@0000373c: $17 <= 00000000
                 873@00003740: *00000008 <= 00000000
                 877@00003744: $20 <= 00000000
                 877@00003748: *00000008 <= 00000000
                 881@0000374c: $16 <= bb3a0000
                 887@00003754: $16 <= 00000000
                 889@00003760: $16 <= 00000734
                 895@00003768: $17 <= 00000735
                 897@0000376c: $20 <= 00000000
                 897@00003770: *00000000 <= 00000000
                 901@00003774: $20 <= 00000e69
                 903@00003778: $20 <= 00000000
                 905@0000377c: $20 <= 00000000
                 909@00003784: $17 <= 00000000
                 911@00003788: $17 <= 00000000
                 913@0000378c: $16 <= fa320000
                 915@00003790: $17 <= 00000000
                 915@00003794: *00000004 <= 00000000
                 921@0000379c: $16 <= 522b0000
                 923@000037a0: $20 <= 0000a8e2
                 925@000037a4: $17 <= 522b39b0
                 927@000037a8: $16 <= 00000000
                 929@000037ac: $16 <= 00000000
                 931@000037b0: $31 <= 000037b8
                 933@000037b4: $17 <= 00000010
                 935@000037bc: $17 <= 000037c8
                 943@000037c8: $20 <= 97240000
                 945@000037cc: $17 <= 00000000
                 947@000037d0: $20 <= 00000000
                 951@000037d8: $17 <= 00000000
                 953@000037e0: $17 <= 0000af04
                 957@000037e8: $16 <= 31790000
                 959@000037f0: $16 <= 3179af04
                 961@000037f4: $16 <= ffff50fc
                 963@000037f8: $16 <= 0000af04
                 965@000037fc: $20 <= 9aab0000
                 967@00003800: $20 <= 2d170000
                 969@00003804: $17 <= 2d179fe2
                 971@00003808: $31 <= 00003810
                 973@0000380c: $16 <= 00000010
                 975@00003814: $16 <= 00003820
                 983@00003820: $16 <= 2d17bff6
                 985@00003824: $31 <= 0000382c
                 987@00003828: $20 <= 00000010
                 989@00003830: $20 <= 0000383c
                 997@0000383c: $17 <= 5a2f5fd8
                1001@00003844: $20 <= 87471fce
                1003@0000384c: $17 <= 5a2fdffc
                1005@00003850: $17 <= e176ffca
                1007@00003854: $17 <= 00000000
                1007@00003858: *00000008 <= 87471fce
                1011@0000385c: $31 <= 00003864
                1013@00003860: $17 <= 00000010
                1015@00003868: $17 <= 00003874
                1023@00003874: $16 <= b45edfc4
                1025@00003878: $31 <= 00003880
                1027@0000387c: $17 <= 00000010
                1029@00003884: $17 <= 00003890
                1037@00003890: $16 <= 00000000
                1039@00003894: $17 <= 87471fce
                1041@00003898: $16 <= 00000000
                1043@0000389c: $17 <= 00000000
                1045@000038a0: $17 <= 00000000
                1049@000038a8: $20 <= 8747ffff
                1051@000038b4: $17 <= 8747ffff
                1053@000038b8: $20 <= 00000000
                1055@000038bc: $16 <= 00000000
                1059@000038c0: $20 <= 8747ffff
                1061@000038c4: $17 <= 8747ffff
                1067@000038cc: $20 <= 0e8ffffe
                1069@000038d8: $16 <= 00000000
                1071@000038dc: $17 <= 00000000
                1073@000038e0: $20 <= 00000000
                1075@000038e4: $17 <= 00000000
                1079@000038ec: $20 <= 00000000
                1081@000038f4: $20 <= 00000000
                1083@000038f8: $16 <= 00000000
                1087@00003900: $17 <= 00000000
                1089@00003908: $16 <= 68ca0000
                1091@0000390c: $16 <= 00000000
                1093@00003910: $20 <= 87471fce
                1097@00003914: $17 <= 87471fce
                1099@00003918: $20 <= 00000000
                1101@0000391c: $17 <= 87471fce
                1103@00003920: $16 <= 00000000
                1105@00003924: $16 <= 00000000
                1107@00003928: $17 <= 00000000
                1107@0000392c: *0000000c <= 00000000
                1111@00003930: $20 <= 000075df
                1113@00003934: $17 <= 00000000
                1113@00003938: *00000008 <= 000075df
                1117@0000393c: $20 <= 00000000
                1119@00003940: $20 <= 00000000
                1121@00003944: $17 <= 00000000
                1123@00003948: $20 <= 00000000
                1125@0000394c: $16 <= 00000000
                1125@00003950: *00000008 <= 00000000
                1129@00003954: $20 <= 00000000
                1129@00003958: *00000004 <= 00000000
                1133@0000395c: $20 <= 00000000
                1133@00003960: *00000008 <= 00000000
                1137@00003964: $31 <= 0000396c
                1139@00003968: $16 <= 00000010
                1141@00003970: $16 <= 0000397c
                1149@0000397c: $16 <= ffffc684
                1151@00003980: $20 <= 00000000
                1153@00003984: $17 <= 00000000
                1157@0000398c: $17 <= ffffc684
                1159@00003994: $17 <= 0000397c
                1161@00003998: $17 <= 3fdb0000
                1163@0000399c: $17 <= 00000000
                1165@000039a0: $16 <= 00000000
                1167@000039a4: $31 <= 000039ac
                1169@000039a8: $20 <= 00000010
                1171@000039b0: $20 <= 000039bc
                1179@000039bc: $16 <= bb640000
                1181@000039c0: $20 <= 00000000
                1183@000039c4: $17 <= 00000000
                1187@000039c8: $17 <= 00000000
                1189@000039cc: $20 <= 00000000
                1195@000039d4: $16 <= 00000000
                1195@000039d8: *00000008 <= 00000000
                1199@000039dc: $17 <= 00000000
                1199@000039e0: *00000000 <= 00000000
                1203@000039e4: $20 <= 00000000
                1207@000039ec: $16 <= 00000000
                1209@000039f4: $20 <= 00000000
                1211@000039f8: $16 <= 00000000
                1211@000039fc: *0000000c <= 00000000
                1215@00003a00: $16 <= 00000000
                1217@00003a04: $20 <= 00000000
                1219@00003a08: $17 <= 00000000
                1223@00003a0c: $20 <= 00000000
                1225@00003a10: $17 <= 0000790c
                1227@00003a14: $31 <= 00003a1c
                1229@00003a18: $20 <= 00000010
                1231@00003a20: $20 <= 00003a2c
                1241@00003a30: $16 <= 0000f218
                1243@00003a38: $17 <= 0000ff1c
                1245@00003a3c: $17 <= 0000b7ec
                1247@00003a40: $17 <= 51310000
                1249@00003a44: $16 <= af000000
                1253@00003a4c: $16 <= 6d3c0000
                1255@00003a50: $17 <= 00000000
                1257@00003a54: $17 <= 00000000
                1259@00003a58: $17 <= 00000000
                1261@00003a5c: $16 <= 00000000
                1263@00003a60: $16 <= 00000000
                1263@00003a64: *00000008 <= 00000000
                1267@00003a68: $16 <= 72d40000
                1269@00003a6c: $17 <= 00000000
                1271@00003a70: $17 <= 00000000
                1275@00003a78: $16 <= 72d43a2c
                1277@00003a80: $20 <= 72d47458
                1279@00003a84: $31 <= 00003a8c
                1281@00003a88: $16 <= 00000010
                1283@00003a90: $16 <= 00003a9c
                1291@00003a9c: $16 <= 00000000
                1293@00003aa0: $17 <= 00000000
                1297@00003aa8: $17 <= 00000000
                1299@00003ab4: $16 <= 00000000
                1299@00003ab8: *00000004 <= 00000000
                1303@00003abc: $20 <= 000041b2
                1305@00003ac0: $31 <= 00003ac8
                1307@00003ac4: $20 <= 00000010
                1309@00003acc: $20 <= 00003ad8
                1317@00003ad8: $17 <= 00000000
                1317@00003adc: *00000000 <= 00000000
                1321@00003ae0: $20 <= e9050000
                1327@00003ae8: $17 <= e9056f64
                1329@00003af4: $16 <= 43890000
                1331@00003af8: $16 <= 0e440000
                1333@00003afc: $17 <= 3fb90000
                1337@00003b04: $16 <= 00000000
                1337@00003b08: *00000008 <= e9050000
                1341@00003b0c: $16 <= 00000000
                1343@00003b10: $17 <= 00000000
                1345@00003b14: $20 <= 00000000
                1347@00003b18: $16 <= 00000000
                1349@00003b1c: $17 <= 000008a2
                1351@00003b20: $16 <= 00000000
                1353@00003b24: $20 <= 000028ea
                1359@00003b2c: $16 <= 46100000
                1361@00003b30: $16 <= b9f008a2
                1363@00003b34: $17 <= 00002048
                1365@00003b38: $16 <= 00000000
                1365@00003b3c: *0000000c <= 00002048
                1371@00003b44: $16 <= 00004932
                1373@00003b4c: $16 <= 00000000
                1375@00003b50: $20 <= e9050000
                1377@00003b54: $17 <= 00000000
                1379@00003b58: $17 <= ea860000
                1381@00003b5c: $31 <= 00003b64
                1383@00003b60: $17 <= 00000010
                1385@00003b68: $17 <= 00003b74
                1393@00003b74: $20 <= d4d30000
                1397@00003b7c: $17 <= 78ad0000
                1399@00003b84: $17 <= 78ad91a2
                1401@00003b88: $20 <= d4d30000
                1403@00003b8c: $20 <= d4d36221
                1405@00003b90: $16 <= 000082f6
                1407@00003b94: $16 <= a9a6c442
                1411@00003b9c: $20 <= 78adbba2
                1413@00003ba8: $20 <= 00000000
                1413@00003bac: *00000000 <= 00000000
                1417@00003bb0: $20 <= 696d0000
                1419@00003bb4: $17 <= f15b2344
                1421@00003bb8: $16 <= 00000000
                1423@00003bbc: $17 <= 00000000
                1427@00003bc4: $20 <= 96930000
                1429@00003bcc: $16 <= 553f0000
                1431@00003bd0: $16 <= 02500000
                1435@00003bd8: $16 <= 00000000
                1437@00003be4: $17 <= 00000000
                1439@00003be8: $20 <= 00004565
                1441@00003bec: $16 <= 00000000
                1443@00003bf0: $20 <= 00000000
                1445@00003bf4: $31 <= 00003bfc
                1447@00003bf8: $16 <= 00000010
                1449@00003c00: $16 <= 00003c0c
                1457@00003c0c: $31 <= 00003c14
                1459@00003c10: $20 <= 00000010
                1461@00003c18: $20 <= 00003c24
                1469@00003c24: $16 <= 00003c0c
                1471@00003c28: $16 <= ffffc3dc
                1473@00003c2c: $20 <= 0000ae7a
                1477@00003c34: $17 <= 00000000
                1479@00003c40: $16 <= 00000000
                1481@00003c44: $17 <= 00000000
                1483@00003c48: $17 <= 00000000
                1485@00003c4c: $16 <= 00000000
                1487@00003c50: $31 <= 00003c58
                1489@00003c54: $20 <= 00000010
                1491@00003c5c: $20 <= 00003c68
                1501@00003c6c: $20 <= 0000e001
                1503@00003c74: $17 <= aa2e0000
                1505@00003c78: $20 <= 00000000
                1505@00003c7c: *00000008 <= aa2e0000
                1509@00003c80: $17 <= 00000000
                1511@00003c84: $17 <= 00002048
                1515@00003c88: $17 <= 00002048
                1517@00003c8c: $31 <= 00003c94
                1519@00003c90: $20 <= 00000010
                1521@00003c98: $20 <= 00003ca4
                1529@00003ca4: $20 <= ffffe3a4
                1531@00003ca8: $17 <= 00000000
                1531@00003cac: *00000004 <= 00000000
                1537@00003cb4: $16 <= 00000000
                1539@00003cc0: $16 <= 00000000
                1539@00003cc4: *0000000c <= ffffe3a4
                1545@00003ccc: $17 <= 00000000
                1547@00003cd8: $17 <= 00000000
                1549@00003cdc: $17 <= 00000000
                1551@00003ce0: $20 <= a5330000
                1553@00003ce4: $17 <= 00000000
                1555@00003ce8: $20 <= aa2e0000
                1559@00003cf0: $20 <= 00000000
                1561@00003cf8: $17 <= 0000a71f
                1563@00003cfc: $16 <= 0000f7ff
                1567@00003d04: $17 <= 00000000
                1569@00003d10: $20 <= 00000000
                1569@00003d14: *00000000 <= 0000f7ff
                1573@00003d18: $17 <= 00000000
                1575@00003d1c: $16 <= aa2e0000
                1577@00003d20: $20 <= e1400000
                1579@00003d24: $17 <= 00000000
                1579@00003d28: *00000004 <= 00000000
                1583@00003d2c: $16 <= 00000000
                1585@00003d30: $20 <= 0000f7ff
                1593@00003d38: $20 <= 258e0000
                1595@00003d40: $16 <= 00000000
                1597@00003d44: $17 <= b1be0000
                1601@00003d4c: $17 <= 4e420000
                1603@00003d54: $17 <= da720000
                1607@00003d5c: $17 <= 00000000
                1609@00003d68: $16 <= 258ef970
                1613@00003d70: $17 <= 258ea6f7
                1615@00003d78: $17 <= 00000000
                1617@00003d7c: $17 <= 0000f7ff
                1619@00003d80: $20 <= 258ea723
                1621@00003d84: $17 <= da7250dc
                1625@00003d8c: $17 <= 00014a4c
                1627@00003d94: $16 <= 258daf24
                1631@00003d9c: $17 <= 00000000
                1633@00003da8: $16 <= 0000f7ff
                1635@00003dac: $17 <= 00000000
                1635@00003db0: *00000004 <= 00000000
                1639@00003db4: $17 <= 00000000
                1641@00003db8: $20 <= aa2e0000
                1643@00003dbc: $16 <= 00000000
                1645@00003dc0: $17 <= ffffe3a4
                1649@00003dc8: $17 <= 36a50000
                1651@00003dd4: $16 <= 33650000
                1653@00003dd8: $16 <= 36a52f2e
                1659@00003de0: $16 <= e0d32f2e
                1661@00003de4: $17 <= 6d4a0000
                1663@00003de8: $16 <= 3ce40000
                1665@00003dec: $16 <= e7120000
                1667@00003df0: $17 <= 00000000
                1667@00003df4: *00000004 <= e7120000
                1671@00003df8: $16 <= 00000000
                1673@00003dfc: $17 <= aa2e0000
                1681@00003e04: $16 <= 77a20000
                1683@00003e10: $17 <= 21d00000
                1685@00003e14: $17 <= 9df10000
                1687@00003e18: $20 <= 00000000
                1687@00003e1c: *00000008 <= 9df10000
                1693@00003e24: $20 <= 00000000
                1695@00003e30: $16 <= 00000000
                1695@00003e34: *00000004 <= 9df10000
                1699@00003e38: $16 <= 00000000
                1701@00003e3c: $20 <= 9df10000
                1709@00003e44: $17 <= 620f0000
                1711@00003e4c: $17 <= 00000000
                1713@00003e50: $17 <= 9df10000
                1715@00003e54: $17 <= 3be20000
                1717@00003e58: $16 <= 3be20000
                1719@00003e5c: $17 <= 00000000
                1719@00003e60: *00000000 <= 3be20000
                1723@00003e64: $16 <= d9d30000
                1725@00003e68: $31 <= 00003e70
                1727@00003e6c: $17 <= 00000010
                1729@00003e74: $17 <= 00003e80
                1737@00003e80: $17 <= 00000000
                1737@00003e84: *0000000c <= 9df10000
                1741@00003e88: $17 <= faed0000
                1743@00003e8c: $31 <= 00003e94
                1745@00003e90: $20 <= 00000010
                1747@00003e98: $20 <= 00003ea4
INFO: [USF-XSim-96] XSim completed. Design snapshot 'tb_behav' loaded.
INFO: [USF-XSim-97] XSim simulation ran for 8000ns
launch_simulation: Time (s): cpu = 00:00:01 ; elapsed = 00:00:12 . Memory (MB): peak = 388.949 ; gain = 10.059
INFO: [Common 17-206] Exiting Vivado at Thu Dec  9 14:33:05 2021...
