#-----------------------------------------------------------
# Vivado v2019.1 (64-bit)
# SW Build 2552052 on Fri May 24 14:49:42 MDT 2019
# IP Build 2548770 on Fri May 24 18:01:18 MDT 2019
# Start of session at: Thu Dec  9 14:34:58 2021
# Process ID: 15356
# Current directory: D:/Archive/Auto-Test/pipelineCPU10
# Command line: vivado.exe -mode batch -source start.tcl
# Log file: D:/Archive/Auto-Test/pipelineCPU10/vivado.log
# Journal file: D:/Archive/Auto-Test/pipelineCPU10\vivado.jou
#-----------------------------------------------------------
source start.tcl
# open_project D:/Archive/ISE/PipelineCPU_R/PipelineCPU_R.xpr
Scanning sources...
Finished scanning sources
open_project: Time (s): cpu = 00:00:05 ; elapsed = 00:00:07 . Memory (MB): peak = 377.996 ; gain = 82.609
# update_compile_order -fileset sources_1
# launch_simulation
INFO: [Vivado 12-5682] Launching behavioral simulation in 'D:/Archive/ISE/PipelineCPU_R/PipelineCPU_R.sim/sim_1/behav/xsim'
INFO: [SIM-utils-51] Simulation object is 'sim_1'
INFO: [SIM-utils-54] Inspecting design source files for 'tb' in fileset 'sim_1'...
INFO: [USF-XSim-97] Finding global include files...
INFO: [USF-XSim-98] Fetching design files from 'sim_1'...
INFO: [USF-XSim-2] XSim::Compile design
INFO: [USF-XSim-61] Executing 'COMPILE and ANALYZE' step in 'D:/Archive/ISE/PipelineCPU_R/PipelineCPU_R.sim/sim_1/behav/xsim'
"xvlog --incr --relax -prj tb_vlog.prj"
^CINFO: [USF-XSim-69] 'compile' step finished in '3' seconds
ERROR: [USF-XSim-62] 'compile' step failed with error(s) while executing 'D:/Archive/ISE/PipelineCPU_R/PipelineCPU_R.sim/sim_1/behav/xsim/compile.bat' script. Please check that the file has the correct 'read/write/execute' permissions and the Tcl console output for any other possible errors or warnings.
ERROR: [Vivado 12-4473] Detected error while running simulation. Please correct the issue and retry this operation.
launch_simulation: Time (s): cpu = 00:00:01 ; elapsed = 00:00:06 . Memory (MB): peak = 388.191 ; gain = 6.223
ERROR: [Common 17-39] 'launch_simulation' failed due to earlier errors.

    while executing
"launch_simulation"
    (file "start.tcl" line 3)
