#-----------------------------------------------------------
# Vivado v2019.1 (64-bit)
# SW Build 2552052 on Fri May 24 14:49:42 MDT 2019
# IP Build 2548770 on Fri May 24 18:01:18 MDT 2019
# Start of session at: Thu Dec  9 14:33:54 2021
# Process ID: 36868
# Current directory: D:/Archive/Auto-Test/pipelineCPU10
# Command line: vivado.exe -mode batch -source start.tcl
# Log file: D:/Archive/Auto-Test/pipelineCPU10/vivado.log
# Journal file: D:/Archive/Auto-Test/pipelineCPU10\vivado.jou
#-----------------------------------------------------------
source start.tcl
# open_project D:/Archive/ISE/PipelineCPU_R/PipelineCPU_R.xpr
Scanning sources...
Finished scanning sources
open_project: Time (s): cpu = 00:00:04 ; elapsed = 00:00:06 . Memory (MB): peak = 378.582 ; gain = 80.449
# update_compile_order -fileset sources_1
# launch_simulation
INFO: [Vivado 12-5682] Launching behavioral simulation in 'D:/Archive/ISE/PipelineCPU_R/PipelineCPU_R.sim/sim_1/behav/xsim'
INFO: [SIM-utils-51] Simulation object is 'sim_1'
INFO: [SIM-utils-54] Inspecting design source files for 'tb' in fileset 'sim_1'...
INFO: [USF-XSim-97] Finding global include files...
INFO: [USF-XSim-98] Fetching design files from 'sim_1'...
INFO: [USF-XSim-2] XSim::Compile design
INFO: [USF-XSim-61] Executing 'COMPILE and ANALYZE' step in 'D:/Archive/ISE/PipelineCPU_R/PipelineCPU_R.sim/sim_1/behav/xsim'
"xvlog --incr --relax -prj tb_vlog.prj"
INFO: [USF-XSim-69] 'compile' step finished in '3' seconds
INFO: [USF-XSim-3] XSim::Elaborate design
INFO: [USF-XSim-61] Executing 'ELABORATE' step in 'D:/Archive/ISE/PipelineCPU_R/PipelineCPU_R.sim/sim_1/behav/xsim'
"xelab -wto 69eaea31912f48ec9422b319bd03e1d6 --incr --debug typical --relax --mt 2 -L xil_defaultlib -L unisims_ver -L unimacro_ver -L secureip --snapshot tb_behav xil_defaultlib.tb xil_defaultlib.glbl -log elaborate.log"
Vivado Simulator 2019.1
Copyright 1986-1999, 2001-2019 Xilinx, Inc. All Rights Reserved.
Running: D:/Xillinx/Vivado/2019.1/bin/unwrapped/win64.o/xelab.exe -wto 69eaea31912f48ec9422b319bd03e1d6 --incr --debug typical --relax --mt 2 -L xil_defaultlib -L unisims_ver -L unimacro_ver -L secureip --snapshot tb_behav xil_defaultlib.tb xil_defaultlib.glbl -log elaborate.log 
Using 2 slave threads.
Starting static elaboration
Completed static elaboration
INFO: [XSIM 43-4323] No Change in HDL. Linking previously generated obj files to create kernel
INFO: [USF-XSim-69] 'elaborate' step finished in '2' seconds
INFO: [USF-XSim-4] XSim::Simulate design
INFO: [USF-XSim-61] Executing 'SIMULATE' step in 'D:/Archive/ISE/PipelineCPU_R/PipelineCPU_R.sim/sim_1/behav/xsim'
INFO: [USF-XSim-98] *** Running xsim
   with args "tb_behav -key {Behavioral:sim_1:Functional:tb} -tclbatch {tb.tcl} -log {simulate.log}"
INFO: [USF-XSim-8] Loading simulator feature
Vivado Simulator 2019.1
Time resolution is 1 ps
source tb.tcl
## current_wave_config
                  11@00003000: $28 <= 00000000
                  13@00003004: $29 <= 00000000
                  15@00003008: $31 <= 00003010
                  17@0000300c: $ 2 <= 00000010
                  19@00003014: $ 2 <= 00003020
                  27@00003020: $29 <= 00000000
                  29@00003024: $ 2 <= 00000000
                  31@00003028: $ 2 <= 00000000
                  33@0000302c: $ 2 <= 00000000
                  35@00003030: $29 <= 00000000
                  35@00003034: *00000000 <= 00000000
                  39@00003038: $31 <= 00003040
                  41@0000303c: $ 2 <= 00000010
                  43@00003044: $ 2 <= 00003050
                  53@00003054: $29 <= 00000000
                  55@0000305c: $29 <= 0000a0ba
                  57@00003060: $29 <= 0000d10a
                  59@00003064: $ 2 <= 0001a214
                  61@00003068: $ 2 <= ff560000
                  63@0000306c: $29 <= 0000d1cf
                  65@00003070: $ 2 <= ff56d1cf
                  71@00003078: $29 <= ff57a39e
                  73@0000307c: $29 <= ff57abbe
                  75@00003080: $ 2 <= 00000000
                  77@00003084: $29 <= 00000000
                  81@00003088: $29 <= 00003642
                  85@00003090: $29 <= 00000000
                  87@0000309c: $ 2 <= 91610000
                  89@000030a0: $ 2 <= 91610000
                  95@000030a8: $29 <= 00000000
                  97@000030ac: $29 <= 00000000
                  99@000030b0: $ 2 <= 00000000
                 101@000030b4: $29 <= 00000000
                 105@000030b8: $29 <= 30740000
                 107@000030bc: $29 <= 00000000
                 107@000030c0: *0000000c <= 00000000
                 111@000030c4: $29 <= 0000dc1c
                 113@000030c8: $31 <= 000030d0
                 115@000030cc: $ 2 <= 00000010
                 117@000030d4: $ 2 <= 000030e0
                 125@000030e0: $29 <= 0000ab3c
                 127@000030e4: $ 2 <= 00000000
                 127@000030e8: *00000000 <= 0000ab3c
                 133@000030f0: $29 <= 00000000
                 135@000030f4: $29 <= 0000ab3c
                 137@000030f8: $29 <= 00000000
                 139@000030fc: $29 <= 0000ab3c
                 141@00003100: $29 <= 00000000
                 141@00003104: *00000008 <= 00000000
                 145@00003108: $ 2 <= d9f80000
                 147@0000310c: $31 <= 00003114
                 149@00003110: $ 2 <= 00000010
                 151@00003118: $ 2 <= 00003124
                 161@00003128: $ 2 <= 00003124
                 163@00003130: $ 2 <= 00000000
                 165@00003134: $29 <= 00000000
                 167@00003138: $ 2 <= 00000000
                 171@00003140: $29 <= 00000000
                 173@0000314c: $29 <= 00000000
                 175@00003150: $ 2 <= 00000000
                 177@00003154: $31 <= 0000315c
                 179@00003158: $29 <= 00000010
                 181@00003160: $29 <= 0000316c
                 189@0000316c: $ 2 <= 00000000
                 191@00003170: $29 <= 0000ab3c
                 195@00003174: $29 <= 7a750000
                 201@0000317c: $29 <= 00009448
                 203@00003184: $29 <= 0000f71a
                 205@00003188: $29 <= 00000000
                 205@0000318c: *00000004 <= 00000000
                 211@00003194: $29 <= 00000000
                 213@0000319c: $ 2 <= 00000000
                 215@000031a0: $29 <= 0000ebc7
                 217@000031a4: $31 <= 000031ac
                 219@000031a8: $29 <= 00000010
                 221@000031b0: $29 <= 000031bc
                 231@000031c0: $29 <= 00000000
                 233@000031cc: $ 2 <= 00000000
                 235@000031d0: $29 <= 00000000
                 239@000031d8: $29 <= 00000000
                 241@000031e0: $29 <= b8b40000
                 243@000031e4: $29 <= 00000000
                 243@000031e8: *00000000 <= 00000000
                 249@000031f0: $29 <= 00000000
                 251@000031f8: $ 2 <= 00000000
                 253@000031fc: $ 2 <= 00000000
                 255@00003200: $ 2 <= 00000000
                 257@00003204: $ 2 <= 00000000
                 265@0000320c: $29 <= 00000000
                 267@0000321c: $29 <= 000084e1
                 269@00003220: $29 <= 00000000
                 269@00003224: *00000008 <= 00000000
                 273@00003228: $ 2 <= 20340000
                 275@0000322c: $29 <= 28d80000
                 279@00003234: $29 <= 00000000
                 281@00003244: $29 <= 5b580000
                 283@00003248: $29 <= 00000000
                 283@0000324c: *00000008 <= 00000000
                 287@00003250: $ 2 <= 00006398
                 289@00003254: $31 <= 0000325c
                 291@00003258: $29 <= 00000010
                 293@00003260: $29 <= 0000326c
                 301@0000326c: $29 <= 7a750000
                 303@00003270: $29 <= 00860000
                 305@00003274: $29 <= 00000000
                 305@00003278: *00000000 <= 00000000
                 311@00003280: $ 2 <= fc2c0000
                 313@00003288: $ 2 <= 0ce60000
                 315@0000328c: $31 <= 00003294
                 317@00003290: $29 <= 00000010
                 319@00003298: $29 <= 000032a4
                 327@000032a4: $29 <= 00000000
                 327@000032a8: *00000004 <= 00000000
                 331@000032ac: $31 <= 000032b4
                 333@000032b0: $29 <= 00000010
                 335@000032b8: $29 <= 000032c4
                 345@000032c8: $29 <= 00000000
                 345@000032cc: *00000000 <= 00000000
                 349@000032d0: $29 <= 00000000
                 351@000032d4: $29 <= 00000000
                 353@000032d8: $ 2 <= 00000000
                 355@000032dc: $ 2 <= 00000000
                 357@000032e0: $29 <= 000045f8
                 359@000032e4: $29 <= 00000000
                 359@000032e8: *0000000c <= 00000000
                 363@000032ec: $ 2 <= 00000000
                 363@000032f0: *00000008 <= 00000000
                 367@000032f4: $29 <= 1e2f0000
                 369@000032f8: $ 2 <= 00000000
                 369@000032fc: *0000000c <= 1e2f0000
                 373@00003300: $29 <= 00000000
                 377@00003308: $29 <= 00002e49
                 379@00003310: $ 2 <= 00005c92
                 381@00003314: $29 <= 00000000
                 381@00003318: *00000000 <= 00005c92
                 385@0000331c: $ 2 <= 00000000
                 387@00003320: $29 <= 00000000
                 391@00003324: $ 2 <= 00000000
                 393@00003328: $29 <= 00006cf9
                 397@00003330: $ 2 <= 00000000
                 399@00003338: $29 <= 3a380000
                 401@0000333c: $31 <= 00003344
                 403@00003340: $ 2 <= 00000010
                 405@00003348: $ 2 <= 00003354
                 413@00003354: $29 <= 00000000
                 413@00003358: *00000004 <= 00000000
                 419@00003360: $29 <= 00000000
                 421@0000336c: $29 <= 00000000
                 423@00003370: $29 <= 1e2f0000
                 427@00003374: $29 <= eab90000
                 431@0000337c: $29 <= 00000000
                 433@00003388: $29 <= 00000000
                 435@0000338c: $31 <= 00003394
                 437@00003390: $ 2 <= 00000010
                 439@00003398: $ 2 <= 000033a4
                 447@000033a4: $29 <= 00000000
                 453@000033ac: $ 2 <= 00000000
                 455@000033b8: $29 <= 00000000
                 457@000033bc: $ 2 <= 00000000
                 459@000033c0: $31 <= 000033c8
                 461@000033c4: $29 <= 00000010
                 463@000033cc: $29 <= 000033d8
                 471@000033d8: $29 <= 00000000
                 473@000033dc: $ 2 <= 00005c92
                 475@000033e0: $29 <= 00000000
                 475@000033e4: *00000008 <= 00000000
                 479@000033e8: $29 <= 00000000
                 479@000033ec: *00000004 <= 00000000
                 483@000033f0: $29 <= 00005c92
                 489@000033f8: $ 2 <= 0000b924
                 491@00003400: $ 2 <= 00000000
                 491@00003404: *00000008 <= 00000000
                 495@00003408: $31 <= 00003410
                 497@0000340c: $29 <= 00000010
                 499@00003414: $29 <= 00003420
                 507@00003420: $29 <= 00003420
                 509@00003424: $ 2 <= 251e0000
                 511@00003428: $ 2 <= 87b80000
                 513@0000342c: $29 <= 78483420
                 515@00003430: $ 2 <= 00000000
                 515@00003434: *00000008 <= 00000000
                 519@00003438: $ 2 <= 78483420
                 521@0000343c: $29 <= f0906840
                 527@00003444: $ 2 <= 00000000
                 529@00003448: $29 <= 00005c92
                 531@0000344c: $29 <= 00000000
                 531@00003450: *00000000 <= 00000000
                 535@00003454: $ 2 <= 00000000
                 535@00003458: *00000008 <= 00000000
                 539@0000345c: $31 <= 00003464
                 541@00003460: $ 2 <= 00000010
                 543@00003468: $ 2 <= 00003474
                 553@00003478: $29 <= 81140000
                 555@00003480: $29 <= 00000000
                 557@00003484: $ 2 <= 1e2f0000
                 561@0000348c: $29 <= 00007d80
                 563@00003498: $ 2 <= 00000000
                 565@0000349c: $29 <= 00000000
                 567@000034a0: $29 <= 00000000
                 569@000034a4: $29 <= 00000000
                 577@000034ac: $ 2 <= 00000000
                 579@000034b8: $29 <= 00000000
                 581@000034bc: $29 <= 00000000
                 585@000034c4: $ 2 <= 00000000
                 587@000034d4: $29 <= 94700000
                 589@000034d8: $29 <= 94700000
                 591@000034dc: $29 <= 947034cf
                 593@000034e0: $29 <= 00000000
                 593@000034e4: *0000000c <= 00000000
                 597@000034e8: $ 2 <= 0000bc7a
                 601@000034f0: $29 <= 0000fdff
                 603@000034f8: $ 2 <= 00000000
                 607@00003500: $ 2 <= 0000ffff
                 609@0000350c: $29 <= 0000fdff
                 611@00003510: $29 <= 00000000
                 611@00003514: *00000000 <= 00000000
                 615@00003518: $ 2 <= 000099a1
                 617@0000351c: $ 2 <= 00000000
                 619@00003520: $ 2 <= 00000000
                 623@00003524: $ 2 <= 00000000
                 629@0000352c: $29 <= 597f0000
                 631@00003534: $29 <= 597f0000
                 633@00003538: $ 2 <= 00000000
                 633@0000353c: *00000000 <= 597f0000
                 637@00003540: $29 <= b2fe0000
                 643@00003548: $29 <= 00000000
                 645@00003554: $29 <= 00000000
                 647@00003558: $29 <= 00000000
                 649@0000355c: $29 <= 597f0000
                 653@00003560: $29 <= 7db50000
                 657@00003568: $29 <= 2c420000
                 659@00003574: $ 2 <= df520000
                 665@0000357c: $ 2 <= 00000000
                 665@00003580: *00000004 <= 2c420000
                 669@00003584: $ 2 <= d6f90000
                 671@00003588: $ 2 <= 00000000
                 673@0000358c: $29 <= 597f0000
                 677@00003590: $29 <= 597f0000
                 679@00003594: $29 <= 00007045
                 681@00003598: $29 <= 593e0000
                 683@0000359c: $ 2 <= b27c0000
                 685@000035a0: $29 <= fb1c0000
                 687@000035a4: $29 <= 00000000
                 689@000035a8: $29 <= 00000000
                 689@000035ac: *00000004 <= 00000000
                 695@000035b4: $29 <= 00000000
                 697@000035c0: $ 2 <= 00006d5b
                 699@000035c4: $29 <= 00000000
                 699@000035c8: *0000000c <= 00000000
                 703@000035cc: $29 <= 00000000
                 703@000035d0: *0000000c <= 00006d5b
                 709@000035d8: $ 2 <= 00000000
                 711@000035dc: $29 <= 00000000
                 715@000035e0: $29 <= ad740000
                 717@000035e4: $29 <= ad7455ff
                 723@000035ec: $ 2 <= ad7477ff
                 725@000035f8: $29 <= 5ae8cdfe
                 729@00003600: $29 <= ad7455ff
                 731@00003608: $29 <= 00000000
                 733@0000360c: $ 2 <= 00000000
                 735@00003610: $29 <= 00000000
                 737@00003614: $29 <= 00000000
                 739@00003618: $ 2 <= 000094a8
                 741@0000361c: $29 <= 00000000
                 743@00003620: $29 <= 00006d5b
                 747@00003624: $ 2 <= 0000ffdf
                 751@0000362c: $29 <= 00000000
                 753@00003638: $ 2 <= 0000f8e3
                 755@0000363c: $31 <= 00003644
                 757@00003640: $ 2 <= 00000010
                 759@00003648: $ 2 <= 00003654
                 767@00003654: $ 2 <= 00000000
                 773@0000365c: $ 2 <= 8b1c0000
                 775@00003664: $29 <= 8b1c0000
                 781@0000366c: $29 <= 16380000
                 783@00003678: $29 <= 74e40000
                 785@0000367c: $29 <= 3b820000
                 787@00003680: $29 <= 4f9a0000
                 789@00003684: $ 2 <= 00000000
                 791@00003688: $ 2 <= eedf0000
                 793@0000368c: $29 <= 9f340000
                 795@00003690: $29 <= 00000000
                 795@00003694: *00000004 <= 00000000
                 799@00003698: $29 <= 00000000
                 801@0000369c: $ 2 <= 597f0000
                 803@000036a0: $29 <= 00000000
                 805@000036a4: $29 <= 00000000
                 805@000036a8: *00000000 <= 597f0000
                 809@000036ac: $29 <= 00000000
                 811@000036b0: $29 <= 00000000
                 819@000036b8: $29 <= f3370000
                 821@000036c4: $29 <= 00000000
                 823@000036c8: $29 <= 00000000
                 825@000036cc: $29 <= 00000000
                 829@000036d0: $29 <= 4e680000
                 831@000036d4: $29 <= 00000000
                 831@000036d8: *0000000c <= 597f0000
                 835@000036dc: $31 <= 000036e4
                 837@000036e0: $29 <= 00000010
                 839@000036e8: $29 <= 000036f4
                 849@000036f8: $ 2 <= 00006de8
                 851@00003700: $ 2 <= 00000000
                 851@00003704: *0000000c <= 00000000
                 855@00003708: $29 <= 00006de8
                 857@0000370c: $ 2 <= 43ce0000
                 861@00003714: $ 2 <= 43ce37e8
                 863@0000371c: $ 2 <= 00006fe9
                 865@00003720: $29 <= 691b0000
                 867@00003724: $29 <= dcf10000
                 869@00003728: $29 <= 230f6fe9
                 871@0000372c: $ 2 <= 43e20000
                 877@00003734: $29 <= df2d6fe9
                 879@00003738: $29 <= 64b49017
                 881@0000373c: $29 <= 00000000
                 885@00003744: $29 <= 00000000
                 887@00003750: $29 <= 87c40000
                 889@00003754: $29 <= 00000000
                 891@00003758: $29 <= 00000000
                 895@0000375c: $29 <= 0000e670
                 899@00003764: $29 <= 0001cce0
                 901@0000376c: $29 <= 00000000
                 901@00003770: *00000004 <= 00000000
                 905@00003774: $ 2 <= 00000000
                 907@00003778: $29 <= 00000000
                 911@0000377c: $29 <= 6f8c0000
                 915@00003784: $29 <= df180000
                 917@0000378c: $29 <= be300000
                 919@00003790: $29 <= 00000000
                 919@00003794: *0000000c <= 00000000
                 923@00003798: $29 <= 6d0c0000
                 925@0000379c: $29 <= 00000000
                 927@000037a0: $29 <= 597f0000
                 935@000037a8: $29 <= 00000000
                 935@000037ac: *0000000c <= 00000000
                 939@000037b0: $29 <= 00000000
                 941@000037b4: $ 2 <= 597f0000
                 943@000037b8: $29 <= 00000000
                 943@000037bc: *00000004 <= 00000000
                 947@000037c0: $29 <= 00000000
                 949@000037c4: $ 2 <= 00000000
                 951@000037c8: $ 2 <= 00000b8c
                 953@000037cc: $29 <= 00001718
                 955@000037d0: $29 <= 00002e30
                 957@000037d4: $ 2 <= 00003efa
                 959@000037d8: $29 <= e87f0000
                 961@000037dc: $29 <= 2ed00000
                 963@000037e0: $ 2 <= 0000bffa
                 965@000037e4: $29 <= 5da00000
                 969@000037ec: $ 2 <= 00000000
                 971@000037f8: $29 <= bb400000
                 973@000037fc: $ 2 <= 76800000
                 975@00003800: $31 <= 00003808
                 977@00003804: $ 2 <= 00000010
                 979@0000380c: $ 2 <= 00003818
                 989@0000381c: $29 <= 00000000
                 991@00003828: $ 2 <= 154b0000
                 993@0000382c: $29 <= 3de10000
                 995@00003830: $29 <= 28960000
                 997@00003834: $ 2 <= 00000000
                 999@00003838: $ 2 <= 00000000
                1001@0000383c: $29 <= 00000000
                1001@00003840: *00000004 <= 00000000
                1005@00003844: $29 <= 00000000
                1005@00003848: *0000000c <= 00000000
                1009@0000384c: $ 2 <= 00000000
                1009@00003850: *00000008 <= 00000000
                1013@00003854: $ 2 <= e99f0000
                1015@00003858: $31 <= 00003860
                1017@0000385c: $29 <= 00000010
                1019@00003864: $29 <= 00003870
                1027@00003870: $29 <= 00000000
                1029@00003874: $29 <= 597f0000
                1033@0000387c: $29 <= e2ce0000
                1035@00003884: $ 2 <= cc6d0000
                1037@00003888: $29 <= 2c6b0000
                1039@0000388c: $ 2 <= 2c6ba35d
                1041@00003890: $29 <= 00000000
                1045@00003898: $29 <= 00000000
                1047@000038a4: $ 2 <= 00000000
                1049@000038a8: $29 <= 597f0000
                1051@000038ac: $29 <= 0000352f
                1053@000038b0: $31 <= 000038b8
                1055@000038b4: $ 2 <= 00000010
                1057@000038bc: $ 2 <= 000038c8
                1065@000038c8: $29 <= 000078ef
                1067@000038cc: $31 <= 000038d4
                1069@000038d0: $29 <= 00000010
                1071@000038d8: $29 <= 000038e4
                1079@000038e4: $ 2 <= 000071c8
                1081@000038e8: $29 <= 0000aaac
                1083@000038ec: $31 <= 000038f4
                1085@000038f0: $ 2 <= 00000010
                1087@000038f8: $ 2 <= 00003904
                1095@00003904: $ 2 <= 00015558
                1097@00003908: $ 2 <= 00015558
                1099@0000390c: $31 <= 00003914
                1101@00003910: $ 2 <= 00000010
                1103@00003918: $ 2 <= 00003924
                1111@00003924: $29 <= 00000000
                1111@00003928: *00000000 <= 00003924
                1115@0000392c: $29 <= ffffc6dc
                1121@00003934: $ 2 <= 11df0000
                1123@00003938: $ 2 <= ac780000
                1125@0000393c: $ 2 <= ac78ff7f
                1127@00003940: $29 <= 00000000
                1129@00003944: $29 <= 00000000
                1133@0000394c: $ 2 <= aca00000
                1135@00003954: $ 2 <= 00000000
                1135@00003958: *0000000c <= 00000000
                1139@0000395c: $ 2 <= 0000c848
                1141@00003960: $29 <= 0000c848
                1143@00003964: $ 2 <= 0000db4e
                1145@00003968: $29 <= 0000dfce
                1147@0000396c: $31 <= 00003974
                1149@00003970: $29 <= 00000010
                1151@00003978: $29 <= 00003984
                1159@00003984: $ 2 <= 0000bf9d
                1161@00003988: $31 <= 00003990
                1163@0000398c: $29 <= 00000010
                1165@00003994: $29 <= 000039a0
                1173@000039a0: $29 <= 00000000
                1175@000039a4: $ 2 <= 00000000
                1177@000039a8: $29 <= 00000000
                1179@000039ac: $29 <= 00000000
                1183@000039b4: $29 <= a0210000
                1185@000039bc: $29 <= ae610000
                1187@000039c0: $29 <= 00000000
                1189@000039c4: $ 2 <= 00000000
                1191@000039c8: $29 <= 00000000
                1193@000039cc: $29 <= 00000000
                1193@000039d0: *0000000c <= 00000000
                1197@000039d4: $ 2 <= 00000000
                1203@000039dc: $ 2 <= 00000100
                1205@000039e4: $29 <= 00000000
                1207@000039e8: $29 <= 00000100
                1209@000039ec: $29 <= 83fb0000
                1211@000039f0: $29 <= 4f440000
                1213@000039f4: $29 <= 00000000
                1215@000039f8: $29 <= 00003924
                1217@000039fc: $29 <= 0000d96e
                1219@00003a00: $29 <= 00000000
                1221@00003a04: $29 <= 00000000
                1223@00003a08: $ 2 <= 9f280000
                1225@00003a0c: $29 <= a8880000
                1227@00003a10: $ 2 <= 51100000
                1231@00003a18: $ 2 <= 00000000
                1233@00003a24: $ 2 <= a888dddb
                1235@00003a28: $31 <= 00003a30
                1237@00003a2c: $29 <= 00000010
                1239@00003a34: $29 <= 00003a40
                1247@00003a40: $ 2 <= 0000ba7a
                1249@00003a44: $ 2 <= 000174f4
                1251@00003a48: $29 <= 00000000
                1251@00003a4c: *00000008 <= 00000000
                1257@00003a54: $29 <= 00000000
                1259@00003a58: $ 2 <= 00000000
                1261@00003a5c: $29 <= 00000000
                1263@00003a60: $29 <= 0000e567
                1265@00003a64: $ 2 <= 00000000
                1267@00003a68: $29 <= 00000000
                1269@00003a6c: $ 2 <= 000082db
                1271@00003a70: $29 <= 00000000
                1271@00003a74: *00000000 <= 00000000
                1275@00003a78: $29 <= 00000000
                1277@00003a7c: $29 <= 00000000
                1281@00003a80: $29 <= ffff7d25
                1283@00003a84: $29 <= 00000000
                1285@00003a88: $29 <= 00000000
                1287@00003a8c: $29 <= 00000000
                1289@00003a90: $29 <= 00000000
                1291@00003a94: $31 <= 00003a9c
                1293@00003a98: $29 <= 00000010
                1295@00003aa0: $29 <= 00003aac
                1303@00003aac: $29 <= 00000000
                1305@00003ab0: $29 <= 00000000
                1309@00003ab4: $29 <= 00000000
                1311@00003ab8: $29 <= 00004c4b
                1313@00003abc: $29 <= 000105b6
                1317@00003ac4: $29 <= 000105b6
                1319@00003ad0: $ 2 <= 00000000
                1319@00003ad4: *00000008 <= 000105b6
                1323@00003ad8: $29 <= 00000000
                1325@00003adc: $ 2 <= 00000000
                1329@00003ae4: $ 2 <= 00000000
                1331@00003af0: $ 2 <= 00000000
                1333@00003af4: $ 2 <= 00000000
                1333@00003af8: *00000000 <= 00000000
                1337@00003afc: $29 <= 667b0000
                1339@00003b00: $29 <= 00000000
                1341@00003b04: $29 <= 000105b6
                1349@00003b0c: $ 2 <= 000135f6
                1351@00003b18: $29 <= 00003040
                1353@00003b1c: $29 <= 0000395d
                1355@00003b20: $29 <= 00000000
                1355@00003b24: *00000004 <= 00000000
                1359@00003b28: $29 <= 00000000
                1359@00003b2c: *00000000 <= 00000000
                1363@00003b30: $29 <= 097c0000
                1365@00003b34: $29 <= 097aca0a
                1371@00003b3c: $29 <= 00026bec
                1373@00003b48: $29 <= 00027fee
                1375@00003b4c: $ 2 <= 0002fffe
                1377@00003b50: $29 <= 00000000
                1379@00003b54: $ 2 <= 00000000
                1381@00003b58: $29 <= 00000000
                1383@00003b5c: $ 2 <= 00000000
                1387@00003b64: $ 2 <= 00000000
                1389@00003b70: $ 2 <= 00000000
                1391@00003b74: $29 <= 000105b6
                1395@00003b7c: $29 <= 00000000
                1397@00003b88: $ 2 <= 00000000
                1397@00003b8c: *00000008 <= 00000000
                1401@00003b90: $29 <= 00000000
                1401@00003b94: *00000004 <= 00000000
                1405@00003b98: $31 <= 00003ba0
                1407@00003b9c: $ 2 <= 00000010
                1409@00003ba4: $ 2 <= 00003bb0
                1417@00003bb0: $29 <= 00000000
                1419@00003bb4: $29 <= 00000000
                1427@00003bbc: $29 <= 00000000
                1429@00003bcc: $29 <= 00003bb0
                1431@00003bd0: $29 <= 00000000
                1431@00003bd4: *00000000 <= 00000000
                1435@00003bd8: $31 <= 00003be0
                1437@00003bdc: $29 <= 00000010
                1439@00003be4: $29 <= 00003bf0
                1447@00003bf0: $29 <= 00000040
                1449@00003bf4: $29 <= 00000000
                1451@00003bf8: $ 2 <= 00000000
                1453@00003bfc: $29 <= 0000eb25
                1455@00003c00: $31 <= 00003c08
                1457@00003c04: $29 <= 00000010
                1459@00003c0c: $29 <= 00003c18
                1467@00003c18: $ 2 <= 00003c18
                1473@00003c20: $29 <= 00000000
                1475@00003c2c: $29 <= 00000000
                1477@00003c30: $29 <= 00000000
                1479@00003c34: $29 <= 00000000
                1481@00003c38: $29 <= 00000000
                1481@00003c3c: *00000008 <= 00000000
                1485@00003c40: $31 <= 00003c48
                1487@00003c44: $ 2 <= 00000010
                1489@00003c4c: $ 2 <= 00003c58
                1497@00003c58: $29 <= 00000000
                1497@00003c5c: *00000000 <= 00000000
                1501@00003c60: $ 2 <= 00000000
                1501@00003c64: *00000000 <= 00000000
                1505@00003c68: $29 <= 00001dad
                1507@00003c6c: $ 2 <= 00000000
                1509@00003c70: $29 <= 00000000
                1513@00003c78: $29 <= 00000000
                1515@00003c80: $29 <= 5dec0000
                1517@00003c84: $29 <= f0a20000
                1521@00003c8c: $29 <= f0a25869
                1523@00003c94: $29 <= 00000000
                1529@00003c9c: $29 <= c3950000
                1531@00003ca4: $29 <= c3957126
                1533@00003ca8: $29 <= 064a0000
                1535@00003cac: $29 <= 00000000
                1535@00003cb0: *00000008 <= 00000000
                1539@00003cb4: $29 <= 00000000
                1539@00003cb8: *00000008 <= 00000000
                1543@00003cbc: $31 <= 00003cc4
                1545@00003cc0: $ 2 <= 00000010
                1547@00003cc8: $ 2 <= 00003cd4
                1555@00003cd4: $29 <= 76a40000
                1561@00003cdc: $29 <= 00000000
                1563@00003ce8: $29 <= 00000000
                1565@00003cec: $29 <= 00000000
                1567@00003cf0: $ 2 <= 00000000
                1569@00003cf4: $29 <= 00000000
                1573@00003cf8: $ 2 <= 00000000
                1575@00003cfc: $29 <= 0000abbe
                1577@00003d00: $ 2 <= 0000abbe
                1581@00003d08: $29 <= 81d70000
                1583@00003d14: $ 2 <= 09b50000
                1585@00003d18: $29 <= 00000000
                1587@00003d1c: $ 2 <= 00000000
                1589@00003d20: $31 <= 00003d28
                1591@00003d24: $29 <= 00000010
                1593@00003d2c: $29 <= 00003d38
                1603@00003d3c: $ 2 <= 0000830c
                1605@00003d48: $29 <= 00000000
                1605@00003d4c: *00000008 <= 0000830c
                1611@00003d54: $29 <= 00000000
                1613@00003d58: $29 <= 00000000
                1617@00003d5c: $29 <= ffff7cf4
                1619@00003d60: $ 2 <= 00000000
                1621@00003d64: $ 2 <= 00000000
                1623@00003d68: $29 <= 00000000
                1623@00003d6c: *00000004 <= 00000000
                1627@00003d70: $31 <= 00003d78
                1629@00003d74: $29 <= 00000010
                1631@00003d7c: $29 <= 00003d88
                1639@00003d88: $31 <= 00003d90
                1641@00003d8c: $ 2 <= 00000010
                1643@00003d94: $ 2 <= 00003da0
                1651@00003da0: $29 <= 00000000
                1653@00003da4: $29 <= 0000830c
                1657@00003da8: $ 2 <= 00000000
                1659@00003dac: $ 2 <= 00000000
                1661@00003db0: $29 <= 00000000
                1663@00003db4: $31 <= 00003dbc
                1665@00003db8: $ 2 <= 00000010
                1667@00003dc0: $ 2 <= 00003dcc
                1675@00003dcc: $ 2 <= ffffc234
                1677@00003dd0: $29 <= 9b180000
                1683@00003dd8: $29 <= 66e20000
                1685@00003ddc: $29 <= 1b2f0000
                1687@00003de0: $29 <= 00000000
                1689@00003de4: $29 <= 00000000
                1691@00003de8: $29 <= 721e0000
                1693@00003dec: $29 <= 00000000
                1695@00003df0: $ 2 <= 00000000
                1697@00003df4: $ 2 <= 00000000
                1697@00003df8: *00000000 <= 00000000
                1703@00003e00: $29 <= 00000000
                1705@00003e08: $ 2 <= 00000000
                1709@00003e10: $ 2 <= e53d0000
                1711@00003e18: $29 <= e53dc5a0
                1713@00003e1c: $ 2 <= ca7ac5a0
                1715@00003e20: $ 2 <= 94f58b40
                1719@00003e28: $29 <= 7a3350e0
                1721@00003e30: $29 <= 00000000
                1721@00003e34: *00000008 <= 00000000
                1725@00003e38: $29 <= 94f58b40
                1727@00003e3c: $29 <= 94f5ebf1
                1729@00003e40: $29 <= ea9d0000
                1731@00003e44: $29 <= 00000000
                1731@00003e48: *0000000c <= 00000000
                1735@00003e4c: $29 <= 94f58b40
                1741@00003e54: $29 <= 00000000
                1743@00003e60: $29 <= 00000000
                1745@00003e64: $29 <= 00000000
                1749@00003e68: $ 2 <= 94f58b40
                1751@00003e6c: $ 2 <= 94f58b40
                1753@00003e70: $29 <= 94f58b40
                1759@00003e78: $ 2 <= 36220000
                1761@00003e80: $29 <= 5ed38b40
                1763@00003e84: $29 <= 36224a11
                1765@00003e88: $29 <= 00000000
                1767@00003e8c: $ 2 <= 00000000
                1771@00003e90: $29 <= 00000000
                1773@00003e94: $29 <= 00000c8f
                1777@00003e9c: $ 2 <= 00000c8f
                1779@00003ea4: $29 <= 00000000
                1781@00003ea8: $29 <= 00000000
INFO: [USF-XSim-96] XSim completed. Design snapshot 'tb_behav' loaded.
INFO: [USF-XSim-97] XSim simulation ran for 8000ns
launch_simulation: Time (s): cpu = 00:00:00 ; elapsed = 00:00:11 . Memory (MB): peak = 391.129 ; gain = 8.547
INFO: [Common 17-206] Exiting Vivado at Thu Dec  9 14:34:21 2021...
