#-----------------------------------------------------------
# Vivado v2019.1 (64-bit)
# SW Build 2552052 on Fri May 24 14:49:42 MDT 2019
# IP Build 2548770 on Fri May 24 18:01:18 MDT 2019
# Start of session at: Thu Dec  9 14:33:11 2021
# Process ID: 34160
# Current directory: D:/Archive/Auto-Test/pipelineCPU10
# Command line: vivado.exe -mode batch -source start.tcl
# Log file: D:/Archive/Auto-Test/pipelineCPU10/vivado.log
# Journal file: D:/Archive/Auto-Test/pipelineCPU10\vivado.jou
#-----------------------------------------------------------
source start.tcl
# open_project D:/Archive/ISE/PipelineCPU_R/PipelineCPU_R.xpr
Scanning sources...
Finished scanning sources
open_project: Time (s): cpu = 00:00:05 ; elapsed = 00:00:08 . Memory (MB): peak = 378.051 ; gain = 82.734
# update_compile_order -fileset sources_1
# launch_simulation
INFO: [Vivado 12-5682] Launching behavioral simulation in 'D:/Archive/ISE/PipelineCPU_R/PipelineCPU_R.sim/sim_1/behav/xsim'
INFO: [SIM-utils-51] Simulation object is 'sim_1'
INFO: [SIM-utils-54] Inspecting design source files for 'tb' in fileset 'sim_1'...
INFO: [USF-XSim-97] Finding global include files...
INFO: [USF-XSim-98] Fetching design files from 'sim_1'...
INFO: [USF-XSim-2] XSim::Compile design
INFO: [USF-XSim-61] Executing 'COMPILE and ANALYZE' step in 'D:/Archive/ISE/PipelineCPU_R/PipelineCPU_R.sim/sim_1/behav/xsim'
"xvlog --incr --relax -prj tb_vlog.prj"
INFO: [USF-XSim-69] 'compile' step finished in '3' seconds
INFO: [USF-XSim-3] XSim::Elaborate design
INFO: [USF-XSim-61] Executing 'ELABORATE' step in 'D:/Archive/ISE/PipelineCPU_R/PipelineCPU_R.sim/sim_1/behav/xsim'
"xelab -wto 69eaea31912f48ec9422b319bd03e1d6 --incr --debug typical --relax --mt 2 -L xil_defaultlib -L unisims_ver -L unimacro_ver -L secureip --snapshot tb_behav xil_defaultlib.tb xil_defaultlib.glbl -log elaborate.log"
Vivado Simulator 2019.1
Copyright 1986-1999, 2001-2019 Xilinx, Inc. All Rights Reserved.
Running: D:/Xillinx/Vivado/2019.1/bin/unwrapped/win64.o/xelab.exe -wto 69eaea31912f48ec9422b319bd03e1d6 --incr --debug typical --relax --mt 2 -L xil_defaultlib -L unisims_ver -L unimacro_ver -L secureip --snapshot tb_behav xil_defaultlib.tb xil_defaultlib.glbl -log elaborate.log 
Using 2 slave threads.
Starting static elaboration
Completed static elaboration
INFO: [XSIM 43-4323] No Change in HDL. Linking previously generated obj files to create kernel
INFO: [USF-XSim-69] 'elaborate' step finished in '3' seconds
INFO: [USF-XSim-4] XSim::Simulate design
INFO: [USF-XSim-61] Executing 'SIMULATE' step in 'D:/Archive/ISE/PipelineCPU_R/PipelineCPU_R.sim/sim_1/behav/xsim'
INFO: [USF-XSim-98] *** Running xsim
   with args "tb_behav -key {Behavioral:sim_1:Functional:tb} -tclbatch {tb.tcl} -log {simulate.log}"
INFO: [USF-XSim-8] Loading simulator feature
Vivado Simulator 2019.1
Time resolution is 1 ps
source tb.tcl
## current_wave_config
                  11@00003000: $28 <= 00000000
                  13@00003004: $29 <= 00000000
                  15@00003008: $31 <= 00003010
                  17@0000300c: $25 <= 00000010
                  19@00003014: $25 <= 00003020
                  27@00003020: $25 <= 00003020
                  31@00003028: $10 <= 00000000
                  33@00003030: $10 <= 00000000
                  37@00003038: $25 <= 00000000
                  39@00003044: $10 <= 00000000
                  41@00003048: $25 <= 00000000
                  43@0000304c: $25 <= 00000000
                  45@00003050: $25 <= 00000000
                  49@00003058: $25 <= 00000000
                  51@00003060: $25 <= 00000000
                  53@00003064: $14 <= 00000000
                  55@00003068: $14 <= 00000000
                  57@0000306c: $10 <= 00000000
                  57@00003070: *00000008 <= 00000000
                  61@00003074: $25 <= 00000000
                  67@0000307c: $10 <= 000025b8
                  69@00003088: $10 <= 00000000
                  71@0000308c: $10 <= 00000000
                  79@00003094: $10 <= 40ff0000
                  81@0000309c: $25 <= 40ff0000
                  83@000030a0: $14 <= 40ff2392
                  85@000030a4: $14 <= 00002392
                  89@000030ac: $25 <= 00000000
                  91@000030b8: $10 <= 00000000
                  91@000030bc: *00000008 <= 00000000
                  95@000030c0: $14 <= 00004461
                  97@000030c4: $31 <= 000030cc
                  99@000030c8: $10 <= 00000010
                 101@000030d0: $10 <= 000030dc
                 109@000030dc: $25 <= 000061b8
                 111@000030e0: $10 <= 0000c370
                 113@000030e4: $10 <= 00001d57
                 115@000030e8: $31 <= 000030f0
                 117@000030ec: $14 <= 00000010
                 119@000030f4: $14 <= 00003100
                 127@00003100: $25 <= 00000000
                 129@00003104: $25 <= 0000079c
                 131@00003108: $10 <= 00000000
                 131@0000310c: *00000008 <= 0000079c
                 135@00003110: $25 <= 0000079c
                 137@00003114: $10 <= acab0000
                 143@0000311c: $14 <= 0000fd5a
                 145@00003120: $25 <= 00000f9f
                 147@00003124: $14 <= 00000000
                 147@00003128: *00000000 <= 00000f9f
                 151@0000312c: $31 <= 00003134
                 153@00003130: $25 <= 00000010
                 155@00003138: $25 <= 00003144
                 165@00003148: $25 <= 00000000
                 167@00003158: $25 <= 00000000
                 169@0000315c: $10 <= 00000000
                 169@00003160: *0000000c <= 00000000
                 173@00003164: $25 <= 00003f80
                 177@0000316c: $25 <= 0000bfa4
                 179@00003174: $14 <= 00000000
                 181@00003178: $14 <= 00000f9f
                 189@00003180: $10 <= 00000000
                 189@00003184: *00000000 <= 00000f9f
                 193@00003188: $25 <= 13090000
                 195@0000318c: $10 <= 00000f9f
                 197@00003190: $10 <= 1308f061
                 199@00003194: $10 <= 00000000
                 199@00003198: *00000004 <= 00000f9f
                 203@0000319c: $14 <= 00000000
                 203@000031a0: *00000008 <= 13090000
                 207@000031a4: $25 <= 13090000
                 209@000031a8: $25 <= 00000000
                 211@000031ac: $25 <= 00000f9f
                 215@000031b4: $14 <= 00000000
                 217@000031bc: $10 <= 59210000
                 223@000031c4: $14 <= 00000000
                 225@000031c8: $14 <= 05540000
                 227@000031cc: $25 <= 5921a0e6
                 229@000031d0: $25 <= 167e0000
                 231@000031d4: $10 <= 00000000
                 233@000031d8: $14 <= 00000000
                 235@000031dc: $31 <= 000031e4
                 237@000031e0: $25 <= 00000010
                 239@000031e8: $25 <= 000031f4
                 247@000031f4: $14 <= ffffce0c
                 249@000031f8: $10 <= 00000000
                 249@000031fc: *00000000 <= 000031f4
                 253@00003200: $25 <= 0000017f
                 255@00003204: $10 <= ffffcc8d
                 257@00003208: $25 <= ffff9a99
                 263@00003210: $25 <= 00000000
                 265@00003214: $14 <= 13090000
                 269@00003218: $25 <= 1308cc8d
                 271@0000321c: $25 <= 89f80000
                 275@00003224: $25 <= 00000000
                 277@00003230: $25 <= 1309bf13
                 281@00003238: $10 <= 00000000
                 283@00003244: $14 <= 1309bf13
                 285@00003248: $14 <= 1309bf13
                 289@00003250: $14 <= 1309bf13
                 291@00003254: $14 <= 37b40000
                 293@00003258: $10 <= 019f0000
                 295@0000325c: $10 <= 00000000
                 295@00003260: *00000000 <= 00000000
                 299@00003264: $10 <= 00000000
                 301@00003268: $10 <= 00000000
                 303@0000326c: $25 <= 00000000
                 305@00003270: $10 <= 00000000
                 307@00003274: $14 <= bb670000
                 309@00003278: $10 <= bb670000
                 311@0000327c: $25 <= 00000000
                 313@00003280: $25 <= 13090000
                 315@00003284: $25 <= 00000000
                 317@00003288: $31 <= 00003290
                 319@0000328c: $25 <= 00000010
                 321@00003294: $25 <= 000032a0
                 329@000032a0: $25 <= ad6d0000
                 331@000032a4: $14 <= 76ce0000
                 333@000032a8: $31 <= 000032b0
                 335@000032ac: $25 <= 00000010
                 337@000032b4: $25 <= 000032c0
                 345@000032c0: $31 <= 000032c8
                 347@000032c4: $14 <= 00000010
                 349@000032cc: $14 <= 000032d8
                 357@000032d8: $10 <= bb6732c0
                 359@000032dc: $14 <= bb676598
                 361@000032e0: $10 <= 00000000
                 363@000032e4: $25 <= 00000000
                 365@000032e8: $14 <= 33fa0000
                 369@000032f0: $14 <= bdaf0000
                 371@000032f8: $10 <= 2c2f0000
                 373@000032fc: $25 <= d3d10000
                 375@00003300: $31 <= 00003308
                 377@00003304: $10 <= 00000010
                 379@0000330c: $10 <= 00003318
                 387@00003318: $25 <= 00000000
                 387@0000331c: *0000000c <= bdaf0000
                 393@00003324: $10 <= bdaf3318
                 395@00003328: $25 <= 00003844
                 397@0000332c: $10 <= 00000000
                 399@00003330: $10 <= 13090000
                 401@00003334: $25 <= 81000000
                 405@0000333c: $10 <= 00000000
                 407@00003348: $25 <= 0000d0aa
                 411@00003350: $14 <= bdaff5e0
                 413@00003358: $14 <= bdb0c68a
                 415@0000335c: $14 <= 00000000
                 415@00003360: *0000000c <= 0000d0aa
                 419@00003364: $10 <= 00000000
                 421@00003368: $25 <= 00000f9f
                 423@0000336c: $10 <= 00000000
                 425@00003370: $10 <= 00000000
                 425@00003374: *0000000c <= 00000000
                 429@00003378: $10 <= 91df0000
                 431@0000337c: $10 <= 00000f9f
                 433@00003380: $31 <= 00003388
                 435@00003384: $10 <= 00000010
                 437@0000338c: $10 <= 00003398
                 447@0000339c: $14 <= ffffdc07
                 449@000033a8: $14 <= 96390000
                 453@000033b0: $14 <= 00004337
                 455@000033bc: $14 <= 89a40000
                 459@000033c4: $14 <= 095c0000
                 461@000033cc: $10 <= 97c00000
                 463@000033d0: $14 <= 8e640000
                 465@000033d4: $25 <= 00000000
                 465@000033d8: *00000004 <= 00000000
                 469@000033dc: $10 <= 00000000
                 471@000033e0: $10 <= 00000000
                 473@000033e4: $10 <= 00000000
                 473@000033e8: *00000004 <= 8e640000
                 477@000033ec: $10 <= 00000000
                 479@000033f0: $10 <= 00000000
                 483@000033f4: $25 <= 0000d574
                 485@000033f8: $14 <= 00000000
                 487@000033fc: $14 <= 8e640000
                 489@00003400: $14 <= 0000fd7d
                 491@00003404: $10 <= 00000000
                 493@00003408: $10 <= 8e640000
                 495@0000340c: $14 <= 0000fd7f
                 497@00003410: $31 <= 00003418
                 499@00003414: $25 <= 00000010
                 501@0000341c: $25 <= 00003428
                 511@0000342c: $10 <= f0920000
                 513@00003434: $25 <= 0f6e3428
                 515@00003438: $10 <= 00000000
                 517@0000343c: $14 <= 00000000
                 519@00003440: $10 <= a1c10000
                 523@00003448: $14 <= 97c40000
                 525@00003450: $14 <= 00000000
                 527@00003454: $14 <= 13090000
                 529@00003458: $14 <= 0f6eb73f
                 531@0000345c: $10 <= 0f6eb73f
                 535@00003464: $25 <= 00008317
                 537@00003470: $14 <= 0f6eb73f
                 541@00003478: $14 <= 00000000
                 543@00003484: $14 <= b66f0000
                 547@0000348c: $25 <= 00000000
                 547@00003490: *00000008 <= b66f0000
                 551@00003494: $25 <= f09148c1
                 553@00003498: $25 <= 3a2248c1
                 555@0000349c: $14 <= 6cde0000
                 559@000034a4: $25 <= 49910000
                 561@000034ac: $14 <= 5d6f48c1
                 563@000034b0: $14 <= 4991df85
                 567@000034b8: $14 <= 17da0000
                 569@000034c0: $10 <= 086b48c1
                 571@000034c4: $10 <= 00000000
                 571@000034c8: *00000000 <= 49910000
                 575@000034cc: $31 <= 000034d4
                 577@000034d0: $14 <= 00000010
                 579@000034d8: $14 <= 000034e4
                 587@000034e4: $10 <= 00000000
                 589@000034e8: $10 <= 069e0000
                 591@000034ec: $25 <= 00000000
                 593@000034f0: $10 <= 8e640000
                 595@000034f4: $31 <= 000034fc
                 597@000034f8: $10 <= 00000010
                 599@00003500: $10 <= 0000350c
                 607@0000350c: $14 <= 00000000
                 609@00003510: $10 <= 00000000
                 611@00003514: $14 <= 00006968
                 613@00003518: $14 <= 00000000
                 615@0000351c: $25 <= 00000000
                 619@00003524: $10 <= 00000000
                 621@0000352c: $25 <= aeec0000
                 623@00003530: $31 <= 00003538
                 625@00003534: $14 <= 00000010
                 627@0000353c: $14 <= 00003548
                 637@0000354c: $25 <= 5cad0000
                 639@00003554: $10 <= 00003548
                 641@00003558: $10 <= 00000000
                 643@0000355c: $25 <= 8e640000
                 645@00003560: $31 <= 00003568
                 647@00003564: $14 <= 00000010
                 649@0000356c: $14 <= 00003578
                 657@00003578: $14 <= ffffca88
                 659@0000357c: $25 <= 8e642da3
                 661@00003580: $10 <= 00000000
                 663@00003584: $14 <= b66f0000
                 665@00003588: $10 <= 00000000
                 665@0000358c: *0000000c <= 00000000
                 671@00003594: $10 <= 00000000
                 673@000035a0: $10 <= 44d32da3
                 679@000035a8: $10 <= 00000000
                 681@000035b8: $25 <= 00000000
                 683@000035bc: $10 <= b66f0000
                 685@000035c0: $14 <= 14e30000
                 687@000035c4: $14 <= 5e740000
                 691@000035cc: $10 <= 00000000
                 693@000035d8: $10 <= f5c30000
                 695@000035dc: $31 <= 000035e4
                 697@000035e0: $14 <= 00000010
                 699@000035e8: $14 <= 000035f4
                 709@000035f8: $14 <= 3c5e0000
                 711@00003604: $25 <= 3c5e0000
                 713@00003608: $25 <= 1cb40000
                 715@0000360c: $31 <= 00003614
                 717@00003610: $25 <= 00000010
                 719@00003618: $25 <= 00003624
                 727@00003624: $25 <= 00000000
                 729@00003628: $10 <= 00000000
                 731@0000362c: $25 <= 22790000
                 733@00003630: $14 <= 22790000
                 735@00003634: $31 <= 0000363c
                 737@00003638: $10 <= 00000010
                 739@00003640: $10 <= 0000364c
                 747@0000364c: $10 <= 00000000
                 747@00003650: *00000008 <= 00000000
                 751@00003654: $10 <= 00004fc8
                 753@00003658: $25 <= 22791a97
                 759@00003660: $14 <= 00000000
                 761@0000366c: $25 <= 0000ffcb
                 763@00003670: $25 <= 00014f93
                 765@00003674: $31 <= 0000367c
                 767@00003678: $14 <= 00000010
                 769@00003680: $14 <= 0000368c
                 777@0000368c: $25 <= 1cc90000
                 779@00003690: $10 <= 00000000
                 779@00003694: *00000008 <= 1cc90000
                 785@0000369c: $14 <= 00000000
                 787@000036a4: $14 <= a9bc0000
                 791@000036ac: $25 <= 00000000
                 793@000036bc: $25 <= 00000000
                 795@000036c0: $25 <= 49910000
                 799@000036c4: $25 <= fe0e0000
                 801@000036c8: $25 <= 00000000
                 803@000036cc: $25 <= 49910000
                 805@000036d0: $25 <= 0000cb30
                 807@000036d4: $25 <= 53780000
                 813@000036dc: $14 <= 00000000
                 815@000036e0: $25 <= 00000000
                 815@000036e4: *00000004 <= 00000000
                 819@000036e8: $14 <= 00000000
                 821@000036ec: $14 <= 3e180000
                 823@000036f0: $25 <= 21c90000
                 825@000036f4: $14 <= 00000000
                 829@000036fc: $14 <= 00000000
                 831@00003704: $14 <= 00000000
                 831@00003708: *00000008 <= 21c90000
                 835@0000370c: $14 <= 00000000
                 837@00003710: $25 <= 18450000
                 839@00003714: $25 <= 00000000
                 841@00003718: $25 <= 21c90000
                 843@0000371c: $14 <= 43370000
                 845@00003720: $25 <= ee190000
                 847@00003724: $14 <= bcc90000
                 849@00003728: $10 <= eb6e0000
                 851@0000372c: $10 <= 00000000
                 851@00003730: *00000008 <= bcc90000
                 855@00003734: $14 <= 00000000
                 857@00003738: $10 <= 00000000
                 859@0000373c: $25 <= 00000000
                 863@00003740: $25 <= 00000000
                 865@00003744: $10 <= 00000000
                 867@00003748: $25 <= 00000000
                 867@0000374c: *0000000c <= 00000000
                 871@00003750: $10 <= 0000a021
                 873@00003754: $25 <= 0000a021
                 875@00003758: $10 <= 0000e9cb
                 879@00003760: $25 <= 0000e223
                 881@00003768: $14 <= c4070000
                 883@0000376c: $14 <= 00000000
                 885@00003770: $14 <= 00000000
                 887@00003774: $25 <= 000007a8
                 893@0000377c: $14 <= 000007a8
                 895@00003780: $14 <= 00000000
                 897@00003784: $10 <= e4ab0000
                 899@00003788: $10 <= e4ab0000
                 903@00003790: $14 <= 00000000
                 905@00003798: $10 <= d0370000
                 907@0000379c: $14 <= 461f0000
                 909@000037a0: $14 <= 75e80000
                 913@000037a8: $10 <= d03707a8
                 915@000037b4: $10 <= d0370f50
                 917@000037b8: $14 <= 8a1807a8
                 919@000037bc: $14 <= 63410000
                 921@000037c0: $25 <= 00000000
                 921@000037c4: *00000000 <= d0370f50
                 925@000037c8: $31 <= 000037d0
                 927@000037cc: $25 <= 00000010
                 929@000037d4: $25 <= 000037e0
                 937@000037e0: $14 <= 00000000
                 939@000037e4: $31 <= 000037ec
                 941@000037e8: $14 <= 00000010
                 943@000037f0: $14 <= 000037fc
                 951@000037fc: $25 <= 00000000
                 953@00003800: $25 <= d0370f50
                 957@00003808: $14 <= d0370fde
                 959@00003810: $25 <= 00000000
                 961@00003814: $14 <= d0370f50
                 963@00003818: $10 <= d0370f50
                 965@0000381c: $25 <= 00000000
                 965@00003820: *00000000 <= d0370f50
                 969@00003824: $14 <= 0000c7c2
                 971@00003828: $10 <= 00000000
                 973@0000382c: $14 <= 00000000
                 977@00003834: $14 <= 00000000
                 979@0000383c: $10 <= 00000000
                 981@00003840: $25 <= 00000000
                 983@00003844: $14 <= 0000685b
                 989@0000384c: $25 <= 0000c632
                 991@00003858: $14 <= 00012e8d
                 993@0000385c: $10 <= 00000000
                 995@00003860: $14 <= bcc90000
                 997@00003864: $25 <= 00000000
                 999@00003868: $10 <= d0370f50
                1003@00003870: $14 <= df240000
                1005@00003874: $25 <= 00000000
                1007@00003878: $14 <= d0370f50
                1011@0000387c: $10 <= d0370f50
                1015@00003884: $14 <= d0370f50
                1017@0000388c: $14 <= d037dfd7
                1019@00003890: $14 <= 00000000
                1019@00003894: *00000004 <= 00000000
                1023@00003898: $14 <= 00000000
                1025@0000389c: $14 <= 00000000
                1027@000038a0: $31 <= 000038a8
                1029@000038a4: $14 <= 00000010
                1031@000038ac: $14 <= 000038b8
                1039@000038b8: $25 <= ffffc748
                1041@000038bc: $10 <= 00000000
                1043@000038c0: $14 <= 00000000
                1045@000038c4: $10 <= 00000000
                1047@000038c8: $25 <= 00000000
                1049@000038cc: $10 <= d0370f50
                1051@000038d0: $31 <= 000038d8
                1053@000038d4: $25 <= 00000010
                1055@000038dc: $25 <= 000038e8
                1063@000038e8: $14 <= 00000000
                1065@000038ec: $10 <= d0370f50
                1067@000038f0: $31 <= 000038f8
                1069@000038f4: $14 <= 00000010
                1071@000038fc: $14 <= 00003908
                1079@00003908: $10 <= 00000000
                1085@00003910: $14 <= 00000000
                1085@00003914: *00000000 <= 00000000
                1089@00003918: $25 <= 00000000
                1091@0000391c: $25 <= 00000000
                1093@00003920: $14 <= 00000000
                1095@00003924: $10 <= d9b50000
                1097@00003928: $14 <= 00000000
                1099@0000392c: $31 <= 00003934
                1101@00003930: $25 <= 00000010
                1103@00003938: $25 <= 00003944
                1111@00003944: $31 <= 0000394c
                1113@00003948: $25 <= 00000010
                1115@00003950: $25 <= 0000395c
                1123@0000395c: $14 <= d9b51041
                1125@00003960: $25 <= 00003d7e
                1127@00003964: $31 <= 0000396c
                1129@00003968: $14 <= 00000010
                1131@00003970: $14 <= 0000397c
                1139@0000397c: $10 <= 00000000
                1139@00003980: *00000000 <= 0000397c
                1143@00003984: $14 <= 00000000
                1143@00003988: *00000008 <= 00000000
                1147@0000398c: $31 <= 00003994
                1149@00003990: $25 <= 00000010
                1151@00003998: $25 <= 000039a4
                1159@000039a4: $25 <= 000070e9
                1161@000039a8: $10 <= 00000000
                1161@000039ac: *00000004 <= 00000000
                1167@000039b4: $14 <= 95840000
                1169@000039c0: $25 <= 00000000
                1171@000039c4: $14 <= 00000000
                1173@000039c8: $25 <= 5a240000
                1175@000039cc: $10 <= 39e70000
                1177@000039d0: $25 <= 00000000
                1179@000039d4: $14 <= 00000000
                1187@000039dc: $14 <= 00000000
                1187@000039e0: *0000000c <= 39e70000
                1191@000039e4: $10 <= 70c60000
                1193@000039e8: $25 <= 00000000
                1193@000039ec: *00000008 <= 00000000
                1197@000039f0: $10 <= 00000000
                1197@000039f4: *00000004 <= 00000000
                1203@000039fc: $14 <= 00000000
                1205@00003a08: $25 <= 00000000
                1209@00003a10: $25 <= c82b0000
                1211@00003a18: $25 <= 00000000
                1213@00003a1c: $10 <= 0000397c
                1215@00003a20: $31 <= 00003a28
                1217@00003a24: $10 <= 00000010
                1219@00003a2c: $10 <= 00003a38
                1227@00003a38: $25 <= 00003a38
                1229@00003a3c: $14 <= 00000000
                1231@00003a40: $25 <= 00000000
                1235@00003a48: $14 <= 00003b78
                1237@00003a50: $14 <= 00003b78
                1239@00003a54: $25 <= 00000000
                1241@00003a58: $10 <= 39e70000
                1243@00003a5c: $25 <= 00008f25
                1245@00003a60: $25 <= 00000000
                1247@00003a64: $10 <= 00000000
                1251@00003a68: $14 <= 00000000
                1253@00003a6c: $31 <= 00003a74
                1255@00003a70: $10 <= 00000010
                1257@00003a78: $10 <= 00003a84
                1265@00003a84: $10 <= 0000cfcb
                1271@00003a8c: $14 <= 24420000
                1273@00003a90: $25 <= 244269f4
                1275@00003a94: $10 <= 2442a2c9
                1277@00003a98: $25 <= 2442f222
                1279@00003a9c: $31 <= 00003aa4
                1281@00003aa0: $14 <= 00000010
                1283@00003aa8: $14 <= 00003ab4
                1291@00003ab4: $10 <= 00000000
                1293@00003ab8: $14 <= 00000000
                1295@00003abc: $25 <= 000070ed
                1297@00003ac0: $25 <= 000070ed
                1301@00003ac8: $14 <= e9340000
                1303@00003ad4: $14 <= 00000000
                1303@00003ad8: *00000000 <= 00000000
                1307@00003adc: $25 <= 00001e46
                1309@00003ae0: $14 <= 0000897f
                1311@00003ae4: $25 <= 0000bd68
                1313@00003ae8: $25 <= 00000000
                1313@00003aec: *00000004 <= 0000897f
                1317@00003af0: $14 <= 00000000
                1317@00003af4: *00000008 <= 00000000
                1321@00003af8: $10 <= 00000000
                1323@00003afc: $14 <= 00000000
                1325@00003b00: $10 <= 00007dee
                1327@00003b04: $10 <= 00000000
                1329@00003b08: $10 <= 0000897f
                1331@00003b0c: $25 <= 00000000
                1333@00003b10: $10 <= 00000000
                1337@00003b14: $25 <= 00000000
                1339@00003b18: $25 <= 00000000
                1339@00003b1c: *00000004 <= 00000000
                1345@00003b24: $14 <= 00000000
                1347@00003b2c: $14 <= 00000000
                1347@00003b30: *0000000c <= 00000000
                1353@00003b38: $25 <= 00000000
                1355@00003b40: $25 <= 00000000
                1357@00003b44: $31 <= 00003b4c
                1359@00003b48: $14 <= 00000010
                1361@00003b50: $14 <= 00003b5c
                1369@00003b5c: $14 <= 00003372
                1371@00003b60: $25 <= 9b830000
                1373@00003b64: $25 <= 00003372
                1375@00003b68: $10 <= 00003372
                1377@00003b6c: $10 <= 000066e4
                1379@00003b70: $14 <= 00000000
                1381@00003b74: $10 <= 00000000
                1383@00003b78: $25 <= 00000000
                1383@00003b7c: *00000004 <= 00000000
                1387@00003b80: $10 <= 4f160000
                1389@00003b84: $14 <= 00000000
                1391@00003b88: $10 <= 00000000
                1393@00003b8c: $10 <= 00000000
                1395@00003b90: $25 <= 00000000
                1403@00003b98: $10 <= 00000000
                1405@00003ba4: $25 <= 00000000
                1405@00003ba8: *00000004 <= 00000000
                1409@00003bac: $10 <= 00004572
                1411@00003bb0: $14 <= 0000ac9a
                1413@00003bb4: $14 <= bb7a0000
                1419@00003bbc: $25 <= 00000000
                1419@00003bc0: *00000008 <= 00004572
                1423@00003bc4: $25 <= 00000000
                1423@00003bc8: *00000000 <= 00004572
                1427@00003bcc: $14 <= 00000000
                1427@00003bd0: *00000008 <= 00000000
                1433@00003bd8: $14 <= 0000b918
                1435@00003bdc: $25 <= 00008ae4
                1437@00003be0: $14 <= 0000fe8a
                1439@00003be4: $25 <= 000143fc
                1441@00003be8: $14 <= 0001fd14
                1443@00003bec: $25 <= 2dd80000
                1445@00003bf0: $10 <= 00000000
                1445@00003bf4: *00000000 <= 2dd80000
                1449@00003bf8: $31 <= 00003c00
                1451@00003bfc: $14 <= 00000010
                1453@00003c04: $14 <= 00003c10
                1461@00003c10: $10 <= 00000000
                1461@00003c14: *00000000 <= 00003c10
                1467@00003c1c: $14 <= 45aa0000
                1469@00003c20: $25 <= 382e0000
                1471@00003c24: $10 <= 00000000
                1471@00003c28: *0000000c <= 382e0000
                1475@00003c2c: $14 <= e5aa0000
                1477@00003c30: $10 <= 00000000
                1477@00003c34: *00000004 <= 00000000
                1481@00003c38: $14 <= c59d0000
                1483@00003c3c: $10 <= 00000000
                1485@00003c40: $25 <= 96860000
                1487@00003c44: $10 <= 00000000
                1487@00003c48: *00000004 <= c59d0000
                1493@00003c50: $10 <= 00000000
                1495@00003c5c: $14 <= 00003fa0
                1497@00003c60: $10 <= 697a3fa0
                1501@00003c68: $25 <= 00000000
                1503@00003c6c: $25 <= 382e0000
                1505@00003c70: $14 <= 00000000
                1507@00003c74: $10 <= 00000000
                1509@00003c78: $14 <= 0000afc1
                1513@00003c80: $14 <= 0000d4f2
                1515@00003c88: $14 <= 00000000
                1515@00003c8c: *00000004 <= 00000000
                1519@00003c90: $10 <= 00000000
                1519@00003c94: *00000000 <= 00000000
                1523@00003c98: $14 <= 00000000
                1523@00003c9c: *00000000 <= 00000000
                1527@00003ca0: $10 <= 00000000
                1527@00003ca4: *00000004 <= 00000000
                1533@00003cac: $14 <= a2b00000
                1535@00003cb0: $25 <= 705c0000
                1537@00003cb4: $14 <= 705c1d36
                1539@00003cb8: $10 <= 00000000
                1541@00003cbc: $31 <= 00003cc4
                1543@00003cc0: $25 <= 00000010
                1545@00003cc8: $25 <= 00003cd4
                1553@00003cd4: $31 <= 00003cdc
                1555@00003cd8: $25 <= 00000010
                1557@00003ce0: $25 <= 00003cec
                1565@00003cec: $25 <= 00000000
                1567@00003cf0: $10 <= 00000000
                1569@00003cf4: $25 <= 00000000
                1573@00003cfc: $25 <= 74910000
                1575@00003d08: $25 <= 00000000
                1575@00003d0c: *00000004 <= 00000000
                1579@00003d10: $25 <= 00000000
                1581@00003d14: $10 <= 00000000
                1583@00003d18: $25 <= 00000000
                1583@00003d1c: *00000004 <= 00000000
                1587@00003d20: $25 <= 8fa3e2ca
                1591@00003d28: $25 <= 00000000
                1593@00003d34: $10 <= 00000000
                1593@00003d38: *00000004 <= 705c1d36
                1597@00003d3c: $25 <= 00000000
                1599@00003d40: $10 <= 382e0000
                1601@00003d44: $10 <= 00000000
                1603@00003d48: $10 <= 00000000
                1605@00003d4c: $31 <= 00003d54
                1607@00003d50: $25 <= 00000010
                1609@00003d58: $25 <= 00003d64
                1617@00003d64: $10 <= 8fa3e2ca
                1619@00003d68: $10 <= 00000000
                1621@00003d6c: $25 <= 705c1d36
                1625@00003d70: $14 <= 705c1d36
                1627@00003d74: $10 <= 63300000
                1629@00003d78: $14 <= e0b83a6c
                1633@00003d80: $25 <= 511457a2
                1635@00003d88: $25 <= 51147fb6
                1637@00003d8c: $10 <= 00000000
                1637@00003d90: *00000004 <= e0b83a6c
                1641@00003d94: $25 <= 00000000
                1641@00003d98: *00000004 <= e0b83a6c
                1645@00003d9c: $14 <= c17074d8
                1647@00003da0: $25 <= 00000000
                1649@00003da4: $25 <= c17076fa
                1651@00003da8: $25 <= 82e0ebd2
                1657@00003db0: $25 <= 00000000
                1659@00003db4: $25 <= 00000000
                1659@00003db8: *00000008 <= 00000000
                1663@00003dbc: $14 <= 00000000
                1663@00003dc0: *00000000 <= 00000000
                1669@00003dc8: $25 <= 00000000
                1671@00003dd8: $10 <= 00000000
                1673@00003ddc: $31 <= 00003de4
                1675@00003de0: $10 <= 00000010
                1677@00003de8: $10 <= 00003df4
                1685@00003df4: $10 <= 00003df4
                1687@00003df8: $14 <= 00000000
                1687@00003dfc: *00000000 <= 00003df4
                1693@00003e04: $10 <= 00003df4
                1695@00003e08: $14 <= 00000000
                1697@00003e0c: $25 <= 00000000
                1701@00003e10: $25 <= 00000000
                1703@00003e14: $14 <= 00003df4
                1705@00003e18: $25 <= 00000000
                1707@00003e1c: $31 <= 00003e24
                1709@00003e20: $14 <= 00000010
                1711@00003e28: $14 <= 00003e34
                1721@00003e38: $14 <= 00000000
                1723@00003e3c: $14 <= 382e0000
                1725@00003e40: $25 <= 735c0000
                1727@00003e44: $14 <= 0000bdf4
                1729@00003e48: $25 <= 735c3df4
                1733@00003e50: $14 <= 6f020000
                1735@00003e58: $10 <= 6f02995a
                1737@00003e5c: $31 <= 00003e64
                1739@00003e60: $25 <= 00000010
                1741@00003e68: $25 <= 00003e74
                1749@00003e74: $25 <= 7f800000
                1751@00003e78: $31 <= 00003e80
                1753@00003e7c: $10 <= 00000010
                1755@00003e84: $10 <= 00003e90
                1763@00003e90: $25 <= 7f803e90
                1765@00003e94: $31 <= 00003e9c
                1767@00003e98: $10 <= 00000010
                1769@00003ea0: $10 <= 00003eac
                1777@00003eac: $25 <= 00000000
                1779@00003eb0: $14 <= 00000000
                1783@00003eb8: $25 <= 00003eac
                1785@00003ec4: $25 <= 00003eac
INFO: [USF-XSim-96] XSim completed. Design snapshot 'tb_behav' loaded.
INFO: [USF-XSim-97] XSim simulation ran for 8000ns
launch_simulation: Time (s): cpu = 00:00:01 ; elapsed = 00:00:11 . Memory (MB): peak = 389.855 ; gain = 9.781
INFO: [Common 17-206] Exiting Vivado at Thu Dec  9 14:33:43 2021...
