#-----------------------------------------------------------
# Vivado v2019.1 (64-bit)
# SW Build 2552052 on Fri May 24 14:49:42 MDT 2019
# IP Build 2548770 on Fri May 24 18:01:18 MDT 2019
# Start of session at: Thu Dec  9 14:34:27 2021
# Process ID: 18500
# Current directory: D:/Archive/Auto-Test/pipelineCPU10
# Command line: vivado.exe -mode batch -source start.tcl
# Log file: D:/Archive/Auto-Test/pipelineCPU10/vivado.log
# Journal file: D:/Archive/Auto-Test/pipelineCPU10\vivado.jou
#-----------------------------------------------------------
source start.tcl
# open_project D:/Archive/ISE/PipelineCPU_R/PipelineCPU_R.xpr
Scanning sources...
Finished scanning sources
open_project: Time (s): cpu = 00:00:05 ; elapsed = 00:00:06 . Memory (MB): peak = 377.809 ; gain = 82.398
# update_compile_order -fileset sources_1
# launch_simulation
INFO: [Vivado 12-5682] Launching behavioral simulation in 'D:/Archive/ISE/PipelineCPU_R/PipelineCPU_R.sim/sim_1/behav/xsim'
INFO: [SIM-utils-51] Simulation object is 'sim_1'
INFO: [SIM-utils-54] Inspecting design source files for 'tb' in fileset 'sim_1'...
INFO: [USF-XSim-97] Finding global include files...
INFO: [USF-XSim-98] Fetching design files from 'sim_1'...
INFO: [USF-XSim-2] XSim::Compile design
INFO: [USF-XSim-61] Executing 'COMPILE and ANALYZE' step in 'D:/Archive/ISE/PipelineCPU_R/PipelineCPU_R.sim/sim_1/behav/xsim'
"xvlog --incr --relax -prj tb_vlog.prj"
INFO: [USF-XSim-69] 'compile' step finished in '3' seconds
INFO: [USF-XSim-3] XSim::Elaborate design
INFO: [USF-XSim-61] Executing 'ELABORATE' step in 'D:/Archive/ISE/PipelineCPU_R/PipelineCPU_R.sim/sim_1/behav/xsim'
"xelab -wto 69eaea31912f48ec9422b319bd03e1d6 --incr --debug typical --relax --mt 2 -L xil_defaultlib -L unisims_ver -L unimacro_ver -L secureip --snapshot tb_behav xil_defaultlib.tb xil_defaultlib.glbl -log elaborate.log"
Vivado Simulator 2019.1
Copyright 1986-1999, 2001-2019 Xilinx, Inc. All Rights Reserved.
Running: D:/Xillinx/Vivado/2019.1/bin/unwrapped/win64.o/xelab.exe -wto 69eaea31912f48ec9422b319bd03e1d6 --incr --debug typical --relax --mt 2 -L xil_defaultlib -L unisims_ver -L unimacro_ver -L secureip --snapshot tb_behav xil_defaultlib.tb xil_defaultlib.glbl -log elaborate.log 
Using 2 slave threads.
Starting static elaboration
Completed static elaboration
INFO: [XSIM 43-4323] No Change in HDL. Linking previously generated obj files to create kernel
INFO: [USF-XSim-69] 'elaborate' step finished in '3' seconds
INFO: [USF-XSim-4] XSim::Simulate design
INFO: [USF-XSim-61] Executing 'SIMULATE' step in 'D:/Archive/ISE/PipelineCPU_R/PipelineCPU_R.sim/sim_1/behav/xsim'
INFO: [USF-XSim-98] *** Running xsim
   with args "tb_behav -key {Behavioral:sim_1:Functional:tb} -tclbatch {tb.tcl} -log {simulate.log}"
INFO: [USF-XSim-8] Loading simulator feature
Vivado Simulator 2019.1
Time resolution is 1 ps
source tb.tcl
## current_wave_config
                  11@00003000: $28 <= 00000000
                  13@00003004: $29 <= 00000000
                  15@00003008: $24 <= 292a0000
                  17@0000300c: $24 <= 00000000
                  17@00003010: *00000008 <= 00000000
                  21@00003014: $24 <= 00000000
                  23@00003018: $ 4 <= 000059e7
                  27@00003020: $ 4 <= 00000000
                  29@00003030: $24 <= e9040000
                  33@00003038: $24 <= 00000000
                  35@00003040: $24 <= 00000000
                  37@00003044: $24 <= 00000000
                  45@0000304c: $ 4 <= 00000000
                  47@00003054: $ 4 <= 00000000
                  49@00003058: $24 <= 00000000
                  51@0000305c: $24 <= 00000000
                  53@00003060: $31 <= 00003068
                  55@00003064: $24 <= 00000010
                  57@0000306c: $24 <= 00003078
                  65@00003078: $24 <= 0000f09a
                  67@0000307c: $24 <= 00000000
                  69@00003080: $24 <= 00000000
                  71@00003084: $ 4 <= 00000000
                  71@00003088: *00000000 <= 00000000
                  75@0000308c: $24 <= 00000000
                  75@00003090: *0000000c <= 00000000
                  81@00003098: $24 <= 00000000
                  83@000030a8: $24 <= cdf80000
                  85@000030ac: $24 <= 00000000
                  85@000030b0: *00000004 <= 00000000
                  91@000030b8: $24 <= 00006152
                  93@000030c0: $ 4 <= 00000000
                  95@000030c4: $24 <= 00000000
                  99@000030cc: $24 <= 00000000
                 101@000030d4: $ 4 <= 0000dc09
                 103@000030d8: $31 <= 000030e0
                 105@000030dc: $24 <= 00000010
                 107@000030e4: $24 <= 000030f0
                 115@000030f0: $31 <= 000030f8
                 117@000030f4: $24 <= 00000010
                 119@000030fc: $24 <= 00003108
                 127@00003108: $24 <= 00000000
                 129@0000310c: $24 <= 00000000
                 131@00003110: $ 4 <= 00000000
                 133@00003114: $24 <= 00000000
                 137@00003118: $24 <= 00000000
                 143@00003120: $24 <= 00000000
                 145@0000312c: $ 4 <= 00000000
                 147@00003130: $24 <= 00000000
                 149@00003134: $24 <= 00000000
                 155@0000313c: $24 <= 00000000
                 157@00003144: $24 <= 00000000
                 159@00003148: $24 <= 00000000
                 163@0000314c: $ 4 <= 00000000
                 165@00003150: $24 <= 00000000
                 165@00003154: *00000000 <= 00000000
                 169@00003158: $24 <= 00000000
                 171@0000315c: $24 <= 00000000
                 173@00003160: $24 <= 00000000
                 177@00003164: $24 <= 00000000
                 179@00003168: $24 <= 00000000
                 181@0000316c: $24 <= 00000000
                 185@00003174: $24 <= 00000000
                 187@00003184: $24 <= 81e50000
                 189@00003188: $31 <= 00003190
                 191@0000318c: $24 <= 00000010
                 193@00003194: $24 <= 000031a0
                 201@000031a0: $31 <= 000031a8
                 203@000031a4: $24 <= 00000010
                 205@000031ac: $24 <= 000031b8
                 213@000031b8: $24 <= 6f180000
                 217@000031c0: $24 <= 00000000
                 219@000031cc: $ 4 <= 00000000
                 221@000031d0: $24 <= 00000000
                 223@000031d4: $24 <= 00000000
                 229@000031dc: $24 <= 00000000
                 231@000031ec: $ 4 <= 00000000
                 233@000031f0: $24 <= 00000000
                 235@000031f4: $24 <= 00000000
                 237@000031f8: $24 <= 00000000
                 239@000031fc: $24 <= 00000000
                 241@00003200: $24 <= 00000000
                 245@00003204: $24 <= 0000eb3b
                 247@00003208: $24 <= 0000ef7f
                 253@00003210: $ 4 <= 00000000
                 253@00003214: *00000000 <= 0000ef7f
                 257@00003218: $24 <= 00000000
                 257@0000321c: *00000004 <= 00000000
                 261@00003220: $ 4 <= 00000000
                 263@00003224: $ 4 <= 00000000
                 265@00003228: $24 <= 00000000
                 265@0000322c: *00000004 <= 00000000
                 269@00003230: $24 <= 6be00000
                 271@00003234: $24 <= 94200000
                 275@0000323c: $24 <= 00000000
                 277@00003244: $24 <= 00006b08
                 279@00003248: $24 <= 00000000
                 281@0000324c: $ 4 <= 00000000
                 283@00003250: $ 4 <= 00000683
                 285@00003254: $24 <= 00000683
                 287@00003258: $24 <= 00000d06
                 289@0000325c: $31 <= 00003264
                 291@00003260: $ 4 <= 00000010
                 293@00003268: $ 4 <= 00003274
                 303@00003278: $24 <= 00001a0c
                 305@00003284: $24 <= 00000000
                 305@00003288: *0000000c <= 00003274
                 309@0000328c: $24 <= 00000000
                 311@00003290: $ 4 <= 00000000
                 311@00003294: *00000004 <= 00000000
                 315@00003298: $24 <= f3f50000
                 317@0000329c: $24 <= 00000000
                 319@000032a0: $24 <= 0000ef7f
                 323@000032a4: $ 4 <= 0000ef7f
                 325@000032a8: $24 <= 0000ffff
                 327@000032ac: $24 <= 00000000
                 329@000032b0: $24 <= 00000000
                 331@000032b4: $24 <= 00000000
                 331@000032b8: *00000004 <= 00000000
                 335@000032bc: $31 <= 000032c4
                 337@000032c0: $ 4 <= 00000010
                 339@000032c8: $ 4 <= 000032d4
                 347@000032d4: $24 <= 0000b7fd
                 349@000032d8: $24 <= 0000ead1
                 355@000032e0: $ 4 <= b6f60000
                 357@000032e4: $24 <= 00000000
                 359@000032e8: $24 <= 0000ef7f
                 363@000032ec: $24 <= 0000ff7f
                 365@000032f0: $ 4 <= b6f50081
                 369@000032f8: $24 <= 0000ffff
                 371@00003300: $24 <= 00000000
                 373@00003304: $24 <= 00003274
                 377@0000330c: $24 <= 00000000
                 379@00003318: $24 <= 00000000
                 381@0000331c: $24 <= 0000ef7f
                 383@00003320: $31 <= 00003328
                 385@00003324: $ 4 <= 00000010
                 387@0000332c: $ 4 <= 00003338
                 395@00003338: $24 <= 00000000
                 395@0000333c: *0000000c <= 00000000
                 399@00003340: $24 <= 00000000
                 403@00003348: $24 <= 00003338
                 405@00003350: $24 <= 00000000
                 409@00003358: $24 <= 0000c12c
                 411@00003364: $24 <= 22350000
                 415@0000336c: $24 <= e5b20000
                 417@00003374: $24 <= 00000000
                 419@00003378: $ 4 <= 00000000
                 423@0000337c: $ 4 <= 11830000
                 427@00003384: $ 4 <= 23060000
                 429@00003390: $24 <= 00000000
                 431@00003394: $ 4 <= 00000000
                 435@00003398: $ 4 <= 0000d7ff
                 441@000033a0: $24 <= 00000000
                 441@000033a4: *00000004 <= 00000000
                 445@000033a8: $24 <= 00000000
                 447@000033ac: $24 <= 0000ef7f
                 451@000033b0: $24 <= 0000ffff
                 453@000033b4: $24 <= b6a50000
                 455@000033b8: $ 4 <= 00000000
                 457@000033bc: $24 <= 00000000
                 461@000033c4: $24 <= 0000c0f3
                 463@000033d0: $24 <= 00000000
                 465@000033d4: $24 <= 00000000
                 469@000033d8: $24 <= 0ca80000
                 471@000033dc: $31 <= 000033e4
                 473@000033e0: $24 <= 00000010
                 475@000033e8: $24 <= 000033f4
                 483@000033f4: $24 <= ffffcc0c
                 485@000033f8: $ 4 <= ffffce6e
                 487@000033fc: $24 <= 00000000
                 489@00003400: $24 <= 00000000
                 493@00003408: $24 <= 00000000
                 495@00003414: $24 <= 00000000
                 497@00003418: $24 <= ffffce6e
                 503@00003420: $24 <= 6ffa0000
                 505@00003428: $24 <= 6ff9ce6e
                 507@0000342c: $31 <= 00003434
                 509@00003430: $24 <= 00000010
                 511@00003438: $24 <= 00003444
                 519@00003444: $31 <= 0000344c
                 521@00003448: $ 4 <= 00000010
                 523@00003450: $ 4 <= 0000345c
                 531@0000345c: $24 <= 00000000
                 531@00003460: *0000000c <= 0000345c
                 535@00003464: $24 <= 00000000
                 537@00003468: $ 4 <= 00000000
                 539@0000346c: $24 <= 00000000
                 539@00003470: *00000000 <= 00000000
                 543@00003474: $24 <= 00000000
                 545@00003478: $31 <= 00003480
                 547@0000347c: $24 <= 00000010
                 549@00003484: $24 <= 00003490
                 557@00003490: $ 4 <= 00000000
                 557@00003494: *00000000 <= 00003490
                 561@00003498: $ 4 <= 96770000
                 563@0000349c: $ 4 <= 00000000
                 563@000034a0: *00000000 <= 00003490
                 569@000034a8: $ 4 <= 00000000
                 571@000034b0: $ 4 <= 00000000
                 571@000034b4: *0000000c <= 00003490
                 575@000034b8: $24 <= 00000000
                 575@000034bc: *00000004 <= 00000000
                 581@000034c4: $24 <= 00000000
                 583@000034cc: $24 <= 00000000
                 585@000034d0: $24 <= 00000000
                 587@000034d4: $ 4 <= 00003490
                 589@000034d8: $31 <= 000034e0
                 591@000034dc: $24 <= 00000010
                 593@000034e4: $24 <= 000034f0
                 601@000034f0: $ 4 <= 00000000
                 603@000034f4: $24 <= 00003490
                 607@000034f8: $24 <= 27f80000
                 613@00003500: $24 <= 4ff00000
                 615@0000350c: $ 4 <= 00000000
                 615@00003510: *00000000 <= 00000000
                 619@00003514: $ 4 <= 77ea0000
                 625@0000351c: $24 <= 78310000
                 627@00003520: $ 4 <= 00000000
                 627@00003524: *00000008 <= 78310000
                 631@00003528: $24 <= 97ef0000
                 633@0000352c: $24 <= ac690000
                 639@00003534: $24 <= ac690000
                 641@0000353c: $ 4 <= 58d20000
                 643@00003540: $24 <= 00000000
                 643@00003544: *00000000 <= 00000000
                 649@0000354c: $24 <= 00000000
                 651@00003558: $ 4 <= 00000000
                 651@0000355c: *00000004 <= 00000000
                 655@00003560: $24 <= 8a6a0000
                 659@00003568: $24 <= 00000000
                 661@00003578: $24 <= 00000000
                 661@0000357c: *00000000 <= 00000000
                 665@00003580: $24 <= 7d800000
                 667@00003584: $ 4 <= 7d800000
                 671@0000358c: $ 4 <= d1600000
                 673@00003594: $24 <= 7d800a2b
                 675@00003598: $24 <= 00000000
                 675@0000359c: *00000008 <= 00000000
                 681@000035a4: $ 4 <= 00000000
                 683@000035ac: $24 <= 00000000
                 685@000035b0: $24 <= 00000000
                 687@000035b4: $ 4 <= 00000000
                 687@000035b8: *0000000c <= 00000000
                 691@000035bc: $24 <= 00000000
                 691@000035c0: *0000000c <= 00000000
                 695@000035c4: $31 <= 000035cc
                 697@000035c8: $24 <= 00000010
                 699@000035d0: $24 <= 000035dc
                 707@000035dc: $31 <= 000035e4
                 709@000035e0: $24 <= 00000010
                 711@000035e8: $24 <= 000035f4
                 719@000035f4: $ 4 <= 00000000
                 723@000035fc: $24 <= 00000000
                 725@00003604: $ 4 <= 00000000
                 727@00003608: $ 4 <= 00000000
                 727@0000360c: *0000000c <= 00000000
                 731@00003610: $ 4 <= 7c9d0000
                 735@00003618: $24 <= ab5d0000
                 737@00003620: $24 <= 56ba0000
                 741@00003628: $24 <= 64b80000
                 743@00003630: $24 <= 00000000
                 745@00003634: $24 <= 00000000
                 749@00003638: $ 4 <= 7c9d0000
                 753@00003640: $24 <= 000023e7
                 755@0000364c: $24 <= 7c9cdc19
                 761@00003654: $24 <= 00000000
                 763@00003658: $ 4 <= 000095fa
                 765@0000365c: $24 <= 00012bf4
                 767@00003660: $ 4 <= 00017fff
                 771@00003668: $24 <= 2f690000
                 773@00003670: $ 4 <= 00000000
                 773@00003674: *0000000c <= 2f690000
                 777@00003678: $24 <= d0970000
                 779@0000367c: $ 4 <= d0971863
                 781@00003680: $24 <= 00001863
                 783@00003684: $24 <= d0979d6f
                 787@0000368c: $24 <= ffff7af4
                 789@00003698: $24 <= 00000000
                 789@0000369c: *00000000 <= d0971863
                 793@000036a0: $24 <= 5f750000
                 797@000036a8: $24 <= 00000000
                 799@000036b4: $ 4 <= 00000000
                 799@000036b8: *00000000 <= 00000000
                 805@000036c0: $24 <= 00000000
                 807@000036c8: $24 <= 86ac0000
                 809@000036cc: $24 <= 00000000
                 811@000036d0: $ 4 <= 00000000
                 813@000036d4: $ 4 <= 00000000
                 815@000036d8: $24 <= 00000000
                 817@000036dc: $31 <= 000036e4
                 819@000036e0: $24 <= 00000010
                 821@000036e8: $24 <= 000036f4
                 831@000036f8: $24 <= 00000000
                 833@000036fc: $24 <= 89410000
                 835@00003700: $24 <= 8941f73f
                 837@00003704: $24 <= 8941f73f
                 839@00003708: $24 <= 00000000
                 841@0000370c: $ 4 <= 00000000
                 843@00003710: $24 <= 00000000
                 845@00003714: $24 <= 00000000
                 849@0000371c: $24 <= d5ed0000
                 851@00003724: $24 <= abda0000
                 853@00003728: $24 <= 00000000
                 855@0000372c: $ 4 <= 00000000
                 857@00003730: $24 <= c6390000
                 859@00003734: $24 <= c63951ef
                 865@0000373c: $ 4 <= 4ed80000
                 867@00003748: $24 <= c639d1ef
                 873@00003750: $ 4 <= c639f5ff
                 875@0000375c: $24 <= 00000000
                 877@00003760: $24 <= 00000000
                 877@00003764: *00000004 <= 00000000
                 881@00003768: $31 <= 00003770
                 883@0000376c: $ 4 <= 00000010
                 885@00003774: $ 4 <= 00003780
                 895@00003784: $24 <= 0000778d
                 897@0000378c: $24 <= 0000400d
                 899@00003790: $24 <= 00000000
                 901@00003794: $24 <= 00000000
                 905@0000379c: $24 <= 00003780
                 907@000037a4: $24 <= 00006f00
                 909@000037a8: $31 <= 000037b0
                 911@000037ac: $24 <= 00000010
                 913@000037b4: $24 <= 000037c0
                 923@000037c4: $24 <= 00006f80
                 925@000037d0: $24 <= 00000000
                 927@000037d4: $24 <= 00000000
                 929@000037d8: $ 4 <= 00000000
                 929@000037dc: *00000008 <= 00000000
                 933@000037e0: $24 <= 00000000
                 935@000037e4: $24 <= 00000000
                 935@000037e8: *0000000c <= 00000000
                 941@000037f0: $ 4 <= 0000fe35
                 943@000037f8: $ 4 <= f0820000
                 945@000037fc: $31 <= 00003804
                 947@00003800: $24 <= 00000010
                 949@00003808: $24 <= 00003814
                 957@00003814: $31 <= 0000381c
                 959@00003818: $24 <= 00000010
                 961@00003820: $24 <= 0000382c
                 971@00003830: $ 4 <= 00000000
                 973@00003838: $24 <= 00000000
                 973@0000383c: *00000004 <= 00000000
                 977@00003840: $ 4 <= 00000000
                 977@00003844: *00000000 <= 00000000
                 983@0000384c: $ 4 <= 00000000
                 985@00003858: $24 <= 00000000
                 987@0000385c: $24 <= 442d0000
                 993@00003864: $24 <= 442d0000
                 995@0000386c: $ 4 <= 00000000
                 995@00003870: *0000000c <= 442d0000
                 999@00003874: $24 <= 00000000
                 999@00003878: *00000000 <= 00000000
                1003@0000387c: $24 <= 00000000
                1005@00003880: $24 <= 00000000
                1009@00003888: $ 4 <= 00007f1c
                1011@00003894: $24 <= 0000afba
                1013@00003898: $31 <= 000038a0
                1015@0000389c: $24 <= 00000010
                1017@000038a4: $24 <= 000038b0
                1027@000038b4: $24 <= 00000000
                1029@000038bc: $24 <= 00000000
                1029@000038c0: *0000000c <= 00000000
                1033@000038c4: $24 <= 00000000
                1035@000038c8: $ 4 <= 00000000
                1037@000038cc: $ 4 <= 00000000
                1037@000038d0: *0000000c <= 00000000
                1043@000038d8: $24 <= 00000000
                1045@000038e0: $24 <= 210f0000
                1047@000038e4: $31 <= 000038ec
                1049@000038e8: $ 4 <= 00000010
                1051@000038f0: $ 4 <= 000038fc
                1059@000038fc: $31 <= 00003904
                1061@00003900: $24 <= 00000010
                1063@00003908: $24 <= 00003914
                1071@00003914: $24 <= 00000000
                1073@00003918: $24 <= 00000000
                1073@0000391c: *00000004 <= 00000000
                1077@00003920: $24 <= 60f40000
                1081@00003928: $24 <= 00000000
                1083@00003938: $24 <= 00000000
                1085@0000393c: $ 4 <= 00000000
                1089@00003940: $24 <= 00006291
                1093@00003948: $24 <= 00000000
                1095@00003954: $ 4 <= 00000000
                1095@00003958: *00000008 <= 00000000
                1099@0000395c: $24 <= 00000000
                1101@00003960: $24 <= 00000000
                1103@00003964: $ 4 <= 00000000
                1105@00003968: $24 <= 00000000
                1109@00003970: $ 4 <= 1adc0000
                1111@0000397c: $ 4 <= 00000000
                1111@00003980: *00000000 <= 00000000
                1115@00003984: $24 <= 00000000
                1117@00003988: $24 <= 00000000
                1121@0000398c: $24 <= 0000f8ca
                1123@00003990: $24 <= 00000000
                1125@00003994: $24 <= 0000df70
                1127@00003998: $24 <= 0000df70
                1129@0000399c: $24 <= ffff2090
                1135@000039a4: $24 <= d43c0000
                1137@000039ac: $24 <= 00000000
                1139@000039b0: $24 <= 00000000
                1143@000039b8: $24 <= 00000000
                1145@000039c4: $24 <= 00000000
                1147@000039c8: $24 <= 00000000
                1151@000039d0: $ 4 <= 0000d1df
                1153@000039d8: $24 <= 0000d1df
                1155@000039dc: $24 <= 00000000
                1157@000039e0: $ 4 <= 00000000
                1159@000039e4: $24 <= 00000000
                1159@000039e8: *0000000c <= 00000000
                1163@000039ec: $24 <= 00000000
                1163@000039f0: *0000000c <= 00000000
                1167@000039f4: $24 <= 2f7a0000
                1169@000039f8: $31 <= 00003a00
                1171@000039fc: $24 <= 00000010
                1173@00003a04: $24 <= 00003a10
                1181@00003a10: $24 <= 00000000
                1183@00003a14: $24 <= 00000000
                1191@00003a1c: $ 4 <= 0000128d
                1193@00003a24: $24 <= 00000000
                1195@00003a28: $24 <= 00000000
                1195@00003a2c: *0000000c <= 00000000
                1201@00003a34: $ 4 <= 00000000
                1203@00003a40: $24 <= 00000000
                1203@00003a44: *00000004 <= 00000000
                1207@00003a48: $31 <= 00003a50
                1209@00003a4c: $24 <= 00000010
                1211@00003a54: $24 <= 00003a60
                1221@00003a64: $24 <= 00000000
                1223@00003a70: $24 <= 00004d9c
                1225@00003a74: $31 <= 00003a7c
                1227@00003a78: $ 4 <= 00000010
                1229@00003a80: $ 4 <= 00003a8c
                1239@00003a90: $24 <= 0000eddc
                1241@00003a98: $24 <= 00000000
                1243@00003a9c: $31 <= 00003aa4
                1245@00003aa0: $24 <= 00000010
                1247@00003aa8: $24 <= 00003ab4
                1257@00003ab8: $24 <= 00000000
                1259@00003ac4: $24 <= 0000997c
                1261@00003ac8: $ 4 <= 00007518
                1263@00003acc: $24 <= 00000000
                1263@00003ad0: *00000004 <= 00000000
                1267@00003ad4: $24 <= 00000000
                1269@00003ad8: $ 4 <= 00000000
                1271@00003adc: $31 <= 00003ae4
                1273@00003ae0: $ 4 <= 00000010
                1275@00003ae8: $ 4 <= 00003af4
                1283@00003af4: $ 4 <= 00003af4
                1285@00003af8: $24 <= 00003af4
                1287@00003afc: $24 <= 00000000
                1289@00003b00: $ 4 <= 00003af4
                1291@00003b04: $24 <= 00000000
                1293@00003b08: $ 4 <= 4bc10000
                1295@00003b0c: $24 <= 00001a05
                1297@00003b10: $24 <= 00000000
                1299@00003b14: $ 4 <= 00000000
                1301@00003b18: $24 <= 00000000
                1301@00003b1c: *00000000 <= 00000000
                1305@00003b20: $24 <= 00000000
                1307@00003b24: $24 <= 47620000
                1309@00003b28: $24 <= 4ec60000
                1311@00003b2c: $31 <= 00003b34
                1313@00003b30: $24 <= 00000010
                1315@00003b38: $24 <= 00003b44
                1323@00003b44: $24 <= 00000000
                1323@00003b48: *00000000 <= 00000000
                1327@00003b4c: $24 <= 00000000
                1333@00003b54: $24 <= be800000
                1335@00003b60: $ 4 <= da6c0000
                1339@00003b68: $ 4 <= caff0000
                1341@00003b74: $24 <= 00000000
                1343@00003b78: $24 <= 00000000
                1345@00003b7c: $24 <= 00000000
                1347@00003b80: $31 <= 00003b88
                1349@00003b84: $ 4 <= 00000010
                1351@00003b8c: $ 4 <= 00003b98
                1359@00003b98: $ 4 <= 000008a0
                1361@00003b9c: $24 <= 00000000
                1363@00003ba0: $ 4 <= 00000000
                1365@00003ba4: $24 <= 00000000
                1367@00003ba8: $31 <= 00003bb0
                1369@00003bac: $24 <= 00000010
                1371@00003bb4: $24 <= 00003bc0
                1379@00003bc0: $24 <= 00000000
                1379@00003bc4: *00000000 <= 00000000
                1383@00003bc8: $ 4 <= 099e0000
                1385@00003bcc: $24 <= 00000000
                1391@00003bd4: $24 <= 099e0000
                1393@00003bdc: $24 <= 00000000
                1395@00003be0: $24 <= 00000000
                1399@00003be8: $24 <= 6a800000
                1401@00003bf0: $24 <= 00000000
                1403@00003bf4: $24 <= 099e0000
                1405@00003bf8: $ 4 <= 26cc0000
                1407@00003bfc: $ 4 <= 306a0000
                1409@00003c00: $ 4 <= 00000000
                1411@00003c04: $24 <= 00000000
                1415@00003c0c: $24 <= b14d0000
                1417@00003c14: $ 4 <= 00000000
                1419@00003c18: $ 4 <= 00000000
                1419@00003c1c: *00000008 <= b14d0000
                1425@00003c24: $24 <= 00004897
                1427@00003c2c: $ 4 <= 00002cda
                1429@00003c30: $31 <= 00003c38
                1431@00003c34: $24 <= 00000010
                1433@00003c3c: $24 <= 00003c48
                1443@00003c4c: $ 4 <= 0000bf4f
                1445@00003c58: $24 <= 00007e6a
                1447@00003c5c: $24 <= 00007feb
                1453@00003c64: $24 <= 00000000
                1455@00003c68: $24 <= 00000000
                1455@00003c6c: *00000008 <= 00000000
                1459@00003c70: $ 4 <= 00000000
                1461@00003c74: $ 4 <= 00000000
                1463@00003c78: $24 <= 4ee20000
                1465@00003c7c: $24 <= 9dc40000
                1467@00003c80: $24 <= 00000000
                1467@00003c84: *00000000 <= 00000000
                1471@00003c88: $ 4 <= 00000000
                1473@00003c8c: $31 <= 00003c94
                1475@00003c90: $ 4 <= 00000010
                1477@00003c98: $ 4 <= 00003ca4
                1485@00003ca4: $24 <= 00000000
                1485@00003ca8: *0000000c <= 00000000
                1489@00003cac: $24 <= 00007948
                1491@00003cb0: $24 <= 00000000
                1491@00003cb4: *00000000 <= 00003ca4
                1495@00003cb8: $31 <= 00003cc0
                1497@00003cbc: $24 <= 00000010
                1499@00003cc4: $24 <= 00003cd0
                1507@00003cd0: $24 <= 00007974
                1509@00003cd4: $ 4 <= 00000000
                1509@00003cd8: *00000000 <= 00000000
                1515@00003ce0: $24 <= 0000f2e8
                1517@00003ce8: $ 4 <= 00000000
                1517@00003cec: *00000004 <= 00000000
                1521@00003cf0: $24 <= 0000f2e8
                1523@00003cf4: $ 4 <= 0000f2e8
                1525@00003cf8: $ 4 <= 00000000
                1527@00003cfc: $ 4 <= 0000f2e8
                1529@00003d00: $24 <= 0000f6eb
                1533@00003d08: $ 4 <= 00000000
                1535@00003d14: $24 <= 00000000
                1537@00003d18: $ 4 <= 00000000
                1539@00003d1c: $24 <= 97c10000
                1541@00003d20: $ 4 <= 2f820000
                1547@00003d28: $24 <= 00000000
                1549@00003d2c: $ 4 <= 00000000
                1553@00003d30: $ 4 <= 00000000
                1555@00003d34: $ 4 <= 00000000
                1559@00003d3c: $ 4 <= 00000000
                1561@00003d44: $ 4 <= 00000000
                1563@00003d48: $ 4 <= 00000000
                1565@00003d4c: $24 <= 293d0000
                1567@00003d50: $24 <= 00000000
                1569@00003d54: $ 4 <= 00000000
                1571@00003d58: $24 <= 000022df
                1573@00003d5c: $24 <= 00000000
                1579@00003d64: $ 4 <= 00000000
                1581@00003d74: $24 <= 00000000
                1583@00003d78: $31 <= 00003d80
                1585@00003d7c: $24 <= 00000010
                1587@00003d84: $24 <= 00003d90
                1595@00003d90: $24 <= 00003d90
                1597@00003d94: $24 <= 00000000
                1599@00003d98: $24 <= 00000000
                1603@00003da0: $24 <= 00000000
                1605@00003dac: $24 <= 861b0000
                1607@00003db0: $31 <= 00003db8
                1609@00003db4: $24 <= 00000010
                1611@00003dbc: $24 <= 00003dc8
                1619@00003dc8: $ 4 <= 00000000
                1621@00003dcc: $ 4 <= 00000000
                1623@00003dd0: $24 <= 0000bfe9
                1627@00003dd8: $24 <= 89770000
                1629@00003de0: $24 <= 9e590000
                1633@00003de8: $24 <= 9e590000
                1635@00003df0: $24 <= 00000000
                1641@00003df8: $24 <= 00000000
                1643@00003e04: $24 <= 4db50000
                1647@00003e0c: $24 <= 00000000
                1649@00003e18: $24 <= 00000000
                1651@00003e1c: $24 <= 00000000
                1655@00003e20: $24 <= d0770000
                1657@00003e24: $ 4 <= d0770000
                1659@00003e28: $24 <= 00000000
                1659@00003e2c: *00000000 <= 00000000
                1663@00003e30: $24 <= 00000000
                1665@00003e34: $ 4 <= 00003269
                1667@00003e38: $31 <= 00003e40
                1669@00003e3c: $24 <= 00000010
                1671@00003e44: $24 <= 00003e50
                1679@00003e50: $24 <= 00000000
                1681@00003e54: $ 4 <= 00000000
                1683@00003e58: $24 <= 2a380000
                1685@00003e5c: $24 <= 63a50000
                1687@00003e60: $24 <= c0940000
                1689@00003e64: $24 <= c0940000
                1691@00003e68: $ 4 <= 81280000
                1693@00003e6c: $31 <= 00003e74
                1695@00003e70: $24 <= 00000010
                1697@00003e78: $24 <= 00003e84
                1705@00003e84: $24 <= 7ed83e84
                1707@00003e88: $24 <= 81281ef1
                1713@00003e90: $ 4 <= c1980000
                1715@00003e94: $24 <= 00000000
                1715@00003e98: *0000000c <= 00000000
                1719@00003e9c: $ 4 <= 58680000
                1721@00003ea0: $ 4 <= 00000000
                1723@00003ea4: $24 <= 00000000
                1731@00003eac: $24 <= 00000000
                1733@00003eb8: $24 <= 00001152
INFO: [USF-XSim-96] XSim completed. Design snapshot 'tb_behav' loaded.
INFO: [USF-XSim-97] XSim simulation ran for 8000ns
launch_simulation: Time (s): cpu = 00:00:00 ; elapsed = 00:00:11 . Memory (MB): peak = 390.129 ; gain = 9.332
INFO: [Common 17-206] Exiting Vivado at Thu Dec  9 14:34:53 2021...
