Vivado Simulator 2019.1
Time resolution is 1 ps
                  29@00003000: $28 <= 00000000
                  31@00003004: $29 <= 00000000
                  33@00003008: $ 8 <= 00000003
                  33@0000300c: *00000000 <= 00000003
                  37@00003010: $ 8 <= 00000007
                  37@00003014: *00000004 <= 00000007
                  41@00003018: $ 8 <= 00000009
                  41@0000301c: *00000008 <= 00000009
                  45@00003020: $ 8 <= 00000002
                  45@00003024: *0000000c <= 00000002
                  49@00003028: $ 8 <= 00000006
                  49@0000302c: *00000010 <= 00000006
                  53@00003030: $ 8 <= 00000002
                  53@00003034: *00000014 <= 00000002
                  57@00003038: $ 8 <= 00000004
                  57@0000303c: *00000018 <= 00000004
                  61@00003040: $ 8 <= 00000004
                  61@00003044: *0000001c <= 00000004
                  65@00003048: $ 8 <= 00000006
                  65@0000304c: *00000020 <= 00000006
                  69@00003050: $ 8 <= 00000009
                  69@00003054: *00000024 <= 00000009
                  73@00003058: $ 8 <= 00000001
                  73@0000305c: *00000028 <= 00000001
                  77@00003060: $ 8 <= 00000003
                  77@00003064: *0000002c <= 00000003
                  81@00003068: $ 8 <= 00000005
                  81@0000306c: *00000030 <= 00000005
                  85@00003070: $ 8 <= 00000007
                  85@00003074: *00000034 <= 00000007
                  89@00003078: $ 8 <= 00000008
                  89@0000307c: *00000038 <= 00000008
                  93@00003080: $ 8 <= 00000004
                  93@00003084: *0000003c <= 00000004
                  97@00003088: $ 8 <= 00000001
                  97@0000308c: *00000040 <= 00000001
                 101@00003090: $ 8 <= 00000009
                 101@00003094: *00000044 <= 00000009
                 105@00003098: $ 8 <= 0000000a
                 105@0000309c: *00000048 <= 0000000a
                 109@000030a0: $ 8 <= 00000001
                 109@000030a4: *0000004c <= 00000001
                 113@000030a8: $31 <= 000030b0
                 119@000030b4: $31 <= 000030b8
                 125@000030b4: $31 <= 000030c0
                 129@000030b8: $15 <= 000030c0
                 135@000030c4: $15 <= 000030c8
                 141@000030c4: $15 <= 000030d0
                 143@000030c8: $31 <= 000030d0
                 147@000030d0: $15 <= 000030d8
                 149@000030d4: $31 <= 000030d8
                 153@000030d0: $15 <= 000030d8
                 155@000030d4: $31 <= 000030e0
                 159@000030d8: $15 <= 000030e0
                 163@000030e0: $31 <= 000030e8
                 165@000030e4: $15 <= 000030e8
                 169@000030e0: $31 <= 000030e8
                 171@000030e4: $15 <= 000030f0
                 173@000030e8: $31 <= 00003100
                 173@000030ec: *00000000 <= 00003100
                 177@000030f0: $27 <= 00003100
                 183@000030fc: *00000000 <= 00000000
                 187@00003100: $10 <= 00000000
                 189@00003104: $31 <= 0000311c
                 189@00003108: *00000000 <= 0000311c
                 193@0000310c: $ 4 <= 0000311c
                 199@00003114: $10 <= 0000311c
                 199@00003118: *00000000 <= 00000000
                 205@00003120: $10 <= 0000311d
                 207@00003128: $18 <= 00007ffc
                 209@0000312c: $ 5 <= 00003143
                 211@00003130: $ 5 <= 00003140
                 219@00003140: $ 6 <= 00000000
                 221@00003144: $ 7 <= 00007ffc
                 223@00003148: $29 <= 0000315f
                 225@0000314c: $29 <= 0000315c
                 229@00003154: $ 6 <= 0000315c
                 235@00003160: $ 6 <= 0000315d
                 237@00003168: $ 3 <= 00000001
                 239@0000316c: $16 <= 00003184
                 255@00003174: $ 3 <= 00003184
                 263@00003184: $20 <= 00000000
                 265@00003188: $ 3 <= 00000001
                 267@0000318c: $16 <= 000031a4
                 283@00003194: $ 3 <= 000031a4
                 287@0000319c: $20 <= 000031a4
                 295@000031a8: $20 <= 000031a5
                 299@000031b4: $10 <= 00000002
                 301@000031b8: $17 <= 00000008
                 303@000031bc: $10 <= 00000010
                 305@000031c0: $10 <= 00000008
                 307@000031c4: $17 <= 00000004
                 319@000031d8: $17 <= 00000000
                 321@000031ec: $17 <= 00000007
                 323@000031f0: $10 <= 00000004
                 325@000031f4: $31 <= 0000000a
                 327@000031f8: $31 <= 00000006
                 333@00003200: $31 <= 00000000
                 337@00003204: $31 <= 00000000
                 339@00003208: $31 <= 00000000
                 341@0000320c: $31 <= 00000000
                 343@00003210: $31 <= 00003218
                 347@00003218: $31 <= 00003218
                 349@0000321c: $31 <= 00003218
                 351@00003220: $31 <= 0000321b
                 353@00003224: $31 <= 0000190d
                 355@00003228: $31 <= 00003234
                 363@00003234: $31 <= 00003234
                 385@00003238: $31 <= 00000001
                 387@0000323c: $31 <= 00000006
                 389@00003240: $31 <= 00003248
                 391@00003244: $31 <= 0000324c
                 401@00003250: $31 <= 00000000
                 403@00003254: $31 <= 0000325c
                 415@00003268: $31 <= 00000009
                 417@0000326c: $31 <= 00000004
                 419@00003274: *00000018 <= 00000004
                 423@00003278: $31 <= 00000008
                 425@0000327c: $31 <= 00000007
                 431@00003284: $31 <= 0000328c
                 433@00003288: $31 <= 0000328c
                 443@0000328c: $31 <= 00000031
                 445@00003290: $31 <= 00000006
                 447@00003294: *00000020 <= 00000006
                 451@00003298: $31 <= 0000000c
                 453@0000329c: $31 <= 000032a8
                 485@000032ac: $31 <= 00000000
                 509@000032b4: $ 8 <= 0000000a
                 509@000032b8: *00000018 <= 0000000a
                 513@000032bc: $ 8 <= 00000000
                 513@000032c0: *00000020 <= 00000000
                 517@000032c4: $31 <= 000032cc
                 519@000032c8: $31 <= 000032d0
                 529@000032d4: $31 <= 00000000
                 531@000032d8: $31 <= 000032e0
                 541@000032ec: $31 <= 00000003
                 543@000032f0: $17 <= 00000007
                 547@000032f8: $31 <= 00000003
                 549@000032fc: $17 <= 0000000a
                 581@0000330c: $31 <= 00003318
                 585@00003310: $17 <= 00003318
                 585@00003314: *00000010 <= 00003318
                 589@00003318: $17 <= 0000000a
                 591@0000331c: $31 <= 00000002
                 593@00003320: $31 <= 0000000f
                 595@00003324: $31 <= 00000014
                 597@00003328: $17 <= 00000014
                 599@0000332c: $17 <= 00003338
                 605@00003334: $31 <= 00003318
                 607@0000333c: *00000000 <= 00003338
                 633@00003344: $ 8 <= 00000001
                 633@00003348: *00000000 <= 00000001
                 637@0000334c: $ 8 <= 00000000
                 637@00003350: *00000010 <= 00000000
                 641@00003354: $31 <= 00000009
                 643@00003358: $19 <= 00000002
                 647@00003360: $19 <= 0000000d
                 661@00003368: $31 <= 00000012
                 663@0000336c: $31 <= 00000009
                 665@00003370: $31 <= 00000009
                 667@00003374: $31 <= 00003380
                 671@00003378: $19 <= 00003380
                 673@0000337c: $31 <= 00003380
                 677@00003384: $19 <= 00000000
                 679@00003388: $19 <= 00003380
                 681@0000338c: $31 <= 00000000
                 683@00003390: $31 <= 00003380
                 685@00003394: $19 <= 000033a0
                 689@0000339c: *00000014 <= 000033a0
                 743@000033ac: $ 8 <= 00000007
                 743@000033b0: *00000014 <= 00000007
                 747@000033b4: $31 <= 00000002
                 767@000033bc: $31 <= 00000000
                 781@000033c4: $31 <= 00000007
                 783@000033c8: $31 <= 00000000
                 785@000033cc: $31 <= 00000000
                 787@000033d0: $31 <= 000033d8
                 789@000033d4: $31 <= 000033d8
                 793@000033d8: $31 <= 00000000
                 809@000033e0: $31 <= 00000000
                 811@000033e4: $31 <= 00000000
                 813@000033e8: $31 <= 000033f4
                 817@000033f0: *00000014 <= 000033f4
                 823@000033f8: $31 <= 00000000
                 825@000033fc: $31 <= 00000000
                 827@00003400: $ 8 <= 00000006
                 827@00003404: *00000014 <= 00000006
                 831@00003408: $31 <= 00003410
                 833@0000340c: $31 <= 00003414
                 843@00003418: $31 <= 00000000
                 845@0000341c: $31 <= 00003424
                 857@00003430: $31 <= 00000009
                 859@00003434: $31 <= 00000004
                 863@00003438: $31 <= 00000004
                 865@0000343c: $31 <= 00000007
                 865@00003440: *0000000c <= 00000007
                 883@00003448: $31 <= 00000031
                 885@0000344c: $31 <= 00003454
                 887@00003450: $31 <= 00000000
                 889@00003454: $31 <= 00000000
                 891@00003458: $31 <= 00000009
                 895@0000345c: $31 <= 00000012
                 897@00003460: $31 <= 00000000
                 899@00003464: $31 <= 00003470
                 933@00003478: $31 <= 00000001
                 935@0000347c: $ 8 <= 00000004
                 935@00003480: *0000000c <= 00000004
                 939@00003484: $31 <= 0000348c
                 941@00003488: $31 <= 00003490
                 951@00003494: $31 <= 00000000
                 953@00003498: $31 <= 000034a0
                 965@000034ac: $ 8 <= 00000001
                 967@000034b0: $20 <= 00000002
                 967@000034b4: *00000020 <= 00000002
                 971@000034b8: $ 8 <= 00000002
                 973@000034c0: *00000004 <= 00000002
                 977@000034c4: $20 <= 00000007
                 979@000034c8: $ 8 <= 00000007
                 985@000034d0: $ 8 <= 00000002
                 987@000034e4: $20 <= 00000002
                 989@000034e8: $20 <= 00000002
                 991@000034ec: $ 8 <= 00000004
                 991@000034f0: *00000004 <= 00000004
                 995@000034f4: $ 8 <= 00000004
                 995@000034f8: *00000020 <= 00000004
                 999@000034fc: $25 <= 00000006
                1001@00003500: $22 <= 00000009
                1003@00003504: $25 <= 0000000c
                1005@00003508: $25 <= 00000000
                1007@0000350c: $22 <= 00000002
                1009@00003510: $25 <= 00000004
                1011@00003514: $25 <= 00000002
                1011@00003518: *00000008 <= 00000002
                1017@00003520: $22 <= 00000007
                1019@00003534: $25 <= 00000002
                1019@00003538: *00000000 <= 00000007
                1023@0000353c: $ 8 <= 00000005
                1023@00003540: *00000000 <= 00000005
                1027@00003544: $ 8 <= 00000008
                1027@00003548: *00000008 <= 00000008
                1031@0000354c: $31 <= 00000001
                1033@00003550: $25 <= 00000007
                1033@00003554: *00000008 <= 00000007
                1053@00003560: $31 <= 00000000
                1055@00003564: $25 <= 00000007
                1055@00003568: *00000004 <= 00000000
                1059@0000356c: $31 <= 00003578
                1063@00003570: $25 <= 00003578
                1065@00003574: $25 <= 00000000
                1069@0000357c: $25 <= 00000000
                1071@00003580: $25 <= 00003578
                1073@00003584: $25 <= 0000357b
                1075@00003588: $31 <= 0000357f
                1077@0000358c: $25 <= 00003598
                1081@00003594: *00000028 <= 0000357f
                1085@00003598: $25 <= 00003578
                1087@0000359c: $25 <= 00000000
                1089@000035a0: $25 <= 0000357f
                1091@000035a4: $ 8 <= 00000008
                1091@000035a8: *00000004 <= 00000008
                1095@000035ac: $ 8 <= 00000003
                1095@000035b0: *00000008 <= 00000003
                1099@000035b4: $ 8 <= 00000004
                1099@000035b8: *00000028 <= 00000004
                1103@000035bc: $31 <= 00000004
                1105@000035c0: $11 <= 00000008
                1107@000035c4: $11 <= 00000004
                1109@000035c8: $11 <= 00000000
                1111@000035cc: $11 <= 00000006
                1113@000035d0: $11 <= 0000000c
                1117@000035d8: $11 <= 00000010
                1119@000035dc: $31 <= 000035e8
                1123@000035e0: $11 <= 000035e8
                1129@000035e4: $11 <= 00000010
                1131@000035e8: $31 <= 00000004
                1135@000035f0: $31 <= 00000000
                1139@000035f8: $11 <= 00000010
                1141@000035fc: $11 <= 00003608
                1153@00003608: $11 <= 00000000
                1169@00003610: $31 <= 00000000
                1171@00003614: $30 <= 00000007
                1173@00003618: $29 <= 00000009
                1175@0000361c: $29 <= 00000003
                1177@00003620: $29 <= 00000006
                1179@00003624: $29 <= 0000000a
                1179@00003628: *00000028 <= 00000007
                1185@00003630: $29 <= 0000000a
                1189@00003638: *0000000c <= 0000000a
                1193@0000364c: $30 <= 0000000e
                1195@00003650: $30 <= 00000004
                1197@00003654: $ 8 <= 00000009
                1197@00003658: *0000000c <= 00000009
                1201@0000365c: $ 8 <= 0000000a
                1201@00003660: *00000028 <= 0000000a
                1205@00003664: $23 <= 00000008
                1207@00003668: $10 <= 00000001
                1207@0000366c: *00000020 <= 00000001
                1211@00003670: $23 <= 00000010
                1213@00003674: $10 <= 0000000a
                1215@00003678: $23 <= 0000000a
                1217@0000367c: $10 <= 00000005
                1219@00003680: $10 <= 00000000
                1225@00003688: $23 <= 00000000
                1225@0000369c: *00000020 <= 00000000
                1227@000036a0: *00000018 <= 00000000
                1231@000036a4: $ 8 <= 00000001
                1231@000036a8: *00000018 <= 00000001
                1235@000036ac: $ 8 <= 00000001
                1235@000036b0: *00000020 <= 00000001
                1239@000036b4: $31 <= 00000004
                1241@000036b8: $ 3 <= 0000000a
                1243@000036bc: $31 <= 0000000a
                1245@000036c0: $31 <= 00000009
                1247@000036c4: $ 3 <= 0000000a
                1249@000036c8: $ 3 <= 00000001
                1249@000036cc: *00000008 <= 00000001
                1253@000036d0: $ 3 <= 0000000b
                1255@000036d4: $31 <= 000036e0
                1259@000036d8: $ 3 <= 000036e0
                1261@000036dc: $ 3 <= 00000000
                1279@000036e8: $ 3 <= 00000000
                1281@000036ec: $ 3 <= 00000000
                1285@000036f4: $ 3 <= 00003700
                1289@000036fc: *0000000c <= 00003700
                1293@00003700: $31 <= 00000000
                1295@00003704: $ 3 <= 00000001
                1297@00003708: $31 <= 00000000
                1299@0000370c: $ 8 <= 00000006
                1299@00003710: *00000008 <= 00000006
                1303@00003714: $ 8 <= 00000003
                1303@00003718: *0000000c <= 00000003
                1307@0000371c: $31 <= 00000009
                1309@00003720: $31 <= 00000012
                1311@00003724: $31 <= 00000000
                1313@00003728: $31 <= 00000001
                1317@0000372c: $31 <= 00000003
                1321@00003730: $31 <= 00000001
                1323@00003734: *00000004 <= 00000001
                1327@00003738: $31 <= 00003740
                1327@0000373c: *00000008 <= 00003740
                1329@00003740: *00000020 <= 00003740
                1333@00003744: $31 <= 00000000
                1335@00003748: $31 <= 00000000
                1337@0000374c: $31 <= 00000000
                1339@00003750: $31 <= 0000375c
                1345@00003758: $31 <= 00001bae
                1347@0000375c: $31 <= 00000001
                1353@00003764: $31 <= 00000002
                1355@00003768: $ 8 <= 00000007
                1355@0000376c: *00000004 <= 00000007
                1359@00003770: $ 8 <= 00000005
                1359@00003774: *00000008 <= 00000005
                1363@00003778: $ 8 <= 00000004
                1363@0000377c: *00000020 <= 00000004
                1367@00003780: $31 <= 00003788
                1369@00003784: $31 <= 0000378c
                1379@00003790: $31 <= 00000000
                1381@00003794: $31 <= 0000379c
                1393@000037a8: $31 <= 00000003
                1397@000037b0: $31 <= 00000003
                1409@000037b4: $31 <= 00000009
                1411@000037b8: $31 <= 0000000d
                1411@000037bc: *00000014 <= 0000000d
                1413@000037c0: *0000001c <= 0000000d
                1417@000037c4: $31 <= 000037cc
                1421@000037cc: $31 <= 000037ce
                1423@000037d0: $31 <= 00000000
                1425@000037d4: $31 <= 00000000
                1427@000037d8: $31 <= 00000005
                1431@000037dc: $31 <= 000037e8
                1437@000037e4: $31 <= 00000000
                1443@000037e8: $31 <= 00000001
                1445@000037ec: $31 <= 00000001
                1447@000037f0: $31 <= 00000001
                1449@000037f4: $ 8 <= 00000004
                1449@000037f8: *00000014 <= 00000004
                1453@000037fc: $ 8 <= 00000005
                1453@00003800: *0000001c <= 00000005
                1457@00003804: $31 <= 0000380c
                1459@00003808: $31 <= 00003810
                1469@00003814: $31 <= 00000000
                1471@00003818: $31 <= 00003820
                1481@0000382c: $24 <= 00000003
                1483@00003830: $12 <= 00000004
                1485@00003834: $12 <= 00000007
                1485@00003838: *00000008 <= 00000007
                1489@0000383c: $12 <= 0000000e
                1491@00003840: $12 <= 00000001
                1495@00003848: $24 <= 00000000
                1499@00003850: $24 <= 00000001
                1507@00003864: $12 <= 00000009
                1511@0000386c: $ 8 <= 00000003
                1511@00003870: *00000008 <= 00000003
                1515@00003874: $21 <= 00000007
                1517@00003878: $17 <= 00000000
                1519@0000387c: $21 <= 00000004
                1521@00003880: $21 <= 00000002
                1523@00003884: $17 <= 00000001
                1525@00003888: $21 <= 00000002
                1527@0000388c: $21 <= 00000000
                1529@00003890: $21 <= 00000005
                1535@000038ac: $17 <= 00000002
                1537@000038b0: $21 <= 00000000
                1539@000038b4: $14 <= 00000009
                1541@000038b8: $19 <= 00000004
                1543@000038bc: $14 <= 0000000b
                1549@000038c4: $19 <= 00000000
                1575@000038cc: $19 <= 00000000
                1581@000038d8: $19 <= 00000000
                1583@000038ec: $19 <= 00000007
                1585@000038f0: $19 <= 00000000
                1587@000038f4: $21 <= 00000000
                1589@000038f8: $ 7 <= 00000002
                1591@000038fc: $ 7 <= 00000000
                1593@00003900: $21 <= 0000000a
                1597@00003904: $ 7 <= 0000000a
                1597@00003908: *0000000c <= 0000000a
                1603@00003910: $21 <= 00000004
                1611@00003918: $ 7 <= 00000008
                1613@0000391c: $ 7 <= 0000000a
                1619@00003924: $ 7 <= 00000000
                1621@00003928: $ 7 <= 00000007
                1623@0000392c: $21 <= 00000004
                1627@00003930: $21 <= 0000000b
                1629@00003934: $ 8 <= 00000009
                1629@00003938: *0000000c <= 00000009
                1633@0000393c: $31 <= 00000000
                1635@00003940: $ 8 <= 00000007
                1637@00003944: $ 8 <= 00000000
                1639@00003948: $ 8 <= 00000000
                1641@0000394c: $ 8 <= 00000000
                1643@00003950: $ 8 <= 00000007
                1645@00003954: $ 8 <= 00000000
                1647@00003958: $ 8 <= 00000028
                1649@0000395c: $31 <= 00003968
                1653@00003960: $ 8 <= 00003968
                1655@00003964: $ 8 <= 00003968
                1657@00003968: $31 <= 00000028
                1661@00003970: $31 <= 00000000
                1663@00003974: $ 8 <= 00000003
                1683@00003978: $31 <= 00000001
                1685@0000397c: $ 8 <= 00003988
                1691@00003984: $31 <= 00000001
                1693@00003988: $31 <= 00000001
                1695@0000398c: $31 <= 00003988
                1697@00003990: $31 <= 00003988
                1699@00003994: $31 <= 00000006
                1701@00003998: $29 <= 0000000a
                1703@0000399c: $31 <= 00000000
                1705@000039a0: $29 <= 00000001
                1709@000039a8: $29 <= 00000009
                1711@000039ac: *00000020 <= 00000009
                1723@000039b4: $31 <= 000039c0
                1727@000039b8: $29 <= 000039c0
                1729@000039bc: $31 <= 00000005
                1729@000039c0: *00000010 <= 00000005
                1733@000039c4: $31 <= 00000000
                1737@000039cc: $31 <= 00000001
                1741@000039d0: $29 <= 00000007
                1743@000039d4: $29 <= 000039e0
                1749@000039dc: $29 <= 000039c0
                1753@000039e4: $31 <= 000039bf
                1777@000039ec: $ 8 <= 00000007
                1777@000039f0: *00000010 <= 00000007
                1781@000039f4: $ 8 <= 00000005
                1781@000039f8: *00000020 <= 00000005
                1785@000039fc: $31 <= 00000008
                1787@00003a00: $ 4 <= 00000004
                1789@00003a04: $ 4 <= 00000004
                1791@00003a08: $31 <= 0000000a
                1793@00003a0c: $ 4 <= 00000000
                1801@00003a14: $31 <= 0000000f
                1803@00003a18: $ 4 <= 00000000
                1805@00003a1c: $31 <= 00003a28
                1809@00003a20: $ 4 <= 00003a28
                1811@00003a24: $31 <= 00003a28
                1813@00003a28: $31 <= 00003a28
                1815@00003a2c: $31 <= 00000000
                1815@00003a30: *0000000c <= 00003a28
                1819@00003a38: *00000020 <= 00000000
                1823@00003a3c: $ 4 <= 00003a48
                1829@00003a44: $ 4 <= 00000001
                1835@00003a4c: $ 4 <= 00003a28
                1839@00003a54: $ 8 <= 00000008
                1839@00003a58: *0000000c <= 00000008
                1843@00003a5c: $ 8 <= 00000000
                1843@00003a60: *00000020 <= 00000000
                1847@00003a64: $31 <= 00000007
                1849@00003a68: $16 <= 00000006
                1851@00003a6c: $31 <= 0000000c
                1853@00003a70: $16 <= 00000018
                1855@00003a74: $16 <= 00000005
                1859@00003a7c: $31 <= 00000000
                1859@00003a80: *00000008 <= 00000005
                1863@00003a84: $31 <= 00003a90
                1867@00003a88: $16 <= 00003a90
                1871@00003a94: *00000010 <= 00003a90
                1895@00003a98: $31 <= 00000001
                1897@00003a9c: $16 <= 00003a95
                1901@00003aa4: $16 <= 00003ab0
                1907@00003aac: $31 <= 00001d58
                1925@00003ab4: $31 <= 00003ab7
                1925@00003ab8: *00000010 <= 00003ab7
                1929@00003abc: $ 8 <= 00000006
                1929@00003ac0: *00000008 <= 00000006
                1933@00003ac4: $ 8 <= 00000003
                1933@00003ac8: *00000010 <= 00000003
                1937@00003acc: $27 <= 00000003
                1939@00003ad0: $25 <= 00000000
                1941@00003ad4: $27 <= 00000003
                1943@00003ad8: $27 <= 00000005
                1949@00003ae0: $25 <= 00000000
                1963@00003ae8: $27 <= 00000005
                1967@00003af0: $27 <= 00000000
                1969@00003b04: $27 <= 00000000
                1971@00003b08: $25 <= 00000000
                1973@00003b0c: $ 2 <= 00000003
                1975@00003b10: $ 4 <= 00000000
                1975@00003b14: *0000000c <= 00000003
                1979@00003b18: $ 2 <= 00000006
                1983@00003b20: $ 2 <= 00000003
                1985@00003b24: $ 2 <= 00000006
                1995@00003b28: $ 4 <= 00000000
                2001@00003b44: $ 4 <= 00000000
                2003@00003b48: $ 2 <= 00000007
                2005@00003b4c: $ 8 <= 00000009
                2005@00003b50: *0000000c <= 00000009
                2009@00003b54: $19 <= 00000008
                2011@00003b58: $17 <= 00000006
                2011@00003b5c: *0000001c <= 00000008
                2017@00003b64: $19 <= 00000000
                2019@00003b68: $19 <= 00000006
                2019@00003b6c: *0000000c <= 00000006
                2023@00003b70: $19 <= 00000006
                2027@00003b78: $17 <= 00000003
                2029@00003b8c: $19 <= 00000001
                2033@00003b94: $ 8 <= 00000007
                2033@00003b98: *0000000c <= 00000007
                2037@00003b9c: $ 8 <= 00000006
                2037@00003ba0: *0000001c <= 00000006
                2041@00003ba4: $31 <= 00000008
                2043@00003ba8: $20 <= 00000009
                2075@00003bb8: $31 <= 00000001
                2077@00003bbc: $20 <= 00000012
                2079@00003bc0: $31 <= 00000000
                2081@00003bc4: $31 <= 00003bd0
                2085@00003bc8: $20 <= 00003bd0
                2089@00003bd0: $31 <= 00003bd3
                2091@00003bd8: *00000018 <= 00003bd0
                2115@00003bdc: $31 <= 00000001
                2117@00003be0: $20 <= 00000001
                2119@00003be4: $20 <= 00003bf0
                2125@00003bec: $20 <= 00000000
                2127@00003bf0: $20 <= 00000001
                2131@00003bf8: $20 <= 00000005
                2133@00003bfc: $ 8 <= 00000000
                2133@00003c00: *00000018 <= 00000000
                2137@00003c04: $19 <= 00000001
                2139@00003c08: $ 2 <= 00000009
                2143@00003c10: $19 <= 00000012
                2145@00003c14: $ 2 <= 00000000
                2147@00003c18: $ 2 <= 00000012
                2149@00003c1c: $ 2 <= 00000013
                2151@00003c20: $ 2 <= 00000026
                2153@00003c28: *00000010 <= 00000026
                2157@00003c3c: $ 2 <= 0000004c
                2159@00003c40: $19 <= 00000000
                2161@00003c44: $ 8 <= 00000006
                2161@00003c48: *00000010 <= 00000006
                2165@00003c4c: $ 3 <= 00000004
                2167@00003c50: $27 <= 00000005
                2169@00003c54: $27 <= 00000005
                2171@00003c58: $ 3 <= 00000009
                2173@00003c5c: $27 <= 00000000
                2175@00003c60: $27 <= 00000000
                2177@00003c64: $27 <= 00000000
                2179@00003c68: $ 3 <= 00000009
                2187@00003c84: $ 3 <= 00000000
