#-----------------------------------------------------------
# Vivado v2019.1 (64-bit)
# SW Build 2552052 on Fri May 24 14:49:42 MDT 2019
# IP Build 2548770 on Fri May 24 18:01:18 MDT 2019
# Start of session at: Sat Nov 20 21:16:16 2021
# Process ID: 28608
# Current directory: D:/Archive/ISE/Monocycle_CPU/Monocycle_CPU.sim/sim_1/behav/xsim
# Command line: vivado.exe -mode batch -source start.tcl
# Log file: D:/Archive/ISE/Monocycle_CPU/Monocycle_CPU.sim/sim_1/behav/xsim/vivado.log
# Journal file: D:/Archive/ISE/Monocycle_CPU/Monocycle_CPU.sim/sim_1/behav/xsim\vivado.jou
#-----------------------------------------------------------
source start.tcl
# open_project D:/Archive/ISE/Monocycle_CPU/Monocycle_CPU.xpr
Scanning sources...
Finished scanning sources
# update_compile_order -fileset sources_1
# launch_simulation
INFO: [Vivado 12-5682] Launching behavioral simulation in 'D:/Archive/ISE/Monocycle_CPU/Monocycle_CPU.sim/sim_1/behav/xsim'
INFO: [SIM-utils-51] Simulation object is 'sim_1'
INFO: [SIM-utils-54] Inspecting design source files for 'tb' in fileset 'sim_1'...
INFO: [USF-XSim-97] Finding global include files...
INFO: [USF-XSim-98] Fetching design files from 'sim_1'...
INFO: [USF-XSim-2] XSim::Compile design
INFO: [USF-XSim-61] Executing 'COMPILE and ANALYZE' step in 'D:/Archive/ISE/Monocycle_CPU/Monocycle_CPU.sim/sim_1/behav/xsim'
"xvlog --incr --relax -prj tb_vlog.prj"
INFO: [USF-XSim-69] 'compile' step finished in '2' seconds
INFO: [USF-XSim-3] XSim::Elaborate design
INFO: [USF-XSim-61] Executing 'ELABORATE' step in 'D:/Archive/ISE/Monocycle_CPU/Monocycle_CPU.sim/sim_1/behav/xsim'
"xelab -wto 621f38b3aa9d41e8871e65c93967b309 --incr --debug typical --relax --mt 2 -L xil_defaultlib -L unisims_ver -L unimacro_ver -L secureip --snapshot tb_behav xil_defaultlib.tb xil_defaultlib.glbl -log elaborate.log"
Vivado Simulator 2019.1
Copyright 1986-1999, 2001-2019 Xilinx, Inc. All Rights Reserved.
Running: D:/Xillinx/Vivado/2019.1/bin/unwrapped/win64.o/xelab.exe -wto 621f38b3aa9d41e8871e65c93967b309 --incr --debug typical --relax --mt 2 -L xil_defaultlib -L unisims_ver -L unimacro_ver -L secureip --snapshot tb_behav xil_defaultlib.tb xil_defaultlib.glbl -log elaborate.log 
Using 2 slave threads.
Starting static elaboration
Completed static elaboration
INFO: [XSIM 43-4323] No Change in HDL. Linking previously generated obj files to create kernel
INFO: [USF-XSim-69] 'elaborate' step finished in '1' seconds
INFO: [USF-XSim-4] XSim::Simulate design
INFO: [USF-XSim-61] Executing 'SIMULATE' step in 'D:/Archive/ISE/Monocycle_CPU/Monocycle_CPU.sim/sim_1/behav/xsim'
INFO: [USF-XSim-98] *** Running xsim
   with args "tb_behav -key {Behavioral:sim_1:Functional:tb} -tclbatch {tb.tcl} -log {simulate.log}"
INFO: [USF-XSim-8] Loading simulator feature
Vivado Simulator 2019.1
Time resolution is 1 ps
source tb.tcl
## current_wave_config
@00003000: $ 2 <= a10c0000
@00003004: $ 2 <= a10c2d57
@00003008: $ 3 <= 20900000
@0000300c: $ 3 <= 20903046
@00003010: $ 4 <= bb500000
@00003014: $ 4 <= bb509101
@00003018: $ 5 <= 6de80000
@0000301c: $ 5 <= 6de8766e
@00003020: $ 6 <= 28160000
@00003024: $ 6 <= 28164ed4
@00003028: $ 7 <= 4a230000
@0000302c: $ 7 <= 4a23e242
@00003030: $ 8 <= 55d10000
@00003034: $ 8 <= 55d1fcba
@00003038: $ 9 <= 6af60000
@0000303c: $ 9 <= 6af608ac
@00003040: $10 <= dcde0000
@00003044: $10 <= dcde855f
@00003048: $11 <= 47910000
@0000304c: $11 <= 4791e799
@00003050: $12 <= cd9a0000
@00003054: $12 <= cd9a5da9
@00003058: $13 <= 24400000
@0000305c: $13 <= 24402939
@00003060: $14 <= 94f80000
@00003064: $14 <= 94f85b17
@00003068: $15 <= 4a4a0000
@0000306c: $15 <= 4a4a68b1
@00003070: $16 <= 16fb0000
@00003074: $16 <= 16fbf50f
@00003078: $17 <= 1bef0000
@0000307c: $17 <= 1bef7540
@00003080: $18 <= ad830000
@00003084: $18 <= ad83cdc8
@00003088: $19 <= 06a80000
@0000308c: $19 <= 06a8bf68
@00003090: $20 <= 33360000
@00003094: $20 <= 33366730
@00003098: $21 <= b3ef0000
@0000309c: $21 <= b3ef9bbf
@000030a0: $22 <= 89000000
@000030a4: $22 <= 8900b5ef
@000030a8: $23 <= b6fd0000
@000030ac: $23 <= b6fde8d2
@000030b0: $24 <= f4370000
@000030b4: $24 <= f437358e
@000030b8: $25 <= a8fc0000
@000030bc: $25 <= a8fcca73
@000030c0: $26 <= 90c00000
@000030c4: $26 <= 90c02f32
@000030c8: $27 <= d6110000
@000030cc: $27 <= d6117a1e
@000030d0: *00000000 <= dcde855f
@000030d4: *00000004 <= d6117a1e
@000030d8: *00000008 <= b6fde8d2
@000030dc: *0000000c <= a10c2d57
@000030e0: *00000010 <= 55d1fcba
@000030e4: *00000014 <= ad83cdc8
@000030e8: *00000018 <= 4791e799
@000030ec: *0000001c <= 4a23e242
@000030f0: *00000020 <= 33366730
@000030f4: *00000024 <= 06a8bf68
@000030f8: *00000028 <= b6fde8d2
@000030fc: *0000002c <= a8fcca73
@00003100: *00000030 <= 94f85b17
@00003104: *00000034 <= 20903046
@00003108: *00000038 <= d6117a1e
@0000310c: *0000003c <= 00000000
@00003110: *00000040 <= 4a4a68b1
@00003114: *00000044 <= 6af608ac
@00003118: *00000048 <= d6117a1e
@0000311c: *0000004c <= 00000000
@00003120: *00000050 <= 6de8766e
@00003124: *00000054 <= 00000000
@00003128: *00000058 <= 4a23e242
@0000312c: *0000005c <= bb509101
@00003130: *00000060 <= cd9a5da9
@00003134: *00000064 <= a10c2d57
@00003138: *00000068 <= d6117a1e
@0000313c: *0000006c <= 20903046
@00003140: *00000070 <= 4791e799
@00003144: *00000074 <= 00000000
@00003148: *00000078 <= bb509101
@0000314c: *0000007c <= 00000000
@00003150: *00000080 <= 94f85b17
@00003154: *00000084 <= 4a23e242
@00003158: *00000088 <= b6fde8d2
@0000315c: *0000008c <= a10c2d57
@00003160: *00000090 <= 33366730
@00003164: *00000094 <= 00000000
@00003168: *00000098 <= 33366730
@0000316c: *0000009c <= 00000000
@00003170: *000000a0 <= f437358e
@00003174: *000000a4 <= a8fcca73
@00003178: *000000a8 <= 00000000
@0000317c: *000000ac <= 8900b5ef
@00003180: *000000b0 <= 16fbf50f
@00003184: *000000b4 <= 4a4a68b1
@00003188: *000000b8 <= 94f85b17
@0000318c: *000000bc <= 20903046
@00003190: *000000c0 <= dcde855f
@00003194: *000000c4 <= a8fcca73
@00003198: *000000c8 <= ad83cdc8
@0000319c: *000000cc <= 4a4a68b1
@000031a0: *000000d0 <= 55d1fcba
@000031a4: *000000d4 <= 00000000
@000031a8: *000000d8 <= 06a8bf68
@000031ac: *000000dc <= 00000000
@000031b0: *000000e0 <= 24402939
@000031b4: *000000e4 <= 4791e799
@000031b8: *000000e8 <= 24402939
@000031bc: *000000ec <= dcde855f
@000031c0: *000000f0 <= 4a23e242
@000031c4: *000000f4 <= cd9a5da9
@000031c8: *000000f8 <= 16fbf50f
@000031cc: *000000fc <= 4791e799
@000031d0: *00000100 <= 6de8766e
@000031d4: *00000104 <= d6117a1e
@000031d8: *00000108 <= 1bef7540
@000031dc: *0000010c <= a8fcca73
@000031e0: *00000110 <= 4a4a68b1
@000031e4: *00000114 <= 00000000
@000031e8: *00000118 <= ad83cdc8
@000031ec: *0000011c <= 6de8766e
@000031f0: *00000120 <= a8fcca73
@000031f4: *00000124 <= 16fbf50f
@000031f8: *00000128 <= a10c2d57
@000031fc: *0000012c <= 4a4a68b1
@00003200: *00000130 <= dcde855f
@00003204: *00000134 <= 00000000
@00003208: *00000138 <= 6af608ac
@0000320c: *0000013c <= 4a23e242
@00003210: *00000140 <= 4a23e242
@00003214: *00000144 <= 4a23e242
@00003218: *00000148 <= 00000000
@0000321c: *0000014c <= f437358e
@00003220: *00000150 <= b6fde8d2
@00003224: *00000154 <= 4791e799
@00003228: *00000158 <= f437358e
@0000322c: *0000015c <= 33366730
@00003230: *00000160 <= 16fbf50f
@00003234: *00000164 <= a8fcca73
@00003238: *00000168 <= 00000000
@0000323c: *0000016c <= 06a8bf68
@00003240: *00000170 <= 6de8766e
@00003244: *00000174 <= f437358e
@00003248: *00000178 <= f437358e
@0000324c: *0000017c <= 4791e799
@00003250: *00000180 <= b3ef9bbf
@00003254: *00000184 <= 1bef7540
@00003258: *00000188 <= 33366730
@0000325c: *0000018c <= 20903046
@00003260: *00000190 <= 4a23e242
@00003264: $31 <= 00003f00
@00003268: $29 <= 00002f00
@0000326c: $15 <= bb50f3f5
@00003270: $26 <= 00000164
@00003274: $18 <= 00000000
@00003278: $12 <= 00000104
@0000327c: $ 5 <= 6de8766e
@00003280: $ 0 <= 00000000
@00003284: $ 3 <= 53fa139d
@00003288: $ 3 <= 6d1140af
@0000328c: $ 7 <= 870a217d
@00003290: $ 0 <= 00000000
@00003294: $15 <= 6af609b0
@00003298: $19 <= 00000170
@0000329c: *00000148 <= b6fde8d2
@000032a0: $21 <= 000000e0
@000032a4: *000000cc <= 00000104
@000032a8: $18 <= d611fabe
@000032ac: $ 0 <= 00000000
@000032b0: $ 9 <= 0e1442fa
@000032b4: $17 <= 7fc60000
@000032b8: $ 0 <= 00000000
@000032bc: $25 <= 04f4d433
@000032c0: $ 0 <= 00000000
@000032c4: $ 5 <= 151b0000
@000032c8: $ 2 <= 00000004
@000032cc: $29 <= 00002efc
@000032d0: *00002f00 <= 00003f00
@000032d4: $31 <= 000032d8
@0000361c: $ 0 <= 00000000
@00003620: $11 <= e53e9643
@00003624: $20 <= 00000174
@00003628: $11 <= 4a23e242
@0000362c: $ 6 <= 8900b47b
@00003630: $15 <= 6e450000
@00003634: $ 9 <= ab351e60
@00003638: $22 <= 0000a305
@0000363c: $ 7 <= 000000a4
@00003640: *00000078 <= 00000004
@00003644: $ 0 <= 00000000
@00003648: $10 <= dcde855f
@0000364c: $ 5 <= 00000164
@00003650: $ 0 <= 00000000
@00003654: $22 <= 000000a4
@00003658: *00000098 <= 00000164
@0000365c: $ 5 <= 73fd358e
@00003660: $16 <= 22ed5e6d
@00003664: $21 <= 00000174
@00003668: $ 3 <= 33366730
@0000366c: $12 <= 0000c3f5
@00003670: $23 <= 890863ea
@000032d8: $ 2 <= 00000004
@000032dc: $31 <= 00003f00
@000032e0: $29 <= 00002f00
@000032e4: $18 <= 73fdbfef
@000032e8: $22 <= 6e450000
@000032ec: $ 2 <= 7fc5fe8c
@000032f0: $ 4 <= 000000a0
@000032f4: *00000090 <= dcde855f
@000032f8: $ 5 <= 00000070
@000032fc: $19 <= bb509101
@00003300: $ 2 <= 00000004
@00003304: $29 <= 00002efc
@00003308: *00002f00 <= 00003f00
@0000330c: $31 <= 00003310
@00003678: $23 <= 00000070
@0000367c: *00000064 <= 4a23e242
@00003680: $11 <= 0000017c
@00003684: *00000170 <= 00000164
@00003688: $22 <= 73fdbf7f
@0000368c: $ 8 <= 3336ff34
@00003690: $25 <= 000000c8
@00003694: *00000098 <= 00000070
@00003698: $11 <= 0000d96e
@0000369c: $ 4 <= fa474011
@000036a0: $ 2 <= 000023fa
@000036a4: $ 0 <= 00000000
@000036a8: $ 7 <= 8900f4ff
@000036ac: $19 <= 00000060
@000036b0: *00000060 <= dcde855f
@000036b4: $24 <= d61178ba
@000036b8: $11 <= b042694a
@00003310: $ 2 <= 00000004
@00003314: $31 <= 00003f00
@00003318: $29 <= 00002f00
@0000331c: $ 0 <= ab35dff9
@00003320: $ 2 <= 6b07a64d
@00003328: $ 7 <= de170000
@0000332c: $ 2 <= b819d5b8
@00003330: $17 <= 7a814011
@00003334: $12 <= 8347f48c
@00003338: $23 <= ab35fef4
@0000333c: $ 6 <= 634c0000
@00003340: $18 <= 0000014c
@00003344: *00000140 <= 000000c8
@00003348: $ 0 <= 00000000
@0000334c: $ 0 <= 00000000
@00003350: $21 <= 0000002c
@00003354: $20 <= d6117a1e
@00003358: $ 6 <= f745b40b
@0000335c: $ 2 <= 00000004
@00003360: $29 <= 00002efc
@00003364: *00002f00 <= 00003f00
@00003368: $31 <= 0000336c
@000036c0: $ 0 <= 00000000
@000036c4: $ 2 <= 000000b4
@000036c8: *000000ac <= 00000060
@000036cc: $24 <= 00003ebe
@000036d0: $17 <= 9ec1694a
@000036d4: $ 9 <= 3336ff34
@000036d8: $14 <= 00000060
@000036dc: *00000030 <= 000000b4
@000036e0: $ 4 <= 3336fff4
@000036e4: $18 <= 00000188
@000036e8: *00000188 <= 00000000
@0000336c: $ 2 <= 00000004
@00003370: $31 <= 00003f00
@00003374: $29 <= 00002f00
@00003378: $ 0 <= 00000000
@0000337c: $15 <= 00000000
@00003380: $21 <= 00000144
@00003384: $17 <= 16fbf50f
@00003388: $11 <= 24402999
@0000338c: $15 <= dcde46a1
@00003390: $ 7 <= d6117b82
@00003394: $16 <= 00000110
@00003398: $ 0 <= 4791e799
@0000339c: $19 <= 00000124
@000033a0: *0000010c <= dcde855f
@000033a4: $11 <= 00000020
@000033a8: $22 <= 00000000
@000033ac: $27 <= 59230000
@000033b0: $13 <= 00000124
@000033b4: *00000110 <= 3336fff4
@000033b8: $ 9 <= 95f80000
@000033bc: $ 0 <= 00000000
@000033c0: $17 <= e57a0000
@000033c4: $ 0 <= 00000000
@000033c8: $27 <= 00000080
@000033cc: $23 <= bb509101
@000033d0: $14 <= 88f30000
@000033d4: $ 0 <= 00000000
@000033d8: $ 9 <= 0000feff
@000033e0: $11 <= 00000064
@000033e4: *00000044 <= 00000000
@000033e8: $20 <= d72e0000
@000033ec: $11 <= 8347f7af
@000033f0: $13 <= 185d0000
@000033f4: $21 <= 8347f7b3
@000033f8: $ 0 <= 00000000
@000033fc: $ 2 <= 000000b0
@00003400: *000000ac <= 00000000
@00003404: $20 <= 94ee0000
@00003408: $22 <= 0000ffbf
@0000340c: $18 <= ccc9000c
@00003410: $ 0 <= 00000000
@00003414: $ 0 <= e579ff90
@00003418: $ 6 <= ccc94def
@0000341c: $16 <= 00000130
@00003420: *00000128 <= d6117b82
@00003424: $ 0 <= 000040f8
@00003428: $17 <= 3336fffc
@0000342c: $ 0 <= 00000000
@00003430: $21 <= ccc900d4
@00003434: $19 <= 73a90000
@00003438: $ 0 <= 00000000
@0000343c: $25 <= 79d60000
@00003440: $ 7 <= 67570000
@00003444: $26 <= 333677be
@00003448: $ 8 <= 3336c076
@0000344c: $20 <= dcdf45a0
@00003450: $ 5 <= 218eb49f
@00003454: $13 <= 000000b8
@00003458: $15 <= f437358e
@0000345c: $ 2 <= 00000004
@00003460: $29 <= 00002efc
@00003464: *00002f00 <= 00003f00
@00003468: $31 <= 0000346c
@000036f0: $10 <= 00000058
@000036f4: $ 2 <= 4a4a68b1
@000036f8: $17 <= bb50df87
@000036fc: $ 4 <= 7cb80b74
@00003700: $12 <= 00000130
@00003704: *0000011c <= ccc94def
@00003708: $ 6 <= 00000050
@0000370c: *0000004c <= 00000000
@00003710: $ 3 <= 0000fdcf
@00003714: $ 8 <= 00000074
@00003718: *00000064 <= 00000000
@0000346c: $ 2 <= 00000004
@00003470: $31 <= 00003f00
@00003474: $29 <= 00002f00
@00003478: $ 6 <= 00000014
@0000347c: *00000018 <= 00000074
@00003480: $22 <= 3336783e
@000034f8: $23 <= 00000154
@000034fc: $24 <= dcde855f
@00003500: $ 0 <= 00000000
@00003504: $15 <= 000000b8
@00003508: *000000a8 <= dcdf45a0
@0000350c: $14 <= 0000fe43
@00003510: $27 <= 00003177
@00003514: $13 <= 000000a0
@00003518: $12 <= 4a23e242
@0000351c: $26 <= 666d7832
@00003520: $ 6 <= 533c0000
@00003524: $ 3 <= 00000000
@00003528: $ 2 <= 00000004
@0000352c: $29 <= 00002efc
@00003530: *00002f00 <= 00003f00
@00003534: $31 <= 00003538
@00003720: $ 0 <= 33370094
@00003724: $ 7 <= 00000058
@00003728: $ 2 <= d6117a1e
@0000372c: $14 <= 20355c60
@00003730: $19 <= 13090000
@00003734: $26 <= 0000017c
@00003738: $ 2 <= 00000000
@0000373c: $15 <= 00000044
@00003740: *00000020 <= 79d60000
@00003744: $ 0 <= ffff784a
@00003748: $ 6 <= 00000160
@0000374c: *00000130 <= 3336783e
@00003538: $ 2 <= 00000004
@0000353c: $31 <= 00003f00
@00003540: $29 <= 00002f00
@00003544: $20 <= 000000a4
@00003548: *00000084 <= 00000058
@0000354c: $24 <= 0000011c
@00003550: $24 <= 6de8766e
@00003554: $23 <= 8347ffaf
@00003558: $12 <= 862a017c
@0000355c: $ 0 <= 00000000
@00003560: $ 0 <= 7f400000
@00003564: $10 <= 7cb84ff6
@00003568: $25 <= 0000021c
@0000356c: $13 <= 463fff2c
@00003570: $17 <= 218eb59f
@00003574: $15 <= 0000013c
@00003578: *00000134 <= 0000017c
@0000357c: $ 9 <= 00000138
@00003580: *0000011c <= 218eb49f
@00003584: $23 <= 862add7d
@00003588: $13 <= 33370098
@0000358c: $20 <= 0000cf3e
@00003590: $18 <= 000000e4
@00003594: *000000cc <= 6de8766e
@00003598: $20 <= 9b64b323
@0000359c: $ 9 <= ccc8ffc0
@000035a0: $ 2 <= 3336783e
@000035a4: $ 2 <= 00000004
@000035a8: $29 <= 00002efc
@000035ac: *00002f00 <= 00003f00
@000035b0: $31 <= 000035b4
@00003754: $19 <= 1309b0b9
@00003758: $22 <= 4640b151
@0000375c: $19 <= 39750000
@00003760: $ 0 <= 00000000
@00003764: $11 <= 00000160
@00003768: $19 <= 00000074
@0000376c: *00000048 <= 0000017c
@00003770: $25 <= 000000c8
@00003774: $ 0 <= 16fbf50f
@00003778: $ 9 <= 0000c77e
@0000377c: $27 <= d0860000
@00003780: $ 7 <= 7cb85126
@00003784: $12 <= 000000cc
@00003788: $20 <= 94f85b17
@0000378c: $ 0 <= 00000000
@00003790: $ 0 <= 00000000
@000035b4: $ 2 <= 00000004
@000035b8: $31 <= 00003f00
@000035bc: $29 <= 00002f00
@000035c0: $ 2 <= 317a0000
@000035c4: $ 0 <= 00000000
@000035c8: $22 <= 000000b4
@000035cc: $ 4 <= b6fde8d2
@000035d0: $25 <= 862afffd
@000035d4: $16 <= 80570000
@000035d8: $ 0 <= 00000000
@000035dc: $ 0 <= 00000000
@000035e0: $27 <= 00000020
@000035e4: *00000030 <= 000000e4
@000035e8: $11 <= ffffff78
@000035ec: $ 8 <= 9b4f00d4
@000035f0: $ 2 <= 218eb49f
@000035f8: $ 4 <= 862b0139
@000035fc: $14 <= 00000024
@00003600: *00000030 <= 0000c77e
@00003604: $13 <= 7cb8519a
@00003608: $11 <= 000000b4
@0000360c: *000000b0 <= 00000020
@00003610: $25 <= 00000164
@00003614: $ 7 <= 6af608ac
INFO: [USF-XSim-96] XSim completed. Design snapshot 'tb_behav' loaded.
INFO: [USF-XSim-97] XSim simulation ran for 1500ns
launch_simulation: Time (s): cpu = 00:00:01 ; elapsed = 00:00:07 . Memory (MB): peak = 388.484 ; gain = 10.363
INFO: [Common 17-206] Exiting Vivado at Sat Nov 20 21:16:33 2021...
