#-----------------------------------------------------------
# Vivado v2019.1 (64-bit)
# SW Build 2552052 on Fri May 24 14:49:42 MDT 2019
# IP Build 2548770 on Fri May 24 18:01:18 MDT 2019
# Start of session at: Sat Nov 20 21:17:52 2021
# Process ID: 35288
# Current directory: D:/Archive/ISE/Monocycle_CPU/Monocycle_CPU.sim/sim_1/behav/xsim
# Command line: vivado.exe -mode batch -source start.tcl
# Log file: D:/Archive/ISE/Monocycle_CPU/Monocycle_CPU.sim/sim_1/behav/xsim/vivado.log
# Journal file: D:/Archive/ISE/Monocycle_CPU/Monocycle_CPU.sim/sim_1/behav/xsim\vivado.jou
#-----------------------------------------------------------
source start.tcl
# open_project D:/Archive/ISE/Monocycle_CPU/Monocycle_CPU.xpr
Scanning sources...
Finished scanning sources
# update_compile_order -fileset sources_1
# launch_simulation
INFO: [Vivado 12-5682] Launching behavioral simulation in 'D:/Archive/ISE/Monocycle_CPU/Monocycle_CPU.sim/sim_1/behav/xsim'
INFO: [SIM-utils-51] Simulation object is 'sim_1'
INFO: [SIM-utils-54] Inspecting design source files for 'tb' in fileset 'sim_1'...
INFO: [USF-XSim-97] Finding global include files...
INFO: [USF-XSim-98] Fetching design files from 'sim_1'...
INFO: [USF-XSim-2] XSim::Compile design
INFO: [USF-XSim-61] Executing 'COMPILE and ANALYZE' step in 'D:/Archive/ISE/Monocycle_CPU/Monocycle_CPU.sim/sim_1/behav/xsim'
"xvlog --incr --relax -prj tb_vlog.prj"
INFO: [USF-XSim-69] 'compile' step finished in '3' seconds
INFO: [USF-XSim-3] XSim::Elaborate design
INFO: [USF-XSim-61] Executing 'ELABORATE' step in 'D:/Archive/ISE/Monocycle_CPU/Monocycle_CPU.sim/sim_1/behav/xsim'
"xelab -wto 621f38b3aa9d41e8871e65c93967b309 --incr --debug typical --relax --mt 2 -L xil_defaultlib -L unisims_ver -L unimacro_ver -L secureip --snapshot tb_behav xil_defaultlib.tb xil_defaultlib.glbl -log elaborate.log"
Vivado Simulator 2019.1
Copyright 1986-1999, 2001-2019 Xilinx, Inc. All Rights Reserved.
Running: D:/Xillinx/Vivado/2019.1/bin/unwrapped/win64.o/xelab.exe -wto 621f38b3aa9d41e8871e65c93967b309 --incr --debug typical --relax --mt 2 -L xil_defaultlib -L unisims_ver -L unimacro_ver -L secureip --snapshot tb_behav xil_defaultlib.tb xil_defaultlib.glbl -log elaborate.log 
Using 2 slave threads.
Starting static elaboration
Completed static elaboration
INFO: [XSIM 43-4323] No Change in HDL. Linking previously generated obj files to create kernel
INFO: [USF-XSim-69] 'elaborate' step finished in '1' seconds
INFO: [USF-XSim-4] XSim::Simulate design
INFO: [USF-XSim-61] Executing 'SIMULATE' step in 'D:/Archive/ISE/Monocycle_CPU/Monocycle_CPU.sim/sim_1/behav/xsim'
INFO: [USF-XSim-98] *** Running xsim
   with args "tb_behav -key {Behavioral:sim_1:Functional:tb} -tclbatch {tb.tcl} -log {simulate.log}"
INFO: [USF-XSim-8] Loading simulator feature
Vivado Simulator 2019.1
Time resolution is 1 ps
source tb.tcl
## current_wave_config
@00003000: $ 2 <= 38510000
@00003004: $ 2 <= 385181c9
@00003008: $ 3 <= f66b0000
@0000300c: $ 3 <= f66b25ed
@00003010: $ 4 <= f2cd0000
@00003014: $ 4 <= f2cdfb12
@00003018: $ 5 <= 64260000
@0000301c: $ 5 <= 64268b94
@00003020: $ 6 <= a5850000
@00003024: $ 6 <= a5859744
@00003028: $ 7 <= 45d60000
@0000302c: $ 7 <= 45d6aefe
@00003030: $ 8 <= c2000000
@00003034: $ 8 <= c2006138
@00003038: $ 9 <= af9b0000
@0000303c: $ 9 <= af9bf977
@00003040: $10 <= 8a3a0000
@00003044: $10 <= 8a3a48bd
@00003048: $11 <= 06f20000
@0000304c: $11 <= 06f2a299
@00003050: $12 <= 71120000
@00003054: $12 <= 71123b19
@00003058: $13 <= d61d0000
@0000305c: $13 <= d61d3270
@00003060: $14 <= bf860000
@00003064: $14 <= bf86cc5e
@00003068: $15 <= 03d90000
@0000306c: $15 <= 03d9cff7
@00003070: $16 <= 5e800000
@00003074: $16 <= 5e804e3e
@00003078: $17 <= a2de0000
@0000307c: $17 <= a2dece57
@00003080: $18 <= 87d50000
@00003084: $18 <= 87d5611e
@00003088: $19 <= e62b0000
@0000308c: $19 <= e62ba0ae
@00003090: $20 <= 01a90000
@00003094: $20 <= 01a9fbfd
@00003098: $21 <= deb00000
@0000309c: $21 <= deb0daaa
@000030a0: $22 <= 988f0000
@000030a4: $22 <= 988f9ea5
@000030a8: $23 <= 17d80000
@000030ac: $23 <= 17d8184d
@000030b0: $24 <= 6e910000
@000030b4: $24 <= 6e914361
@000030b8: $25 <= bf1c0000
@000030bc: $25 <= bf1cb9b4
@000030c0: $26 <= 34ac0000
@000030c4: $26 <= 34acf06a
@000030c8: $27 <= 068d0000
@000030cc: $27 <= 068d7d5b
@000030d0: *00000000 <= a2dece57
@000030d4: *00000004 <= f2cdfb12
@000030d8: *00000008 <= 03d9cff7
@000030dc: *0000000c <= a2dece57
@000030e0: *00000010 <= 6e914361
@000030e4: *00000014 <= bf86cc5e
@000030e8: *00000018 <= 01a9fbfd
@000030ec: *0000001c <= bf86cc5e
@000030f0: *00000020 <= 01a9fbfd
@000030f4: *00000024 <= 5e804e3e
@000030f8: *00000028 <= f66b25ed
@000030fc: *0000002c <= a2dece57
@00003100: *00000030 <= 87d5611e
@00003104: *00000034 <= 17d8184d
@00003108: *00000038 <= f2cdfb12
@0000310c: *0000003c <= 5e804e3e
@00003110: *00000040 <= 8a3a48bd
@00003114: *00000044 <= 00000000
@00003118: *00000048 <= 64268b94
@0000311c: *0000004c <= 00000000
@00003120: *00000050 <= 988f9ea5
@00003124: *00000054 <= a5859744
@00003128: *00000058 <= 06f2a299
@0000312c: *0000005c <= 00000000
@00003130: *00000060 <= d61d3270
@00003134: *00000064 <= af9bf977
@00003138: *00000068 <= 34acf06a
@0000313c: *0000006c <= 6e914361
@00003140: *00000070 <= 385181c9
@00003144: *00000074 <= deb0daaa
@00003148: *00000078 <= 06f2a299
@0000314c: *0000007c <= e62ba0ae
@00003150: *00000080 <= e62ba0ae
@00003154: *00000084 <= af9bf977
@00003158: *00000088 <= 5e804e3e
@0000315c: *0000008c <= 17d8184d
@00003160: *00000090 <= 17d8184d
@00003164: *00000094 <= 5e804e3e
@00003168: *00000098 <= bf1cb9b4
@0000316c: *0000009c <= 068d7d5b
@00003170: *000000a0 <= bf1cb9b4
@00003174: *000000a4 <= 00000000
@00003178: *000000a8 <= a5859744
@0000317c: *000000ac <= deb0daaa
@00003180: *000000b0 <= 17d8184d
@00003184: *000000b4 <= a5859744
@00003188: *000000b8 <= 988f9ea5
@0000318c: *000000bc <= c2006138
@00003190: *000000c0 <= 17d8184d
@00003194: *000000c4 <= d61d3270
@00003198: *000000c8 <= f2cdfb12
@0000319c: *000000cc <= 068d7d5b
@000031a0: *000000d0 <= 6e914361
@000031a4: *000000d4 <= d61d3270
@000031a8: *000000d8 <= bf86cc5e
@000031ac: *000000dc <= 34acf06a
@000031b0: *000000e0 <= 71123b19
@000031b4: *000000e4 <= a5859744
@000031b8: *000000e8 <= af9bf977
@000031bc: *000000ec <= 988f9ea5
@000031c0: *000000f0 <= 8a3a48bd
@000031c4: *000000f4 <= a5859744
@000031c8: *000000f8 <= deb0daaa
@000031cc: *000000fc <= f2cdfb12
@000031d0: *00000100 <= 64268b94
@000031d4: *00000104 <= c2006138
@000031d8: *00000108 <= 00000000
@000031dc: *0000010c <= 03d9cff7
@000031e0: *00000110 <= 8a3a48bd
@000031e4: *00000114 <= a5859744
@000031e8: *00000118 <= 17d8184d
@000031ec: *0000011c <= af9bf977
@000031f0: *00000120 <= f2cdfb12
@000031f4: *00000124 <= 8a3a48bd
@000031f8: *00000128 <= 5e804e3e
@000031fc: *0000012c <= 00000000
@00003200: *00000130 <= 6e914361
@00003204: *00000134 <= a2dece57
@00003208: *00000138 <= 5e804e3e
@0000320c: *0000013c <= 385181c9
@00003210: *00000140 <= 03d9cff7
@00003214: *00000144 <= 64268b94
@00003218: *00000148 <= a2dece57
@0000321c: *0000014c <= c2006138
@00003220: *00000150 <= bf86cc5e
@00003224: *00000154 <= af9bf977
@00003228: *00000158 <= f2cdfb12
@0000322c: *0000015c <= c2006138
@00003230: *00000160 <= af9bf977
@00003234: *00000164 <= 068d7d5b
@00003238: *00000168 <= 5e804e3e
@0000323c: *0000016c <= f66b25ed
@00003240: *00000170 <= 5e804e3e
@00003244: *00000174 <= 87d5611e
@00003248: *00000178 <= c2006138
@0000324c: *0000017c <= 5e804e3e
@00003250: *00000180 <= 00000000
@00003254: *00000184 <= 00000000
@00003258: *00000188 <= 5e804e3e
@0000325c: *0000018c <= 03d9cff7
@00003260: *00000190 <= bf1cb9b4
@00003264: $31 <= 00003f00
@00003268: $29 <= 00002f00
@0000326c: $ 0 <= 00000000
@00003270: $13 <= 00000008
@00003274: $ 6 <= bf86cc5e
@00003278: $ 0 <= 00000000
@0000327c: $27 <= 00000044
@00003280: $16 <= 5e804e3e
@00003284: $13 <= 3d3128e8
@00003288: $25 <= 00000004
@0000328c: *00000024 <= 00000004
@00003290: $26 <= 00000078
@00003294: $20 <= 00000000
@00003298: $21 <= af000000
@0000329c: $14 <= 000000e8
@000032a0: *000000c0 <= 00000000
@000032a4: $ 7 <= af000004
@000032a8: $22 <= 00000030
@000032ac: $ 7 <= 00000000
@000032f0: $17 <= 41e65bdc
@000032f4: $22 <= d2b7cef5
@000032f8: $27 <= 354c83a1
@000032fc: $13 <= 5e807f3e
@00003300: $22 <= 00000004
@00003304: $ 7 <= 6e914361
@00003308: $ 3 <= 00000180
@0000330c: *00000160 <= 06f2a299
@00003310: $ 9 <= 644a0000
@00003314: $20 <= 20880000
@00003318: $11 <= 62240000
@0000331c: $14 <= 00000054
@00003320: $ 8 <= f66b25ed
@00003328: $10 <= 00000148
@0000332c: *00000144 <= 385181c9
@00003330: $26 <= 00000104
@00003334: $12 <= 71123b19
@00003338: $ 6 <= 5e804e42
@0000333c: $13 <= 000000d4
@00003340: *000000c0 <= 5e804e3e
@00003344: $ 9 <= 6e91dbfb
@00003348: $27 <= 0000012c
@0000334c: *00000128 <= 6e914361
@00003350: $23 <= 0000008c
@00003354: $ 0 <= 5e804e3e
@00003358: $ 3 <= 0000003c
@0000335c: $ 9 <= bf86cc5e
@00003360: $ 8 <= 00002d3d
@00003364: $11 <= 00000150
@00003368: *00000130 <= 64268b94
@0000336c: $ 0 <= 00000000
@00003370: $11 <= 00004fce
@00003374: $26 <= 0000005c
@00003378: *00000058 <= 6e914361
@0000337c: $11 <= 0000002c
@00003380: *00000038 <= 00000000
@00003384: $27 <= e62babee
@00003388: $20 <= 00000070
@0000338c: $13 <= 34acf06a
@00003390: $ 8 <= 64269f96
@00003394: $ 0 <= 00000000
@00003398: $ 8 <= 00000168
@0000339c: *0000014c <= 0000005c
@000033a0: $ 4 <= f2cdffd6
@000033a4: $13 <= 17010000
@000033a8: $ 2 <= 00000004
@000033ac: $29 <= 00002efc
@000033b0: *00002f00 <= 00003f00
@000033b4: $31 <= 000033b8
@00003620: $ 2 <= 00000088
@00003624: *0000005c <= e62babee
@00003628: $ 3 <= 00000108
@0000362c: $14 <= 64268b94
@00003630: $ 2 <= af00f476
@00003634: $ 6 <= 00000028
@00003638: $12 <= f66b25ed
@0000363c: $24 <= f2cdfe8e
@00003640: $22 <= 87d55fd6
@00003644: $ 0 <= 00000000
@00003648: $13 <= 64268b98
@0000364c: $ 0 <= 00000000
@00003650: $ 0 <= 00000000
@00003654: $ 6 <= f68f0000
@00003658: $18 <= 41e65c68
@0000365c: $19 <= f2cdfebf
@00003660: $23 <= 00000008
@00003664: *0000001c <= f2cdffd6
@00003668: $22 <= 7ebe0000
@000033b8: $ 2 <= 00000004
@000033bc: $31 <= 00003f00
@000033c0: $29 <= 00002f00
@000033c4: $ 0 <= 378b0000
@000033c8: $ 2 <= 00000004
@000033cc: $29 <= 00002efc
@000033d0: *00002f00 <= 00003f00
@000033d4: $31 <= 000033d8
@00003670: $ 0 <= cb210000
@00003674: $23 <= 0000009c
@00003678: $24 <= 5e804e3e
@0000367c: $10 <= 00000034
@00003680: *00000014 <= 5e804e3e
@00003684: $ 6 <= 000000c8
@00003688: $19 <= 00000000
@0000368c: $22 <= af000000
@00003690: $ 7 <= 41e65c94
@00003694: $ 9 <= f2ce0032
@00003698: $17 <= 00000034
@0000369c: $ 0 <= 00000000
@000036a0: $ 7 <= 0000736c
@000036a4: $22 <= 00007408
@000036a8: $12 <= af00005c
@000036ac: $ 6 <= 000000d0
@000036b0: $ 8 <= 17d8184d
@000033d8: $ 2 <= 00000004
@000033dc: $31 <= 00003f00
@000033e0: $29 <= 00002f00
@000033e4: $18 <= 000000b4
@000033e8: *00000098 <= 00000070
@000033ec: $27 <= 44abfa2c
@000033f0: $ 2 <= e2d10000
@000033f4: $22 <= 00000030
@000033f8: *0000003c <= 5e804e3e
@000033fc: $ 0 <= 00000000
@00003400: $26 <= a17fb276
@00003404: $ 2 <= 00000004
@00003408: $29 <= 00002efc
@0000340c: *00002f00 <= 00003f00
@00003410: $31 <= 00003414
@000036b8: $20 <= 9bd9753c
@00003414: $ 2 <= 00000004
@00003418: $31 <= 00003f00
@0000341c: $29 <= 00002f00
@00003420: $ 7 <= 00000000
@00003424: *00000030 <= af000000
@00003428: $16 <= 5e804e3e
@0000342c: $ 0 <= 00000000
@00003430: $24 <= 000000c2
@00003434: $17 <= 7bfea3e1
@00003438: $16 <= d6df0000
@0000343c: $10 <= 0000012c
@00003440: *0000011c <= f2cdffd6
@00003444: $ 0 <= 00000000
@00003448: $21 <= af009c95
@0000344c: $16 <= 44abfa5c
@00003450: $20 <= 9bd9746c
@00003454: $ 5 <= 0000016c
@00003458: $12 <= 00009fbb
@0000345c: $19 <= 0000014c
@00003460: *0000012c <= af009c95
@00003464: $11 <= c3cc0000
@00003468: $ 0 <= 00000000
@0000346c: $ 0 <= af009c99
@00003470: $ 3 <= 00000080
@00003474: *00000064 <= 7bfea3e1
@00003478: $16 <= 0000dfff
@0000347c: $ 2 <= 00000004
@00003480: $29 <= 00002efc
@00003484: *00002f00 <= 00003f00
@00003488: $31 <= 0000348c
@000036c0: $11 <= 000000d4
@000036c4: $18 <= 000001cc
@0000348c: $ 2 <= 00000004
@00003490: $31 <= 00003f00
@00003494: $29 <= 00002f00
@00003498: $ 5 <= 0000e0cf
@0000349c: $24 <= 17d8de7d
@000034a0: $22 <= 7bfdc312
@000034a4: $17 <= ceca0000
@000034a8: $15 <= 5100436a
@000034ac: $ 5 <= 6426ffbe
@000034b4: $ 0 <= 00000000
@000034b8: $21 <= 000000e8
@000034bc: $18 <= 71123b19
@000034c0: $17 <= 00000168
@000034c4: $19 <= a2dece57
@000034c8: $27 <= 6426ffbe
@000034cc: $27 <= dbe30000
@000034d0: $23 <= 00000080
@000034d4: *00000058 <= 64268b94
@000034d8: $15 <= 0000006c
@000034dc: $ 9 <= 00000000
@000034e0: $ 0 <= 00000000
@000034e4: $12 <= a2decf2b
@000034e8: $ 7 <= c147bd41
@000034ec: $12 <= 00000068
@000034f0: $27 <= a5859744
@000034f4: $18 <= cc810000
@000034f8: $16 <= 0000c630
@00003560: $ 0 <= 00000000
@00003564: $27 <= 6426cfff
@00003568: $10 <= 00000068
@0000356c: *0000005c <= 000000d0
@00003570: $ 0 <= 00000150
@00003574: $21 <= 000000a4
@00003578: $ 4 <= e62ba0ae
@0000357c: $ 0 <= 00000000
@00003580: $14 <= e62ba0ae
@00003584: $12 <= 0000c5c4
@00003588: $17 <= 0000001c
@0000358c: *00000030 <= c147bd41
@00003590: $12 <= 256e48d9
@000035b4: $20 <= 00000068
@000035b8: $19 <= 64268b94
@000035bc: $ 2 <= 17d81849
@000035c0: $ 2 <= 00000000
@000035c4: $ 9 <= 00000110
@000035c8: *000000f8 <= 0000c630
@000035cc: $15 <= 4d2a0000
@000035d0: $ 2 <= 0000013c
@000035d4: *00000130 <= a17fb276
@000035d8: $ 0 <= ffffbb99
@000035dc: $14 <= da91b78f
@000035e0: $24 <= 0000c630
@000035e4: $ 5 <= 000000d8
@000035e8: $ 3 <= f7c40000
@000035ec: $17 <= c147fde1
@000035f0: $ 3 <= 5e804df2
@000035f4: $17 <= 17d7521d
@000035f8: $ 0 <= 00000000
@000035fc: $ 2 <= 000000d8
@00003600: $ 2 <= 00000004
@00003604: $29 <= 00002efc
@00003608: *00002f00 <= 00003f00
@0000360c: $31 <= 00003610
@000036cc: $15 <= 0000001c
@000036d0: $13 <= 8a3a48bd
@000036d4: $ 0 <= 00000000
@000036d8: $27 <= 00000014
@000036dc: $24 <= 17d8184d
@00003610: $ 2 <= 00000004
@00003614: $31 <= 00003f00
@00003618: $29 <= 00002f00
INFO: [USF-XSim-96] XSim completed. Design snapshot 'tb_behav' loaded.
INFO: [USF-XSim-97] XSim simulation ran for 1500ns
launch_simulation: Time (s): cpu = 00:00:01 ; elapsed = 00:00:07 . Memory (MB): peak = 388.000 ; gain = 9.922
INFO: [Common 17-206] Exiting Vivado at Sat Nov 20 21:18:09 2021...
