#-----------------------------------------------------------
# Vivado v2019.1 (64-bit)
# SW Build 2552052 on Fri May 24 14:49:42 MDT 2019
# IP Build 2548770 on Fri May 24 18:01:18 MDT 2019
# Start of session at: Sat Nov 20 21:17:11 2021
# Process ID: 17156
# Current directory: D:/Archive/ISE/Monocycle_CPU/Monocycle_CPU.sim/sim_1/behav/xsim
# Command line: vivado.exe -mode batch -source start.tcl
# Log file: D:/Archive/ISE/Monocycle_CPU/Monocycle_CPU.sim/sim_1/behav/xsim/vivado.log
# Journal file: D:/Archive/ISE/Monocycle_CPU/Monocycle_CPU.sim/sim_1/behav/xsim\vivado.jou
#-----------------------------------------------------------
source start.tcl
# open_project D:/Archive/ISE/Monocycle_CPU/Monocycle_CPU.xpr
Scanning sources...
Finished scanning sources
# update_compile_order -fileset sources_1
# launch_simulation
INFO: [Vivado 12-5682] Launching behavioral simulation in 'D:/Archive/ISE/Monocycle_CPU/Monocycle_CPU.sim/sim_1/behav/xsim'
INFO: [SIM-utils-51] Simulation object is 'sim_1'
INFO: [SIM-utils-54] Inspecting design source files for 'tb' in fileset 'sim_1'...
INFO: [USF-XSim-97] Finding global include files...
INFO: [USF-XSim-98] Fetching design files from 'sim_1'...
INFO: [USF-XSim-2] XSim::Compile design
INFO: [USF-XSim-61] Executing 'COMPILE and ANALYZE' step in 'D:/Archive/ISE/Monocycle_CPU/Monocycle_CPU.sim/sim_1/behav/xsim'
"xvlog --incr --relax -prj tb_vlog.prj"
INFO: [USF-XSim-69] 'compile' step finished in '2' seconds
INFO: [USF-XSim-3] XSim::Elaborate design
INFO: [USF-XSim-61] Executing 'ELABORATE' step in 'D:/Archive/ISE/Monocycle_CPU/Monocycle_CPU.sim/sim_1/behav/xsim'
"xelab -wto 621f38b3aa9d41e8871e65c93967b309 --incr --debug typical --relax --mt 2 -L xil_defaultlib -L unisims_ver -L unimacro_ver -L secureip --snapshot tb_behav xil_defaultlib.tb xil_defaultlib.glbl -log elaborate.log"
Vivado Simulator 2019.1
Copyright 1986-1999, 2001-2019 Xilinx, Inc. All Rights Reserved.
Running: D:/Xillinx/Vivado/2019.1/bin/unwrapped/win64.o/xelab.exe -wto 621f38b3aa9d41e8871e65c93967b309 --incr --debug typical --relax --mt 2 -L xil_defaultlib -L unisims_ver -L unimacro_ver -L secureip --snapshot tb_behav xil_defaultlib.tb xil_defaultlib.glbl -log elaborate.log 
Using 2 slave threads.
Starting static elaboration
Completed static elaboration
INFO: [XSIM 43-4323] No Change in HDL. Linking previously generated obj files to create kernel
INFO: [USF-XSim-69] 'elaborate' step finished in '2' seconds
INFO: [USF-XSim-4] XSim::Simulate design
INFO: [USF-XSim-61] Executing 'SIMULATE' step in 'D:/Archive/ISE/Monocycle_CPU/Monocycle_CPU.sim/sim_1/behav/xsim'
INFO: [USF-XSim-98] *** Running xsim
   with args "tb_behav -key {Behavioral:sim_1:Functional:tb} -tclbatch {tb.tcl} -log {simulate.log}"
INFO: [USF-XSim-8] Loading simulator feature
Vivado Simulator 2019.1
Time resolution is 1 ps
source tb.tcl
## current_wave_config
@00003000: $ 2 <= 42290000
@00003004: $ 2 <= 4229da3a
@00003008: $ 3 <= e9220000
@0000300c: $ 3 <= e922e268
@00003010: $ 4 <= 16ab0000
@00003014: $ 4 <= 16abd37c
@00003018: $ 5 <= 315e0000
@0000301c: $ 5 <= 315ed589
@00003020: $ 6 <= e5180000
@00003024: $ 6 <= e518f5e1
@00003028: $ 7 <= c57f0000
@0000302c: $ 7 <= c57f330f
@00003030: $ 8 <= 12390000
@00003034: $ 8 <= 1239646f
@00003038: $ 9 <= 7a9e0000
@0000303c: $ 9 <= 7a9e6db7
@00003040: $10 <= 5f360000
@00003044: $10 <= 5f36bca3
@00003048: $11 <= f6840000
@0000304c: $11 <= f6844d89
@00003050: $12 <= f6340000
@00003054: $12 <= f634fc3a
@00003058: $13 <= 7c6b0000
@0000305c: $13 <= 7c6b0e41
@00003060: $14 <= 96550000
@00003064: $14 <= 9655e260
@00003068: $15 <= 36030000
@0000306c: $15 <= 36033a55
@00003070: $16 <= 905d0000
@00003074: $16 <= 905d2685
@00003078: $17 <= 8cb10000
@0000307c: $17 <= 8cb18f8d
@00003080: $18 <= 65650000
@00003084: $18 <= 656536a8
@00003088: $19 <= 8e950000
@0000308c: $19 <= 8e953c5a
@00003090: $20 <= b7a00000
@00003094: $20 <= b7a081a3
@00003098: $21 <= b10a0000
@0000309c: $21 <= b10a9632
@000030a0: $22 <= 1e360000
@000030a4: $22 <= 1e369c80
@000030a8: $23 <= 4a620000
@000030ac: $23 <= 4a6267e7
@000030b0: $24 <= e11e0000
@000030b4: $24 <= e11e5d63
@000030b8: $25 <= df940000
@000030bc: $25 <= df944d9d
@000030c0: $26 <= 33c90000
@000030c4: $26 <= 33c94ffd
@000030c8: $27 <= 58ce0000
@000030cc: $27 <= 58ce13da
@000030d0: *00000000 <= b7a081a3
@000030d4: *00000004 <= 8cb18f8d
@000030d8: *00000008 <= 1239646f
@000030dc: *0000000c <= f634fc3a
@000030e0: *00000010 <= 7c6b0e41
@000030e4: *00000014 <= f6844d89
@000030e8: *00000018 <= 00000000
@000030ec: *0000001c <= f6844d89
@000030f0: *00000020 <= e922e268
@000030f4: *00000024 <= e922e268
@000030f8: *00000028 <= c57f330f
@000030fc: *0000002c <= e518f5e1
@00003100: *00000030 <= f6844d89
@00003104: *00000034 <= b7a081a3
@00003108: *00000038 <= 5f36bca3
@0000310c: *0000003c <= e922e268
@00003110: *00000040 <= 4229da3a
@00003114: *00000044 <= df944d9d
@00003118: *00000048 <= 9655e260
@0000311c: *0000004c <= b10a9632
@00003120: *00000050 <= 315ed589
@00003124: *00000054 <= df944d9d
@00003128: *00000058 <= 7c6b0e41
@0000312c: *0000005c <= b10a9632
@00003130: *00000060 <= 7a9e6db7
@00003134: *00000064 <= 4229da3a
@00003138: *00000068 <= e518f5e1
@0000313c: *0000006c <= f634fc3a
@00003140: *00000070 <= 9655e260
@00003144: *00000074 <= 4a6267e7
@00003148: *00000078 <= c57f330f
@0000314c: *0000007c <= e11e5d63
@00003150: *00000080 <= 9655e260
@00003154: *00000084 <= b7a081a3
@00003158: *00000088 <= 33c94ffd
@0000315c: *0000008c <= c57f330f
@00003160: *00000090 <= 00000000
@00003164: *00000094 <= 9655e260
@00003168: *00000098 <= b10a9632
@0000316c: *0000009c <= 4a6267e7
@00003170: *000000a0 <= f634fc3a
@00003174: *000000a4 <= c57f330f
@00003178: *000000a8 <= df944d9d
@0000317c: *000000ac <= 905d2685
@00003180: *000000b0 <= 16abd37c
@00003184: *000000b4 <= 9655e260
@00003188: *000000b8 <= 00000000
@0000318c: *000000bc <= 7c6b0e41
@00003190: *000000c0 <= 36033a55
@00003194: *000000c4 <= e518f5e1
@00003198: *000000c8 <= 315ed589
@0000319c: *000000cc <= 33c94ffd
@000031a0: *000000d0 <= 315ed589
@000031a4: *000000d4 <= 656536a8
@000031a8: *000000d8 <= 4229da3a
@000031ac: *000000dc <= e518f5e1
@000031b0: *000000e0 <= 905d2685
@000031b4: *000000e4 <= 00000000
@000031b8: *000000e8 <= 315ed589
@000031bc: *000000ec <= 00000000
@000031c0: *000000f0 <= 7a9e6db7
@000031c4: *000000f4 <= 9655e260
@000031c8: *000000f8 <= e518f5e1
@000031cc: *000000fc <= b10a9632
@000031d0: *00000100 <= f634fc3a
@000031d4: *00000104 <= b7a081a3
@000031d8: *00000108 <= 5f36bca3
@000031dc: *0000010c <= 9655e260
@000031e0: *00000110 <= 656536a8
@000031e4: *00000114 <= 905d2685
@000031e8: *00000118 <= 315ed589
@000031ec: *0000011c <= 905d2685
@000031f0: *00000120 <= 4229da3a
@000031f4: *00000124 <= 7a9e6db7
@000031f8: *00000128 <= f634fc3a
@000031fc: *0000012c <= 16abd37c
@00003200: *00000130 <= 9655e260
@00003204: *00000134 <= 8cb18f8d
@00003208: *00000138 <= 7a9e6db7
@0000320c: *0000013c <= 00000000
@00003210: *00000140 <= c57f330f
@00003214: *00000144 <= 00000000
@00003218: *00000148 <= e518f5e1
@0000321c: *0000014c <= 00000000
@00003220: *00000150 <= e922e268
@00003224: *00000154 <= 5f36bca3
@00003228: *00000158 <= 00000000
@0000322c: *0000015c <= 656536a8
@00003230: *00000160 <= 8e953c5a
@00003234: *00000164 <= e11e5d63
@00003238: *00000168 <= 4229da3a
@0000323c: *0000016c <= 16abd37c
@00003240: *00000170 <= 905d2685
@00003244: *00000174 <= 00000000
@00003248: *00000178 <= 5f36bca3
@0000324c: *0000017c <= e11e5d63
@00003250: *00000180 <= 4229da3a
@00003254: *00000184 <= 16abd37c
@00003258: *00000188 <= c57f330f
@0000325c: *0000018c <= 4a6267e7
@00003260: *00000190 <= 4a6267e7
@00003264: $31 <= 00003f00
@00003268: $29 <= 00002f00
@0000326c: $22 <= fa1d0000
@00003270: $23 <= 8cd7d226
@00003274: $ 2 <= 00000004
@00003278: $29 <= 00002efc
@0000327c: *00002f00 <= 00003f00
@00003280: $31 <= 00003284
@00003544: $10 <= 58ce73da
@00003548: $25 <= dac30000
@0000354c: $ 0 <= 00000000
@00003550: $ 0 <= 00000000
@00003554: $ 0 <= 00000000
@00003558: $15 <= 00000050
@0000355c: *00000038 <= c57f330f
@00003560: $ 0 <= 5683b987
@00003284: $ 2 <= 00000004
@00003288: $31 <= 00003f00
@0000328c: $29 <= 00002f00
@00003290: $ 0 <= 00000000
@00003294: $12 <= 7c6bae73
@00003298: $ 0 <= 00000000
@0000329c: $17 <= 00000184
@000032a0: $13 <= 16abd37c
@000032a4: $22 <= cea12bfb
@000032a8: $13 <= 0000007c
@000032ac: $22 <= 315ed589
@000032b0: $26 <= e518f631
@000032b4: $ 0 <= 00000000
@000032b8: $27 <= 7c6bbeff
@000032bc: $14 <= 000000c8
@000032c0: *000000ac <= 7c6bae73
@000032c4: $20 <= 65653fea
@000032c8: $ 3 <= 00000100
@000032cc: *000000fc <= e518f5e1
@000032d0: $13 <= 0000c27a
@000032d4: $ 2 <= 0000016c
@000032d8: $ 9 <= 00000000
@000032dc: $22 <= 8cd7fbff
@00003324: $ 0 <= 00000000
@00003328: $ 0 <= 00000000
@0000332c: $11 <= 65657fee
@00003330: $20 <= fefb0000
@00003334: $18 <= e518f5fb
@00003338: $ 7 <= ef93ecd9
@0000333c: $12 <= 000000fc
@00003340: $22 <= 9655e260
@00003344: $21 <= 00000088
@00003348: *00000060 <= 000000c8
@0000334c: $11 <= 16abff7c
@00003350: $ 0 <= 00000000
@00003354: $ 0 <= 00000000
@0000339c: $ 2 <= 16abff7f
@000033a0: $20 <= 45aa0000
@000033a4: $ 2 <= e518f5e1
@000033a8: $ 4 <= 3a5d0000
@000033ac: $ 0 <= 2ac2f5e1
@000033b0: $26 <= 9655e2b0
@000033b4: $13 <= 00003bb6
@000033b8: $ 0 <= 00000000
@000033bc: $ 0 <= 00000000
@000033c0: $11 <= 000040d7
@000033c4: $ 8 <= 00000190
@000033c8: *00000190 <= 00000184
@000033cc: $18 <= 00000008
@000033d0: $ 4 <= b7a081a3
@000033d4: $15 <= 00000100
@000033d8: $ 7 <= 7c6bbffb
@000033dc: $19 <= 26d80000
@000033e0: $26 <= 00000074
@000033e4: $19 <= 4a6267e7
@000033e8: $ 2 <= 000000dc
@000033ec: $ 5 <= 36033a55
@000033f0: $15 <= eda3bbf8
@000033f4: $ 0 <= 00000000
@00003444: $19 <= 00004f93
@00003448: $11 <= 000001dc
@0000344c: $ 0 <= 00000000
@00003468: $16 <= 9655e2d4
@0000346c: $ 9 <= ffffffc8
@00003470: $26 <= b26ef954
@00003474: $20 <= e11e5e2b
@00003478: $ 0 <= 00000000
@0000347c: $16 <= 34095e4c
@00003480: $15 <= ffffff8c
@00003484: $ 0 <= 00000000
@00003488: $ 3 <= 1ee1f168
@0000348c: $25 <= b26ef97d
@00003490: $ 0 <= 00000000
@00003494: $ 5 <= 00000320
@00003498: $11 <= 38450000
@0000349c: $13 <= e8200000
@000034a0: $ 2 <= 00000004
@000034a4: $29 <= 00002efc
@000034a8: *00002f00 <= 00003f00
@000034ac: $31 <= 000034b0
@00003568: $13 <= 584123bb
@0000356c: $22 <= 37000000
@00003570: $15 <= 2ac8af7d
@00003574: $20 <= 584126db
@00003578: $ 9 <= b7a0b9af
@0000357c: $ 7 <= 00000178
@00003580: $14 <= 00000000
@00003584: $23 <= 00000080
@00003588: $ 0 <= 00000000
@0000358c: $ 8 <= 00000114
@00003590: $18 <= b7a081a3
@00003594: $ 4 <= 00000489
@00003598: $ 3 <= b7a0b9af
@0000359c: $17 <= 00000064
@000035a0: $ 0 <= 9655e260
@000035a4: $ 7 <= 4ee20000
@000035a8: $10 <= 00000024
@000035ac: $ 9 <= c57f330f
@000035b0: $22 <= 000000cc
@000035b4: $ 3 <= c57f330f
@000035b8: $ 0 <= 00000000
@000034b0: $ 2 <= 00000004
@000034b4: $31 <= 00003f00
@000034b8: $29 <= 00002f00
@000034bc: $27 <= 0150f954
@000034c0: $ 8 <= 00000118
@000034c4: $16 <= e518f5e1
@000034c8: $ 8 <= e11e5df7
@000034cc: $21 <= 0b480000
@000034d0: $ 2 <= c8dd0000
@000034d4: $19 <= 0000002c
@000034d8: *00000038 <= 000000cc
@000034dc: $11 <= d0c7330f
@000034e0: $24 <= 00000048
@000034e4: $10 <= 00000000
@000034e8: $13 <= 2c19a8d1
@000034ec: $16 <= 1d0c0000
@000034f0: $ 6 <= e0663d2e
@000034f4: $ 5 <= 1d0c0064
@000034f8: $ 0 <= 00000000
@000034fc: $10 <= 638cf97d
@00003500: $23 <= cf2d0000
@00003504: $27 <= 00000160
@00003508: *00000160 <= 00000160
@0000350c: $ 0 <= 00000000
@00003510: $26 <= 0000008c
@00003514: *00000078 <= 00000000
@00003518: $17 <= e11e5df7
@0000351c: $ 9 <= e11edfff
INFO: [USF-XSim-96] XSim completed. Design snapshot 'tb_behav' loaded.
INFO: [USF-XSim-97] XSim simulation ran for 1500ns
launch_simulation: Time (s): cpu = 00:00:01 ; elapsed = 00:00:07 . Memory (MB): peak = 388.414 ; gain = 10.488
INFO: [Common 17-206] Exiting Vivado at Sat Nov 20 21:17:28 2021...
