#-----------------------------------------------------------
# Vivado v2019.1 (64-bit)
# SW Build 2552052 on Fri May 24 14:49:42 MDT 2019
# IP Build 2548770 on Fri May 24 18:01:18 MDT 2019
# Start of session at: Sat Nov 20 21:14:31 2021
# Process ID: 25896
# Current directory: D:/Archive/ISE/Monocycle_CPU/Monocycle_CPU.sim/sim_1/behav/xsim
# Command line: vivado.exe -mode batch -source start.tcl
# Log file: D:/Archive/ISE/Monocycle_CPU/Monocycle_CPU.sim/sim_1/behav/xsim/vivado.log
# Journal file: D:/Archive/ISE/Monocycle_CPU/Monocycle_CPU.sim/sim_1/behav/xsim\vivado.jou
#-----------------------------------------------------------
source start.tcl
# open_project D:/Archive/ISE/Monocycle_CPU/Monocycle_CPU.xpr
Scanning sources...
Finished scanning sources
# update_compile_order -fileset sources_1
# launch_simulation
INFO: [Vivado 12-5682] Launching behavioral simulation in 'D:/Archive/ISE/Monocycle_CPU/Monocycle_CPU.sim/sim_1/behav/xsim'
INFO: [SIM-utils-51] Simulation object is 'sim_1'
INFO: [SIM-utils-54] Inspecting design source files for 'tb' in fileset 'sim_1'...
INFO: [USF-XSim-97] Finding global include files...
INFO: [USF-XSim-98] Fetching design files from 'sim_1'...
INFO: [USF-XSim-2] XSim::Compile design
INFO: [USF-XSim-61] Executing 'COMPILE and ANALYZE' step in 'D:/Archive/ISE/Monocycle_CPU/Monocycle_CPU.sim/sim_1/behav/xsim'
"xvlog --incr --relax -prj tb_vlog.prj"
INFO: [USF-XSim-69] 'compile' step finished in '2' seconds
INFO: [USF-XSim-3] XSim::Elaborate design
INFO: [USF-XSim-61] Executing 'ELABORATE' step in 'D:/Archive/ISE/Monocycle_CPU/Monocycle_CPU.sim/sim_1/behav/xsim'
"xelab -wto 621f38b3aa9d41e8871e65c93967b309 --incr --debug typical --relax --mt 2 -L xil_defaultlib -L unisims_ver -L unimacro_ver -L secureip --snapshot tb_behav xil_defaultlib.tb xil_defaultlib.glbl -log elaborate.log"
Vivado Simulator 2019.1
Copyright 1986-1999, 2001-2019 Xilinx, Inc. All Rights Reserved.
Running: D:/Xillinx/Vivado/2019.1/bin/unwrapped/win64.o/xelab.exe -wto 621f38b3aa9d41e8871e65c93967b309 --incr --debug typical --relax --mt 2 -L xil_defaultlib -L unisims_ver -L unimacro_ver -L secureip --snapshot tb_behav xil_defaultlib.tb xil_defaultlib.glbl -log elaborate.log 
Using 2 slave threads.
Starting static elaboration
Completed static elaboration
INFO: [XSIM 43-4323] No Change in HDL. Linking previously generated obj files to create kernel
INFO: [USF-XSim-69] 'elaborate' step finished in '1' seconds
INFO: [USF-XSim-4] XSim::Simulate design
INFO: [USF-XSim-61] Executing 'SIMULATE' step in 'D:/Archive/ISE/Monocycle_CPU/Monocycle_CPU.sim/sim_1/behav/xsim'
INFO: [USF-XSim-98] *** Running xsim
   with args "tb_behav -key {Behavioral:sim_1:Functional:tb} -tclbatch {tb.tcl} -log {simulate.log}"
INFO: [USF-XSim-8] Loading simulator feature
Vivado Simulator 2019.1
Time resolution is 1 ps
source tb.tcl
## current_wave_config
@00003000: $ 2 <= 01410000
@00003004: $ 2 <= 01417c4b
@00003008: $ 3 <= a9ee0000
@0000300c: $ 3 <= a9ee374e
@00003010: $ 4 <= 1d390000
@00003014: $ 4 <= 1d39c014
@00003018: $ 5 <= 36fb0000
@0000301c: $ 5 <= 36fbb6c3
@00003020: $ 6 <= b21d0000
@00003024: $ 6 <= b21d752e
@00003028: $ 7 <= 38110000
@0000302c: $ 7 <= 3811c0c7
@00003030: $ 8 <= 69420000
@00003034: $ 8 <= 694299a6
@00003038: $ 9 <= f8e10000
@0000303c: $ 9 <= f8e19312
@00003040: $10 <= f13a0000
@00003044: $10 <= f13a296c
@00003048: $11 <= d3d00000
@0000304c: $11 <= d3d0e471
@00003050: $12 <= a7150000
@00003054: $12 <= a7152b88
@00003058: $13 <= 3c260000
@0000305c: $13 <= 3c2670bd
@00003060: $14 <= f0920000
@00003064: $14 <= f0929baa
@00003068: $15 <= 270c0000
@0000306c: $15 <= 270c8ab4
@00003070: $16 <= a28c0000
@00003074: $16 <= a28c60d2
@00003078: $17 <= fd970000
@0000307c: $17 <= fd97b22c
@00003080: $18 <= 87fc0000
@00003084: $18 <= 87fc966a
@00003088: $19 <= 39fa0000
@0000308c: $19 <= 39faff27
@00003090: $20 <= 00230000
@00003094: $20 <= 0023aab5
@00003098: $21 <= 8ab40000
@0000309c: $21 <= 8ab4813a
@000030a0: $22 <= 06cf0000
@000030a4: $22 <= 06cf45e0
@000030a8: $23 <= 55400000
@000030ac: $23 <= 5540b0ab
@000030b0: $24 <= ac7a0000
@000030b4: $24 <= ac7ae09c
@000030b8: $25 <= 73420000
@000030bc: $25 <= 734252b0
@000030c0: $26 <= e4cd0000
@000030c4: $26 <= e4cd09bf
@000030c8: $27 <= 18770000
@000030cc: $27 <= 187788d4
@000030d0: *00000000 <= 734252b0
@000030d4: *00000004 <= 734252b0
@000030d8: *00000008 <= a28c60d2
@000030dc: *0000000c <= a9ee374e
@000030e0: *00000010 <= d3d0e471
@000030e4: *00000014 <= 3811c0c7
@000030e8: *00000018 <= ac7ae09c
@000030ec: *0000001c <= e4cd09bf
@000030f0: *00000020 <= 3c2670bd
@000030f4: *00000024 <= a9ee374e
@000030f8: *00000028 <= 3c2670bd
@000030fc: *0000002c <= 39faff27
@00003100: *00000030 <= 1d39c014
@00003104: *00000034 <= 06cf45e0
@00003108: *00000038 <= f0929baa
@0000310c: *0000003c <= 39faff27
@00003110: *00000040 <= 39faff27
@00003114: *00000044 <= ac7ae09c
@00003118: *00000048 <= f0929baa
@0000311c: *0000004c <= b21d752e
@00003120: *00000050 <= 0023aab5
@00003124: *00000054 <= 3811c0c7
@00003128: *00000058 <= fd97b22c
@0000312c: *0000005c <= 694299a6
@00003130: *00000060 <= 87fc966a
@00003134: *00000064 <= d3d0e471
@00003138: *00000068 <= f0929baa
@0000313c: *0000006c <= f13a296c
@00003140: *00000070 <= d3d0e471
@00003144: *00000074 <= f13a296c
@00003148: *00000078 <= 694299a6
@0000314c: *0000007c <= f0929baa
@00003150: *00000080 <= 270c8ab4
@00003154: *00000084 <= e4cd09bf
@00003158: *00000088 <= 01417c4b
@0000315c: *0000008c <= 8ab4813a
@00003160: *00000090 <= a9ee374e
@00003164: *00000094 <= 270c8ab4
@00003168: *00000098 <= 270c8ab4
@0000316c: *0000009c <= a28c60d2
@00003170: *000000a0 <= b21d752e
@00003174: *000000a4 <= b21d752e
@00003178: *000000a8 <= 01417c4b
@0000317c: *000000ac <= b21d752e
@00003180: *000000b0 <= d3d0e471
@00003184: *000000b4 <= 00000000
@00003188: *000000b8 <= 187788d4
@0000318c: *000000bc <= 187788d4
@00003190: *000000c0 <= d3d0e471
@00003194: *000000c4 <= 00000000
@00003198: *000000c8 <= 694299a6
@0000319c: *000000cc <= f0929baa
@000031a0: *000000d0 <= 00000000
@000031a4: *000000d4 <= 694299a6
@000031a8: *000000d8 <= 734252b0
@000031ac: *000000dc <= 87fc966a
@000031b0: *000000e0 <= 36fbb6c3
@000031b4: *000000e4 <= 06cf45e0
@000031b8: *000000e8 <= d3d0e471
@000031bc: *000000ec <= b21d752e
@000031c0: *000000f0 <= 5540b0ab
@000031c4: *000000f4 <= d3d0e471
@000031c8: *000000f8 <= 36fbb6c3
@000031cc: *000000fc <= 1d39c014
@000031d0: *00000100 <= 0023aab5
@000031d4: *00000104 <= d3d0e471
@000031d8: *00000108 <= 87fc966a
@000031dc: *0000010c <= 01417c4b
@000031e0: *00000110 <= 734252b0
@000031e4: *00000114 <= f0929baa
@000031e8: *00000118 <= a7152b88
@000031ec: *0000011c <= 270c8ab4
@000031f0: *00000120 <= e4cd09bf
@000031f4: *00000124 <= 00000000
@000031f8: *00000128 <= f0929baa
@000031fc: *0000012c <= 36fbb6c3
@00003200: *00000130 <= 01417c4b
@00003204: *00000134 <= 39faff27
@00003208: *00000138 <= 1d39c014
@0000320c: *0000013c <= a9ee374e
@00003210: *00000140 <= 06cf45e0
@00003214: *00000144 <= e4cd09bf
@00003218: *00000148 <= ac7ae09c
@0000321c: *0000014c <= 36fbb6c3
@00003220: *00000150 <= 8ab4813a
@00003224: *00000154 <= 187788d4
@00003228: *00000158 <= f0929baa
@0000322c: *0000015c <= f13a296c
@00003230: *00000160 <= 8ab4813a
@00003234: *00000164 <= a7152b88
@00003238: *00000168 <= 87fc966a
@0000323c: *0000016c <= d3d0e471
@00003240: *00000170 <= 8ab4813a
@00003244: *00000174 <= fd97b22c
@00003248: *00000178 <= 36fbb6c3
@0000324c: *0000017c <= f0929baa
@00003250: *00000180 <= 06cf45e0
@00003254: *00000184 <= 39faff27
@00003258: *00000188 <= 8ab4813a
@0000325c: *0000018c <= 3811c0c7
@00003260: *00000190 <= ac7ae09c
@00003264: $31 <= 00003f00
@00003268: $29 <= 00002f00
@0000326c: $23 <= 69429bae
@00003270: $26 <= 00000110
@00003274: $ 0 <= 1d39c014
@00003278: $ 9 <= 00000064
@0000327c: *00000044 <= 87fc966a
@00003280: $23 <= 42360ef2
@00003284: $17 <= 1c6e0000
@00003288: $ 0 <= 00000000
@0000328c: $ 9 <= c6b638d4
@00003290: $ 7 <= 0000018c
@00003294: *0000015c <= 0023aab5
@00003298: $27 <= 78036996
@0000329c: $ 0 <= 00000000
@000032a0: $16 <= 7beeaaa6
@000032a4: $ 5 <= 1d8cff27
@000032a8: $ 0 <= 00000000
@000032ac: $ 5 <= 1d39fddd
@000032b0: $16 <= 3b3c7b72
@000032b4: $ 8 <= 00000100
@000032b8: *000000f4 <= 00000100
@000032bc: $12 <= 1d8cff27
@000032c0: $16 <= 00000174
@000032c4: $ 6 <= 8ab4813a
@000032c8: $ 9 <= 00000064
@000032cc: *00000040 <= 00000110
@000032d0: $ 0 <= 00000000
@00003334: $22 <= 42360e8e
@00003338: $ 0 <= 00000000
@0000333c: $21 <= 00000090
@00003340: $ 3 <= d3d0e471
@00003344: $11 <= 42360e2a
@00003348: $11 <= 54630000
@0000334c: $26 <= 00000028
@00003350: *0000002c <= 00000174
@00003398: $21 <= 4259b943
@0000339c: $ 5 <= 000035c6
@000033a0: $20 <= 000000cc
@000033a4: *000000cc <= 00000000
@000033a8: $ 4 <= 00000068
@000033ac: *00000060 <= f0929baa
@000033b0: $17 <= 768cfb11
@000033b4: $ 9 <= 000000f4
@000033b8: $18 <= 5540b0ab
@000033e0: $19 <= 00000090
@000033e4: *00000078 <= f0929baa
@000033e8: $ 0 <= 00000000
@000033ec: $24 <= ffffff74
@000033f0: $ 0 <= 00000000
@000033f4: $12 <= 00000108
@000033f8: $19 <= 36fbb6c3
@000033fc: $15 <= 0000008c
@00003400: $19 <= 36fbb6cb
@00003404: $10 <= 0000a3cd
@00003408: $14 <= 8ab481a2
@0000340c: $ 0 <= 00000000
@00003410: $ 4 <= 00000088
@00003414: $14 <= fd97b22c
@00003418: $ 0 <= 00000000
@0000341c: $ 9 <= 4c8a0000
@00003420: $16 <= 734252b0
@00003424: $ 2 <= 00000004
@00003428: $29 <= 00002efc
@0000342c: *00002f00 <= 00003f00
@00003430: $31 <= 00003434
@000035a8: $ 7 <= 00000190
@000035ac: $ 8 <= 36810000
@000035b0: $ 9 <= 0000edcd
@000035b4: $23 <= 00000094
@000035b8: $10 <= d3d0e471
@000035bc: $18 <= 971e0000
@000035c0: $19 <= 36810000
@000035c4: $ 0 <= 00000000
@000035c8: $ 0 <= 00000000
@000035cc: $27 <= 4259bfff
@000035d0: $ 0 <= 00000000
@000035d4: $18 <= e2db0000
@000035d8: $ 9 <= 0000007c
@000035dc: $23 <= d3d0e471
@000035e0: $ 2 <= 000000e0
@000035e4: *000000c0 <= 000035c6
@000035e8: $12 <= 4259b8b7
@000035ec: $ 0 <= 00000000
@00003434: $ 2 <= 00000004
@00003438: $31 <= 00003f00
@0000343c: $29 <= 00002f00
@00003440: $14 <= f3fe0000
@00003444: $17 <= 000000d0
@00003448: $16 <= 01417c4b
@0000344c: $ 2 <= 00000004
@00003450: $29 <= 00002efc
@00003454: *00002f00 <= 00003f00
@00003458: $31 <= 0000345c
@000035f4: $11 <= a0870000
@000035f8: $ 0 <= 00000000
@000035fc: $ 3 <= 000000e0
@00003600: $18 <= 187788d4
@00003604: $13 <= 00000124
@00003608: $17 <= d3d0e471
@0000360c: $21 <= 0000008c
@00003610: *00000064 <= f3fe0000
@00003614: $16 <= 00000128
@00003618: $19 <= 1d39c014
@0000361c: $ 6 <= 00000130
@00003620: $13 <= 734252b0
@00003624: $17 <= 0000006c
@00003628: $14 <= fd97b22c
@0000362c: $20 <= 000000a0
@00003630: *00000090 <= 00000190
@00003634: $20 <= 0000007c
@00003638: $22 <= f0929baa
@0000363c: $ 0 <= 00000000
@00003640: $27 <= 000000d4
@00003644: $ 8 <= 01417c4b
@00003648: $22 <= 87c60000
@0000364c: $21 <= 01417c4f
@00003650: $ 8 <= 64430000
@0000345c: $ 2 <= 00000004
@00003460: $31 <= 00003f00
@00003464: $29 <= 00002f00
@00003468: $ 6 <= 00000128
@0000346c: $21 <= 00000058
@00003470: *0000002c <= 1d39c014
@00003474: $20 <= 000001e8
@00003478: $ 7 <= 0000003c
@0000347c: *00000018 <= 00000058
@00003480: $ 0 <= 00000000
@00003484: $27 <= 02684efc
@00003488: $21 <= 00000030
@0000348c: *0000003c <= 734252b0
@00003490: $ 6 <= 00000108
@00003494: $18 <= 59d50000
@00003498: $22 <= 00000080
@0000349c: $24 <= f13a296c
@000034a0: $16 <= 00000120
@000034a4: *0000011c <= f13a296c
@000034a8: $ 0 <= 00000000
@000034ac: $ 3 <= 00000150
@000034b0: *0000012c <= a0870000
@000034b4: $ 0 <= 00000000
@000034b8: $ 8 <= 0000005c
@000034bc: $21 <= 694299a6
@000034c0: $ 0 <= 00003622
@000034c4: $ 2 <= 00000004
@000034c8: $29 <= 00002efc
@000034cc: *00002f00 <= 00003f00
@000034d0: $31 <= 000034d4
@00003658: $ 5 <= 52460000
@0000365c: $ 0 <= 00000000
@00003660: $14 <= 6942991a
@00003664: $21 <= d3d0e4dd
@00003668: $ 0 <= 00000000
@0000366c: $ 7 <= 35e10000
@00003670: $ 0 <= 00004bed
@00003674: $27 <= 00000064
@00003678: *00000058 <= 52460000
@0000367c: $16 <= 0000016c
@00003680: $ 9 <= d3d0e471
@00003684: $23 <= 00000034
@00003688: *00000008 <= 00000064
@0000368c: $12 <= 00000130
@00003690: $20 <= 00000108
@00003694: *000000e8 <= 0000016c
@00003698: $15 <= 0000011c
@0000369c: $27 <= b21d752e
@000036a0: $ 5 <= d3d0e4dd
@000036a4: $17 <= 00000160
@000036a8: $ 5 <= a9ee374e
@000036ac: $ 0 <= 00000000
@000034d4: $ 2 <= 00000004
@000034d8: $31 <= 00003f00
@000034dc: $29 <= 00002f00
@000034e0: $ 7 <= ffffff9c
@000034f8: $ 4 <= 4f3a0000
@000034fc: $12 <= 0000857f
@00003500: $22 <= fffffffc
@00003504: $21 <= 000085b3
@00003508: $ 9 <= a0871c21
@0000350c: $25 <= ea2a0000
@00003510: $ 7 <= 00000110
@00003514: *0000010c <= 0000857f
@00003518: $25 <= b2250000
@0000351c: $ 2 <= 00000004
@00003520: $29 <= 00002efc
@00003524: *00002f00 <= 00003f00
@00003528: $31 <= 0000352c
@000036b4: $ 9 <= 01e90000
@000036b8: $19 <= 0000cb7d
@000036bc: $ 7 <= c124dd82
@0000352c: $ 2 <= 00000004
@00003530: $31 <= 00003f00
@00003534: $29 <= 00002f00
@00003538: $ 0 <= 00000000
@0000353c: $16 <= f139a3b9
@00003540: $ 3 <= 00000150
@00003544: *00000140 <= 6942991a
@00003548: $19 <= f0f897ac
@0000354c: $17 <= 0000008c
@00003550: $12 <= f0929baa
@00003554: $21 <= 00000144
@00003558: $22 <= 39faff27
@0000355c: $11 <= 0000018c
@00003560: $ 6 <= d3d0e471
@00003564: $ 0 <= b21d7fae
@00003568: $16 <= b21d7faf
@0000356c: $ 5 <= 00000000
@00003570: *00000004 <= b2250000
@00003574: $ 7 <= 0000011c
@00003578: *0000011c <= 0000005c
@0000357c: $22 <= 196d52b0
@00003580: $27 <= 00000010
@00003584: *00000014 <= d3d0e471
@00003588: $ 2 <= 00000004
@0000358c: $29 <= 00002efc
@00003590: *00002f00 <= 00003f00
@00003594: $31 <= 00003598
@000036c4: $21 <= d3d0edf1
@000036c8: $ 8 <= 6942dfdf
@000036cc: $22 <= 00002e36
@000036d0: $12 <= 00000238
@000036d4: $23 <= 66870000
@000036d8: $ 4 <= 000000d0
@000036dc: $ 0 <= 187788d4
@000036e0: $ 7 <= 00000100
@000036e4: $14 <= 0000016c
@000036e8: $ 0 <= 00000000
@000036ec: $22 <= 00000170
@000036f0: $20 <= d3d0e471
@00003598: $ 2 <= 00000004
@0000359c: $31 <= 00003f00
@000035a0: $29 <= 00002f00
INFO: [USF-XSim-96] XSim completed. Design snapshot 'tb_behav' loaded.
INFO: [USF-XSim-97] XSim simulation ran for 1500ns
launch_simulation: Time (s): cpu = 00:00:01 ; elapsed = 00:00:07 . Memory (MB): peak = 387.535 ; gain = 9.207
INFO: [Common 17-206] Exiting Vivado at Sat Nov 20 21:14:48 2021...
