#-----------------------------------------------------------
# Vivado v2019.1 (64-bit)
# SW Build 2552052 on Fri May 24 14:49:42 MDT 2019
# IP Build 2548770 on Fri May 24 18:01:18 MDT 2019
# Start of session at: Sat Nov 20 21:16:51 2021
# Process ID: 23532
# Current directory: D:/Archive/ISE/Monocycle_CPU/Monocycle_CPU.sim/sim_1/behav/xsim
# Command line: vivado.exe -mode batch -source start.tcl
# Log file: D:/Archive/ISE/Monocycle_CPU/Monocycle_CPU.sim/sim_1/behav/xsim/vivado.log
# Journal file: D:/Archive/ISE/Monocycle_CPU/Monocycle_CPU.sim/sim_1/behav/xsim\vivado.jou
#-----------------------------------------------------------
source start.tcl
# open_project D:/Archive/ISE/Monocycle_CPU/Monocycle_CPU.xpr
Scanning sources...
Finished scanning sources
# update_compile_order -fileset sources_1
# launch_simulation
INFO: [Vivado 12-5682] Launching behavioral simulation in 'D:/Archive/ISE/Monocycle_CPU/Monocycle_CPU.sim/sim_1/behav/xsim'
INFO: [SIM-utils-51] Simulation object is 'sim_1'
INFO: [SIM-utils-54] Inspecting design source files for 'tb' in fileset 'sim_1'...
INFO: [USF-XSim-97] Finding global include files...
INFO: [USF-XSim-98] Fetching design files from 'sim_1'...
INFO: [USF-XSim-2] XSim::Compile design
INFO: [USF-XSim-61] Executing 'COMPILE and ANALYZE' step in 'D:/Archive/ISE/Monocycle_CPU/Monocycle_CPU.sim/sim_1/behav/xsim'
"xvlog --incr --relax -prj tb_vlog.prj"
INFO: [USF-XSim-69] 'compile' step finished in '2' seconds
INFO: [USF-XSim-3] XSim::Elaborate design
INFO: [USF-XSim-61] Executing 'ELABORATE' step in 'D:/Archive/ISE/Monocycle_CPU/Monocycle_CPU.sim/sim_1/behav/xsim'
"xelab -wto 621f38b3aa9d41e8871e65c93967b309 --incr --debug typical --relax --mt 2 -L xil_defaultlib -L unisims_ver -L unimacro_ver -L secureip --snapshot tb_behav xil_defaultlib.tb xil_defaultlib.glbl -log elaborate.log"
Vivado Simulator 2019.1
Copyright 1986-1999, 2001-2019 Xilinx, Inc. All Rights Reserved.
Running: D:/Xillinx/Vivado/2019.1/bin/unwrapped/win64.o/xelab.exe -wto 621f38b3aa9d41e8871e65c93967b309 --incr --debug typical --relax --mt 2 -L xil_defaultlib -L unisims_ver -L unimacro_ver -L secureip --snapshot tb_behav xil_defaultlib.tb xil_defaultlib.glbl -log elaborate.log 
Using 2 slave threads.
Starting static elaboration
Completed static elaboration
INFO: [XSIM 43-4323] No Change in HDL. Linking previously generated obj files to create kernel
INFO: [USF-XSim-69] 'elaborate' step finished in '2' seconds
INFO: [USF-XSim-4] XSim::Simulate design
INFO: [USF-XSim-61] Executing 'SIMULATE' step in 'D:/Archive/ISE/Monocycle_CPU/Monocycle_CPU.sim/sim_1/behav/xsim'
INFO: [USF-XSim-98] *** Running xsim
   with args "tb_behav -key {Behavioral:sim_1:Functional:tb} -tclbatch {tb.tcl} -log {simulate.log}"
INFO: [USF-XSim-8] Loading simulator feature
Vivado Simulator 2019.1
Time resolution is 1 ps
source tb.tcl
## current_wave_config
@00003000: $ 2 <= 2edf0000
@00003004: $ 2 <= 2edf77ab
@00003008: $ 3 <= ce430000
@0000300c: $ 3 <= ce433f2f
@00003010: $ 4 <= 4a190000
@00003014: $ 4 <= 4a19c216
@00003018: $ 5 <= 80d80000
@0000301c: $ 5 <= 80d86d68
@00003020: $ 6 <= 2ee00000
@00003024: $ 6 <= 2ee07c03
@00003028: $ 7 <= a3cd0000
@0000302c: $ 7 <= a3cd5e23
@00003030: $ 8 <= 621a0000
@00003034: $ 8 <= 621adc2c
@00003038: $ 9 <= 08670000
@0000303c: $ 9 <= 0867dbec
@00003040: $10 <= 62a80000
@00003044: $10 <= 62a8010f
@00003048: $11 <= 6d350000
@0000304c: $11 <= 6d35eb6b
@00003050: $12 <= 6e520000
@00003054: $12 <= 6e5278d7
@00003058: $13 <= 8e910000
@0000305c: $13 <= 8e91df58
@00003060: $14 <= 20540000
@00003064: $14 <= 20541809
@00003068: $15 <= fa950000
@0000306c: $15 <= fa95d1d9
@00003070: $16 <= 2aa90000
@00003074: $16 <= 2aa91153
@00003078: $17 <= 2c7c0000
@0000307c: $17 <= 2c7cd044
@00003080: $18 <= afc90000
@00003084: $18 <= afc9da96
@00003088: $19 <= 92f20000
@0000308c: $19 <= 92f2786e
@00003090: $20 <= 650f0000
@00003094: $20 <= 650f45b6
@00003098: $21 <= 8d530000
@0000309c: $21 <= 8d53205b
@000030a0: $22 <= 992a0000
@000030a4: $22 <= 992a1f2b
@000030a8: $23 <= bbd50000
@000030ac: $23 <= bbd5ccb2
@000030b0: $24 <= 656d0000
@000030b4: $24 <= 656d7aa3
@000030b8: $25 <= 70600000
@000030bc: $25 <= 706014e7
@000030c0: $26 <= 8e0e0000
@000030c4: $26 <= 8e0e8e7f
@000030c8: $27 <= 6a510000
@000030cc: $27 <= 6a51bef0
@000030d0: *00000000 <= fa95d1d9
@000030d4: *00000004 <= 8e0e8e7f
@000030d8: *00000008 <= 8d53205b
@000030dc: *0000000c <= 2aa91153
@000030e0: *00000010 <= a3cd5e23
@000030e4: *00000014 <= 92f2786e
@000030e8: *00000018 <= 8e0e8e7f
@000030ec: *0000001c <= ce433f2f
@000030f0: *00000020 <= 6d35eb6b
@000030f4: *00000024 <= ce433f2f
@000030f8: *00000028 <= 80d86d68
@000030fc: *0000002c <= 2edf77ab
@00003100: *00000030 <= 00000000
@00003104: *00000034 <= 2ee07c03
@00003108: *00000038 <= a3cd5e23
@0000310c: *0000003c <= 2ee07c03
@00003110: *00000040 <= 656d7aa3
@00003114: *00000044 <= 6d35eb6b
@00003118: *00000048 <= afc9da96
@0000311c: *0000004c <= 80d86d68
@00003120: *00000050 <= 2ee07c03
@00003124: *00000054 <= 2ee07c03
@00003128: *00000058 <= 4a19c216
@0000312c: *0000005c <= 992a1f2b
@00003130: *00000060 <= 2ee07c03
@00003134: *00000064 <= 706014e7
@00003138: *00000068 <= 4a19c216
@0000313c: *0000006c <= 2c7cd044
@00003140: *00000070 <= fa95d1d9
@00003144: *00000074 <= fa95d1d9
@00003148: *00000078 <= 20541809
@0000314c: *0000007c <= 0867dbec
@00003150: *00000080 <= 00000000
@00003154: *00000084 <= 00000000
@00003158: *00000088 <= 621adc2c
@0000315c: *0000008c <= a3cd5e23
@00003160: *00000090 <= 00000000
@00003164: *00000094 <= 621adc2c
@00003168: *00000098 <= 8e0e8e7f
@0000316c: *0000009c <= 62a8010f
@00003170: *000000a0 <= afc9da96
@00003174: *000000a4 <= 20541809
@00003178: *000000a8 <= 2c7cd044
@0000317c: *000000ac <= afc9da96
@00003180: *000000b0 <= 992a1f2b
@00003184: *000000b4 <= 00000000
@00003188: *000000b8 <= 650f45b6
@0000318c: *000000bc <= 650f45b6
@00003190: *000000c0 <= 656d7aa3
@00003194: *000000c4 <= 621adc2c
@00003198: *000000c8 <= 00000000
@0000319c: *000000cc <= bbd5ccb2
@000031a0: *000000d0 <= 00000000
@000031a4: *000000d4 <= 4a19c216
@000031a8: *000000d8 <= ce433f2f
@000031ac: *000000dc <= 8e0e8e7f
@000031b0: *000000e0 <= a3cd5e23
@000031b4: *000000e4 <= 8e91df58
@000031b8: *000000e8 <= 656d7aa3
@000031bc: *000000ec <= bbd5ccb2
@000031c0: *000000f0 <= bbd5ccb2
@000031c4: *000000f4 <= a3cd5e23
@000031c8: *000000f8 <= 2aa91153
@000031cc: *000000fc <= 6d35eb6b
@000031d0: *00000100 <= 706014e7
@000031d4: *00000104 <= 656d7aa3
@000031d8: *00000108 <= 6a51bef0
@000031dc: *0000010c <= 2edf77ab
@000031e0: *00000110 <= afc9da96
@000031e4: *00000114 <= 706014e7
@000031e8: *00000118 <= 8e0e8e7f
@000031ec: *0000011c <= a3cd5e23
@000031f0: *00000120 <= 80d86d68
@000031f4: *00000124 <= 4a19c216
@000031f8: *00000128 <= 8d53205b
@000031fc: *0000012c <= 62a8010f
@00003200: *00000130 <= 62a8010f
@00003204: *00000134 <= 8d53205b
@00003208: *00000138 <= 706014e7
@0000320c: *0000013c <= 706014e7
@00003210: *00000140 <= 80d86d68
@00003214: *00000144 <= 2ee07c03
@00003218: *00000148 <= 00000000
@0000321c: *0000014c <= 0867dbec
@00003220: *00000150 <= 656d7aa3
@00003224: *00000154 <= ce433f2f
@00003228: *00000158 <= 6a51bef0
@0000322c: *0000015c <= 650f45b6
@00003230: *00000160 <= ce433f2f
@00003234: *00000164 <= 00000000
@00003238: *00000168 <= 992a1f2b
@0000323c: *0000016c <= 650f45b6
@00003240: *00000170 <= bbd5ccb2
@00003244: *00000174 <= 8e0e8e7f
@00003248: *00000178 <= 4a19c216
@0000324c: *0000017c <= 2aa91153
@00003250: *00000180 <= 6a51bef0
@00003254: *00000184 <= 6a51bef0
@00003258: *00000188 <= 20541809
@0000325c: *0000018c <= 4a19c216
@00003260: *00000190 <= 2aa91153
@00003264: $31 <= 00003f00
@00003268: $29 <= 00002f00
@0000326c: $12 <= 31010000
@00003270: $ 6 <= 000000d4
@00003274: $24 <= 650f45b6
@00003278: $11 <= 00000068
@0000327c: $13 <= a3cd5e23
@00003280: $15 <= f2626611
@00003284: $ 0 <= 00000000
@00003288: $26 <= 5fa32ad5
@0000328c: $ 8 <= 24a5cb8b
@00003290: $ 5 <= 00000170
@00003294: $ 4 <= 0867dbec
@00003298: $11 <= 00000070
@0000329c: $20 <= afc9da96
@000032a0: $21 <= 22b10000
@000032a4: $22 <= 00009ff2
@000032a8: $20 <= 0000004c
@000032ac: $16 <= 6d35eb6b
@000032b0: $18 <= 000000a0
@000032b4: *00000094 <= a3cd5e23
@000032b8: $11 <= 00000064
@000032bc: $17 <= 2ee07c03
@000032c0: $ 2 <= 00000004
@000032c4: $29 <= 00002efc
@000032c8: *00002f00 <= 00003f00
@000032cc: $31 <= 000032d0
@000037a8: $ 4 <= fd98bb59
@000037ac: $22 <= f801be24
@000037b0: $12 <= dc740000
@000037b4: $14 <= 2a010000
@000037b8: $11 <= 24a5cb8b
@000037bc: $27 <= 479abc46
@000037c0: $23 <= ce433fcf
@000037c4: $ 2 <= 0000c06e
@000037c8: $14 <= 00000060
@000037cc: *0000003c <= 2ee07c03
@000037d0: $ 0 <= 00000000
@000037d4: $13 <= dc745ccd
@000037d8: $ 3 <= 000000b0
@000037dc: $21 <= 62a8010f
@000037e0: $23 <= dc74dfff
@000037e4: $ 7 <= dc74e0af
@000037e8: $13 <= d9c80000
@000037ec: $10 <= f801be70
@000037f0: $ 9 <= dc73fe90
@000037f4: $25 <= 00000010
@000037f8: *00000018 <= fd98bb59
@000037fc: $ 6 <= 00000018
@00003800: *00000034 <= 00000018
@000032d0: $ 2 <= 00000004
@000032d4: $31 <= 00003f00
@000032d8: $29 <= 00002f00
@000032dc: $ 7 <= f801febf
@000032e0: $20 <= 62a8011f
@000032e4: $ 0 <= 00000000
@000032e8: $27 <= f801bef6
@000032ec: $16 <= f801bede
@000032f0: $14 <= b9d00000
@000032f4: $ 5 <= f2626611
@000032f8: $ 3 <= 000000d4
@000032fc: $ 5 <= 00000000
@00003300: $ 2 <= 00000004
@00003304: $29 <= 00002efc
@00003308: *00002f00 <= 00003f00
@0000330c: $31 <= 00003310
@00003808: $20 <= 00000180
@0000380c: *00000160 <= 00000000
@00003810: $18 <= fd98bb59
@00003814: $25 <= 00000080
@00003818: *00000078 <= dc740000
@0000381c: $ 5 <= 0000001c
@00003820: *00000040 <= d9c80000
@00003824: $12 <= f801ffbf
@00003828: $ 3 <= 000000c4
@0000382c: $ 6 <= 650f45b6
@00003830: $15 <= 00000068
@00003834: *00000044 <= 2ee07c03
@00003838: $ 4 <= 0304d63a
@0000383c: $ 3 <= f59a797d
@00003840: $16 <= 650f45b6
@00003844: $ 5 <= 3e31bef6
@00003310: $ 2 <= 00000004
@00003314: $31 <= 00003f00
@00003318: $29 <= 00002f00
@0000331c: $ 0 <= 00000000
@00003320: $ 2 <= 00000004
@00003324: $29 <= 00002efc
@00003328: *00002f00 <= 00003f00
@0000332c: $31 <= 00003330
@0000384c: $ 2 <= 2ee07ebb
@00003850: $ 5 <= 0000009c
@00003854: *0000008c <= b9d00000
@00003330: $ 2 <= 00000004
@00003334: $31 <= 00003f00
@00003338: $29 <= 00002f00
@0000333c: $20 <= f801ffbf
@00003340: $ 9 <= fd250000
@00003344: $19 <= 00000040
@00003348: $22 <= 00000000
@0000334c: $17 <= 0000dc47
@00003350: $26 <= ce040000
@00003354: $ 5 <= 00000174
@00003358: *0000016c <= b9d00000
@0000335c: $ 3 <= 00000184
@00003360: $26 <= 00000000
@00003364: $17 <= 00000000
@00003368: $22 <= 0000419e
@0000336c: $ 7 <= ffffff80
@00003370: $ 0 <= 00000000
@00003374: $ 8 <= 00000084
@00003378: $10 <= 0867dbec
@0000337c: $24 <= 0304d6be
@00003380: $ 0 <= 00000000
@00003384: $ 0 <= 00000000
@00003388: $ 7 <= 89bc0000
@0000338c: $10 <= 2f370000
@00003390: $ 5 <= 000000e4
@00003394: *000000e0 <= fd250000
@00003398: $ 2 <= 00000004
@0000339c: $29 <= 00002efc
@000033a0: *00002f00 <= 00003f00
@000033a4: $31 <= 000033a8
@0000385c: $ 0 <= 8f7d0000
@00003860: $14 <= 5aa9c005
@00003864: $ 4 <= 0304d7bf
@00003868: $ 3 <= 00000060
@0000386c: *00000030 <= 24a5cb8b
@00003870: $17 <= 0000011c
@00003874: *0000011c <= 00000068
@00003878: $16 <= d9c8419e
@0000387c: $13 <= 24a5dbcf
@00003880: $21 <= 02db0084
@00003884: $25 <= 1ca79ac5
@00003888: $23 <= ffffbf37
@000033a8: $ 2 <= 00000004
@000033ac: $31 <= 00003f00
@000033b0: $29 <= 00002f00
@000033b4: $24 <= 0000010c
@000033b8: *000000dc <= 00000004
@000033bc: $11 <= 00000118
@000033c0: *000000e8 <= 000000e4
@000033c4: $ 2 <= f801ffbf
@000033c8: $11 <= 24a5dbdf
@000033cc: $15 <= 00000110
@000033d0: $12 <= 706014e7
@000033d4: $ 9 <= d9c8d7ff
@000033d8: $ 4 <= 234b0000
@000033dc: $27 <= 24a5dfcf
@000033e0: $12 <= aff3be62
@000033e8: $27 <= e7d60000
@000033ec: $20 <= ffffffd4
@000033f0: $ 7 <= 000040c9
@000033f4: $ 7 <= 0000831e
@000033f8: $ 0 <= 00000000
@000033fc: $26 <= 36570000
@00003400: $ 3 <= 00004255
@00003404: $24 <= d9c84222
@00003408: $18 <= 00000014
@0000340c: *00000038 <= d9c8d7ff
@00003410: $13 <= a10f0000
@00003414: $22 <= 0000007c
@00003418: $ 4 <= 80d86d68
@0000341c: $13 <= f8e00000
@00003420: $21 <= 0000005c
@00003424: *00000054 <= 80d86d68
@00003428: $ 0 <= 00000000
@0000342c: $19 <= 0000008c
@00003430: *00000064 <= 1ca79ac5
@00003434: $10 <= 0000cefc
@00003438: $ 0 <= 00000000
@00003478: $27 <= 00000080
@0000347c: *00000080 <= d9c8419e
@00003480: $14 <= 00000010
@00003484: $ 6 <= 24a5cb8b
@00003488: $ 0 <= 365724f3
@0000348c: $ 0 <= 00000000
@00003490: $17 <= ffffff78
@00003494: $ 9 <= d9c88477
@00003498: $ 7 <= 74b21d7d
@0000349c: $16 <= c4be5f1b
@000034a0: $15 <= 00000058
@000034a4: $25 <= 80d86d68
@000034a8: $18 <= 0000002c
@000034ac: *00000034 <= 0000007c
@000034b0: $ 8 <= 6cb41d3c
@000034b4: $25 <= aff3beba
@000034b8: $16 <= 00000014
@000034bc: *00000034 <= 24a5dbdf
@000034c0: $21 <= fffffff5
@000034c4: $ 2 <= 00000004
@000034c8: $29 <= 00002efc
@000034cc: *00002f00 <= 00003f00
@000034d0: $31 <= 000034d4
@00003890: $ 9 <= ffffbf3b
@00003894: $10 <= 0000001c
@00003898: $ 4 <= 2ee07c03
@0000389c: $19 <= 00000018
@000038a0: *00000034 <= 6cb41d3c
@000038a4: $24 <= d9c8427b
@000038a8: $17 <= 00000034
@000038ac: $11 <= 8d53205b
@000038b0: $27 <= 0000013c
@000038b4: *00000130 <= 00000010
@000038b8: $ 8 <= d9c8428b
@000038bc: $ 0 <= 00000000
@000038c0: $ 0 <= 00000000
@000038c4: $20 <= 0000018c
@000038c8: $ 7 <= 4a19c216
@000038cc: $22 <= 204b0000
@000038d0: $26 <= aff3bebf
@000038d4: $24 <= 88710000
@000038d8: $ 7 <= 00000000
@000038dc: $12 <= 00000064
@000038e0: *00000034 <= 00000034
@000038e4: $ 7 <= 00000014
@000038e8: $15 <= 16ca0000
@000038ec: $21 <= 0000426d
@000034d4: $ 2 <= 00000004
@000034d8: $31 <= 00003f00
@000034dc: $29 <= 00002f00
@000034e0: $ 9 <= 0000017c
@000034e4: *0000014c <= 2ee07c03
@000034e8: $26 <= 00000098
@000034ec: *00000080 <= f8e00000
@000034f0: $ 2 <= 00000134
@000034f4: $15 <= 2edf77ab
@000034f8: $ 6 <= 0000016c
@000034fc: *00000148 <= 0000013c
@00003500: $11 <= 0000018c
@00003504: $ 0 <= 00000000
@00003558: $25 <= 204bd17b
@0000355c: $22 <= 000000b0
@00003560: $ 0 <= 588e0000
@00003564: $26 <= 000000b4
@00003568: *00000088 <= 0000426d
@00003570: $14 <= 0000009c
@00003574: $ 4 <= 0000426d
@00003578: $19 <= 204bcfef
@0000357c: $ 0 <= 00000000
@00003584: $25 <= ffffbf4b
@00003588: $10 <= ffffbf4b
@0000358c: $23 <= 00000074
@00003590: $ 0 <= 1ca79ac5
@00003594: $ 8 <= e3500000
@00003598: $ 0 <= 00000000
@0000359c: $25 <= 000000fc
@000035a0: *000000e8 <= 0000002c
@000035a4: $19 <= 0000eb6f
@000035a8: $ 4 <= 00000154
@000035ac: *00000138 <= 000000b4
@000035b0: $ 8 <= 00000050
@000035b4: *00000040 <= 2edf77ab
@000035b8: $27 <= 00000008
@000035bc: $12 <= 00000128
@000035c0: *00000124 <= 00000074
@000035c4: $ 0 <= 00000000
@000035c8: $15 <= a0170000
@000035cc: $ 0 <= fffffecc
@000035d0: $ 8 <= 00000bdf
@000035d4: $11 <= 88718807
@000035d8: $ 0 <= 00000000
@000035dc: $ 4 <= 00000120
@000035e0: *000000f4 <= a0170000
@000035e4: $ 2 <= 000005ed
@000035e8: $17 <= 00000034
@000035ec: *00000008 <= 00000034
@000035f0: $ 0 <= a0170000
@000035f4: $16 <= 0000b56d
@000035f8: $18 <= ffff15b9
@000035fc: $ 0 <= 00000000
@00003600: $ 8 <= 000000a0
@00003604: *00000098 <= f8e00000
@00003608: $22 <= 98f70000
@0000360c: $23 <= 0000d6f5
@00003610: $ 9 <= 98f74255
@00003614: $17 <= 00000018
@00003618: $27 <= 2ee07c03
@0000361c: $26 <= 000000bc
@00003620: $27 <= 650f45b6
@00003624: $ 2 <= 00000004
@00003628: $29 <= 00002efc
@0000362c: *00002f00 <= 00003f00
@00003630: $31 <= 00003634
@000038f4: $ 0 <= 000047fe
@000038f8: $12 <= 0000002c
@000038fc: $ 0 <= 2ee07c03
@00003900: $13 <= 000000c8
@00003904: *000000bc <= 650f45b6
@00003908: $ 4 <= 0000426d
@0000390c: $26 <= 9af0bbd6
@00003910: $22 <= 0000627f
@00003914: $ 4 <= 000000ec
@00003918: *000000d8 <= 0000627f
@0000391c: $22 <= 00000050
@00003920: *0000002c <= 00000004
@00003924: $13 <= ffffbd97
@00003634: $ 2 <= 00000004
@00003638: $31 <= 00003f00
@0000363c: $29 <= 00002f00
@00003640: $27 <= 00000114
@00003644: *00000108 <= 000000ec
@00003648: $ 3 <= 0000dcfd
@0000364c: $19 <= 9af0bbd6
@00003650: $22 <= 000056b6
@00003654: $22 <= ffffbcab
@00003658: $ 0 <= 00000000
@0000365c: $ 3 <= 0000003c
@00003660: *0000001c <= a0170000
@00003664: $ 4 <= 00000158
@00003668: $26 <= 2ee07c03
@0000366c: $11 <= b24b0000
@00003670: $ 3 <= 000000e4
@00003674: $ 2 <= 887100fc
@00003678: $ 0 <= 00000000
@0000367c: $ 8 <= 1a770000
@00003680: $14 <= 2ee07beb
@00003684: $11 <= 00000000
@00003688: $12 <= 0000067d
@0000368c: $13 <= d2b60000
@000036f4: $ 9 <= 00000174
@000036f8: $ 9 <= 656d7aa3
@000036fc: $13 <= 7d950000
@00003700: $24 <= 27360000
@00003704: $ 2 <= 2ee07beb
@00003708: $19 <= 2edfa4f6
@0000370c: $ 6 <= ffffbcaf
@00003710: $11 <= cb540000
@00003714: $ 0 <= 00000000
@00003718: $25 <= 00000148
@0000371c: $19 <= 000000b4
@00003720: $11 <= 00000168
@00003724: *0000013c <= 7d950000
@00003728: $ 0 <= 00000000
@0000372c: $15 <= a6d00000
@00003784: $21 <= cf0f0000
@00003788: $ 2 <= 00000004
@0000378c: $29 <= 00002efc
@00003790: *00002f00 <= 00003f00
@00003794: $31 <= 00003798
@0000392c: $19 <= 000000a8
@00003930: $ 4 <= 62a8010f
@00003798: $ 2 <= 00000004
@0000379c: $31 <= 00003f00
@000037a0: $29 <= 00002f00
INFO: [USF-XSim-96] XSim completed. Design snapshot 'tb_behav' loaded.
INFO: [USF-XSim-97] XSim simulation ran for 1500ns
launch_simulation: Time (s): cpu = 00:00:00 ; elapsed = 00:00:08 . Memory (MB): peak = 389.086 ; gain = 10.738
INFO: [Common 17-206] Exiting Vivado at Sat Nov 20 21:17:08 2021...
