#-----------------------------------------------------------
# Vivado v2019.1 (64-bit)
# SW Build 2552052 on Fri May 24 14:49:42 MDT 2019
# IP Build 2548770 on Fri May 24 18:01:18 MDT 2019
# Start of session at: Wed Dec 15 16:58:26 2021
# Process ID: 35756
# Current directory: D:/Archive/Auto-Test/PipieCPU50
# Command line: vivado.exe -mode batch -source start.tcl
# Log file: D:/Archive/Auto-Test/PipieCPU50/vivado.log
# Journal file: D:/Archive/Auto-Test/PipieCPU50\vivado.jou
#-----------------------------------------------------------
source start.tcl
# open_project D:/Archive/ISE/PipelineCPU_Update/PipelineCPU_Update.xpr
Scanning sources...
Finished scanning sources
# update_compile_order -fileset sources_1
# launch_simulation
INFO: [Vivado 12-5682] Launching behavioral simulation in 'D:/Archive/ISE/PipelineCPU_Update/PipelineCPU_Update.sim/sim_1/behav/xsim'
INFO: [SIM-utils-51] Simulation object is 'sim_1'
INFO: [SIM-utils-54] Inspecting design source files for 'mips_txt' in fileset 'sim_1'...
INFO: [USF-XSim-97] Finding global include files...
INFO: [USF-XSim-98] Fetching design files from 'sim_1'...
INFO: [USF-XSim-2] XSim::Compile design
INFO: [USF-XSim-61] Executing 'COMPILE and ANALYZE' step in 'D:/Archive/ISE/PipelineCPU_Update/PipelineCPU_Update.sim/sim_1/behav/xsim'
"xvlog --incr --relax -prj mips_txt_vlog.prj"
INFO: [USF-XSim-69] 'compile' step finished in '2' seconds
INFO: [USF-XSim-3] XSim::Elaborate design
INFO: [USF-XSim-61] Executing 'ELABORATE' step in 'D:/Archive/ISE/PipelineCPU_Update/PipelineCPU_Update.sim/sim_1/behav/xsim'
"xelab -wto 4874249b77ad4f4aa5a7187cb84bed1d --incr --debug typical --relax --mt 2 -L xil_defaultlib -L unisims_ver -L unimacro_ver -L secureip --snapshot mips_txt_behav xil_defaultlib.mips_txt xil_defaultlib.glbl -log elaborate.log"
Vivado Simulator 2019.1
Copyright 1986-1999, 2001-2019 Xilinx, Inc. All Rights Reserved.
Running: D:/Xillinx/Vivado/2019.1/bin/unwrapped/win64.o/xelab.exe -wto 4874249b77ad4f4aa5a7187cb84bed1d --incr --debug typical --relax --mt 2 -L xil_defaultlib -L unisims_ver -L unimacro_ver -L secureip --snapshot mips_txt_behav xil_defaultlib.mips_txt xil_defaultlib.glbl -log elaborate.log 
Using 2 slave threads.
Starting static elaboration
Completed static elaboration
INFO: [XSIM 43-4323] No Change in HDL. Linking previously generated obj files to create kernel
INFO: [USF-XSim-69] 'elaborate' step finished in '1' seconds
INFO: [USF-XSim-4] XSim::Simulate design
INFO: [USF-XSim-61] Executing 'SIMULATE' step in 'D:/Archive/ISE/PipelineCPU_Update/PipelineCPU_Update.sim/sim_1/behav/xsim'
INFO: [USF-XSim-98] *** Running xsim
   with args "mips_txt_behav -key {Behavioral:sim_1:Functional:mips_txt} -tclbatch {mips_txt.tcl} -log {simulate.log}"
INFO: [USF-XSim-8] Loading simulator feature
Vivado Simulator 2019.1
Time resolution is 1 ps
source mips_txt.tcl
## current_wave_config
WARNING: [Wavedata 42-489] Can't add object "/mips_txt/data" to the wave window because it has 131072 bits, which exceeds the display limit of 65536 bits.  To change the display limit, use the command "set_property display_limit <new limit> [current_wave_config]".
WARNING: [Wavedata 42-489] Can't add object "/mips_txt/inst" to the wave window because it has 131072 bits, which exceeds the display limit of 65536 bits.  To change the display limit, use the command "set_property display_limit <new limit> [current_wave_config]".
                  29@00003000: $28 <= 00000000
                  31@00003004: $29 <= 00000000
                  33@00003008: $ 8 <= 00000009
                  33@0000300c: *00000000 <= 00000009
                  37@00003010: $ 8 <= 00000006
                  37@00003014: *00000004 <= 00000006
                  41@00003018: $ 8 <= 00000000
                  41@0000301c: *00000008 <= 00000000
                  45@00003020: $ 8 <= 00000009
                  45@00003024: *0000000c <= 00000009
                  49@00003028: $ 8 <= 00000003
                  49@0000302c: *00000010 <= 00000003
                  53@00003030: $ 8 <= 00000004
                  53@00003034: *00000014 <= 00000004
                  57@00003038: $ 8 <= 00000000
                  57@0000303c: *00000018 <= 00000000
                  61@00003040: $ 8 <= 00000009
                  61@00003044: *0000001c <= 00000009
                  65@00003048: $ 8 <= 00000008
                  65@0000304c: *00000020 <= 00000008
                  69@00003050: $ 8 <= 00000009
                  69@00003054: *00000024 <= 00000009
                  73@00003058: $ 8 <= 00000000
                  73@0000305c: *00000028 <= 00000000
                  77@00003060: $ 8 <= 00000003
                  77@00003064: *0000002c <= 00000003
                  81@00003068: $ 8 <= 00000008
                  81@0000306c: *00000030 <= 00000008
                  85@00003070: $ 8 <= 00000002
                  85@00003074: *00000034 <= 00000002
                  89@00003078: $ 8 <= 00000004
                  89@0000307c: *00000038 <= 00000004
                  93@00003080: $ 8 <= 00000002
                  93@00003084: *0000003c <= 00000002
                  97@00003088: $ 8 <= 00000008
                  97@0000308c: *00000040 <= 00000008
                 101@00003090: $ 8 <= 00000000
                 101@00003094: *00000044 <= 00000000
                 105@00003098: $ 8 <= 00000001
                 105@0000309c: *00000048 <= 00000001
                 109@000030a0: $ 8 <= 0000000a
                 109@000030a4: *0000004c <= 0000000a
                 113@000030a8: $31 <= 000030b0
                 119@000030b4: $31 <= 000030b8
                 125@000030b4: $31 <= 000030c0
                 129@000030b8: $17 <= 000030c0
                 135@000030c4: $17 <= 000030c8
                 141@000030c4: $17 <= 000030d0
                 143@000030c8: $31 <= 000030d0
                 147@000030d0: $17 <= 000030d8
                 149@000030d4: $31 <= 000030d8
                 153@000030d0: $17 <= 000030d8
                 155@000030d4: $31 <= 000030e0
                 159@000030d8: $17 <= 000030e0
                 163@000030e0: $31 <= 000030e8
                 165@000030e4: $17 <= 000030e8
                 169@000030e0: $31 <= 000030e8
                 171@000030e4: $17 <= 000030f0
                 173@000030e8: $31 <= 00003104
                 173@000030ec: *00000000 <= 00003104
                 177@000030f0: $22 <= 00003104
                 183@00003100: *00000000 <= 00000000
                 187@00003104: $20 <= 00000000
                 189@00003108: $31 <= 00003124
                 189@0000310c: *00000000 <= 00003124
                 193@00003110: $24 <= 00003124
                 199@0000311c: $20 <= 00003124
                 199@00003120: *00000000 <= 00000000
                 205@00003128: $20 <= 00003125
                 207@00003130: $22 <= 00007ffc
                 209@00003134: $ 2 <= 0000314b
                 211@00003138: $ 2 <= 00003148
                 219@00003148: $27 <= 00000000
                 221@0000314c: $23 <= 00007ffc
                 223@00003150: $30 <= 00003167
                 225@00003154: $30 <= 00003164
                 229@0000315c: $27 <= 00003164
                 235@00003168: $27 <= 00003165
                 237@00003170: $17 <= 00000001
                 239@00003174: $20 <= 00003188
                 255@0000317c: $17 <= 00003188
                 263@00003188: $25 <= 00000000
                 265@0000318c: $17 <= 00000001
                 267@00003190: $20 <= 000031a4
                 283@00003198: $17 <= 000031a4
                 287@0000319c: $25 <= 000031a4
                 293@000031a8: $25 <= 000031a5
                 297@000031b4: $12 <= 00000008
                 299@000031b8: $17 <= 00000006
                 299@000031bc: *00000008 <= 00000006
                 303@000031c0: $12 <= 00000000
                 305@000031c4: $12 <= 00000006
                 305@000031c8: *00000018 <= 00000006
                 309@000031cc: $12 <= 00000000
                 311@000031d0: $12 <= 00000000
                 315@000031d8: *00000024 <= 00000006
                 321@000031f0: $17 <= 00000006
                 323@000031f4: $ 8 <= 00000004
                 323@000031f8: *00000008 <= 00000004
                 327@000031fc: $ 8 <= 00000000
                 327@00003200: *00000018 <= 00000000
                 331@00003204: $ 8 <= 00000002
                 331@00003208: *00000024 <= 00000002
                 335@0000320c: $31 <= 00000000
                 337@00003210: $20 <= 00000002
                 341@00003218: $31 <= 00000000
                 343@0000321c: $20 <= 00000002
                 345@00003220: $31 <= 00000002
                 347@00003224: $31 <= 00000002
                 349@00003228: $20 <= 00000004
                 351@0000322c: $31 <= 00003238
                 355@00003230: $20 <= 00003238
                 357@00003234: $20 <= 00000000
                 359@00003238: $31 <= 00000000
                 361@0000323c: $20 <= 00000000
                 363@00003240: $20 <= 00000000
                 365@00003244: $20 <= 00000000
                 367@00003248: $31 <= 00000000
                 369@0000324c: $20 <= 00003258
                 375@00003254: $20 <= 00000000
                 377@00003258: $20 <= 00000002
                 383@00003264: $19 <= 00000009
                 385@00003268: $23 <= 00000000
                 387@0000326c: $23 <= 00000000
                 389@00003270: $19 <= 00000000
                 391@00003274: $23 <= 00000000
                 393@00003278: $23 <= 00000000
                 395@0000327c: $23 <= 00000001
                 397@00003280: $23 <= 00000000
                 401@00003288: $19 <= 00000005
                 403@0000329c: $23 <= 00000000
                 403@000032a0: *00000028 <= 00000000
                 407@000032a4: $ 8 <= 00000005
                 407@000032a8: *00000028 <= 00000005
                 411@000032ac: $31 <= 00000005
                 413@000032b0: $31 <= 00000000
                 415@000032b4: $31 <= 00000000
                 417@000032b8: $31 <= 00000000
                 417@000032bc: *0000001c <= 00000000
                 423@000032c4: $31 <= 00000000
                 425@000032c8: $31 <= 000032d0
                 427@000032cc: $31 <= 000032d5
                 431@000032d4: $31 <= 00000000
                 433@000032d8: $31 <= 00000000
                 433@000032dc: *00000010 <= 00000000
                 437@000032e0: $31 <= 000032ec
                 443@000032e8: $31 <= 000032d5
                 445@000032ec: $31 <= 000032d7
                 447@000032f0: $31 <= 00000000
                 449@000032f4: $31 <= 00000000
                 451@000032f8: $ 8 <= 00000009
                 451@000032fc: *00000010 <= 00000009
                 455@00003300: $ 8 <= 00000007
                 455@00003304: *0000001c <= 00000007
                 459@00003308: $31 <= 00003310
                 461@0000330c: $31 <= 00003314
                 471@00003318: $31 <= 00000000
                 473@0000331c: $31 <= 00003324
                 485@00003330: $ 3 <= 00000008
                 487@00003334: $ 4 <= 00000001
                 487@00003338: *00000008 <= 00000008
                 489@0000333c: *00000004 <= 00000001
                 493@00003340: $ 3 <= 00000000
                 495@00003344: $ 4 <= 00000000
                 513@00003354: *00000000 <= 00000000
                 527@0000336c: $ 3 <= 00000000
                 529@00003370: $ 8 <= 00000003
                 529@00003374: *00000000 <= 00000003
                 533@00003378: $ 8 <= 00000007
                 533@0000337c: *00000004 <= 00000007
                 537@00003380: $ 8 <= 00000005
                 537@00003384: *00000008 <= 00000005
                 541@00003388: $24 <= 00000009
                 543@0000338c: $ 3 <= 00000000
                 545@00003390: $24 <= 00000000
                 549@00003398: $24 <= 00000005
                 555@000033a0: $ 3 <= 00000000
                 557@000033a4: $ 3 <= 00000001
                 563@000033ac: $24 <= 00000005
                 565@000033b0: $ 3 <= 00000005
                 569@000033b8: $ 3 <= 00000002
                 571@000033bc: $ 3 <= 00000002
                 571@000033c0: *0000001c <= 00000002
                 577@000033c8: $ 8 <= 00000002
                 577@000033cc: *0000001c <= 00000002
                 581@000033d0: $24 <= 00000006
                 583@000033d4: $14 <= 00000006
                 585@000033d8: $14 <= 00000007
                 587@000033dc: $24 <= 00000000
                 587@000033e0: *00000018 <= 00000007
                 591@000033e4: $24 <= 00000000
                 593@000033e8: $14 <= 00000000
                 595@000033ec: $24 <= 00000004
                 599@000033f4: $24 <= 00000005
                 601@00003408: $24 <= 00000002
                 603@0000340c: $14 <= 00000004
                 605@00003410: $ 8 <= 00000009
                 605@00003414: *00000018 <= 00000009
                 609@00003418: $31 <= 00000005
                 611@0000341c: $12 <= 00000006
                 613@00003420: $12 <= 00000000
                 617@00003428: $12 <= 00000000
                 619@0000342c: $12 <= 00000002
                 621@00003430: $31 <= 00000000
                 623@00003434: $31 <= 00000000
                 625@00003438: $31 <= 00003444
                 629@0000343c: $12 <= 00003444
                 631@00003440: $31 <= 00003444
                 633@00003444: $12 <= 00000008
                 635@00003448: $12 <= 00000000
                 637@0000344c: $12 <= 00000000
                 639@00003450: $31 <= 00000000
                 641@00003454: $12 <= 00000008
                 645@00003458: $12 <= 00003464
                 653@00003464: $12 <= 00000005
                 681@00003470: $31 <= 00000004
                 683@00003474: $31 <= 00000008
                 685@00003478: $31 <= 0000000c
                 687@0000347c: $31 <= 00000005
                 689@00003480: $31 <= 0000000a
                 691@00003484: $31 <= 00000000
                 693@00003488: $31 <= 00000000
                 695@0000348c: $31 <= 00003494
                 697@00003490: $31 <= 00000009
                 701@00003494: $31 <= 00000009
                 703@00003498: $31 <= 00000009
                 705@000034a0: *00000018 <= 00000009
                 709@000034a4: $31 <= 000034b0
                 715@000034ac: $31 <= 00000000
                 717@000034b0: $31 <= 00000007
                 719@000034b4: $31 <= 00000000
                 721@000034b8: $31 <= 00000002
                 723@000034bc: $ 8 <= 00000006
                 723@000034c0: *00000018 <= 00000006
                 727@000034c4: $31 <= 000034cc
                 729@000034c8: $31 <= 000034d0
                 739@000034d4: $31 <= 00000000
                 741@000034d8: $31 <= 000034e0
                 753@000034ec: $31 <= 00000004
                 755@000034f0: $21 <= 00000001
                 759@000034f8: $31 <= 00000005
                 763@00003504: *00000028 <= 00000005
                 769@0000350c: $31 <= 00003518
                 773@00003510: $21 <= 00003518
                 775@00003514: $31 <= 00000000
                 793@00003520: $21 <= 00000000
                 795@00003524: $21 <= 00000000
                 807@0000352c: $21 <= 00003538
                 813@00003534: $31 <= 00000000
                 815@00003538: $31 <= 00000000
                 815@0000353c: *0000000c <= 00000000
                 821@00003544: $ 8 <= 00000008
                 821@00003548: *0000000c <= 00000008
                 825@0000354c: $ 8 <= 00000009
                 825@00003550: *00000028 <= 00000009
                 829@00003554: $31 <= 00000001
                 831@00003558: $31 <= 00000000
                 835@00003560: $31 <= 00000000
                 837@00003564: $31 <= 00000005
                 841@00003568: $31 <= 0000000a
                 843@0000356c: $31 <= 0000000f
                 845@00003570: $31 <= 00003578
                 897@00003580: $31 <= 00000001
                 899@00003584: $31 <= 00000002
                 903@00003588: $31 <= 00003594
                 909@00003590: $31 <= 00000001
                 911@00003594: $31 <= 00000000
                 913@00003598: $31 <= 00000005
                 917@000035a0: $31 <= 000035a8
                 919@000035a4: $31 <= 000035ac
                 929@000035b0: $31 <= 00000000
                 931@000035b4: $31 <= 000035bc
                 943@000035c8: $31 <= 00000007
                 943@000035cc: *0000001c <= 00000007
                 949@000035d4: $31 <= 00000007
                 951@000035d8: $31 <= 00000003
                 953@000035dc: $31 <= 00000007
                 955@000035e0: $31 <= 0000000e
                 957@000035e4: $31 <= 000035ec
                 959@000035e8: $31 <= 00000000
                 961@000035ec: $31 <= 00000000
                 963@000035f0: $31 <= 00000007
                 965@000035f4: $31 <= 00000007
                 967@000035f8: $31 <= 00000007
                 969@000035fc: $31 <= 00003608
                 977@00003608: $31 <= 00000009
                 979@0000360c: *00000010 <= 00000009
                 983@00003610: $31 <= 00000004
                 985@00003614: $ 8 <= 00000000
                 985@00003618: *00000010 <= 00000000
                 989@0000361c: $ 8 <= 00000008
                 989@00003620: *0000001c <= 00000008
                 993@00003624: $31 <= 0000362c
                 995@00003628: $31 <= 00003630
                1005@00003634: $31 <= 00000000
                1007@00003638: $31 <= 00003640
                1017@0000364c: $31 <= 00000003
                1019@00003650: $31 <= 00000003
                1023@00003658: $31 <= 00000007
                1023@0000365c: *0000000c <= 00000007
                1037@00003664: $31 <= 00000000
                1039@00003668: $31 <= 00003670
                1051@00003670: $31 <= 00000000
                1053@00003674: $31 <= 00000003
                1057@00003678: $31 <= 00000003
                1075@00003680: $31 <= 0000368c
                1087@00003688: $31 <= 00000009
                1105@00003694: $31 <= 00000009
                1107@00003698: $ 8 <= 00000009
                1107@0000369c: *0000000c <= 00000009
                1111@000036a0: $31 <= 000036a8
                1113@000036a4: $31 <= 000036ac
                1123@000036b0: $31 <= 00000000
                1125@000036b4: $31 <= 000036bc
                1135@000036c8: $16 <= 0000000a
                1137@000036cc: $22 <= 00000004
                1185@000036e4: $16 <= 00000008
                1197@000036ec: $16 <= 00000010
                1215@00003708: $ 7 <= 00000008
                1217@0000370c: $19 <= 0000000a
                1221@00003714: $19 <= 00000000
                1235@0000371c: $ 7 <= 00000008
                1237@00003720: $ 7 <= 00000000
                1239@00003724: $ 7 <= 00000008
                1249@00003744: $ 7 <= 00000009
                1251@00003748: $24 <= 00000006
                1253@0000374c: $ 8 <= 00000005
                1257@00003754: $24 <= 00000005
                1257@00003758: *00000018 <= 00000005
                1261@0000375c: $24 <= 00000004
                1269@00003760: $ 8 <= 00000019
                1271@00003764: $ 8 <= 0000001d
                1277@0000376c: $ 8 <= 00000007
                1281@00003784: $ 8 <= 00000008
                1283@00003788: $ 8 <= 00000004
                1283@0000378c: *00000018 <= 00000004
                1287@00003790: $31 <= 00000001
                1289@00003794: $31 <= 00000007
                1291@00003798: $31 <= 00000000
                1293@0000379c: $31 <= 00000000
                1295@000037a0: $31 <= 00000007
                1311@000037a8: $31 <= 00000031
                1313@000037ac: $31 <= 000037b4
                1317@000037b4: $31 <= 000037b5
                1319@000037b8: $31 <= 00000000
                1321@000037bc: $31 <= 00000000
                1339@000037c0: $31 <= 00000001
                1341@000037c4: $31 <= 000037d0
                1373@000037d4: $31 <= 00000000
                1375@000037d8: $31 <= 00000000
                1377@000037dc: $31 <= 000037e4
                1379@000037e0: $31 <= 000037e8
                1389@000037ec: $31 <= 00000000
                1391@000037f0: $31 <= 000037f8
                1401@00003804: $31 <= 00000007
                1405@0000380c: $31 <= 00000007
                1407@00003810: $31 <= 00000003
                1407@00003814: *00000010 <= 00000003
                1421@00003820: $31 <= 00003828
                1423@00003824: $31 <= 00001c14
                1425@00003828: $31 <= 00000003
                1427@0000382c: $31 <= 00000008
                1429@00003830: $31 <= 00000000
                1431@00003834: $31 <= 00000001
                1433@00003838: $31 <= 00003844
                1439@00003840: $31 <= 00000000
                1441@00003844: $31 <= 00000000
                1443@00003848: $31 <= 00000003
                1445@0000384c: $31 <= 00000003
                1447@00003850: $ 8 <= 0000000a
                1447@00003854: *00000010 <= 0000000a
                1451@00003858: $31 <= 00003860
                1453@0000385c: $31 <= 00003864
                1463@00003868: $31 <= 00000000
                1465@0000386c: $31 <= 00003874
                1475@00003880: $31 <= 00000001
                1477@00003884: $31 <= 00000001
                1477@00003888: *00000018 <= 00000001
                1481@0000388c: $31 <= 00000001
                1483@00003890: $31 <= 0000000a
                1485@00003894: *00000014 <= 0000000a
                1491@0000389c: $31 <= 000038a4
                1493@000038a0: $31 <= 00000000
                1503@000038a4: $31 <= 00000064
                1505@000038a8: $31 <= 000000c8
                1507@000038ac: $31 <= 00000064
                1509@000038b0: $31 <= 00000005
                1513@000038b4: $31 <= 000038c0
                1519@000038bc: $31 <= 00000000
                1523@000038c4: $31 <= 00000000
                1527@000038cc: $ 8 <= 00000002
                1527@000038d0: *00000014 <= 00000002
                1531@000038d4: $ 8 <= 00000004
                1531@000038d8: *00000018 <= 00000004
                1535@000038dc: $31 <= 000038e4
                1537@000038e0: $31 <= 000038e8
                1547@000038ec: $31 <= 00000000
                1549@000038f0: $31 <= 000038f8
                1561@00003904: $15 <= 00000002
                1563@00003908: $ 2 <= 00000008
                1565@0000390c: $15 <= 00000000
                1567@00003910: $15 <= 00000000
                1569@00003914: $15 <= 00000000
                1571@00003918: $ 2 <= 00000000
                1573@0000391c: $15 <= 00000008
                1575@00003920: *00000010 <= 00000000
                1581@00003928: $ 2 <= 00000000
                1585@00003930: $15 <= 00000000
                1587@00003934: $15 <= 00000003
                1589@00003938: $15 <= 00000000
                1593@00003940: $ 2 <= 00000000
                1595@00003944: $ 8 <= 0000000a
                1595@00003948: *00000010 <= 0000000a
                1599@0000394c: $ 3 <= 00000008
                1601@00003950: $ 8 <= 00000006
                1603@00003954: $ 8 <= 00000008
                1609@0000395c: $ 8 <= 00000008
                1611@00003960: $ 8 <= 00000000
                1621@00003984: $ 8 <= 00000008
                1625@0000398c: $31 <= 00000003
                1627@00003990: $ 6 <= 0000000a
                1631@00003998: $ 6 <= 00000001
                1633@0000399c: $31 <= 00000003
                1635@000039a0: $31 <= 00000005
                1635@000039a4: *0000000c <= 00000001
                1643@000039a8: $31 <= 0000001e
                1645@000039ac: $31 <= 000039b8
                1649@000039b0: $ 6 <= 000039b8
                1651@000039b4: $31 <= 000039ba
                1653@000039b8: $31 <= 0000001e
                1655@000039bc: $ 6 <= 0000001e
                1657@000039c0: $ 6 <= 00000000
                1661@000039c8: $ 6 <= 0000003c
                1663@000039cc: $ 6 <= 000039d8
                1669@000039d4: $31 <= 00000008
                1673@000039d8: $ 6 <= 00000000
                1675@000039dc: $31 <= 00000000
                1677@000039e0: $ 6 <= 00000006
                1679@000039e4: $ 8 <= 00000002
                1679@000039e8: *0000000c <= 00000002
                1683@000039ec: $31 <= 0000000a
                1685@000039f0: $31 <= 0000000a
                1687@000039f4: $31 <= 0000000a
                1689@000039f8: $31 <= 0000000e
                1693@00003a00: $31 <= 0000000e
                1697@00003a08: $31 <= 00003a10
                1699@00003a0c: $31 <= 00000002
                1701@00003a10: *00000014 <= 00000002
                1705@00003a14: $31 <= 00000004
                1707@00003a18: $31 <= 00000004
                1713@00003a20: $31 <= 00003a2c
                1719@00003a28: $31 <= 00003a2c
                1725@00003a34: $31 <= 00003a2c
                1727@00003a38: $ 8 <= 00000000
                1727@00003a3c: *00000014 <= 00000000
                1731@00003a40: $31 <= 00003a48
                1733@00003a44: $31 <= 00003a4c
                1743@00003a50: $31 <= 00000000
                1745@00003a54: $31 <= 00003a5c
                1755@00003a68: $20 <= 00000001
                1757@00003a6c: $22 <= 00000002
                1759@00003a70: $20 <= 00000000
                1763@00003a78: $20 <= 00000004
                1781@00003a84: $22 <= 00000002
                1787@00003aa0: $22 <= 00000002
                1789@00003aa4: $20 <= 00000004
                1791@00003aa8: $20 <= 00000007
                1793@00003aac: $ 4 <= 00000005
                1795@00003ab0: $20 <= 00000002
                1797@00003ab4: $ 4 <= 00000005
                1799@00003ab8: $20 <= 00000002
                1821@00003ae0: *00000014 <= 00000005
                1823@00003ae4: *00000008 <= 00000002
                1827@00003ae8: $ 8 <= 00000008
                1827@00003aec: *00000008 <= 00000008
                1831@00003af0: $ 8 <= 00000007
                1831@00003af4: *00000014 <= 00000007
                1835@00003af8: $31 <= 00000006
                1835@00003afc: *00000018 <= 00000006
                1839@00003b00: $31 <= 00000004
                1841@00003b04: $31 <= 00000004
                1843@00003b08: $31 <= 00000004
                1845@00003b0c: $31 <= 00000002
                1851@00003b14: $31 <= 00003b1c
                1853@00003b18: $31 <= 00003b1c
                1863@00003b1c: $31 <= 00000004
                1865@00003b20: $31 <= 00000000
                1865@00003b24: *0000001c <= 00000000
                1871@00003b2c: $31 <= 00003b38
                1877@00003b34: $31 <= 00001d9c
                1909@00003b40: $31 <= 00000ece
                1911@00003b44: $ 8 <= 00000004
                1911@00003b48: *00000018 <= 00000004
                1915@00003b4c: $ 8 <= 00000002
                1915@00003b50: *0000001c <= 00000002
                1919@00003b54: $31 <= 00003b5c
                1921@00003b58: $31 <= 00003b60
                1931@00003b64: $31 <= 00000000
                1933@00003b68: $31 <= 00003b70
                1943@00003b7c: $31 <= 00000006
                1945@00003b80: $27 <= 00000001
                1947@00003b84: $27 <= 00000006
                1949@00003b88: $27 <= 0000000c
                1951@00003b8c: $27 <= 00000012
                1955@00003b94: $31 <= 00000024
                1957@00003b98: $27 <= 00000036
                1959@00003b9c: $31 <= 00003ba8
                1963@00003ba0: $27 <= 00003ba8
                1965@00003ba4: $31 <= 00000000
                1967@00003ba8: $31 <= 00001dd4
                1969@00003bac: $31 <= 00003ba8
                1971@00003bb0: $31 <= 00000000
                1977@00003bbc: $27 <= 00003bc8
                1983@00003bc4: $31 <= 00000000
                1985@00003bc8: $27 <= 00000000
                1987@00003bcc: $27 <= 00000000
                1989@00003bd0: $27 <= 00000005
                1991@00003bd4: $ 7 <= 00000006
                1993@00003bd8: $ 8 <= 00000000
                1995@00003bdc: $ 7 <= 00000007
                1997@00003be0: $ 8 <= 00000000
                2015@00003bec: $ 8 <= 00000005
                2017@00003bf0: $ 8 <= 00000003
                2023@00003bf8: $ 7 <= 00000003
                2025@00003c0c: $ 8 <= 00000000
                2027@00003c10: $ 7 <= 00000003
                2029@00003c14: $31 <= 00000005
                2031@00003c18: $31 <= 00000002
                2033@00003c1c: $31 <= 00000003
                2039@00003c28: $31 <= 00000003
                2041@00003c2c: $31 <= 00000003
                2043@00003c30: $31 <= 00003c38
                2045@00003c34: $31 <= 00000000
                2049@00003c3c: $31 <= 00000005
                2051@00003c40: $31 <= 00000007
                2053@00003c44: $31 <= 00000000
                2055@00003c48: $31 <= 00003c54
                2065@00003c58: $31 <= 00000000
                2065@00003c5c: *00000010 <= 00000000
                2069@00003c60: $ 8 <= 00000005
                2069@00003c64: *00000010 <= 00000005
                2073@00003c68: $31 <= 00003c70
                2075@00003c6c: $31 <= 00003c74
                2085@00003c78: $31 <= 00000000
                2087@00003c7c: $31 <= 00003c84
                2097@00003c90: $27 <= 00000004
                2099@00003c94: $23 <= 00000005
                2101@00003c98: $27 <= 00003c54
                2101@00003c9c: *00000028 <= 00000005
                2105@00003ca0: $27 <= 00003c54
                2107@00003ca4: $27 <= 00003c4f
                2109@00003ca8: $23 <= 00000000
                2111@00003cac: $27 <= 00003c54
                2117@00003cb4: $23 <= 00003c54
                2119@00003cc8: $27 <= 00000000
                2119@00003ccc: *00000008 <= 00003c54
                2123@00003cd0: $ 8 <= 00000009
                2123@00003cd4: *00000008 <= 00000009
                2127@00003cd8: $ 8 <= 00000007
                2127@00003cdc: *00000028 <= 00000007
INFO: [USF-XSim-96] XSim completed. Design snapshot 'mips_txt_behav' loaded.
INFO: [USF-XSim-97] XSim simulation ran for 20000ns
launch_simulation: Time (s): cpu = 00:00:00 ; elapsed = 00:00:06 . Memory (MB): peak = 396.703 ; gain = 18.836
INFO: [Common 17-206] Exiting Vivado at Wed Dec 15 16:58:39 2021...
