#-----------------------------------------------------------
# Vivado v2019.1 (64-bit)
# SW Build 2552052 on Fri May 24 14:49:42 MDT 2019
# IP Build 2548770 on Fri May 24 18:01:18 MDT 2019
# Start of session at: Wed Dec 15 16:58:42 2021
# Process ID: 36000
# Current directory: D:/Archive/Auto-Test/PipieCPU50
# Command line: vivado.exe -mode batch -source start.tcl
# Log file: D:/Archive/Auto-Test/PipieCPU50/vivado.log
# Journal file: D:/Archive/Auto-Test/PipieCPU50\vivado.jou
#-----------------------------------------------------------
source start.tcl
# open_project D:/Archive/ISE/PipelineCPU_Update/PipelineCPU_Update.xpr
Scanning sources...
Finished scanning sources
# update_compile_order -fileset sources_1
# launch_simulation
INFO: [Vivado 12-5682] Launching behavioral simulation in 'D:/Archive/ISE/PipelineCPU_Update/PipelineCPU_Update.sim/sim_1/behav/xsim'
INFO: [SIM-utils-51] Simulation object is 'sim_1'
INFO: [SIM-utils-54] Inspecting design source files for 'mips_txt' in fileset 'sim_1'...
INFO: [USF-XSim-97] Finding global include files...
INFO: [USF-XSim-98] Fetching design files from 'sim_1'...
INFO: [USF-XSim-2] XSim::Compile design
INFO: [USF-XSim-61] Executing 'COMPILE and ANALYZE' step in 'D:/Archive/ISE/PipelineCPU_Update/PipelineCPU_Update.sim/sim_1/behav/xsim'
"xvlog --incr --relax -prj mips_txt_vlog.prj"
INFO: [USF-XSim-69] 'compile' step finished in '1' seconds
INFO: [USF-XSim-3] XSim::Elaborate design
INFO: [USF-XSim-61] Executing 'ELABORATE' step in 'D:/Archive/ISE/PipelineCPU_Update/PipelineCPU_Update.sim/sim_1/behav/xsim'
"xelab -wto 4874249b77ad4f4aa5a7187cb84bed1d --incr --debug typical --relax --mt 2 -L xil_defaultlib -L unisims_ver -L unimacro_ver -L secureip --snapshot mips_txt_behav xil_defaultlib.mips_txt xil_defaultlib.glbl -log elaborate.log"
Vivado Simulator 2019.1
Copyright 1986-1999, 2001-2019 Xilinx, Inc. All Rights Reserved.
Running: D:/Xillinx/Vivado/2019.1/bin/unwrapped/win64.o/xelab.exe -wto 4874249b77ad4f4aa5a7187cb84bed1d --incr --debug typical --relax --mt 2 -L xil_defaultlib -L unisims_ver -L unimacro_ver -L secureip --snapshot mips_txt_behav xil_defaultlib.mips_txt xil_defaultlib.glbl -log elaborate.log 
Using 2 slave threads.
Starting static elaboration
Completed static elaboration
INFO: [XSIM 43-4323] No Change in HDL. Linking previously generated obj files to create kernel
INFO: [USF-XSim-69] 'elaborate' step finished in '2' seconds
INFO: [USF-XSim-4] XSim::Simulate design
INFO: [USF-XSim-61] Executing 'SIMULATE' step in 'D:/Archive/ISE/PipelineCPU_Update/PipelineCPU_Update.sim/sim_1/behav/xsim'
INFO: [USF-XSim-98] *** Running xsim
   with args "mips_txt_behav -key {Behavioral:sim_1:Functional:mips_txt} -tclbatch {mips_txt.tcl} -log {simulate.log}"
INFO: [USF-XSim-8] Loading simulator feature
Vivado Simulator 2019.1
Time resolution is 1 ps
source mips_txt.tcl
## current_wave_config
WARNING: [Wavedata 42-489] Can't add object "/mips_txt/data" to the wave window because it has 131072 bits, which exceeds the display limit of 65536 bits.  To change the display limit, use the command "set_property display_limit <new limit> [current_wave_config]".
WARNING: [Wavedata 42-489] Can't add object "/mips_txt/inst" to the wave window because it has 131072 bits, which exceeds the display limit of 65536 bits.  To change the display limit, use the command "set_property display_limit <new limit> [current_wave_config]".
                  29@00003000: $28 <= 00000000
                  31@00003004: $29 <= 00000000
                  33@00003008: $ 8 <= 00000004
                  33@0000300c: *00000000 <= 00000004
                  37@00003010: $ 8 <= 00000006
                  37@00003014: *00000004 <= 00000006
                  41@00003018: $ 8 <= 00000006
                  41@0000301c: *00000008 <= 00000006
                  45@00003020: $ 8 <= 00000007
                  45@00003024: *0000000c <= 00000007
                  49@00003028: $ 8 <= 00000002
                  49@0000302c: *00000010 <= 00000002
                  53@00003030: $ 8 <= 00000000
                  53@00003034: *00000014 <= 00000000
                  57@00003038: $ 8 <= 00000009
                  57@0000303c: *00000018 <= 00000009
                  61@00003040: $ 8 <= 00000000
                  61@00003044: *0000001c <= 00000000
                  65@00003048: $ 8 <= 00000001
                  65@0000304c: *00000020 <= 00000001
                  69@00003050: $ 8 <= 00000007
                  69@00003054: *00000024 <= 00000007
                  73@00003058: $ 8 <= 00000009
                  73@0000305c: *00000028 <= 00000009
                  77@00003060: $ 8 <= 00000003
                  77@00003064: *0000002c <= 00000003
                  81@00003068: $ 8 <= 00000007
                  81@0000306c: *00000030 <= 00000007
                  85@00003070: $ 8 <= 00000006
                  85@00003074: *00000034 <= 00000006
                  89@00003078: $ 8 <= 00000009
                  89@0000307c: *00000038 <= 00000009
                  93@00003080: $ 8 <= 00000006
                  93@00003084: *0000003c <= 00000006
                  97@00003088: $ 8 <= 00000003
                  97@0000308c: *00000040 <= 00000003
                 101@00003090: $ 8 <= 00000009
                 101@00003094: *00000044 <= 00000009
                 105@00003098: $ 8 <= 00000005
                 105@0000309c: *00000048 <= 00000005
                 109@000030a0: $ 8 <= 00000008
                 109@000030a4: *0000004c <= 00000008
                 113@000030a8: $31 <= 000030b0
                 119@000030b4: $31 <= 000030b8
                 125@000030b4: $31 <= 000030c0
                 129@000030b8: $17 <= 000030c0
                 135@000030c4: $17 <= 000030c8
                 141@000030c4: $17 <= 000030d0
                 143@000030c8: $31 <= 000030d0
                 147@000030d0: $17 <= 000030d8
                 149@000030d4: $31 <= 000030d8
                 153@000030d0: $17 <= 000030d8
                 155@000030d4: $31 <= 000030e0
                 159@000030d8: $17 <= 000030e0
                 163@000030e0: $31 <= 000030e8
                 165@000030e4: $17 <= 000030e8
                 169@000030e0: $31 <= 000030e8
                 171@000030e4: $17 <= 000030f0
                 173@000030e8: $31 <= 00003100
                 173@000030ec: *00000000 <= 00003100
                 177@000030f0: $20 <= 00003100
                 183@000030fc: *00000000 <= 00000000
                 187@00003100: $10 <= 00000000
                 189@00003104: $31 <= 0000311c
                 189@00003108: *00000000 <= 0000311c
                 193@0000310c: $18 <= 0000311c
                 199@00003114: $10 <= 0000311c
                 199@00003118: *00000000 <= 00000000
                 205@00003120: $10 <= 0000311d
                 207@00003128: $14 <= 00007ffc
                 209@0000312c: $30 <= 00003143
                 211@00003130: $30 <= 00003140
                 219@00003140: $ 6 <= 00000000
                 221@00003144: $21 <= 00007ffc
                 223@00003148: $13 <= 0000315f
                 225@0000314c: $13 <= 0000315c
                 229@00003154: $ 6 <= 0000315c
                 235@00003160: $ 6 <= 0000315d
                 237@00003168: $ 4 <= 00000001
                 239@0000316c: $13 <= 00003184
                 255@00003174: $ 4 <= 00003184
                 263@00003184: $24 <= 00000000
                 265@00003188: $ 4 <= 00000001
                 267@0000318c: $13 <= 000031a4
                 283@00003194: $ 4 <= 000031a4
                 287@0000319c: $24 <= 000031a4
                 295@000031a8: $24 <= 000031a5
                 299@000031b4: $31 <= 00000000
                 301@000031b8: $ 7 <= 00000001
                 305@000031c0: $31 <= 00000001
                 307@000031c4: $ 7 <= 00000007
                 309@000031c8: $31 <= 00000000
                 311@000031cc: $ 7 <= 00000001
                 313@000031d0: $31 <= 00000000
                 315@000031d4: $31 <= 000031e0
                 319@000031d8: $ 7 <= 000031e0
                 319@000031dc: *0000001c <= 000031e0
                 323@000031e0: $31 <= 000018f0
                 325@000031e4: $31 <= 00000000
                 329@000031ec: $ 7 <= 000031e0
                 351@000031f0: $31 <= 00000001
                 353@000031f4: $ 7 <= 00003200
                 359@000031fc: $31 <= 00000000
                 361@00003200: $31 <= 00000003
                 363@00003204: $ 7 <= 00000000
                 365@00003208: $31 <= 00000006
                 367@0000320c: $ 8 <= 00000005
                 367@00003210: *0000001c <= 00000005
                 371@00003214: $31 <= 00000009
                 373@00003218: $21 <= 00000002
                 377@00003220: $21 <= 00000012
                 379@00003224: $31 <= 0000001b
                 391@0000322c: $21 <= 0000000d
                 393@00003230: $21 <= 0000000d
                 395@00003234: $31 <= 00003240
                 399@00003238: $21 <= 00003240
                 403@00003240: $31 <= 00000000
                 405@00003248: *0000000c <= 00000000
                 411@00003250: $31 <= 00000000
                 413@00003254: $21 <= 00003260
                 423@0000325c: $31 <= 00000000
                 425@00003260: $31 <= 00003264
                 429@00003268: $21 <= 00000000
                 431@0000326c: $ 8 <= 00000002
                 431@00003270: *0000000c <= 00000002
                 435@00003274: $31 <= 00000008
                 437@00003278: $31 <= 0000000c
                 439@0000327c: $31 <= 00000000
                 453@00003284: $31 <= 00000001
                 455@00003288: $31 <= 00000000
                 457@0000328c: $31 <= 00000000
                 459@00003290: $31 <= 00003298
                 461@00003294: $31 <= 0000194c
                 463@00003298: $31 <= 00000000
                 463@0000329c: *0000001c <= 00000000
                 469@000032a4: $31 <= 00000000
                 471@000032a8: $31 <= 000032b4
                 477@000032b0: $31 <= 00000000
                 479@000032b4: $31 <= 00000000
                 481@000032b8: $31 <= 00000004
                 483@000032bc: $31 <= 00000000
                 485@000032c0: $ 8 <= 00000000
                 485@000032c4: *0000001c <= 00000000
                 489@000032c8: $31 <= 000032d0
                 491@000032cc: $31 <= 000032d4
                 501@000032d8: $31 <= 00000000
                 503@000032dc: $31 <= 000032e4
                 513@000032f0: $13 <= 00000006
                 515@000032f4: $24 <= 00000004
                 519@000032fc: $24 <= 00000006
                 521@00003300: $13 <= 00000006
                 523@00003304: $24 <= 00000006
                 525@00003308: $13 <= 0000000c
                 527@0000330c: $13 <= 00000000
                 531@00003314: $24 <= 00000006
                 533@00003328: $13 <= 00000006
                 535@0000332c: $13 <= 00000006
                 537@00003330: $31 <= 00000005
                 539@00003334: $31 <= 00000000
                 541@00003338: $31 <= 00000000
                 543@0000333c: $31 <= 00000006
                 543@00003340: *0000001c <= 00000006
                 547@00003344: $31 <= 00000002
                 551@00003348: $31 <= 00000002
                 553@0000334c: $31 <= 00003354
                 555@00003350: $31 <= 00000000
                 557@00003354: $31 <= 00000000
                 559@00003358: $31 <= 00000003
                 561@0000335c: $31 <= 00000007
                 563@00003360: $31 <= 00000000
                 565@00003364: $31 <= 00003370
                 571@0000336c: $31 <= 000019b8
                 573@00003370: $31 <= 000019b8
                 573@00003374: *00000004 <= 000019b8
                 577@00003378: $31 <= 000019b9
                 579@0000337c: $ 8 <= 00000006
                 579@00003380: *00000004 <= 00000006
                 583@00003384: $ 8 <= 00000000
                 583@00003388: *0000001c <= 00000000
                 587@0000338c: $31 <= 00003394
                 589@00003390: $31 <= 00003398
                 599@0000339c: $31 <= 00000000
                 601@000033a0: $31 <= 000033a8
                 611@000033b4: $31 <= 00000005
                 613@000033b8: $31 <= 00000007
                 615@000033bc: $31 <= 00000007
                 617@000033c0: $31 <= 0000000e
                 623@000033cc: $31 <= 0000000e
                 625@000033d0: $31 <= 000033d8
                 627@000033d8: *00000004 <= 000033d8
                 631@000033dc: $31 <= 000033d8
                 633@000033e0: $31 <= 00000007
                 639@000033e8: $31 <= 000033f4
                 645@000033f0: $31 <= 00000000
                 647@000033f4: $31 <= 00000000
                 665@00003400: $ 8 <= 00000006
                 665@00003404: *00000004 <= 00000006
                 669@00003408: $31 <= 00003410
                 671@0000340c: $31 <= 00003414
                 681@00003418: $31 <= 00000000
                 683@0000341c: $31 <= 00003424
                 695@00003430: $ 8 <= 00000003
                 697@00003434: $ 7 <= 00000003
                 697@00003438: *00000000 <= 00000003
                 701@00003440: *00000028 <= 00000003
                 721@0000344c: $ 8 <= 00000006
                 727@00003454: $ 7 <= 00000000
                 729@00003458: $ 8 <= 00000006
                 731@00003460: *00000004 <= 00000006
                 735@00003464: $ 7 <= 00000006
                 737@00003468: $ 7 <= 00000000
                 741@00003470: $ 8 <= 00000008
                 741@00003474: *00000000 <= 00000008
                 745@00003478: $ 8 <= 0000000a
                 745@0000347c: *00000004 <= 0000000a
                 749@00003480: $ 8 <= 00000001
                 749@00003484: *00000028 <= 00000001
                 753@00003488: $31 <= 0000000a
                 755@0000348c: $31 <= 00000014
                 757@00003490: $31 <= 00000014
                 759@00003494: $31 <= 00000014
                 761@00003498: $31 <= 00000000
                 763@0000349c: $31 <= 00000000
                 767@000034a4: $31 <= 000034ac
                 779@000034ac: *00000014 <= 000034ac
                 811@000034bc: $31 <= 000034c8
                 817@000034c8: *00000008 <= 000034c8
                 821@000034cc: $31 <= 00000000
                 823@000034d0: $31 <= 00000000
                 825@000034d4: $ 8 <= 00000000
                 825@000034d8: *00000008 <= 00000000
                 829@000034dc: $ 8 <= 00000005
                 829@000034e0: *00000014 <= 00000005
                 833@000034e4: $31 <= 000034ec
                 835@000034e8: $31 <= 000034f0
                 845@000034f4: $31 <= 00000000
                 847@000034f8: $31 <= 00003500
                 857@0000350c: $31 <= 00000000
                 859@00003510: $ 5 <= 0000000a
                 861@00003514: $31 <= 00000000
                 863@00003518: $ 5 <= 00000000
                 867@00003520: $ 5 <= 00000000
                 869@00003524: $ 5 <= 00000000
                 871@00003528: $ 5 <= 00000000
                 873@0000352c: $31 <= 00003538
                 877@00003530: $ 5 <= 00003538
                 877@00003534: *00000004 <= 00003538
                 881@00003538: $ 5 <= 0000353e
                 883@0000353c: $31 <= 00000000
                 885@00003540: $ 5 <= 00000000
                 887@00003544: $ 5 <= 00000001
                 889@00003548: $ 5 <= 00000008
                 893@0000354c: $ 5 <= 00003558
                 897@00003554: *00000000 <= 00000000
                 899@00003558: *00000024 <= 00003558
                 907@00003564: $ 8 <= 00000003
                 907@00003568: *00000000 <= 00000003
                 911@0000356c: $ 8 <= 00000004
                 911@00003570: *00000004 <= 00000004
                 915@00003574: $ 8 <= 00000001
                 915@00003578: *00000024 <= 00000001
                 919@0000357c: $31 <= 00000006
                 921@00003580: $31 <= 00000006
                 925@00003588: $31 <= 00000006
                 927@0000358c: $31 <= 00000003
                 929@00003590: $31 <= 00000003
                 933@00003598: $31 <= 000035a0
                 945@0000359c: $31 <= 00000009
                 947@000035a0: $31 <= 00000000
                 949@000035a4: $31 <= 00000000
                 951@000035a8: $31 <= 00000000
                 953@000035ac: $31 <= 00000000
                 955@000035b0: $31 <= 000035bc
                 963@000035bc: $31 <= 00000000
                 965@000035c0: $31 <= 00000000
                 969@000035c8: $31 <= 000035d0
                 971@000035cc: $31 <= 000035d4
                 981@000035d8: $31 <= 00000000
                 983@000035dc: $31 <= 000035e4
                 993@000035f0: $31 <= 00000000
                 995@000035f4: $27 <= 00000000
                 997@000035f8: $31 <= 00000000
                 999@000035fc: $31 <= 00000002
                1001@00003600: $31 <= 00000002
                1003@00003604: $27 <= 00000004
                1003@00003608: *0000000c <= 00000002
                1007@0000360c: $31 <= 00000008
                1009@00003610: $31 <= 0000361c
                1013@00003614: $27 <= 0000361c
                1015@00003618: $27 <= 00000000
                1019@00003620: $27 <= 0000361d
                1031@00003624: $27 <= 00000000
                1035@0000362c: $31 <= 00000000
                1037@00003630: $27 <= 0000363c
                1041@00003638: *00000028 <= 00000000
                1045@0000363c: $27 <= 0000363d
                1047@00003640: $27 <= 0000363d
                1047@00003644: *00000020 <= 00000000
                1051@00003648: $ 8 <= 00000005
                1051@0000364c: *0000000c <= 00000005
                1055@00003650: $ 8 <= 00000003
                1055@00003654: *00000020 <= 00000003
                1059@00003658: $ 8 <= 00000006
                1059@0000365c: *00000028 <= 00000006
                1063@00003660: $31 <= 00000006
                1063@00003664: *00000024 <= 00000006
                1067@00003668: $31 <= 00000000
                1069@0000366c: $31 <= 00000000
                1071@00003670: $31 <= 00000000
                1075@00003678: $31 <= 00000000
                1077@0000367c: $31 <= 00003684
                1079@00003680: $31 <= 00003684
                1081@00003684: $31 <= 00003687
                1083@00003688: $31 <= 00000000
                1087@00003690: $31 <= 00000000
                1089@00003694: $31 <= 000036a0
                1099@0000369c: $31 <= 00000000
                1101@000036a0: $31 <= 00000005
                1103@000036a4: *00000018 <= 00000005
                1107@000036a8: $31 <= 00000002
                1109@000036ac: $ 8 <= 00000007
                1109@000036b0: *00000018 <= 00000007
                1113@000036b4: $ 8 <= 00000001
                1113@000036b8: *00000024 <= 00000001
                1117@000036bc: $31 <= 000036c4
                1119@000036c0: $31 <= 000036c8
                1129@000036cc: $31 <= 00000000
                1131@000036d0: $31 <= 000036d8
                1141@000036e4: $31 <= 00000008
                1143@000036e8: $23 <= 00000002
                1161@000036f4: $31 <= 00000008
                1161@000036f8: *00000028 <= 00000008
                1173@000036fc: $23 <= 00000004
                1173@00003700: *00000010 <= 00000008
                1177@00003704: $31 <= 00003710
                1181@00003708: $23 <= 00003710
                1183@0000370c: $23 <= 00003716
                1185@00003710: $31 <= 00000006
                1191@0000371c: $23 <= 00000000
                1193@00003720: $23 <= 0000000c
                1195@00003724: $23 <= 00003730
                1213@0000372c: $23 <= 0000092e
                1215@00003730: $31 <= 0000092e
                1219@00003738: $31 <= 00000004
                1221@0000373c: $ 8 <= 00000000
                1221@00003740: *00000010 <= 00000000
                1225@00003744: $ 8 <= 00000009
                1225@00003748: *00000028 <= 00000009
                1229@0000374c: $31 <= 00000005
                1231@00003750: $29 <= 00000005
                1233@00003754: $31 <= 00000005
                1235@00003758: $31 <= 00000007
                1243@00003760: $31 <= 00000001
                1247@00003764: $29 <= 00000002
                1249@00003768: $29 <= 00000009
                1251@0000376c: $31 <= 00003778
                1255@00003770: $29 <= 00003778
                1257@00003774: $29 <= 00000000
                1261@0000377c: $31 <= 00000006
                1263@00003780: $29 <= 00000006
                1265@00003784: $31 <= 00000006
                1273@00003788: $29 <= 00000000
                1275@0000378c: $29 <= 00003798
                1281@00003794: $31 <= 00000000
                1283@00003798: $29 <= 00000000
                1285@0000379c: $29 <= 00000004
                1287@000037a0: *00000028 <= 00000000
                1291@000037a4: $ 8 <= 00000006
                1291@000037a8: *00000028 <= 00000006
                1295@000037ac: $31 <= 00000001
                1299@000037b8: *00000020 <= 00000001
                1303@000037bc: $31 <= 00000003
                1305@000037c0: *00000000 <= 00000003
                1315@000037c8: $31 <= 000037d0
                1317@000037cc: $31 <= 000037d1
                1351@000037d4: $31 <= 00000001
                1353@000037d8: $31 <= 00000000
                1357@000037e0: $31 <= 000037ec
                1363@000037e8: $31 <= 000037ec
                1395@000037f4: $31 <= 00000000
                1397@000037f8: $ 8 <= 00000008
                1397@000037fc: *00000000 <= 00000008
                1401@00003800: $ 8 <= 00000008
                1401@00003804: *00000020 <= 00000008
                1405@00003808: $31 <= 00003810
                1407@0000380c: $31 <= 00003814
                1417@00003818: $31 <= 00000000
                1419@0000381c: $31 <= 00003824
                1431@00003830: $26 <= 00000008
                1433@00003834: $ 8 <= 00000001
                1435@00003838: $ 8 <= 00000002
                1437@0000383c: $ 8 <= 00000000
                1441@00003840: $ 8 <= 00000008
                1443@00003844: $ 8 <= 00000000
                1447@0000384c: *00000028 <= 00000008
                1453@00003854: $ 8 <= 00000005
                1453@00003858: *00000018 <= 00000008
                1457@0000385c: $ 8 <= 0000000a
                1459@00003860: $26 <= 00000005
                1461@00003864: $ 8 <= 0000000e
                1463@00003868: $26 <= 00000000
                1465@0000386c: $ 8 <= 0000000e
                1467@00003870: $ 8 <= 00000000
                1467@00003874: *00000018 <= 00000000
                1471@00003878: $ 8 <= 00000004
                1471@0000387c: *00000028 <= 00000004
                1475@00003880: $20 <= 00000009
                1477@00003884: $10 <= 00000009
                1479@00003888: $10 <= 00000000
                1481@0000388c: $20 <= 00000000
                1483@00003890: $20 <= 00000000
                1485@00003894: $10 <= 00000000
                1487@00003898: $20 <= 00000000
                1487@0000389c: *00000004 <= 00000000
                1493@000038a4: $20 <= 00000003
                1499@000038c0: $ 8 <= 00000005
                1499@000038c4: *00000004 <= 00000005
                1503@000038c8: $31 <= 00000003
                1505@000038cc: $20 <= 0000000a
                1507@000038d0: $31 <= 00000003
                1511@000038d8: $31 <= 00000000
                1515@000038dc: $20 <= 00000007
                1517@000038e0: $20 <= 00000000
                1517@000038e4: *00000014 <= 00000000
                1521@000038e8: $31 <= 000038f4
                1525@000038ec: $20 <= 000038f4
                1527@000038f0: $31 <= 0000000a
                1529@000038f4: $31 <= 0000000a
                1533@000038fc: $31 <= 00000000
                1535@00003900: $20 <= 00000000
                1555@00003904: $20 <= 000005b2
                1557@00003908: $20 <= 00003914
                1563@00003910: $31 <= 00000000
                1565@00003914: $31 <= 00000000
                1567@00003918: $31 <= 00003916
                1571@00003920: $ 8 <= 00000002
                1571@00003924: *00000014 <= 00000002
                1575@00003928: $15 <= 00000006
                1577@0000392c: $ 2 <= 0000000a
                1607@00003938: *0000000c <= 00000006
                1611@0000393c: $15 <= 00000006
                1613@00003940: $15 <= 00000014
                1621@00003944: $ 2 <= 0000003c
                1627@0000394c: $15 <= 00000000
                1629@00003950: $ 2 <= 00000000
                1631@00003954: $ 2 <= 0000003c
                1633@00003958: $ 2 <= 00000005
                1635@0000395c: $15 <= 00000000
                1637@00003960: $ 2 <= 0000003c
                1641@00003968: $ 8 <= 00000002
                1641@0000396c: *0000000c <= 00000002
                1645@00003970: $20 <= 00000001
                1647@00003974: $ 3 <= 00000002
                1651@0000397c: $ 3 <= 00000002
                1653@00003980: $ 3 <= 00000003
                1653@00003984: *00000028 <= 00000003
                1657@00003988: $20 <= 00000004
                1659@0000398c: $20 <= 00000002
                1663@00003994: *0000001c <= 00000003
                1669@000039ac: $20 <= 00000000
                1671@000039b0: $ 8 <= 00000000
                1671@000039b4: *0000001c <= 00000000
                1675@000039b8: $ 8 <= 00000009
                1675@000039bc: *00000028 <= 00000009
                1679@000039c0: $ 7 <= 00000008
                1681@000039c4: $ 4 <= 00000000
                1683@000039c8: $ 7 <= 00000003
                1685@000039cc: $ 7 <= 00000007
                1687@000039d0: $ 4 <= 00000007
                1691@000039d8: $ 4 <= 00000000
                1695@000039dc: $ 7 <= 00000000
                1699@000039e4: $ 7 <= 00000000
                1705@000039fc: $ 7 <= 00000000
                1707@00003a00: $23 <= 00000003
                1709@00003a04: $28 <= 00000004
                1711@00003a08: $23 <= 00000000
                1713@00003a0c: $28 <= 00000000
                1715@00003a10: $28 <= 00000009
                1717@00003a14: $23 <= 00000009
                1719@00003a18: $23 <= 00000000
                1721@00003a1c: $28 <= 00000002
                1725@00003a24: $23 <= 00000000
                1727@00003a38: $28 <= 00000000
                1731@00003a40: $ 4 <= 00000007
                1733@00003a44: $11 <= 00000000
                1737@00003a4c: $ 4 <= 00000007
                1739@00003a50: $11 <= 00000000
                1741@00003a54: $11 <= 00000000
                1743@00003a58: $ 4 <= 00000000
                1759@00003a78: *00000024 <= 00000000
                1775@00003a80: $ 8 <= 00000004
                1775@00003a84: *00000024 <= 00000004
                1779@00003a88: $16 <= 00000006
                1781@00003a8c: $14 <= 00000002
                1783@00003a90: $14 <= 00000001
                1783@00003a94: *00000004 <= 00000001
                1789@00003aa0: *00000024 <= 00000006
                1793@00003aa4: $16 <= 00000006
                1811@00003ac4: *00000008 <= 00000006
                1815@00003ac8: $ 8 <= 00000006
                1815@00003acc: *00000004 <= 00000006
                1819@00003ad0: $ 8 <= 00000005
                1819@00003ad4: *00000008 <= 00000005
                1823@00003ad8: $ 8 <= 00000009
                1823@00003adc: *00000024 <= 00000009
                1827@00003ae0: $31 <= 00000004
                1829@00003ae4: $31 <= 00000001
                1831@00003ae8: $31 <= 00000002
                1833@00003aec: $31 <= 00000002
                1837@00003af4: $31 <= 00000000
                1843@00003afc: $31 <= 00003b04
                1847@00003b04: $31 <= 00000000
                1849@00003b08: $31 <= 00000000
                1853@00003b10: $31 <= 00000000
                1855@00003b14: $31 <= 00003b20
                1863@00003b20: $31 <= 00003b20
                1865@00003b24: $31 <= 00003b20
                1867@00003b28: $31 <= 00000000
                1869@00003b2c: $31 <= 00003b34
                1871@00003b30: $31 <= 00003b38
                1881@00003b3c: $31 <= 00000000
                1883@00003b40: $31 <= 00003b48
                1895@00003b54: $31 <= 00000004
                1897@00003b58: $18 <= 00000009
                1931@00003b6c: $31 <= 00000002
                1935@00003b70: $18 <= 00000000
                1937@00003b74: $31 <= 00003b80
                1941@00003b78: $18 <= 00003b80
                1969@00003b84: $31 <= 00001dc0
                1993@00003b8c: $18 <= 00000006
                1997@00003b90: $31 <= 00000006
                1999@00003b94: $18 <= 00003ba0
                2003@00003b9c: *00000008 <= 00003ba0
                2017@00003ba4: $31 <= 00000007
                2021@00003bac: $ 8 <= 00000006
                2021@00003bb0: *00000008 <= 00000006
                2025@00003bb4: $20 <= 00000006
                2027@00003bb8: $ 8 <= 0000000a
                2029@00003bbc: $20 <= 00000008
                2031@00003bc0: $ 8 <= 00000008
                2033@00003bc4: $ 8 <= 00000006
                2037@00003bc8: $ 8 <= 0000000c
                2039@00003bcc: $20 <= 00000006
                2041@00003bd0: $20 <= 0000000c
                2049@00003bec: $ 8 <= 00000018
                2053@00003bf4: $31 <= 00000000
                2055@00003bf8: $26 <= 00000008
                2067@00003c00: $26 <= 00000008
                2069@00003c04: $26 <= 00000000
                2071@00003c08: $26 <= 00000000
                2073@00003c0c: $31 <= 00000006
                2075@00003c10: $31 <= 00000000
                2077@00003c14: $31 <= 00003c20
                2081@00003c18: $26 <= 00003c20
                2083@00003c1c: $31 <= 00001e10
                2085@00003c20: $26 <= 00000000
                2089@00003c2c: *00000020 <= 00000000
                2115@00003c34: $26 <= 00003c40
                2121@00003c3c: $26 <= 00001e13
                2127@00003c40: $26 <= 00000000
                2131@00003c48: $26 <= 00001e10
                2133@00003c4c: $ 8 <= 00000006
                2133@00003c50: *00000020 <= 00000006
                2137@00003c54: $16 <= 00000007
                2139@00003c58: $17 <= 00000009
                2141@00003c5c: $17 <= 00000000
                2143@00003c60: $17 <= 00000000
                2145@00003c64: $16 <= 00000000
                2147@00003c68: $16 <= 00000002
                2151@00003c70: $16 <= 00000006
                2157@00003c78: *00000008 <= 00000000
                2161@00003c8c: $17 <= 00000006
                2163@00003c90: *00000014 <= 00000006
                2167@00003c94: $ 8 <= 00000003
                2167@00003c98: *00000008 <= 00000003
                2171@00003c9c: $ 8 <= 00000007
                2171@00003ca0: *00000014 <= 00000007
                2175@00003ca4: $13 <= 00000008
                2177@00003ca8: $24 <= 00000009
                2181@00003cb0: $24 <= 00000009
                2185@00003cb8: $13 <= 00000002
                2189@00003cbc: $24 <= 0000000b
                2191@00003cc0: $13 <= 00000005
                2211@00003ccc: $13 <= 00000019
                2215@00003cd4: $13 <= 00000019
                2229@00003cdc: $24 <= 00000005
INFO: [USF-XSim-96] XSim completed. Design snapshot 'mips_txt_behav' loaded.
INFO: [USF-XSim-97] XSim simulation ran for 20000ns
launch_simulation: Time (s): cpu = 00:00:00 ; elapsed = 00:00:06 . Memory (MB): peak = 397.613 ; gain = 18.500
INFO: [Common 17-206] Exiting Vivado at Wed Dec 15 16:58:55 2021...
