#-----------------------------------------------------------
# Vivado v2019.1 (64-bit)
# SW Build 2552052 on Fri May 24 14:49:42 MDT 2019
# IP Build 2548770 on Fri May 24 18:01:18 MDT 2019
# Start of session at: Wed Dec 15 16:57:39 2021
# Process ID: 43368
# Current directory: D:/Archive/Auto-Test/PipieCPU50
# Command line: vivado.exe -mode batch -source start.tcl
# Log file: D:/Archive/Auto-Test/PipieCPU50/vivado.log
# Journal file: D:/Archive/Auto-Test/PipieCPU50\vivado.jou
#-----------------------------------------------------------
source start.tcl
# open_project D:/Archive/ISE/PipelineCPU_Update/PipelineCPU_Update.xpr
Scanning sources...
Finished scanning sources
# update_compile_order -fileset sources_1
# launch_simulation
INFO: [Vivado 12-5682] Launching behavioral simulation in 'D:/Archive/ISE/PipelineCPU_Update/PipelineCPU_Update.sim/sim_1/behav/xsim'
INFO: [SIM-utils-51] Simulation object is 'sim_1'
INFO: [SIM-utils-54] Inspecting design source files for 'mips_txt' in fileset 'sim_1'...
INFO: [USF-XSim-97] Finding global include files...
INFO: [USF-XSim-98] Fetching design files from 'sim_1'...
INFO: [USF-XSim-2] XSim::Compile design
INFO: [USF-XSim-61] Executing 'COMPILE and ANALYZE' step in 'D:/Archive/ISE/PipelineCPU_Update/PipelineCPU_Update.sim/sim_1/behav/xsim'
"xvlog --incr --relax -prj mips_txt_vlog.prj"
INFO: [USF-XSim-69] 'compile' step finished in '1' seconds
INFO: [USF-XSim-3] XSim::Elaborate design
INFO: [USF-XSim-61] Executing 'ELABORATE' step in 'D:/Archive/ISE/PipelineCPU_Update/PipelineCPU_Update.sim/sim_1/behav/xsim'
"xelab -wto 4874249b77ad4f4aa5a7187cb84bed1d --incr --debug typical --relax --mt 2 -L xil_defaultlib -L unisims_ver -L unimacro_ver -L secureip --snapshot mips_txt_behav xil_defaultlib.mips_txt xil_defaultlib.glbl -log elaborate.log"
Vivado Simulator 2019.1
Copyright 1986-1999, 2001-2019 Xilinx, Inc. All Rights Reserved.
Running: D:/Xillinx/Vivado/2019.1/bin/unwrapped/win64.o/xelab.exe -wto 4874249b77ad4f4aa5a7187cb84bed1d --incr --debug typical --relax --mt 2 -L xil_defaultlib -L unisims_ver -L unimacro_ver -L secureip --snapshot mips_txt_behav xil_defaultlib.mips_txt xil_defaultlib.glbl -log elaborate.log 
Using 2 slave threads.
Starting static elaboration
Completed static elaboration
INFO: [XSIM 43-4323] No Change in HDL. Linking previously generated obj files to create kernel
INFO: [USF-XSim-69] 'elaborate' step finished in '2' seconds
INFO: [USF-XSim-4] XSim::Simulate design
INFO: [USF-XSim-61] Executing 'SIMULATE' step in 'D:/Archive/ISE/PipelineCPU_Update/PipelineCPU_Update.sim/sim_1/behav/xsim'
INFO: [USF-XSim-98] *** Running xsim
   with args "mips_txt_behav -key {Behavioral:sim_1:Functional:mips_txt} -tclbatch {mips_txt.tcl} -log {simulate.log}"
INFO: [USF-XSim-8] Loading simulator feature
Vivado Simulator 2019.1
Time resolution is 1 ps
source mips_txt.tcl
## current_wave_config
WARNING: [Wavedata 42-489] Can't add object "/mips_txt/data" to the wave window because it has 131072 bits, which exceeds the display limit of 65536 bits.  To change the display limit, use the command "set_property display_limit <new limit> [current_wave_config]".
WARNING: [Wavedata 42-489] Can't add object "/mips_txt/inst" to the wave window because it has 131072 bits, which exceeds the display limit of 65536 bits.  To change the display limit, use the command "set_property display_limit <new limit> [current_wave_config]".
                  29@00003000: $28 <= 00000000
                  31@00003004: $29 <= 00000000
                  33@00003008: $ 8 <= 0000000a
                  33@0000300c: *00000000 <= 0000000a
                  37@00003010: $ 8 <= 00000007
                  37@00003014: *00000004 <= 00000007
                  41@00003018: $ 8 <= 00000009
                  41@0000301c: *00000008 <= 00000009
                  45@00003020: $ 8 <= 00000000
                  45@00003024: *0000000c <= 00000000
                  49@00003028: $ 8 <= 00000008
                  49@0000302c: *00000010 <= 00000008
                  53@00003030: $ 8 <= 00000004
                  53@00003034: *00000014 <= 00000004
                  57@00003038: $ 8 <= 00000009
                  57@0000303c: *00000018 <= 00000009
                  61@00003040: $ 8 <= 00000002
                  61@00003044: *0000001c <= 00000002
                  65@00003048: $ 8 <= 00000000
                  65@0000304c: *00000020 <= 00000000
                  69@00003050: $ 8 <= 00000002
                  69@00003054: *00000024 <= 00000002
                  73@00003058: $ 8 <= 00000006
                  73@0000305c: *00000028 <= 00000006
                  77@00003060: $ 8 <= 00000007
                  77@00003064: *0000002c <= 00000007
                  81@00003068: $ 8 <= 00000004
                  81@0000306c: *00000030 <= 00000004
                  85@00003070: $ 8 <= 00000005
                  85@00003074: *00000034 <= 00000005
                  89@00003078: $ 8 <= 00000000
                  89@0000307c: *00000038 <= 00000000
                  93@00003080: $ 8 <= 00000001
                  93@00003084: *0000003c <= 00000001
                  97@00003088: $ 8 <= 00000007
                  97@0000308c: *00000040 <= 00000007
                 101@00003090: $ 8 <= 00000003
                 101@00003094: *00000044 <= 00000003
                 105@00003098: $ 8 <= 00000005
                 105@0000309c: *00000048 <= 00000005
                 109@000030a0: $ 8 <= 0000000a
                 109@000030a4: *0000004c <= 0000000a
                 113@000030a8: $31 <= 000030b0
                 119@000030b4: $31 <= 000030b8
                 125@000030b4: $31 <= 000030c0
                 129@000030b8: $28 <= 000030c0
                 135@000030c4: $28 <= 000030c8
                 141@000030c4: $28 <= 000030d0
                 143@000030c8: $31 <= 000030d0
                 147@000030d0: $28 <= 000030d8
                 149@000030d4: $31 <= 000030d8
                 153@000030d0: $28 <= 000030d8
                 155@000030d4: $31 <= 000030e0
                 159@000030d8: $28 <= 000030e0
                 163@000030e0: $31 <= 000030e8
                 165@000030e4: $28 <= 000030e8
                 169@000030e0: $31 <= 000030e8
                 171@000030e4: $28 <= 000030f0
                 173@000030e8: $31 <= 00003100
                 173@000030ec: *00000000 <= 00003100
                 177@000030f0: $24 <= 00003100
                 183@000030fc: *00000000 <= 00000000
                 187@00003100: $ 8 <= 00000000
                 189@00003104: $31 <= 0000311c
                 189@00003108: *00000000 <= 0000311c
                 193@0000310c: $16 <= 0000311c
                 199@00003114: $ 8 <= 0000311c
                 199@00003118: *00000000 <= 00000000
                 205@00003120: $ 8 <= 0000311d
                 207@00003128: $14 <= 00007ffc
                 209@0000312c: $27 <= 00003143
                 211@00003130: $27 <= 00003140
                 219@00003140: $22 <= 00000000
                 221@00003144: $25 <= 00007ffc
                 223@00003148: $ 6 <= 0000315f
                 225@0000314c: $ 6 <= 0000315c
                 229@00003154: $22 <= 0000315c
                 235@00003160: $22 <= 0000315d
                 237@00003168: $18 <= 00000001
                 239@0000316c: $23 <= 00003180
                 255@00003174: $18 <= 00003180
                 263@00003180: $25 <= 00000000
                 265@00003184: $18 <= 00000001
                 267@00003188: $23 <= 0000319c
                 283@00003190: $18 <= 0000319c
                 287@00003194: $25 <= 0000319c
                 293@000031a0: $25 <= 0000319d
                 297@000031ac: $31 <= 00000006
                 299@000031b4: *00000010 <= 00000006
                 305@000031bc: $31 <= 0000000c
                 311@000031c8: $31 <= 000031d0
                 313@000031cc: $31 <= 000031d0
                 315@000031d0: $31 <= 00000007
                 317@000031d4: *00000028 <= 00000007
                 319@000031d8: *00000014 <= 00000007
                 323@000031dc: $31 <= 00000007
                 325@000031e0: $31 <= 000031ec
                 329@000031e8: *00000014 <= 000031ec
                 333@000031ec: $31 <= 0000000c
                 337@000031f4: $31 <= 0000000e
                 339@000031f8: $ 8 <= 00000009
                 339@000031fc: *00000010 <= 00000009
                 343@00003200: $ 8 <= 00000004
                 343@00003204: *00000014 <= 00000004
                 347@00003208: $ 8 <= 00000002
                 347@0000320c: *00000028 <= 00000002
                 351@00003210: $31 <= 00003218
                 353@00003214: $31 <= 0000321c
                 363@00003220: $31 <= 00000000
                 365@00003224: $31 <= 0000322c
                 375@00003238: $31 <= 00000009
                 377@0000323c: $31 <= 00000004
                 379@00003240: $31 <= 00000000
                 381@00003244: $31 <= 0000000c
                 383@00003248: $31 <= 0000000e
                 385@0000324c: $31 <= 0000001c
                 389@00003254: $31 <= 0000325c
                 391@0000325c: *00000014 <= 0000325c
                 415@00003260: $31 <= 00000001
                 419@00003268: $31 <= 00000000
                 423@0000326c: $31 <= 00003278
                 427@00003274: *00000008 <= 00003278
                 431@00003278: $31 <= 00000000
                 433@0000327c: $31 <= 00000000
                 435@00003280: $31 <= 00000000
                 437@00003284: $ 8 <= 00000005
                 437@00003288: *00000008 <= 00000005
                 441@0000328c: $ 8 <= 00000008
                 441@00003290: *00000014 <= 00000008
                 445@00003294: $31 <= 0000329c
                 447@00003298: $31 <= 000032a0
                 457@000032a4: $31 <= 00000000
                 459@000032a8: $31 <= 000032b0
                 471@000032bc: $31 <= 00000005
                 473@000032c4: *00000014 <= 00000005
                 477@000032c8: $31 <= 00000000
                 477@000032cc: *00000010 <= 00000000
                 489@000032d4: $31 <= 00000000
                 491@000032d8: $31 <= 000032e0
                 503@000032e0: $31 <= 00000000
                 507@000032e8: $31 <= 00000000
                 521@000032f0: $31 <= 000032fc
                 527@000032f8: $31 <= 000032ff
                 531@00003300: $31 <= 00000000
                 555@00003308: $ 8 <= 00000006
                 555@0000330c: *00000010 <= 00000006
                 559@00003310: $ 8 <= 00000007
                 559@00003314: *00000014 <= 00000007
                 563@00003318: $31 <= 00003320
                 565@0000331c: $31 <= 00003324
                 575@00003328: $31 <= 00000000
                 577@0000332c: $31 <= 00003334
                 589@00003340: $26 <= 00000002
                 591@00003344: $23 <= 00000007
                 593@00003348: $26 <= 00000009
                 597@00003350: $23 <= 0000000f
                 599@00003354: $23 <= 00000005
                 603@00003358: $23 <= 0000000e
                 603@0000335c: *00000014 <= 0000000e
                 609@00003378: *00000014 <= 00000009
                 625@00003380: $ 8 <= 00000005
                 625@00003384: *00000014 <= 00000005
                 629@00003388: $30 <= 00000005
                 631@0000338c: $26 <= 00000005
                 633@00003390: $26 <= 00000002
                 637@00003394: $30 <= 00000051
                 639@00003398: $26 <= 00000001
                 643@000033a0: $26 <= 00000051
                 645@000033a4: $30 <= 00000051
                 651@000033ac: $26 <= 00000000
                 653@000033c0: $26 <= 00000051
                 657@000033c8: $31 <= 00000004
                 659@000033cc: $31 <= 00000051
                 661@000033d0: $31 <= 00000028
                 663@000033d4: $31 <= 00000050
                 663@000033d8: *00000004 <= 00000050
                 669@000033e0: $31 <= 00000000
                 671@000033e4: $31 <= 000033ec
                 717@000033f4: *00000024 <= 000033ec
                 721@000033f8: $31 <= 000019f6
                 723@000033fc: $31 <= 00003408
                 731@00003408: $31 <= 00001a04
                 733@0000340c: $31 <= 00003408
                 737@00003414: $ 8 <= 00000008
                 737@00003418: *00000004 <= 00000008
                 741@0000341c: $ 8 <= 00000001
                 741@00003420: *00000024 <= 00000001
                 745@00003424: $31 <= 0000342c
                 747@00003428: $31 <= 00003430
                 757@00003434: $31 <= 00000000
                 759@00003438: $31 <= 00003440
                 769@0000344c: $31 <= 00000002
                 771@00003450: $25 <= 00000001
                 773@00003454: $25 <= 00000000
                 775@00003458: $31 <= 00000000
                 779@00003460: $25 <= 00000000
                 779@00003464: *0000001c <= 00000000
                 783@00003468: $25 <= 00000000
                 785@0000346c: $31 <= 00003478
                 789@00003470: $25 <= 00003478
                 789@00003474: *00000024 <= 00003478
                 793@00003478: $31 <= 0000347c
                 797@00003480: $25 <= 00000004
                 799@00003484: $25 <= 00000006
                 801@00003488: $25 <= 00000000
                 803@0000348c: $25 <= 00003498
                 819@00003494: $25 <= 00000001
                 821@00003498: $31 <= 00000009
                 823@0000349c: *0000000c <= 00000001
                 827@000034a0: $25 <= 00000000
                 829@000034a4: $ 8 <= 00000001
                 829@000034a8: *0000000c <= 00000001
                 833@000034ac: $ 8 <= 00000001
                 833@000034b0: *0000001c <= 00000001
                 837@000034b4: $ 8 <= 00000000
                 837@000034b8: *00000024 <= 00000000
                 841@000034bc: $21 <= 00000006
                 843@000034c0: $16 <= 00000007
                 845@000034c4: $16 <= 00000003
                 847@000034c8: $16 <= 00000003
                 851@000034d0: $16 <= 00000009
                 853@000034d4: $16 <= 00000001
                 853@000034d8: *00000014 <= 00000006
                 861@000034e0: $16 <= 00000007
                 863@000034f4: $21 <= 00000000
                 867@000034fc: $ 8 <= 0000000a
                 867@00003500: *00000014 <= 0000000a
                 871@00003504: $31 <= 00000000
                 873@00003508: $19 <= 00000009
                 875@0000350c: $19 <= 00000006
                 877@00003510: $31 <= 00000000
                 881@00003518: $31 <= 00000000
                 883@0000351c: $31 <= 00000007
                 885@00003520: $19 <= 00000000
                 887@00003524: $31 <= 00003530
                 891@00003528: $19 <= 00003530
                 893@0000352c: $19 <= 00000000
                 895@00003534: *00000004 <= 00003530
                 901@0000353c: $19 <= 00000000
                 913@00003540: $31 <= 00000000
                 915@00003544: $19 <= 00003550
                 921@0000354c: $19 <= 00000005
                 923@00003550: $31 <= 00000006
                 925@00003554: $31 <= 00000000
                 927@00003558: $19 <= 0000000a
                 929@0000355c: $ 8 <= 00000009
                 929@00003560: *00000004 <= 00000009
                 933@00003564: $22 <= 00000003
                 935@00003568: $10 <= 00000008
                 937@0000356c: $10 <= 0000000b
                 939@00003570: $10 <= 00000009
                 941@00003574: $22 <= 00000000
                 941@00003578: *0000000c <= 00000000
                 947@00003580: $10 <= 00000000
                 959@00003588: $10 <= 00000051
                 961@0000359c: $22 <= 00000057
                 963@000035a0: $22 <= 0000002b
                 965@000035a4: $ 8 <= 00000005
                 965@000035a8: *0000000c <= 00000005
                 969@000035ac: $ 2 <= 00000000
                 971@000035b0: $11 <= 00000005
                 973@000035b4: $ 2 <= 00000000
                 973@000035b8: *00000020 <= 00000000
                 977@000035bc: $11 <= 00000000
                 981@000035c4: $ 2 <= 00000000
                 983@000035c8: $11 <= 00000000
                 989@000035d0: $11 <= 00000000
                 991@000035e4: $11 <= 00000000
                 993@000035e8: $ 2 <= 00000000
                 995@000035ec: $ 8 <= 00000001
                 995@000035f0: *00000020 <= 00000001
                 999@000035f4: $20 <= 00000002
                1001@000035f8: $ 6 <= 00000003
                1005@00003600: $20 <= 00000007
                1005@00003604: *0000000c <= 00000007
                1007@00003608: *00000010 <= 00000007
                1011@0000360c: $20 <= 00000005
                1029@0000362c: $ 6 <= 00000005
                1031@00003630: $ 6 <= 00000000
                1033@00003634: $ 8 <= 00000006
                1033@00003638: *0000000c <= 00000006
                1037@0000363c: $ 8 <= 00000009
                1037@00003640: *00000010 <= 00000009
                1041@00003644: $19 <= 00000009
                1043@00003648: $13 <= 00000001
                1045@0000364c: $13 <= 00000004
                1047@00003650: $19 <= 0000000d
                1049@00003654: $19 <= 00000004
                1051@00003658: $19 <= 00000004
                1053@0000365c: $13 <= 0000000f
                1061@0000366c: $13 <= 00000004
                1063@00003670: $13 <= 00000008
                1067@00003678: $19 <= 00000004
                1069@0000367c: $19 <= 0000000c
                1073@00003684: $31 <= 00000004
                1075@00003688: $ 5 <= 00000006
                1077@0000368c: $ 5 <= 0000000c
                1077@00003690: *00000024 <= 0000000c
                1099@000036a0: $31 <= 00000010
                1101@000036a4: $31 <= 000036b0
                1105@000036a8: $ 5 <= 000036b0
                1107@000036ac: $31 <= 00000000
                1109@000036b0: $31 <= 0000000a
                1111@000036b4: $ 5 <= 00000000
                1113@000036b8: $ 5 <= 00000000
                1115@000036bc: $31 <= 00000005
                1119@000036c4: $ 5 <= 000036d0
                1131@000036cc: $31 <= 00000000
                1135@000036d4: $ 5 <= 0000000c
                1139@000036d8: $ 5 <= 0000000d
                1141@000036dc: $ 8 <= 00000009
                1141@000036e0: *00000024 <= 00000009
                1145@000036e4: $25 <= 00000003
                1147@000036e8: $17 <= 00000007
                1149@000036ec: $25 <= 00000001
                1151@000036f0: $17 <= 00000007
                1153@000036f4: $17 <= 00000000
                1155@000036f8: $25 <= 00000000
                1157@000036fc: $17 <= 00000000
                1167@00003720: $17 <= 00000009
                1169@00003724: $31 <= 00000008
                1171@00003728: $31 <= 00000010
                1173@0000372c: $31 <= 00000000
                1175@00003730: $31 <= 00000000
                1177@00003734: $31 <= 00000001
                1179@00003738: $31 <= 00000005
                1181@0000373c: $31 <= 0000000a
                1183@00003740: $31 <= 00003748
                1187@00003748: $31 <= 00003748
                1189@00003750: *00000014 <= 00003748
                1191@00003754: *0000000c <= 00003748
                1195@00003758: $31 <= 00003764
                1215@00003764: $31 <= 00003765
                1217@00003768: $31 <= 00000000
                1219@0000376c: $31 <= 00000009
                1221@00003770: $ 8 <= 00000007
                1221@00003774: *0000000c <= 00000007
                1225@00003778: $ 8 <= 00000000
                1225@0000377c: *00000014 <= 00000000
                1229@00003780: $31 <= 00003788
                1231@00003784: $31 <= 0000378c
                1241@00003790: $31 <= 00000000
                1243@00003794: $31 <= 0000379c
                1255@000037a8: $31 <= 00000000
                1257@000037ac: $31 <= 00000000
                1259@000037b0: $31 <= 00000005
                1261@000037b4: $31 <= 00000001
                1263@000037b8: $31 <= 00000003
                1263@000037bc: *00000028 <= 00000003
                1267@000037c0: $31 <= 00000001
                1269@000037c4: $31 <= 000037cc
                1269@000037c8: *00000010 <= 000037cc
                1273@000037cc: $31 <= 000037cd
                1279@000037d8: $31 <= 000037cd
                1281@000037dc: $31 <= 000037e8
                1287@000037e4: $31 <= 00000000
                1289@000037e8: $31 <= 000037cd
                1317@000037f4: $ 8 <= 00000005
                1317@000037f8: *00000010 <= 00000005
                1321@000037fc: $ 8 <= 00000000
                1321@00003800: *00000028 <= 00000000
                1325@00003804: $31 <= 0000380c
                1327@00003808: $31 <= 00003810
                1337@00003814: $31 <= 00000000
                1339@00003818: $31 <= 00003820
                1349@0000382c: $31 <= 00000008
                1351@00003830: $22 <= 00000008
                1353@00003838: *00000010 <= 00000008
                1357@0000383c: $22 <= 00000009
                1359@00003840: $31 <= 00000009
                1361@00003844: $31 <= 00000000
                1361@00003848: *0000000c <= 00000009
                1365@0000384c: $31 <= 00003858
                1369@00003850: $22 <= 00003858
                1371@00003854: $31 <= 00003858
                1373@00003858: $22 <= 00000000
                1375@0000385c: $31 <= 00000040
                1377@00003860: $22 <= 00000046
                1379@00003864: $22 <= 00000040
                1379@00003868: *00000020 <= 00000040
                1383@0000386c: $22 <= 00003878
                1391@00003878: $31 <= 0000387b
                1393@0000387c: $31 <= 00001c3d
                1393@00003880: *00000018 <= 00003878
                1397@00003884: $ 8 <= 00000008
                1397@00003888: *0000000c <= 00000008
                1401@0000388c: $ 8 <= 00000006
                1401@00003890: *00000010 <= 00000006
                1405@00003894: $ 8 <= 00000007
                1405@00003898: *00000018 <= 00000007
                1409@0000389c: $ 8 <= 00000006
                1409@000038a0: *00000020 <= 00000006
                1413@000038a4: $13 <= 00000007
                1415@000038a8: $ 5 <= 00000004
                1417@000038ac: $ 5 <= 00000000
                1419@000038b0: $ 5 <= 00000007
                1421@000038b4: $13 <= 00000007
                1423@000038b8: $13 <= 00000000
                1427@000038c0: $13 <= 00000000
                1433@000038c8: $ 5 <= 0000000e
                1435@000038dc: $13 <= 00000000
                1437@000038e0: $ 5 <= 00000003
                1439@000038e4: $31 <= 00000008
                1441@000038e8: $31 <= 00000004
                1441@000038ec: *00000024 <= 00000004
                1445@000038f0: $31 <= 00000000
                1447@000038f4: $31 <= 00000000
                1449@000038f8: $31 <= 00000000
                1451@000038fc: $31 <= 00000000
                1453@00003900: $31 <= 00003908
                1455@00003904: $31 <= 00000007
                1459@00003908: $31 <= 00000005
                1465@00003910: $31 <= 0000000a
                1467@00003914: $31 <= 00000005
                1469@00003918: $31 <= 00003924
                1475@00003920: $31 <= 00000000
                1477@00003924: $31 <= 00000005
                1479@00003928: $31 <= 00000000
                1481@0000392c: $31 <= 00000000
                1483@00003930: $ 8 <= 00000004
                1483@00003934: *00000024 <= 00000004
                1487@00003938: $31 <= 00003940
                1489@0000393c: $31 <= 00003944
                1499@00003948: $31 <= 00000000
                1501@0000394c: $31 <= 00003954
                1511@00003960: $31 <= 00000003
                1513@00003964: $31 <= 00000001
                1519@00003970: $31 <= 00000006
                1531@00003974: $31 <= 00000001
                1535@0000397c: $31 <= 00003984
                1549@00003984: $31 <= 00000000
                1575@00003990: $31 <= 00000000
                1577@00003994: $31 <= 000039a0
                1611@000039a8: $31 <= 000039a0
                1613@000039ac: $31 <= 000039b4
                1615@000039b0: $31 <= 000039b8
                1625@000039bc: $31 <= 00000000
                1627@000039c0: $31 <= 000039c8
                1639@000039d4: $30 <= 00000005
                1641@000039d8: $ 6 <= 00000004
                1643@000039dc: $ 6 <= 00000006
                1649@000039e8: $ 6 <= 00000005
                1661@000039ec: $ 6 <= 00000024
                1671@00003a10: $ 6 <= 00000048
                1673@00003a14: $26 <= 00000003
                1675@00003a18: $10 <= 00000001
                1675@00003a1c: *0000000c <= 00000001
                1687@00003a28: $26 <= 00000004
                1689@00003a2c: $26 <= 00000006
                1691@00003a30: $10 <= 00000002
                1695@00003a38: *00000024 <= 00000002
                1699@00003a3c: $26 <= 00000007
                1701@00003a40: $10 <= 00000007
                1703@00003a44: $10 <= 0000000e
                1703@00003a48: *0000001c <= 00000007
                1707@00003a4c: $26 <= 0000000e
                1709@00003a50: $10 <= 0000000e
                1711@00003a54: $ 8 <= 00000004
                1711@00003a58: *0000000c <= 00000004
                1715@00003a5c: $ 8 <= 00000006
                1715@00003a60: *0000001c <= 00000006
                1719@00003a64: $ 8 <= 00000002
                1719@00003a68: *00000024 <= 00000002
                1723@00003a6c: $31 <= 00000002
                1725@00003a70: $ 6 <= 0000000a
                1727@00003a74: $31 <= 0000000a
                1731@00003a7c: $31 <= 00000005
                1733@00003a80: $ 6 <= 0000000f
                1735@00003a84: $ 6 <= 0000001e
                1737@00003a88: $31 <= 0000003c
                1739@00003a8c: $31 <= 00003a98
                1743@00003a90: $ 6 <= 00003a98
                1745@00003a94: $31 <= 00003a98
                1745@00003a98: *00000020 <= 00003a98
                1749@00003a9c: $ 6 <= 00003a9f
                1751@00003aa0: $ 6 <= 00003a9f
                1753@00003aa4: $31 <= 00000000
                1755@00003aa8: $ 6 <= 0000000a
                1757@00003aac: $ 6 <= 00003ab8
                1763@00003ab4: $31 <= 00000000
                1765@00003ab8: $ 6 <= 00003ab8
                1765@00003abc: *00000018 <= 00000000
                1769@00003ac0: $ 6 <= 00000000
                1771@00003ac4: $ 8 <= 00000001
                1771@00003ac8: *00000018 <= 00000001
                1775@00003acc: $ 8 <= 00000008
                1775@00003ad0: *00000020 <= 00000008
                1779@00003ad4: $31 <= 00000005
                1781@00003ad8: $ 3 <= 00000005
                1783@00003adc: $31 <= 00000005
                1785@00003ae0: $ 3 <= 0000000a
                1789@00003ae8: $ 3 <= 0000000f
                1793@00003af0: $ 3 <= 00000014
                1795@00003af4: $31 <= 00003b00
                1799@00003af8: $ 3 <= 00003b00
                1807@00003b00: $ 3 <= 00003b07
                1809@00003b04: $ 3 <= 00003b07
                1829@00003b08: $ 3 <= 00000001
                1831@00003b0c: $31 <= 00000000
                1833@00003b10: $ 3 <= 00000005
                1835@00003b14: $ 3 <= 00003b20
                1841@00003b1c: $ 3 <= 00001d90
                1843@00003b20: $ 3 <= 00000000
                1845@00003b24: $31 <= 00000001
                1847@00003b28: $31 <= 00000000
                1849@00003b2c: $21 <= 00000001
                1851@00003b30: $15 <= 00000001
                1853@00003b34: $21 <= 00000001
                1857@00003b3c: $15 <= 00000002
                1859@00003b40: $21 <= 00000000
                1861@00003b44: $15 <= 00000006
                1861@00003b48: *00000020 <= 00000006
                1869@00003b50: $21 <= 00000006
                1871@00003b64: $21 <= 00000007
                1873@00003b68: $21 <= 0000000c
                1875@00003b6c: $ 8 <= 00000000
                1875@00003b70: *00000020 <= 00000000
                1879@00003b74: $11 <= 00000003
                1881@00003b78: $11 <= 00000006
                1883@00003b7c: $11 <= 00000003
                1883@00003b80: *00000000 <= 00000003
                1889@00003b88: $11 <= 00000006
                1889@00003b8c: *00000018 <= 00000006
                1893@00003b90: $11 <= 00000000
                1903@00003bac: $11 <= 00000009
                1907@00003bb0: $11 <= 00000006
                1909@00003bb4: $ 8 <= 00000000
                1909@00003bb8: *00000000 <= 00000000
                1913@00003bbc: $ 8 <= 00000007
                1913@00003bc0: *00000018 <= 00000007
                1917@00003bc4: $31 <= 0000000a
                1939@00003bd8: $31 <= 0000000b
                1941@00003bdc: $31 <= 00000005
                1943@00003be0: $31 <= 00003be8
                1945@00003be4: $31 <= 00000000
                1947@00003be8: $31 <= 00000000
                1949@00003bec: $31 <= 00000000
                1953@00003bf4: $31 <= 00000000
                1955@00003bf8: $31 <= 00003c04
                1961@00003c00: $31 <= 00003c04
                1967@00003c08: $31 <= 00000000
                1969@00003c0c: $31 <= 00000000
                1971@00003c10: $31 <= 00003c18
                1973@00003c14: $31 <= 00003c1c
                1983@00003c20: $31 <= 00000000
                1985@00003c24: $31 <= 00003c2c
                1997@00003c38: $31 <= 0000000a
                1999@00003c3c: $ 4 <= 00000002
                2001@00003c40: $31 <= 00000000
                2003@00003c44: $31 <= 00000000
                2005@00003c48: $31 <= 00000002
                2007@00003c4c: $ 4 <= 00000004
                2025@00003c58: $31 <= 00003c64
                2029@00003c5c: $ 4 <= 00003c64
                2127@00003c74: *00000014 <= 00003c64
                2131@00003c78: $ 4 <= 00003c84
                2137@00003c80: $31 <= 00001e32
                2139@00003c84: $31 <= 00000000
                2141@00003c88: $ 4 <= 00003c84
                2143@00003c8c: $31 <= 00003c84
                2145@00003c90: $ 8 <= 00000006
                2145@00003c94: *00000014 <= 00000006
                2149@00003c98: $31 <= 00000000
                2151@00003c9c: $16 <= 00000007
                2153@00003ca0: $16 <= 00000003
                2155@00003ca4: $16 <= 00000007
                2157@00003ca8: $31 <= 00000001
                2159@00003cac: $16 <= 00000007
                2161@00003cb0: $16 <= 00000007
                2163@00003cb4: $16 <= 00000003
                2165@00003cb8: $31 <= 00003cc4
                2169@00003cbc: $16 <= 00003cc4
                2171@00003cc0: $16 <= 00003cc4
                2173@00003cc4: $16 <= 00000000
                2173@00003cc8: *00000000 <= 00003cc4
                2177@00003ccc: $31 <= 00000006
                2179@00003cd0: $31 <= 00000006
                2183@00003cd8: $16 <= 00003ce4
                2187@00003ce0: *00000028 <= 00003ce4
                2197@00003ce8: $31 <= 00001e72
                2201@00003cf0: $ 8 <= 00000003
                2201@00003cf4: *00000000 <= 00000003
                2205@00003cf8: $ 8 <= 00000009
                2205@00003cfc: *00000028 <= 00000009
INFO: [USF-XSim-96] XSim completed. Design snapshot 'mips_txt_behav' loaded.
INFO: [USF-XSim-97] XSim simulation ran for 20000ns
launch_simulation: Time (s): cpu = 00:00:00 ; elapsed = 00:00:06 . Memory (MB): peak = 396.148 ; gain = 17.355
INFO: [Common 17-206] Exiting Vivado at Wed Dec 15 16:57:52 2021...
