#-----------------------------------------------------------
# Vivado v2019.1 (64-bit)
# SW Build 2552052 on Fri May 24 14:49:42 MDT 2019
# IP Build 2548770 on Fri May 24 18:01:18 MDT 2019
# Start of session at: Wed Dec 15 16:57:54 2021
# Process ID: 43912
# Current directory: D:/Archive/Auto-Test/PipieCPU50
# Command line: vivado.exe -mode batch -source start.tcl
# Log file: D:/Archive/Auto-Test/PipieCPU50/vivado.log
# Journal file: D:/Archive/Auto-Test/PipieCPU50\vivado.jou
#-----------------------------------------------------------
source start.tcl
# open_project D:/Archive/ISE/PipelineCPU_Update/PipelineCPU_Update.xpr
Scanning sources...
Finished scanning sources
# update_compile_order -fileset sources_1
# launch_simulation
INFO: [Vivado 12-5682] Launching behavioral simulation in 'D:/Archive/ISE/PipelineCPU_Update/PipelineCPU_Update.sim/sim_1/behav/xsim'
INFO: [SIM-utils-51] Simulation object is 'sim_1'
INFO: [SIM-utils-54] Inspecting design source files for 'mips_txt' in fileset 'sim_1'...
INFO: [USF-XSim-97] Finding global include files...
INFO: [USF-XSim-98] Fetching design files from 'sim_1'...
INFO: [USF-XSim-2] XSim::Compile design
INFO: [USF-XSim-61] Executing 'COMPILE and ANALYZE' step in 'D:/Archive/ISE/PipelineCPU_Update/PipelineCPU_Update.sim/sim_1/behav/xsim'
"xvlog --incr --relax -prj mips_txt_vlog.prj"
INFO: [USF-XSim-69] 'compile' step finished in '1' seconds
INFO: [USF-XSim-3] XSim::Elaborate design
INFO: [USF-XSim-61] Executing 'ELABORATE' step in 'D:/Archive/ISE/PipelineCPU_Update/PipelineCPU_Update.sim/sim_1/behav/xsim'
"xelab -wto 4874249b77ad4f4aa5a7187cb84bed1d --incr --debug typical --relax --mt 2 -L xil_defaultlib -L unisims_ver -L unimacro_ver -L secureip --snapshot mips_txt_behav xil_defaultlib.mips_txt xil_defaultlib.glbl -log elaborate.log"
Vivado Simulator 2019.1
Copyright 1986-1999, 2001-2019 Xilinx, Inc. All Rights Reserved.
Running: D:/Xillinx/Vivado/2019.1/bin/unwrapped/win64.o/xelab.exe -wto 4874249b77ad4f4aa5a7187cb84bed1d --incr --debug typical --relax --mt 2 -L xil_defaultlib -L unisims_ver -L unimacro_ver -L secureip --snapshot mips_txt_behav xil_defaultlib.mips_txt xil_defaultlib.glbl -log elaborate.log 
Using 2 slave threads.
Starting static elaboration
Completed static elaboration
INFO: [XSIM 43-4323] No Change in HDL. Linking previously generated obj files to create kernel
INFO: [USF-XSim-69] 'elaborate' step finished in '2' seconds
INFO: [USF-XSim-4] XSim::Simulate design
INFO: [USF-XSim-61] Executing 'SIMULATE' step in 'D:/Archive/ISE/PipelineCPU_Update/PipelineCPU_Update.sim/sim_1/behav/xsim'
INFO: [USF-XSim-98] *** Running xsim
   with args "mips_txt_behav -key {Behavioral:sim_1:Functional:mips_txt} -tclbatch {mips_txt.tcl} -log {simulate.log}"
INFO: [USF-XSim-8] Loading simulator feature
Vivado Simulator 2019.1
Time resolution is 1 ps
source mips_txt.tcl
## current_wave_config
WARNING: [Wavedata 42-489] Can't add object "/mips_txt/data" to the wave window because it has 131072 bits, which exceeds the display limit of 65536 bits.  To change the display limit, use the command "set_property display_limit <new limit> [current_wave_config]".
WARNING: [Wavedata 42-489] Can't add object "/mips_txt/inst" to the wave window because it has 131072 bits, which exceeds the display limit of 65536 bits.  To change the display limit, use the command "set_property display_limit <new limit> [current_wave_config]".
                  29@00003000: $28 <= 00000000
                  31@00003004: $29 <= 00000000
                  33@00003008: $ 8 <= 00000003
                  33@0000300c: *00000000 <= 00000003
                  37@00003010: $ 8 <= 00000007
                  37@00003014: *00000004 <= 00000007
                  41@00003018: $ 8 <= 00000009
                  41@0000301c: *00000008 <= 00000009
                  45@00003020: $ 8 <= 00000007
                  45@00003024: *0000000c <= 00000007
                  49@00003028: $ 8 <= 00000004
                  49@0000302c: *00000010 <= 00000004
                  53@00003030: $ 8 <= 00000006
                  53@00003034: *00000014 <= 00000006
                  57@00003038: $ 8 <= 00000008
                  57@0000303c: *00000018 <= 00000008
                  61@00003040: $ 8 <= 00000008
                  61@00003044: *0000001c <= 00000008
                  65@00003048: $ 8 <= 00000002
                  65@0000304c: *00000020 <= 00000002
                  69@00003050: $ 8 <= 00000001
                  69@00003054: *00000024 <= 00000001
                  73@00003058: $ 8 <= 00000001
                  73@0000305c: *00000028 <= 00000001
                  77@00003060: $ 8 <= 00000008
                  77@00003064: *0000002c <= 00000008
                  81@00003068: $ 8 <= 00000009
                  81@0000306c: *00000030 <= 00000009
                  85@00003070: $ 8 <= 00000009
                  85@00003074: *00000034 <= 00000009
                  89@00003078: $ 8 <= 00000006
                  89@0000307c: *00000038 <= 00000006
                  93@00003080: $ 8 <= 0000000a
                  93@00003084: *0000003c <= 0000000a
                  97@00003088: $ 8 <= 00000007
                  97@0000308c: *00000040 <= 00000007
                 101@00003090: $ 8 <= 00000004
                 101@00003094: *00000044 <= 00000004
                 105@00003098: $ 8 <= 00000008
                 105@0000309c: *00000048 <= 00000008
                 109@000030a0: $ 8 <= 0000000a
                 109@000030a4: *0000004c <= 0000000a
                 113@000030a8: $31 <= 000030b0
                 119@000030b4: $31 <= 000030b8
                 125@000030b4: $31 <= 000030c0
                 129@000030b8: $10 <= 000030c0
                 135@000030c4: $10 <= 000030c8
                 141@000030c4: $10 <= 000030d0
                 143@000030c8: $31 <= 000030d0
                 147@000030d0: $10 <= 000030d8
                 149@000030d4: $31 <= 000030d8
                 153@000030d0: $10 <= 000030d8
                 155@000030d4: $31 <= 000030e0
                 159@000030d8: $10 <= 000030e0
                 163@000030e0: $31 <= 000030e8
                 165@000030e4: $10 <= 000030e8
                 169@000030e0: $31 <= 000030e8
                 171@000030e4: $10 <= 000030f0
                 173@000030e8: $31 <= 000030fc
                 173@000030ec: *00000000 <= 000030fc
                 177@000030f0: $22 <= 000030fc
                 183@000030f8: *00000000 <= 00000000
                 187@000030fc: $ 2 <= 00000000
                 189@00003100: $31 <= 00003114
                 189@00003104: *00000000 <= 00003114
                 193@00003108: $ 5 <= 00003114
                 199@0000310c: $ 2 <= 00003114
                 199@00003110: *00000000 <= 00000000
                 205@00003118: $ 2 <= 00003115
                 207@00003120: $29 <= 00007ffc
                 209@00003124: $15 <= 0000313b
                 211@00003128: $15 <= 00003138
                 219@00003138: $30 <= 00000000
                 221@0000313c: $20 <= 00007ffc
                 223@00003140: $17 <= 00003157
                 225@00003144: $17 <= 00003154
                 229@0000314c: $30 <= 00003154
                 235@00003158: $30 <= 00003155
                 237@00003160: $30 <= 00000001
                 239@00003164: $ 6 <= 00003178
                 255@0000316c: $30 <= 00003178
                 263@00003178: $ 8 <= 00000000
                 265@0000317c: $30 <= 00000001
                 267@00003180: $ 6 <= 00003194
                 283@00003188: $30 <= 00003194
                 287@0000318c: $ 8 <= 00003194
                 295@00003198: $ 8 <= 00003195
                 299@000031a4: $31 <= 00000005
                 301@000031a8: $31 <= 00000002
                 303@000031ac: $31 <= 00000004
                 303@000031b0: *00000004 <= 00000004
                 307@000031b4: $31 <= 00000007
                 311@000031b8: $31 <= 0000000e
                 313@000031bc: $31 <= 0000001c
                 315@000031c0: $31 <= 000031c8
                 319@000031c8: $31 <= 00000000
                 321@000031cc: $31 <= 00000000
                 323@000031d0: $31 <= 00000007
                 327@000031d4: $31 <= 00000003
                 329@000031d8: $31 <= 000031e4
                 335@000031e0: $31 <= 000031c8
                 337@000031e4: $31 <= 000031c9
                 337@000031e8: *00000010 <= 000031c9
                 341@000031ec: $31 <= 00000004
                 343@000031f0: $ 8 <= 00000004
                 343@000031f4: *00000004 <= 00000004
                 347@000031f8: $ 8 <= 0000000a
                 347@000031fc: *00000010 <= 0000000a
                 351@00003200: $31 <= 00003208
                 353@00003204: $31 <= 0000320c
                 363@00003210: $31 <= 00000000
                 365@00003214: $31 <= 0000321c
                 375@00003228: $31 <= 00000006
                 377@0000322c: $31 <= 000031c8
                 381@00003234: $31 <= 00000000
                 389@00003244: $31 <= 0000324c
                 391@0000324c: *00000014 <= 0000324c
                 419@00003258: $31 <= 0000324c
                 421@0000325c: $31 <= 00003268
                 427@00003264: $31 <= 00003269
                 429@00003268: $31 <= 00000000
                 433@00003270: $31 <= 00000000
                 435@00003274: $ 8 <= 00000001
                 435@00003278: *00000014 <= 00000001
                 439@0000327c: $31 <= 00003284
                 441@00003280: $31 <= 00003288
                 451@0000328c: $31 <= 00000000
                 453@00003290: $31 <= 00003298
                 463@000032a4: $31 <= 00000007
                 463@000032a8: *00000014 <= 00000007
                 467@000032ac: $31 <= 00000004
                 469@000032b0: $31 <= 00000000
                 471@000032b4: $31 <= 00000000
                 473@000032bc: *00000000 <= 00000000
                 477@000032c0: $31 <= 000032c8
                 487@000032c4: $31 <= 00000000
                 489@000032c8: $31 <= 00000008
                 493@000032cc: $31 <= 00000008
                 511@000032d8: $31 <= 000032e4
                 527@000032e8: $31 <= 00000000
                 549@000032ec: $31 <= 00000001
                 551@000032f0: $ 8 <= 00000009
                 551@000032f4: *00000000 <= 00000009
                 555@000032f8: $ 8 <= 00000006
                 555@000032fc: *00000014 <= 00000006
                 559@00003300: $31 <= 00003308
                 561@00003304: $31 <= 0000330c
                 571@00003310: $31 <= 00000000
                 573@00003314: $31 <= 0000331c
                 583@00003328: $ 9 <= 00000000
                 585@0000332c: $11 <= 00000000
                 587@00003330: $ 9 <= 00000005
                 589@00003334: $11 <= 00000000
                 591@00003338: $ 9 <= 00000000
                 593@0000333c: $11 <= 00000006
                 611@00003344: $11 <= 00000024
                 617@00003360: $11 <= 00000000
                 619@00003364: $11 <= 00000000
                 621@00003368: $17 <= 00000000
                 623@0000336c: $24 <= 00000007
                 625@00003370: $24 <= 00000007
                 627@00003374: $17 <= 00000007
                 629@00003378: $17 <= 00000024
                 631@0000337c: $24 <= 00000024
                 633@00003380: $17 <= 00000048
                 639@0000338c: $17 <= 00000024
                 641@000033a0: $17 <= 00000048
                 645@000033a8: $29 <= 00000005
                 647@000033ac: $30 <= 00000006
                 659@000033b4: $30 <= 0000000a
                 671@000033b8: $29 <= 0000001e
                 675@000033c0: $30 <= 0000000f
                 689@000033cc: *0000000c <= 0000000f
                 703@000033d4: $29 <= 0000000f
                 705@000033d8: $29 <= 0000000f
                 707@000033dc: $30 <= 0000000f
                 709@000033e0: $29 <= 0000000a
                 713@000033e8: $ 8 <= 00000001
                 713@000033ec: *0000000c <= 00000001
                 717@000033f0: $27 <= 00000004
                 719@000033f4: $ 4 <= 00000007
                 721@000033f8: $ 4 <= 0000000f
                 723@000033fc: $ 4 <= 0000000f
                 725@00003400: $ 4 <= 00000001
                 727@00003404: $ 4 <= 00000002
                 729@00003408: $ 4 <= 00000001
                 731@0000340c: $ 4 <= 00000008
                 733@00003414: *00000024 <= 00000008
                 737@00003428: $ 4 <= 00000004
                 739@0000342c: $27 <= 00000007
                 741@00003430: $ 8 <= 0000000a
                 741@00003434: *00000024 <= 0000000a
                 745@00003438: $19 <= 00000000
                 747@0000343c: $ 8 <= 00000004
                 749@00003440: $ 8 <= 0000000f
                 751@00003444: $19 <= 00000000
                 757@00003450: $ 8 <= 00000000
                 773@0000345c: $19 <= 00000000
                 775@00003470: $ 8 <= 00000000
                 777@00003474: $ 8 <= 00000000
                 779@00003478: $ 9 <= 00000002
                 781@0000347c: $17 <= 00000008
                 783@00003480: $17 <= 00000004
                 785@00003484: $ 9 <= 00000006
                 787@00003488: $ 9 <= 0000000a
                 789@0000348c: $17 <= 00000001
                 791@00003490: *00000028 <= 0000000a
                 795@00003494: $17 <= 0000000e
                 801@0000349c: $ 9 <= 00000018
                 803@000034a0: $ 9 <= 0000001b
                 805@000034a8: *00000028 <= 0000000e
                 809@000034ac: $ 9 <= 0000000e
                 811@000034b0: $17 <= 0000001c
                 813@000034b4: $17 <= 0000000e
                 815@000034b8: $ 8 <= 00000008
                 815@000034bc: *00000028 <= 00000008
                 819@000034c0: $31 <= 00000008
                 821@000034c4: $31 <= 00000010
                 825@000034cc: $31 <= 00000012
                 837@000034d0: $31 <= 00000100
                 839@000034d4: $31 <= 00000008
                 841@000034d8: *00000018 <= 00000008
                 845@000034dc: $31 <= 000034e4
                 847@000034e0: $31 <= 000034e4
                 849@000034e4: $31 <= 00000100
                 851@000034e8: $31 <= 00000200
                 853@000034ec: $31 <= 00000000
                 857@000034f4: $31 <= 00003500
                 863@000034fc: $31 <= 00000000
                 863@00003500: *00000018 <= 00000000
                 867@00003508: *00000020 <= 00000000
                 871@0000350c: $ 8 <= 00000006
                 871@00003510: *00000018 <= 00000006
                 875@00003514: $ 8 <= 0000000a
                 875@00003518: *00000020 <= 0000000a
                 879@0000351c: $31 <= 00003524
                 881@00003520: $31 <= 00003528
                 891@0000352c: $31 <= 00000000
                 893@00003530: $31 <= 00003538
                 903@00003544: $31 <= 00000003
                 905@00003548: $31 <= 00000003
                 907@0000354c: $31 <= 0000000a
                 909@00003550: $31 <= 00000000
                 911@00003554: $31 <= 00000003
                 913@00003558: $31 <= 00000007
                 915@0000355c: $31 <= 00000000
                 917@00003560: $31 <= 00003568
                 919@00003564: $31 <= 00000000
                 925@00003570: $31 <= 00000000
                 937@00003574: $31 <= 00000000
                 939@00003578: $31 <= 00003584
                 945@00003584: *00000008 <= 00003584
                 949@00003588: $31 <= 00000001
                 969@0000358c: $31 <= 00000001
                 971@00003590: $ 8 <= 00000006
                 971@00003594: *00000008 <= 00000006
                 975@00003598: $31 <= 000035a0
                 977@0000359c: $31 <= 000035a4
                 987@000035a8: $31 <= 00000000
                 989@000035ac: $31 <= 000035b4
                1001@000035c0: $31 <= 00000007
                1003@000035c4: $22 <= 00000003
                1005@000035c8: $22 <= 00000007
                1009@000035d0: $31 <= 00000007
                1037@000035dc: $31 <= 00000007
                1039@000035e0: $31 <= 000035ec
                1043@000035e4: $22 <= 000035ec
                1045@000035e8: $31 <= 00000000
                1047@000035ec: $31 <= 000035ec
                1051@000035f4: $22 <= 00000000
                1069@00003600: $22 <= 0000360c
                1075@00003608: $31 <= 00001b06
                1077@0000360c: $22 <= 0000000a
                1085@00003618: $ 2 <= 00000001
                1087@0000361c: $28 <= 00000002
                1091@00003624: $ 2 <= 00000009
                1093@00003628: *00000004 <= 00000002
                1095@0000362c: *00000000 <= 00000002
                1099@00003630: $28 <= 00000004
                1101@00003634: $28 <= 0000000d
                1105@0000363c: $28 <= 00000006
                1107@00003650: $28 <= 00000000
                1107@00003654: *0000001c <= 00000009
                1111@00003658: $ 8 <= 00000002
                1111@0000365c: *00000000 <= 00000002
                1115@00003660: $ 8 <= 0000000a
                1115@00003664: *00000004 <= 0000000a
                1119@00003668: $ 8 <= 00000000
                1119@0000366c: *0000001c <= 00000000
                1123@00003670: $13 <= 00000003
                1125@00003674: $13 <= 00000001
                1129@0000367c: $13 <= 00000006
                1133@00003680: $13 <= 00000006
                1135@00003684: $13 <= 0000000c
                1137@00003688: $13 <= 00000000
                1145@00003694: $13 <= 00000008
                1147@000036a8: $13 <= 00000000
                1149@000036ac: $13 <= 00000000
                1151@000036b0: $ 5 <= 00000007
                1153@000036b4: $29 <= 00000006
                1155@000036b8: $29 <= 00000000
                1157@000036bc: $ 5 <= 00000000
                1159@000036c0: $29 <= 00000000
                1163@000036c8: $29 <= 00000000
                1165@000036cc: $ 5 <= 0000000a
                1171@000036d4: *00000010 <= 0000000a
                1175@000036e8: $ 5 <= 00000000
                1177@000036ec: $ 5 <= 00000001
                1179@000036f0: $ 8 <= 00000006
                1179@000036f4: *00000010 <= 00000006
                1183@000036f8: $16 <= 0000000a
                1185@000036fc: $ 6 <= 00000005
                1221@00003714: $16 <= 00000006
                1225@0000371c: $ 6 <= 0000000b
                1225@00003730: *0000001c <= 0000000b
                1233@00003734: $16 <= 00000019
                1235@00003738: $ 8 <= 00000006
                1235@0000373c: *0000001c <= 00000006
                1239@00003740: $ 6 <= 00000000
                1241@00003744: $ 9 <= 00000000
                1243@00003748: $ 6 <= 00000000
                1247@00003750: $ 6 <= 00000000
                1277@0000375c: $ 6 <= 00000000
                1297@00003778: $ 6 <= 00000000
                1299@0000377c: $ 6 <= 00000000
                1301@00003780: $31 <= 00000003
                1303@00003784: $31 <= 00000000
                1305@00003788: $31 <= 00000005
                1321@00003790: $31 <= 00000019
                1321@00003794: *00000028 <= 00000019
                1327@0000379c: $31 <= 000037a4
                1329@000037a0: $31 <= 00000000
                1331@000037a4: $31 <= 00000000
                1333@000037a8: $31 <= 00000000
                1335@000037ac: $31 <= 00000000
                1335@000037b0: *00000014 <= 00000000
                1339@000037b4: $31 <= 000037c0
                1345@000037bc: $31 <= 00000019
                1349@000037c0: $31 <= 00000001
                1357@000037cc: $ 8 <= 00000008
                1357@000037d0: *00000014 <= 00000008
                1361@000037d4: $ 8 <= 00000008
                1361@000037d8: *00000028 <= 00000008
                1365@000037dc: $31 <= 000037e4
                1367@000037e0: $31 <= 000037e8
                1377@000037ec: $31 <= 00000000
                1379@000037f0: $31 <= 000037f8
                1389@00003804: $31 <= 00000005
                1391@00003808: $31 <= 00000000
                1393@0000380c: $31 <= 00000000
                1397@00003814: $31 <= 00000000
                1399@00003818: $31 <= 00000001
                1401@0000381c: $31 <= 00000001
                1403@00003820: $31 <= 00003828
                1405@00003824: $31 <= 0000000a
                1409@00003828: $31 <= 0000000f
                1411@0000382c: $31 <= 00000006
                1419@00003838: $31 <= 00003844
                1425@00003840: $31 <= 00003844
                1427@00003844: $31 <= 00003846
                1427@00003848: *00000028 <= 00003846
                1431@0000384c: $31 <= 00003846
                1433@00003850: $ 8 <= 00000008
                1433@00003854: *00000028 <= 00000008
                1437@00003858: $31 <= 00003860
                1439@0000385c: $31 <= 00003864
                1449@00003868: $31 <= 00000000
                1451@0000386c: $31 <= 00003874
                1463@00003880: $31 <= 00000007
                1465@00003884: $14 <= 00000008
                1467@00003888: $31 <= 00000007
                1467@0000388c: *0000001c <= 00000007
                1471@00003890: $14 <= 00000000
                1473@00003894: $14 <= 00000000
                1479@000038a0: $31 <= 000038ac
                1483@000038a4: $14 <= 000038ac
                1485@000038a8: $14 <= 00001c56
                1487@000038ac: $14 <= 00000000
                1493@000038b4: $14 <= 00000000
                1495@000038b8: $31 <= 00000000
                1495@000038bc: *0000001c <= 00000000
                1499@000038c0: $14 <= 000038cc
                1509@000038d0: $31 <= 00000000
                1511@000038d4: $14 <= 00000000
                1513@000038d8: $ 8 <= 00000000
                1513@000038dc: *0000001c <= 00000000
                1517@000038e0: $28 <= 00000007
                1519@000038e4: $ 9 <= 00000001
                1521@000038e8: $ 9 <= 00000000
                1523@000038ec: $ 9 <= 00000007
                1525@000038f0: $ 9 <= 00000007
                1527@000038f4: $28 <= 00000000
                1529@000038f8: $28 <= 00000007
                1531@000038fc: $28 <= 0000000e
                1537@00003904: $ 9 <= 0000001c
                1539@00003918: $ 9 <= 00000000
                1541@0000391c: $28 <= 0000000e
                1543@00003920: $31 <= 0000000a
                1545@00003924: $31 <= 00000005
                1563@00003930: $31 <= 0000000a
                1569@00003938: $31 <= 0000000e
                1571@0000393c: $31 <= 00003944
                1573@00003944: *00000000 <= 00003944
                1577@00003948: $31 <= 00000000
                1579@0000394c: $31 <= 00000000
                1581@00003950: $31 <= 00000000
                1583@00003954: $31 <= 00003960
                1589@0000395c: $31 <= 00003960
                1591@00003960: $31 <= 00000001
                1593@00003964: $31 <= 00000000
                1595@00003968: $31 <= 00000008
                1597@0000396c: $ 8 <= 00000006
                1597@00003970: *00000000 <= 00000006
                1601@00003974: $31 <= 0000397c
                1603@00003978: $31 <= 00003980
                1613@00003984: $31 <= 00000000
                1615@00003988: $31 <= 00003990
                1627@0000399c: $29 <= 00000009
                1629@000039a0: $ 6 <= 00000009
                1631@000039a4: $29 <= 00000000
                1635@000039ac: $29 <= 00000000
                1637@000039b0: $29 <= 00000000
                1641@000039b4: $ 6 <= 00000000
                1677@000039d8: $ 6 <= 00000006
                1679@000039dc: $ 4 <= 00000006
                1681@000039e0: $15 <= 00000005
                1683@000039e4: $ 4 <= 00000000
                1685@000039e8: $15 <= 00000000
                1687@000039ec: $15 <= 00000006
                1691@000039f4: $15 <= 00000000
                1693@000039f8: $15 <= 00000008
                1695@00003a00: *00000000 <= 00000008
                1715@00003a1c: $ 8 <= 00000002
                1715@00003a20: *00000000 <= 00000002
                1719@00003a24: $31 <= 00000009
                1721@00003a28: $22 <= 00000005
                1723@00003a2c: $31 <= 00000004
                1725@00003a30: $31 <= 00000007
                1727@00003a34: $22 <= 00000000
                1727@00003a38: *0000000c <= 00000007
                1733@00003a40: $31 <= 00000007
                1735@00003a44: $31 <= 00003a50
                1739@00003a48: $22 <= 00003a50
                1739@00003a4c: *00000018 <= 00003a50
                1741@00003a50: *00000010 <= 00003a50
                1745@00003a54: $22 <= 00000007
                1747@00003a58: $31 <= 00000007
                1747@00003a5c: *00000010 <= 00000007
                1753@00003a64: $22 <= 00003a70
                1759@00003a6c: $31 <= 00000000
                1761@00003a70: $31 <= 00003a70
                1763@00003a74: $31 <= 00003a76
                1763@00003a78: *00000020 <= 00003a70
                1767@00003a7c: $ 8 <= 00000004
                1767@00003a80: *0000000c <= 00000004
                1771@00003a84: $ 8 <= 00000000
                1771@00003a88: *00000010 <= 00000000
                1775@00003a8c: $ 8 <= 00000002
                1775@00003a90: *00000018 <= 00000002
                1779@00003a94: $ 8 <= 00000008
                1779@00003a98: *00000020 <= 00000008
                1783@00003a9c: $31 <= 0000000a
                1783@00003aa0: *00000010 <= 0000000a
                1789@00003aa8: $31 <= 0000000a
                1793@00003ab0: $31 <= 0000000a
                1793@00003ab4: *00000008 <= 0000000a
                1797@00003ab8: $31 <= 00003ac0
                1805@00003abc: $31 <= 00000064
                1807@00003ac0: $31 <= 000000c8
                1809@00003ac4: $31 <= 00000064
                1809@00003ac8: *00000018 <= 00000064
                1811@00003acc: *00000014 <= 00000064
                1815@00003ad0: $31 <= 00003adc
                1821@00003ad8: $31 <= 00000008
                1823@00003adc: $31 <= 00000064
                1825@00003ae0: $31 <= 00000000
                1829@00003ae4: $31 <= 00000000
                1831@00003ae8: $ 8 <= 00000000
                1831@00003aec: *00000008 <= 00000000
                1835@00003af0: $ 8 <= 00000005
                1835@00003af4: *00000010 <= 00000005
                1839@00003af8: $ 8 <= 00000006
                1839@00003afc: *00000014 <= 00000006
                1843@00003b00: $ 8 <= 00000003
                1843@00003b04: *00000018 <= 00000003
                1847@00003b08: $31 <= 00003b10
                1849@00003b0c: $31 <= 00003b14
                1859@00003b18: $31 <= 00000000
                1861@00003b1c: $31 <= 00003b24
                1871@00003b30: $25 <= 00000001
                1873@00003b34: $28 <= 00000006
                1875@00003b38: $28 <= 00000006
                1877@00003b3c: $28 <= 00000000
                1879@00003b40: $28 <= 00000003
                1881@00003b44: $25 <= 00000002
                1883@00003b48: $25 <= 00000007
                1885@00003b4c: $25 <= 00000000
                1891@00003b54: $28 <= 00000006
                1897@00003b60: $25 <= 00000006
                1899@00003b64: $25 <= 00000007
                1911@00003b6c: $28 <= 0000000d
                1913@00003b70: $31 <= 00000001
                1915@00003b74: $31 <= 00000005
                1927@00003b80: $31 <= 0000000a
                1931@00003b84: $31 <= 00000008
                1935@00003b88: $31 <= 0000000a
                1937@00003b8c: $31 <= 00003b94
                1941@00003b94: $31 <= 00003b94
                1945@00003b9c: $31 <= 00003b94
                1967@00003ba0: $31 <= 00000001
                1969@00003ba4: $31 <= 00003bb0
                1975@00003bac: $31 <= 00003bb5
                1977@00003bb0: $31 <= 00000000
                1979@00003bb4: $31 <= 00000000
                1981@00003bb8: $31 <= 00000000
                1983@00003bbc: $31 <= 00003bc4
                1985@00003bc0: $31 <= 00003bc8
                1995@00003bcc: $31 <= 00000000
                1997@00003bd0: $31 <= 00003bd8
                2007@00003be4: $31 <= 00000001
                2009@00003be8: $16 <= 00000002
                2055@00003bfc: $31 <= 00000001
                2057@00003c00: $16 <= 00000002
                2059@00003c04: $31 <= 00003c10
                2063@00003c08: $16 <= 00003c10
                2065@00003c0c: $16 <= 00000000
                2095@00003c18: $31 <= 00000000
                2097@00003c1c: $31 <= 00000000
                2099@00003c20: $31 <= 00000003
                2101@00003c24: $16 <= 00003c30
                2107@00003c2c: $16 <= 00003c30
                2133@00003c34: $31 <= 00001410
                2135@00003c38: $31 <= 00001410
                2137@00003c3c: $13 <= 00000001
                2139@00003c40: $27 <= 00000006
                2141@00003c44: $13 <= 00000007
                2145@00003c4c: $27 <= 00000000
                2147@00003c50: $27 <= 00000000
                2149@00003c54: $13 <= 00000006
                2155@00003c60: $13 <= 00000000
                2157@00003c74: $13 <= 00000000
INFO: [USF-XSim-96] XSim completed. Design snapshot 'mips_txt_behav' loaded.
INFO: [USF-XSim-97] XSim simulation ran for 20000ns
launch_simulation: Time (s): cpu = 00:00:00 ; elapsed = 00:00:06 . Memory (MB): peak = 396.945 ; gain = 18.906
INFO: [Common 17-206] Exiting Vivado at Wed Dec 15 16:58:07 2021...
