#-----------------------------------------------------------
# Vivado v2019.1 (64-bit)
# SW Build 2552052 on Fri May 24 14:49:42 MDT 2019
# IP Build 2548770 on Fri May 24 18:01:18 MDT 2019
# Start of session at: Wed Dec 15 16:58:10 2021
# Process ID: 41544
# Current directory: D:/Archive/Auto-Test/PipieCPU50
# Command line: vivado.exe -mode batch -source start.tcl
# Log file: D:/Archive/Auto-Test/PipieCPU50/vivado.log
# Journal file: D:/Archive/Auto-Test/PipieCPU50\vivado.jou
#-----------------------------------------------------------
source start.tcl
# open_project D:/Archive/ISE/PipelineCPU_Update/PipelineCPU_Update.xpr
Scanning sources...
Finished scanning sources
# update_compile_order -fileset sources_1
# launch_simulation
INFO: [Vivado 12-5682] Launching behavioral simulation in 'D:/Archive/ISE/PipelineCPU_Update/PipelineCPU_Update.sim/sim_1/behav/xsim'
INFO: [SIM-utils-51] Simulation object is 'sim_1'
INFO: [SIM-utils-54] Inspecting design source files for 'mips_txt' in fileset 'sim_1'...
INFO: [USF-XSim-97] Finding global include files...
INFO: [USF-XSim-98] Fetching design files from 'sim_1'...
INFO: [USF-XSim-2] XSim::Compile design
INFO: [USF-XSim-61] Executing 'COMPILE and ANALYZE' step in 'D:/Archive/ISE/PipelineCPU_Update/PipelineCPU_Update.sim/sim_1/behav/xsim'
"xvlog --incr --relax -prj mips_txt_vlog.prj"
INFO: [USF-XSim-69] 'compile' step finished in '1' seconds
INFO: [USF-XSim-3] XSim::Elaborate design
INFO: [USF-XSim-61] Executing 'ELABORATE' step in 'D:/Archive/ISE/PipelineCPU_Update/PipelineCPU_Update.sim/sim_1/behav/xsim'
"xelab -wto 4874249b77ad4f4aa5a7187cb84bed1d --incr --debug typical --relax --mt 2 -L xil_defaultlib -L unisims_ver -L unimacro_ver -L secureip --snapshot mips_txt_behav xil_defaultlib.mips_txt xil_defaultlib.glbl -log elaborate.log"
Vivado Simulator 2019.1
Copyright 1986-1999, 2001-2019 Xilinx, Inc. All Rights Reserved.
Running: D:/Xillinx/Vivado/2019.1/bin/unwrapped/win64.o/xelab.exe -wto 4874249b77ad4f4aa5a7187cb84bed1d --incr --debug typical --relax --mt 2 -L xil_defaultlib -L unisims_ver -L unimacro_ver -L secureip --snapshot mips_txt_behav xil_defaultlib.mips_txt xil_defaultlib.glbl -log elaborate.log 
Using 2 slave threads.
Starting static elaboration
Completed static elaboration
INFO: [XSIM 43-4323] No Change in HDL. Linking previously generated obj files to create kernel
INFO: [USF-XSim-69] 'elaborate' step finished in '2' seconds
INFO: [USF-XSim-4] XSim::Simulate design
INFO: [USF-XSim-61] Executing 'SIMULATE' step in 'D:/Archive/ISE/PipelineCPU_Update/PipelineCPU_Update.sim/sim_1/behav/xsim'
INFO: [USF-XSim-98] *** Running xsim
   with args "mips_txt_behav -key {Behavioral:sim_1:Functional:mips_txt} -tclbatch {mips_txt.tcl} -log {simulate.log}"
INFO: [USF-XSim-8] Loading simulator feature
Vivado Simulator 2019.1
Time resolution is 1 ps
source mips_txt.tcl
## current_wave_config
WARNING: [Wavedata 42-489] Can't add object "/mips_txt/data" to the wave window because it has 131072 bits, which exceeds the display limit of 65536 bits.  To change the display limit, use the command "set_property display_limit <new limit> [current_wave_config]".
WARNING: [Wavedata 42-489] Can't add object "/mips_txt/inst" to the wave window because it has 131072 bits, which exceeds the display limit of 65536 bits.  To change the display limit, use the command "set_property display_limit <new limit> [current_wave_config]".
                  29@00003000: $28 <= 00000000
                  31@00003004: $29 <= 00000000
                  33@00003008: $ 8 <= 00000009
                  33@0000300c: *00000000 <= 00000009
                  37@00003010: $ 8 <= 00000007
                  37@00003014: *00000004 <= 00000007
                  41@00003018: $ 8 <= 00000004
                  41@0000301c: *00000008 <= 00000004
                  45@00003020: $ 8 <= 0000000a
                  45@00003024: *0000000c <= 0000000a
                  49@00003028: $ 8 <= 00000008
                  49@0000302c: *00000010 <= 00000008
                  53@00003030: $ 8 <= 00000009
                  53@00003034: *00000014 <= 00000009
                  57@00003038: $ 8 <= 00000007
                  57@0000303c: *00000018 <= 00000007
                  61@00003040: $ 8 <= 0000000a
                  61@00003044: *0000001c <= 0000000a
                  65@00003048: $ 8 <= 00000006
                  65@0000304c: *00000020 <= 00000006
                  69@00003050: $ 8 <= 00000009
                  69@00003054: *00000024 <= 00000009
                  73@00003058: $ 8 <= 00000006
                  73@0000305c: *00000028 <= 00000006
                  77@00003060: $ 8 <= 00000000
                  77@00003064: *0000002c <= 00000000
                  81@00003068: $ 8 <= 00000009
                  81@0000306c: *00000030 <= 00000009
                  85@00003070: $ 8 <= 00000006
                  85@00003074: *00000034 <= 00000006
                  89@00003078: $ 8 <= 00000002
                  89@0000307c: *00000038 <= 00000002
                  93@00003080: $ 8 <= 00000001
                  93@00003084: *0000003c <= 00000001
                  97@00003088: $ 8 <= 00000009
                  97@0000308c: *00000040 <= 00000009
                 101@00003090: $ 8 <= 00000007
                 101@00003094: *00000044 <= 00000007
                 105@00003098: $ 8 <= 00000007
                 105@0000309c: *00000048 <= 00000007
                 109@000030a0: $ 8 <= 00000004
                 109@000030a4: *0000004c <= 00000004
                 113@000030a8: $31 <= 000030b0
                 119@000030b4: $31 <= 000030b8
                 125@000030b4: $31 <= 000030c0
                 129@000030b8: $22 <= 000030c0
                 135@000030c4: $22 <= 000030c8
                 141@000030c4: $22 <= 000030d0
                 143@000030c8: $31 <= 000030d0
                 147@000030d0: $22 <= 000030d8
                 149@000030d4: $31 <= 000030d8
                 153@000030d0: $22 <= 000030d8
                 155@000030d4: $31 <= 000030e0
                 159@000030d8: $22 <= 000030e0
                 163@000030e0: $31 <= 000030e8
                 165@000030e4: $22 <= 000030e8
                 169@000030e0: $31 <= 000030e8
                 171@000030e4: $22 <= 000030f0
                 173@000030e8: $31 <= 00003100
                 173@000030ec: *00000000 <= 00003100
                 177@000030f0: $13 <= 00003100
                 183@000030fc: *00000000 <= 00000000
                 187@00003100: $25 <= 00000000
                 189@00003104: $31 <= 0000311c
                 189@00003108: *00000000 <= 0000311c
                 193@0000310c: $18 <= 0000311c
                 199@00003114: $25 <= 0000311c
                 199@00003118: *00000000 <= 00000000
                 205@00003120: $25 <= 0000311d
                 207@00003128: $21 <= 00007ffc
                 209@0000312c: $ 7 <= 00003143
                 211@00003130: $ 7 <= 00003140
                 219@00003140: $17 <= 00000000
                 221@00003144: $25 <= 00007ffc
                 223@00003148: $29 <= 0000315f
                 225@0000314c: $29 <= 0000315c
                 229@00003154: $17 <= 0000315c
                 235@00003160: $17 <= 0000315d
                 237@00003168: $12 <= 00000001
                 239@0000316c: $10 <= 00003184
                 255@00003174: $12 <= 00003184
                 263@00003184: $14 <= 00000000
                 265@00003188: $12 <= 00000001
                 267@0000318c: $10 <= 000031a4
                 283@00003194: $12 <= 000031a4
                 287@0000319c: $14 <= 000031a4
                 295@000031a8: $14 <= 000031a5
                 299@000031b4: $31 <= 00000006
                 301@000031b8: $17 <= 00000007
                 303@000031bc: $17 <= 00000006
                 319@000031c4: $31 <= 00000024
                 321@000031c8: $17 <= 00000000
                 323@000031cc: $31 <= 00000000
                 325@000031d0: $31 <= 00000024
                 327@000031d4: $31 <= 000031e0
                 331@000031d8: $17 <= 000031e0
                 335@000031e0: $31 <= 00000007
                 339@000031e4: $31 <= 00000003
                 341@000031e8: $31 <= 0000000a
                 345@000031ec: $31 <= 0000000a
                 347@000031f0: $17 <= 000031e7
                 349@000031f4: $17 <= 00003200
                 355@000031fc: $17 <= 00000006
                 355@00003200: *00000010 <= 00000006
                 373@00003208: $31 <= 0000003c
                 375@0000320c: $ 8 <= 00000009
                 375@00003210: *00000010 <= 00000009
                 379@00003214: $ 4 <= 00000003
                 381@00003218: $13 <= 00000009
                 383@0000321c: $13 <= 00000000
                 389@00003224: $ 4 <= 00000009
                 403@00003230: *00000008 <= 00000009
                 409@00003238: $ 4 <= 00000000
                 409@0000324c: *00000024 <= 00000000
                 413@00003250: $ 4 <= 00000000
                 415@00003254: $ 8 <= 00000004
                 415@00003258: *00000008 <= 00000004
                 419@0000325c: $ 8 <= 00000000
                 419@00003260: *00000024 <= 00000000
                 423@00003264: $21 <= 0000000a
                 425@00003268: $14 <= 00000002
                 429@00003270: $14 <= 0000000f
                 433@00003278: $14 <= 0000000a
                 435@0000327c: $21 <= 0000000b
                 475@000032a0: $21 <= 00000000
                 477@000032a4: $31 <= 00000006
                 479@000032a8: $31 <= 0000000b
                 481@000032ac: $31 <= 0000000b
                 485@000032b4: $31 <= 00000000
                 485@000032b8: *00000010 <= 00000000
                 489@000032bc: $31 <= 00000000
                 491@000032c0: $31 <= 000032c8
                 493@000032c4: $31 <= 000032cf
                 495@000032c8: $31 <= 00000000
                 497@000032cc: $31 <= 00000079
                 499@000032d0: $31 <= 00000079
                 501@000032d4: $31 <= 000000f2
                 503@000032d8: $31 <= 000032e4
                 509@000032e0: $31 <= 00000000
                 511@000032e4: $31 <= 00000000
                 513@000032e8: $31 <= 00000000
                 517@000032f0: $ 8 <= 00000001
                 517@000032f4: *00000010 <= 00000001
                 521@000032f8: $31 <= 00003300
                 523@000032fc: $31 <= 00003304
                 533@00003308: $31 <= 00000000
                 535@0000330c: $31 <= 00003314
                 547@00003320: $12 <= 00000003
                 549@00003324: $ 2 <= 00000007
                 553@0000332c: $ 2 <= 00000006
                 555@00003330: $ 2 <= 00000000
                 557@00003334: $ 2 <= 00000000
                 559@00003338: $ 2 <= 00000007
                 561@0000333c: $12 <= 00000001
                 569@00003358: $ 2 <= 00000001
                 571@0000335c: $12 <= 00000000
                 573@00003360: $31 <= 00000001
                 575@00003364: $ 6 <= 00000009
                 577@00003368: $ 6 <= 00000006
                 583@00003370: $ 6 <= 00000000
                 585@00003374: $ 6 <= 00000000
                 587@00003378: $ 6 <= 00000000
                 589@0000337c: $ 6 <= 00000007
                 591@00003380: $31 <= 0000338c
                 595@00003384: $ 6 <= 0000338c
                 597@00003388: $ 6 <= 00000007
                 599@0000338c: $ 6 <= 00000024
                 603@00003394: $31 <= 0000338f
                 603@00003398: *00000004 <= 00000024
                 607@0000339c: $ 6 <= 0000338f
                 609@000033a0: $ 6 <= 000033ac
                 615@000033a8: $ 6 <= 000033ac
                 617@000033ac: $ 6 <= 0000338f
                 617@000033b0: *00000024 <= 0000338f
                 627@000033b8: $ 8 <= 00000007
                 627@000033bc: *00000004 <= 00000007
                 631@000033c0: $ 8 <= 00000004
                 631@000033c4: *00000024 <= 00000004
                 635@000033c8: $16 <= 00000004
                 637@000033cc: $22 <= 00000000
                 651@000033d4: $22 <= 00000000
                 663@000033dc: *00000014 <= 00000000
                 665@000033e0: *0000000c <= 00000000
                 677@000033e4: $22 <= 00000010
                 683@000033ec: $22 <= 00000010
                 685@00003400: $22 <= 00000010
                 687@00003404: $22 <= 00000014
                 689@00003408: $ 8 <= 00000004
                 689@0000340c: *0000000c <= 00000004
                 693@00003410: $ 8 <= 00000002
                 693@00003414: *00000014 <= 00000002
                 697@00003418: $ 5 <= 00000007
                 699@0000341c: $12 <= 00000004
                 701@00003420: $ 5 <= 00000000
                 703@00003424: $12 <= 00000010
                 707@0000342c: $12 <= 00000010
                 707@00003430: *00000004 <= 00000010
                 711@00003434: $12 <= 00000016
                 715@0000343c: $12 <= 00000000
                 717@00003450: $12 <= 00000006
                 721@00003458: $ 8 <= 00000000
                 721@0000345c: *00000004 <= 00000000
                 725@00003460: $31 <= 00000004
                 725@00003464: *00000020 <= 00000004
                 729@00003468: $31 <= 00000002
                 731@0000346c: $31 <= 00000006
                 733@00003470: $31 <= 00000000
                 733@00003474: *0000000c <= 00000000
                 735@00003478: *00000028 <= 00000000
                 739@0000347c: $31 <= 00003484
                 743@00003484: $31 <= 00003484
                 745@00003488: $31 <= 00000004
                 747@0000348c: *00000004 <= 00000004
                 753@00003494: $31 <= 000034a0
                 783@000034a0: $31 <= 00000001
                 785@000034a4: $31 <= 00000000
                 787@000034a8: $31 <= 00000000
                 789@000034ac: $ 8 <= 00000009
                 789@000034b0: *00000004 <= 00000009
                 793@000034b4: $ 8 <= 00000000
                 793@000034b8: *0000000c <= 00000000
                 797@000034bc: $ 8 <= 00000001
                 797@000034c0: *00000020 <= 00000001
                 801@000034c4: $ 8 <= 00000008
                 801@000034c8: *00000028 <= 00000008
                 805@000034cc: $31 <= 000034d4
                 807@000034d0: $31 <= 000034d8
                 817@000034dc: $31 <= 00000000
                 819@000034e0: $31 <= 000034e8
                 831@000034f4: $31 <= 00000002
                 833@000034f8: $31 <= 00000001
                 835@000034fc: $31 <= 00000001
                 837@00003500: $31 <= 00000000
                 839@00003504: $31 <= 00000001
                 841@00003508: $31 <= 00000001
                 843@0000350c: $31 <= 00000000
                 845@00003510: $31 <= 00003518
                 847@00003514: $31 <= 00000004
                 849@00003518: *00000008 <= 00000004
                 853@0000351c: $31 <= 00000008
                 855@00003520: $31 <= 00000000
                 857@00003524: $31 <= 00000000
                 859@00003528: $31 <= 00003534
                 865@00003530: $31 <= 00000000
                 869@00003538: $31 <= 00000000
                 871@0000353c: $31 <= 00000000
                 873@00003540: $ 8 <= 00000008
                 873@00003544: *00000008 <= 00000008
                 877@00003548: $31 <= 00003550
                 879@0000354c: $31 <= 00003554
                 889@00003558: $31 <= 00000000
                 891@0000355c: $31 <= 00003564
                 903@00003570: $31 <= 00000001
                 905@00003574: $ 5 <= 00000005
                 907@00003578: $31 <= 00000000
                 909@0000357c: $31 <= 00000002
                 911@00003580: $31 <= 00000000
                 913@00003584: $ 5 <= 00000000
                 913@00003588: *00000028 <= 00000000
                 919@00003590: $31 <= 0000359c
                 923@00003594: $ 5 <= 0000359c
                 925@00003598: $ 5 <= 00000004
                 927@0000359c: $31 <= 00001ace
                 955@000035a8: $ 5 <= 00000000
                 957@000035ac: $31 <= 00000000
                 959@000035b0: $ 5 <= 000035bc
                 979@000035bc: $31 <= 00000008
                 981@000035c0: $31 <= 000035be
                 983@000035c4: $ 5 <= 000035bf
                 985@000035c8: $ 8 <= 00000002
                 985@000035cc: *00000028 <= 00000002
                 989@000035d0: $26 <= 00000000
                 991@000035d4: $17 <= 00000000
                 993@000035d8: $17 <= 00000000
                 995@000035dc: $17 <= 00000000
                 997@000035e0: $17 <= 00000002
                1003@000035e8: $17 <= 00000002
                1005@000035ec: $17 <= 00000001
                1011@00003608: $26 <= 00000000
                1013@0000360c: $26 <= 00000003
                1015@00003610: $ 6 <= 0000000a
                1017@00003614: $ 7 <= 00000002
                1017@00003618: *00000028 <= 0000000a
                1021@0000361c: $ 7 <= 00000001
                1023@00003620: $ 6 <= 00000014
                1025@00003624: $ 7 <= 00000001
                1027@00003628: $ 6 <= 00000007
                1029@0000362c: $ 6 <= 00000007
                1035@00003634: $ 6 <= 00000001
                1037@00003648: $ 6 <= 00000001
                1039@0000364c: $ 6 <= 00000001
                1041@00003650: $ 8 <= 00000000
                1041@00003654: *00000028 <= 00000000
                1045@00003658: $22 <= 0000000a
                1047@0000365c: $ 2 <= 00000000
                1049@00003660: $ 2 <= 0000000a
                1051@00003664: $22 <= 00000014
                1081@00003674: *00000018 <= 0000000a
                1087@0000367c: $ 2 <= 00000017
                1087@00003690: *00000018 <= 00000017
                1097@00003698: $ 8 <= 00000000
                1097@0000369c: *00000018 <= 00000000
                1101@000036a0: $22 <= 00000001
                1103@000036a4: $ 5 <= 00000005
                1105@000036a8: $ 5 <= 00000001
                1107@000036ac: $22 <= 00000003
                1109@000036b0: $22 <= 00000007
                1111@000036b4: $22 <= 00000000
                1113@000036b8: $22 <= 00000001
                1115@000036bc: $ 5 <= 00000000
                1121@000036c4: $ 5 <= 00000001
                1125@000036dc: $22 <= 00000001
                1127@000036e0: $31 <= 00000009
                1129@000036e4: $31 <= 00000009
                1131@000036e8: $31 <= 0000000d
                1133@000036ec: $31 <= 0000000f
                1135@000036f0: $31 <= 0000000f
                1137@000036f4: $31 <= 0000001e
                1139@000036f8: $31 <= 0000003c
                1141@000036fc: $31 <= 00003704
                1141@00003700: *00000018 <= 00003704
                1145@00003708: *00000004 <= 00003704
                1169@0000370c: $31 <= 00000001
                1171@00003710: $31 <= 00000001
                1173@00003714: $31 <= 00003720
                1181@00003720: $31 <= 0000000a
                1185@00003728: *00000018 <= 0000000a
                1189@0000372c: $ 8 <= 00000005
                1189@00003730: *00000004 <= 00000005
                1193@00003734: $ 8 <= 00000009
                1193@00003738: *00000018 <= 00000009
                1197@0000373c: $31 <= 00003744
                1199@00003740: $31 <= 00003748
                1209@0000374c: $31 <= 00000000
                1211@00003750: $31 <= 00003758
                1223@00003764: $23 <= 00000008
                1225@00003768: $19 <= 00000004
                1227@0000376c: $19 <= 0000000a
                1227@00003770: *00000028 <= 00000008
                1231@00003778: *0000000c <= 0000000a
                1235@0000377c: $19 <= 0000000a
                1237@00003780: $19 <= 0000000a
                1243@00003788: $23 <= 0000000a
                1245@0000379c: $23 <= 0000000a
                1247@000037a0: $23 <= 00000009
                1249@000037a4: $ 8 <= 00000002
                1249@000037a8: *0000000c <= 00000002
                1253@000037ac: $ 8 <= 0000000a
                1253@000037b0: *00000028 <= 0000000a
                1257@000037b4: $13 <= 00000005
                1259@000037b8: $ 9 <= 00000001
                1275@000037c4: *00000004 <= 00000001
                1311@000037d8: $ 9 <= 00000002
                1321@000037ec: $13 <= 00000005
                1325@000037f4: $ 8 <= 00000004
                1325@000037f8: *00000004 <= 00000004
                1329@000037fc: $12 <= 00000003
                1331@00003800: $ 3 <= 00000006
                1333@00003804: $ 3 <= 00000007
                1335@00003808: $12 <= 0000000a
                1335@0000380c: *00000014 <= 00000007
                1339@00003810: $ 3 <= 00000000
                1341@00003814: $ 3 <= 00000000
                1343@00003818: $ 3 <= 00000006
                1347@00003820: $ 3 <= 0000000c
                1349@00003834: $12 <= 00000000
                1351@00003838: $12 <= 00000006
                1353@0000383c: $ 8 <= 00000002
                1353@00003840: *00000014 <= 00000002
                1357@00003844: $ 8 <= 00000004
                1359@00003848: $18 <= 00000001
                1361@0000384c: $18 <= 00000000
                1363@00003850: $ 8 <= 00000004
                1365@00003854: $ 8 <= 00000005
                1367@00003858: $18 <= 00000000
                1369@0000385c: $ 8 <= 00000005
                1375@00003868: $ 8 <= 00000002
                1389@00003874: $ 8 <= 00000000
                1403@0000387c: $18 <= 00000000
                1405@00003880: $ 8 <= 00000000
                1407@00003884: $31 <= 00000006
                1409@00003888: $27 <= 00000004
                1413@00003890: $31 <= 00000006
                1415@00003894: $27 <= 00000000
                1417@00003898: $27 <= 00000002
                1419@0000389c: $31 <= 00000000
                1419@000038a0: *00000010 <= 00000000
                1423@000038a4: $31 <= 000038b0
                1427@000038a8: $27 <= 000038b0
                1429@000038ac: $27 <= 00000004
                1431@000038b0: *0000001c <= 00000004
                1435@000038b4: $27 <= 000038b0
                1439@000038bc: $27 <= 00000000
                1441@000038c0: $27 <= 00000000
                1443@000038c4: $27 <= 000038d0
                1449@000038cc: $31 <= 00000000
                1451@000038d0: $27 <= 000038d4
                1453@000038d4: $31 <= 00000002
                1455@000038d8: $31 <= 00000000
                1457@000038dc: $ 8 <= 00000008
                1457@000038e0: *00000010 <= 00000008
                1461@000038e4: $ 8 <= 00000005
                1461@000038e8: *0000001c <= 00000005
                1465@000038ec: $12 <= 00000001
                1467@000038f0: $19 <= 0000000a
                1471@000038f8: $19 <= 0000000b
                1473@000038fc: $12 <= 00000001
                1473@00003900: *00000014 <= 0000000b
                1477@00003904: $12 <= 00000000
                1485@00003910: $12 <= 0000000b
                1495@00003918: $19 <= 00000000
                1497@0000391c: $19 <= 0000000b
                1499@00003920: $19 <= 0000000b
                1501@00003924: $12 <= 00000000
                1503@00003928: $12 <= 0000000b
                1505@0000392c: $ 8 <= 00000001
                1505@00003930: *00000014 <= 00000001
                1509@00003934: $11 <= 00000006
                1511@00003938: $ 2 <= 00000008
                1511@0000393c: *00000018 <= 00000006
                1513@00003940: *00000020 <= 00000008
                1517@00003944: $ 2 <= 00000000
                1519@00003948: $11 <= 00000000
                1521@0000394c: $11 <= 00000079
                1523@00003950: $ 2 <= 00000008
                1531@00003958: $11 <= 00000081
                1533@0000396c: $ 2 <= 00000008
                1537@00003970: $ 2 <= 00000010
                1539@00003974: $ 8 <= 0000000a
                1539@00003978: *00000018 <= 0000000a
                1543@0000397c: $ 8 <= 00000004
                1543@00003980: *00000020 <= 00000004
                1547@00003984: $ 3 <= 00000007
                1549@00003988: $18 <= 00000001
                1551@0000398c: $18 <= 00000002
                1553@00003990: *00000020 <= 00000002
                1559@00003998: $ 3 <= 00000002
                1571@0000399c: $ 3 <= 00000004
                1573@000039a0: $18 <= 00000006
                1579@000039a8: $ 3 <= 00000005
                1581@000039ac: $18 <= 0000000a
                1583@000039b0: $18 <= 0000000b
                1587@000039b8: $ 3 <= 00000016
                1589@000039bc: $18 <= 00000017
                1591@000039c0: $ 3 <= 00000017
                1593@000039c4: $ 8 <= 00000000
                1593@000039c8: *00000020 <= 00000000
                1597@000039cc: $ 9 <= 00000006
                1599@000039d0: $10 <= 00000000
                1601@000039d4: $10 <= 00000000
                1605@000039dc: $ 9 <= 00000006
                1607@000039e0: $ 9 <= 00000006
                1609@000039e4: $ 9 <= 00000000
                1611@000039e8: $ 9 <= 00000004
                1615@000039f0: $ 9 <= 00000008
                1617@00003a04: $10 <= 00000000
                1621@00003a0c: $31 <= 00000007
                1623@00003a10: $31 <= 0000000e
                1635@00003a18: $31 <= 0000000e
                1649@00003a20: $31 <= 00000000
                1651@00003a24: *00000008 <= 00000000
                1655@00003a28: $31 <= 00003a30
                1657@00003a2c: $31 <= 00003a30
                1659@00003a30: $31 <= 00000000
                1661@00003a34: $31 <= 00000000
                1661@00003a38: *00000010 <= 00000000
                1667@00003a40: $31 <= 00003a4c
                1675@00003a50: *00000028 <= 00003a4c
                1679@00003a54: $31 <= 00000000
                1681@00003a58: $ 8 <= 00000004
                1681@00003a5c: *00000008 <= 00000004
                1685@00003a60: $ 8 <= 00000007
                1685@00003a64: *00000010 <= 00000007
                1689@00003a68: $ 8 <= 00000002
                1689@00003a6c: *00000028 <= 00000002
                1693@00003a70: $31 <= 00003a78
                1695@00003a74: $31 <= 00003a7c
                1705@00003a80: $31 <= 00000000
                1707@00003a84: $31 <= 00003a8c
                1719@00003a98: $11 <= 00000009
                1721@00003a9c: $26 <= 00000007
                1723@00003aa0: $11 <= 00000007
                1725@00003aa4: $26 <= 00000000
                1727@00003aa8: $11 <= 00003a4c
                1729@00003aac: $11 <= 00003a4c
                1731@00003ab4: *00000020 <= 00000000
                1763@00003ad4: $11 <= 00001d26
                1765@00003ad8: $ 8 <= 00000003
                1765@00003adc: *00000020 <= 00000003
                1769@00003ae0: $31 <= 00000003
                1771@00003ae4: $31 <= 00000001
                1773@00003ae8: $31 <= 00000000
                1775@00003aec: $31 <= 00000000
                1777@00003af0: $31 <= 00000001
                1779@00003af4: $31 <= 00000000
                1781@00003af8: $31 <= 00000000
                1783@00003afc: $31 <= 00003b04
                1785@00003b00: $31 <= 00000000
                1785@00003b04: *00000010 <= 00000000
                1789@00003b08: $31 <= 00000000
                1791@00003b0c: $31 <= 00000000
                1795@00003b14: $31 <= 00003b20
                1801@00003b1c: $31 <= 00000000
                1803@00003b20: $31 <= 00000000
                1805@00003b24: $31 <= 00000000
                1807@00003b28: $31 <= 00000005
                1809@00003b2c: $ 8 <= 00000003
                1809@00003b30: *00000010 <= 00000003
                1813@00003b34: $31 <= 00003b3c
                1815@00003b38: $31 <= 00003b40
                1825@00003b44: $31 <= 00000000
                1827@00003b48: $31 <= 00003b50
                1839@00003b5c: $17 <= 00000002
                1841@00003b60: $11 <= 00000007
                1845@00003b68: $17 <= 00000007
                1845@00003b6c: *00000004 <= 00000007
                1849@00003b70: $17 <= 00000000
                1859@00003b78: $17 <= 00000000
                1863@00003b80: $11 <= 00000000
                1865@00003b94: $11 <= 00000000
                1867@00003b98: $11 <= 00000000
                1869@00003b9c: $ 8 <= 00000007
                1869@00003ba0: *00000004 <= 00000007
                1873@00003ba4: $10 <= 00000000
                1875@00003ba8: $ 2 <= 00000005
                1877@00003bac: $ 2 <= 00000000
                1877@00003bb0: *0000000c <= 00000000
                1881@00003bb4: $10 <= 00000000
                1883@00003bb8: $10 <= 00000000
                1885@00003bbc: $10 <= 00000000
                1887@00003bc0: $10 <= 00000000
                1893@00003bc8: $10 <= 00000000
                1899@00003be4: $ 8 <= 0000000a
                1899@00003be8: *0000000c <= 0000000a
INFO: [USF-XSim-96] XSim completed. Design snapshot 'mips_txt_behav' loaded.
INFO: [USF-XSim-97] XSim simulation ran for 20000ns
launch_simulation: Time (s): cpu = 00:00:00 ; elapsed = 00:00:06 . Memory (MB): peak = 397.539 ; gain = 18.723
INFO: [Common 17-206] Exiting Vivado at Wed Dec 15 16:58:23 2021...
